spk_ver/v00/v0000	SES146	0.875198	-43.24	-44.1152
spk_ver/v00/v0001	SES002	-13.7849	-58.129	-44.344
spk_ver/v00/v0002	SES002	-10.2421	-54.9625	-44.7204
spk_ver/v00/v0003	SES002	-13.8031	-58.7097	-44.9066
spk_ver/v00/v0004	SES002	-1.68459	-46.4501	-44.7655
spk_ver/v00/v0005	SES002	-4.72753	-48.4163	-43.6888
spk_ver/v00/v0006	SES002	-7.92537	-51.6903	-43.7649
spk_ver/v00/v0007	SES002	-8.10572	-53.6271	-45.5214
spk_ver/v00/v0008	SES146	0.224045	-43.7532	-43.9773
spk_ver/v00/v0009	SES002	-2.0566	-45.4246	-43.368
spk_ver/v00/v0010	SES002	-2.86259	-46.8507	-43.9881
spk_ver/v00/v0011	SES002	-1.66826	-47.2872	-45.6189
spk_ver/v00/v0012	SES002	-11.5927	-54.6478	-43.0551
spk_ver/v00/v0013	SES002	-7.32478	-51.0759	-43.7512
spk_ver/v00/v0014	SES002	-2.12169	-46.3039	-44.1822
spk_ver/v00/v0015	SES002	-1.8905	-45.0822	-43.1917
spk_ver/v00/v0016	SES275	0.311836	-44.5604	-44.8722
spk_ver/v00/v0017	SES002	-0.183556	-43.4176	-43.2341
spk_ver/v00/v0018	SES002	-11.531	-57.0542	-45.5232
spk_ver/v00/v0019	SES002	-1.74699	-45.5248	-43.7778
spk_ver/v00/v0020	SES002	-10.764	-56.277	-45.513
spk_ver/v00/v0021	SES002	-11.2228	-55.6685	-44.4457
spk_ver/v00/v0022	SES002	-3.04532	-46.9839	-43.9386
spk_ver/v00/v0023	SES002	-9.16308	-52.1779	-43.0148
spk_ver/v00/v0024	SES002	-10.099	-54.777	-44.678
spk_ver/v00/v0025	SES002	-5.14949	-50.4538	-45.3043
spk_ver/v00/v0026	SES002	-5.73741	-49.1917	-43.4543
spk_ver/v00/v0027	SES129	1.69124	-42.2651	-43.9564
spk_ver/v00/v0028	SES007	-2.29729	-45.6117	-43.3144
spk_ver/v00/v0029	SES083	-0.261082	-43.3925	-43.1314
spk_ver/v00/v0030	SES019	1.93966	-42.3397	-44.2794
spk_ver/v00/v0031	SES007	-2.35559	-46.9911	-44.6355
spk_ver/v00/v0032	SES270	1.21128	-42.0876	-43.2989
spk_ver/v00/v0033	SES007	-3.60101	-47.4926	-43.8916
spk_ver/v00/v0034	SES007	-2.77299	-50.3985	-47.6255
spk_ver/v00/v0035	SES007	-1.6716	-44.9754	-43.3038
spk_ver/v00/v0036	SES007	-0.577034	-44.3988	-43.8218
spk_ver/v00/v0037	SES007	-3.80013	-47.2419	-43.4418
spk_ver/v00/v0038	SES259	1.53059	-41.1032	-42.6338
spk_ver/v00/v0039	SES007	-2.88992	-47.5509	-44.6609
spk_ver/v00/v0040	SES007	-2.94865	-46.1993	-43.2507
spk_ver/v00/v0041	SES007	-2.5691	-45.9273	-43.3582
spk_ver/v00/v0042	SES007	-0.987865	-45.1638	-44.176
spk_ver/v00/v0043	SES007	-1.17609	-45.0932	-43.9171
spk_ver/v00/v0044	SES007	-2.87953	-45.6106	-42.7311
spk_ver/v00/v0045	SES007	-1.33991	-45.2462	-43.9063
spk_ver/v00/v0046	SES007	-1.50494	-45.0301	-43.5251
spk_ver/v00/v0047	SES172	0.471138	-43.1855	-43.6566
spk_ver/v00/v0048	SES105	1.22599	-43.1516	-44.3776
spk_ver/v00/v0049	SES007	-1.11547	-44.6429	-43.5274
spk_ver/v00/v0050	SES292	-0.464699	-44.2336	-43.7689
spk_ver/v00/v0051	SES007	-2.05326	-46.418	-44.3647
spk_ver/v00/v0052	SES068	0.579304	-42.3982	-42.9775
spk_ver/v00/v0053	SES008	-1.26044	-44.3131	-43.0526
spk_ver/v00/v0054	SES008	-5.90538	-51.5878	-45.6824
spk_ver/v00/v0055	SES008	-1.70963	-46.2877	-44.5781
spk_ver/v00/v0056	SES008	-3.93217	-47.899	-43.9668
spk_ver/v00/v0057	SES008	-4.17582	-48.5286	-44.3528
spk_ver/v00/v0058	SES083	0.129345	-43.4491	-43.5784
spk_ver/v00/v0059	SES158	1.5414	-41.9093	-43.4507
spk_ver/v00/v0060	SES008	-1.89039	-45.1785	-43.2881
spk_ver/v00/v0061	SES101	-0.111759	-43.5593	-43.4475
spk_ver/v00/v0062	SES008	-4.1147	-48.1163	-44.0016
spk_ver/v00/v0063	SES008	-2.16196	-46.2858	-44.1238
spk_ver/v00/v0064	SES117	0.94228	-43.6269	-44.5692
spk_ver/v00/v0065	SES149	1.82232	-42.3951	-44.2174
spk_ver/v00/v0066	SES008	-1.93076	-45.7992	-43.8684
spk_ver/v00/v0067	SES008	-2.3556	-48.1952	-45.8396
spk_ver/v00/v0068	SES162	0.871212	-43.2586	-44.1299
spk_ver/v00/v0069	SES008	-4.20633	-48.004	-43.7977
spk_ver/v00/v0070	SES008	-0.423462	-43.8281	-43.4046
spk_ver/v00/v0071	SES008	-2.21922	-46.2691	-44.0499
spk_ver/v00/v0072	SES008	-1.64414	-44.5993	-42.9551
spk_ver/v00/v0073	SES008	-1.86611	-44.9561	-43.09
spk_ver/v00/v0074	SES008	-2.46426	-46.2963	-43.832
spk_ver/v00/v0075	SES008	-4.88141	-49.9845	-45.1031
spk_ver/v00/v0076	SES167	0.788559	-42.6517	-43.4403
spk_ver/v00/v0077	SES008	-1.41245	-44.6346	-43.2221
spk_ver/v00/v0078	SES177	0.369034	-42.966	-43.3351
spk_ver/v00/v0079	SES008	-1.68538	-45.4866	-43.8013
spk_ver/v00/v0080	SES008	-2.91872	-47.7107	-44.7919
spk_ver/v00/v0081	SES008	-3.14957	-48.2045	-45.0549
spk_ver/v00/v0082	SES008	-1.98389	-45.5796	-43.5957
spk_ver/v00/v0083	SES008	-4.27433	-48.9184	-44.6441
spk_ver/v00/v0084	SES144	0.503651	-43.7114	-44.215
spk_ver/v00/v0085	SES008	-1.54695	-45.5122	-43.9652
spk_ver/v00/v0086	SES008	-1.51607	-44.0848	-42.5688
spk_ver/v00/v0087	SES008	-3.46374	-48.3325	-44.8688
spk_ver/v00/v0088	SES008	-3.46734	-47.2499	-43.7826
spk_ver/v00/v0089	SES008	-1.3786	-45.9015	-44.5229
spk_ver/v00/v0090	SES142	1.70316	-42.5478	-44.251
spk_ver/v00/v0091	SES008	-3.85802	-47.2167	-43.3587
spk_ver/v00/v0092	SES158	0.874546	-43.3669	-44.2414
spk_ver/v00/v0093	SES014	-3.37165	-46.6668	-43.2951
spk_ver/v00/v0094	SES014	-2.93706	-48.4599	-45.5229
spk_ver/v00/v0095	SES014	-1.14927	-44.6287	-43.4795
spk_ver/v00/v0096	SES014	-3.00894	-46.2058	-43.1969
spk_ver/v00/v0097	SES014	-1.47443	-46.1593	-44.6849
spk_ver/v00/v0098	SES014	-1.20856	-44.1007	-42.8922
spk_ver/v00/v0099	SES014	-13.1275	-57.8072	-44.6797
spk_ver/v01/v0100	SES127	0.11438	-43.3934	-43.5077
spk_ver/v01/v0101	SES014	-8.44885	-54.1369	-45.6881
spk_ver/v01/v0102	SES014	-16.1961	-61.3936	-45.1976
spk_ver/v01/v0103	SES014	-3.77705	-49.9034	-46.1264
spk_ver/v01/v0104	SES014	-12.1471	-57.2086	-45.0615
spk_ver/v01/v0105	SES014	-2.4644	-48.2103	-45.7459
spk_ver/v01/v0106	SES014	-1.58828	-45.6798	-44.0915
spk_ver/v01/v0107	SES014	-15.0681	-58.9838	-43.9157
spk_ver/v01/v0108	SES014	-17.5785	-62.1666	-44.5881
spk_ver/v01/v0109	SES014	-10.6771	-56.0144	-45.3373
spk_ver/v01/v0110	SES014	-2.16217	-47.7905	-45.6283
spk_ver/v01/v0111	SES014	-0.900776	-44.2259	-43.3251
spk_ver/v01/v0112	SES014	-11.3888	-54.8215	-43.4327
spk_ver/v01/v0113	SES104	0.404289	-43.8358	-44.2401
spk_ver/v01/v0114	SES082	0.99823	-42.6054	-43.6036
spk_ver/v01/v0115	SES087	1.78775	-41.9526	-43.7403
spk_ver/v01/v0116	SES014	-0.763062	-44.4772	-43.7141
spk_ver/v01/v0117	SES177	0.341095	-43.6441	-43.9852
spk_ver/v01/v0118	SES014	-11.1976	-56.1091	-44.9116
spk_ver/v01/v0119	SES014	-0.768856	-44.137	-43.3682
spk_ver/v01/v0120	SES014	-16.1166	-60.964	-44.8474
spk_ver/v01/v0121	SES146	0.519253	-43.0967	-43.616
spk_ver/v01/v0122	SES014	2.05652	-40.487	-42.5435
spk_ver/v01/v0123	SES014	-1.47695	-45.2649	-43.7879
spk_ver/v01/v0124	SES014	-11.7476	-55.8416	-44.0939
spk_ver/v01/v0125	SES014	-5.7832	-50.8165	-45.0333
spk_ver/v01/v0126	SES016	-2.29833	-46.9566	-44.6583
spk_ver/v01/v0127	SES016	-1.38732	-46.8568	-45.4694
spk_ver/v01/v0128	SES106	1.70301	-42.2151	-43.9182
spk_ver/v01/v0129	SES016	-3.13116	-46.3686	-43.2374
spk_ver/v01/v0130	SES016	-2.15727	-46.2997	-44.1424
spk_ver/v01/v0131	SES016	-3.44531	-47.0164	-43.5711
spk_ver/v01/v0132	SES016	-1.27229	-45.2509	-43.9786
spk_ver/v01/v0133	SES016	-2.24636	-47.2022	-44.9558
spk_ver/v01/v0134	SES016	-1.95036	-45.0896	-43.1393
spk_ver/v01/v0135	SES016	-3.60604	-48.4563	-44.8503
spk_ver/v01/v0136	SES016	-2.96192	-47.8629	-44.901
spk_ver/v01/v0137	SES007	0.191017	-43.4844	-43.6754
spk_ver/v01/v0138	SES016	-0.641804	-44.3663	-43.7245
spk_ver/v01/v0139	SES016	-1.54698	-44.6345	-43.0875
spk_ver/v01/v0140	SES016	0.964279	-43.0391	-44.0033
spk_ver/v01/v0141	SES016	-5.94352	-53.3179	-47.3744
spk_ver/v01/v0142	SES016	-3.03888	-46.9493	-43.9104
spk_ver/v01/v0143	SES016	-4.78324	-49.5669	-44.7836
spk_ver/v01/v0144	SES016	-2.74614	-46.169	-43.4229
spk_ver/v01/v0145	SES016	-1.98823	-47.6031	-45.6149
spk_ver/v01/v0146	SES016	-1.2227	-44.3542	-43.1315
spk_ver/v01/v0147	SES016	-1.45905	-45.578	-44.1189
spk_ver/v01/v0148	SES127	0.0936737	-43.6272	-43.7209
spk_ver/v01/v0149	SES016	-4.20694	-48.3252	-44.1182
spk_ver/v01/v0150	SES016	-1.89174	-45.6219	-43.7302
spk_ver/v01/v0151	SES147	1.26121	-43.9543	-45.2155
spk_ver/v01/v0152	SES016	-2.01422	-45.924	-43.9098
spk_ver/v01/v0153	SES104	1.13836	-41.9111	-43.0494
spk_ver/v01/v0154	SES016	-2.65703	-47.3783	-44.7213
spk_ver/v01/v0155	SES016	-1.89027	-46.54	-44.6497
spk_ver/v01/v0156	SES019	-1.04507	-45.9418	-44.8968
spk_ver/v01/v0157	SES019	-3.51111	-46.2575	-42.7464
spk_ver/v01/v0158	SES019	-0.876122	-44.4159	-43.5398
spk_ver/v01/v0159	SES007	-0.283005	-43.7483	-43.4653
spk_ver/v01/v0160	SES019	-2.47942	-45.674	-43.1945
spk_ver/v01/v0161	SES019	-1.97071	-46.4196	-44.4489
spk_ver/v01/v0162	SES019	-8.95343	-51.9498	-42.9964
spk_ver/v01/v0163	SES189	1.12865	-44.0225	-45.1511
spk_ver/v01/v0164	SES019	-1.71963	-45.2572	-43.5376
spk_ver/v01/v0165	SES019	-0.521164	-44.5406	-44.0194
spk_ver/v01/v0166	SES019	-7.60318	-51.1472	-43.544
spk_ver/v01/v0167	SES019	-9.96772	-54.4876	-44.5199
spk_ver/v01/v0168	SES019	-0.592625	-46.0088	-45.4161
spk_ver/v01/v0169	SES019	-3.97951	-48.5773	-44.5978
spk_ver/v01/v0170	SES270	1.27651	-42.1939	-43.4704
spk_ver/v01/v0171	SES019	-1.88815	-45.5366	-43.6484
spk_ver/v01/v0172	SES019	-10.7846	-55.5094	-44.7248
spk_ver/v01/v0173	SES206	1.25282	-42.2638	-43.5166
spk_ver/v01/v0174	SES019	-2.06553	-46.1445	-44.079
spk_ver/v01/v0175	SES014	0.9263	-42.2383	-43.1646
spk_ver/v01/v0176	SES019	-6.61499	-50.0667	-43.4517
spk_ver/v01/v0177	SES120	0.573795	-43.6605	-44.2343
spk_ver/v01/v0178	SES019	-0.781742	-46.482	-45.7002
spk_ver/v01/v0179	SES019	-10.2302	-53.0255	-42.7953
spk_ver/v01/v0180	SES175	1.02447	-43.1947	-44.2191
spk_ver/v01/v0181	SES019	-9.61731	-54.5426	-44.9253
spk_ver/v01/v0182	SES019	-5.35035	-48.8634	-43.513
spk_ver/v01/v0183	SES029	-2.03026	-46.564	-44.5338
spk_ver/v01/v0184	SES029	-3.44781	-46.7826	-43.3348
spk_ver/v01/v0185	SES029	-2.16104	-45.9122	-43.7512
spk_ver/v01/v0186	SES068	0.464527	-42.5525	-43.017
spk_ver/v01/v0187	SES029	-3.59537	-47.2327	-43.6373
spk_ver/v01/v0188	SES029	-2.14511	-45.2662	-43.1211
spk_ver/v01/v0189	SES149	1.98663	-41.9167	-43.9033
spk_ver/v01/v0190	SES029	-3.13554	-46.9361	-43.8006
spk_ver/v01/v0191	SES029	-2.97357	-46.9702	-43.9966
spk_ver/v01/v0192	SES183	1.02357	-42.1028	-43.1264
spk_ver/v01/v0193	SES029	-0.815792	-45.2414	-44.4256
spk_ver/v01/v0194	SES016	1.27835	-42.7814	-44.0598
spk_ver/v01/v0195	SES029	-2.67513	-46.1524	-43.4773
spk_ver/v01/v0196	SES029	-1.11415	-44.9788	-43.8647
spk_ver/v01/v0197	SES029	-2.87226	-46.1831	-43.3109
spk_ver/v01/v0198	SES146	-0.170864	-44.1075	-43.9366
spk_ver/v01/v0199	SES029	-2.38212	-47.4383	-45.0561
spk_ver/v02/v0200	SES029	-1.52807	-46.7652	-45.2371
spk_ver/v02/v0201	SES068	0.663029	-42.4072	-43.0702
spk_ver/v02/v0202	SES148	1.08289	-42.9914	-44.0743
spk_ver/v02/v0203	SES029	-3.10471	-47.2189	-44.1142
spk_ver/v02/v0204	SES029	-0.734867	-44.5552	-43.8203
spk_ver/v02/v0205	SES060	0.249069	-42.6833	-42.9324
spk_ver/v02/v0206	SES127	0.753323	-42.617	-43.3704
spk_ver/v02/v0207	SES029	-2.13986	-46.5559	-44.4161
spk_ver/v02/v0208	SES048	1.34745	-43.0911	-44.4386
spk_ver/v02/v0209	SES029	-1.27547	-45.4809	-44.2054
spk_ver/v02/v0210	SES029	-3.36156	-47.7119	-44.3503
spk_ver/v02/v0211	SES029	-2.49526	-45.8016	-43.3063
spk_ver/v02/v0212	SES042	-12.6809	-57.741	-45.0601
spk_ver/v02/v0213	SES085	0.811119	-43.2999	-44.111
spk_ver/v02/v0214	SES206	1.06149	-41.7434	-42.8049
spk_ver/v02/v0215	SES144	0.173801	-43.8932	-44.067
spk_ver/v02/v0216	SES042	-2.96606	-46.8173	-43.8513
spk_ver/v02/v0217	SES042	-2.75805	-49.14	-46.3819
spk_ver/v02/v0218	SES042	-1.49046	-44.5295	-43.039
spk_ver/v02/v0219	SES206	1.05242	-42.1879	-43.2403
spk_ver/v02/v0220	SES019	3.57693	-41.5153	-45.0922
spk_ver/v02/v0221	SES007	0.178867	-43.5213	-43.7002
spk_ver/v02/v0222	SES042	-11.8839	-57.1893	-45.3054
spk_ver/v02/v0223	SES147	1.56428	-44.0837	-45.648
spk_ver/v02/v0224	SES105	0.877617	-43.6092	-44.4868
spk_ver/v02/v0225	SES042	-1.34327	-44.8077	-43.4644
spk_ver/v02/v0226	SES275	0.834541	-43.6383	-44.4729
spk_ver/v02/v0227	SES042	-3.10633	-47.3624	-44.256
spk_ver/v02/v0228	SES042	-5.11804	-49.5637	-44.4456
spk_ver/v02/v0229	SES042	-13.9877	-57.565	-43.5773
spk_ver/v02/v0230	SES085	0.664639	-42.1004	-42.765
spk_ver/v02/v0231	SES014	1.96969	-40.6869	-42.6566
spk_ver/v02/v0232	SES042	-1.29398	-44.5547	-43.2607
spk_ver/v02/v0233	SES048	-3.72381	-47.4835	-43.7597
spk_ver/v02/v0234	SES048	-6.8469	-52.0079	-45.161
spk_ver/v02/v0235	SES029	0.419983	-43.9061	-44.3261
spk_ver/v02/v0236	SES048	-3.96076	-46.8935	-42.9327
spk_ver/v02/v0237	SES048	-3.89544	-47.5863	-43.6908
spk_ver/v02/v0238	SES048	-3.40928	-47.3741	-43.9648
spk_ver/v02/v0239	SES060	0.928391	-42.6948	-43.6232
spk_ver/v02/v0240	SES048	-5.10283	-49.5837	-44.4809
spk_ver/v02/v0241	SES048	-6.24472	-50.7445	-44.4998
spk_ver/v02/v0242	SES189	2.0755	-43.1684	-45.2439
spk_ver/v02/v0243	SES162	0.752148	-43.7297	-44.4818
spk_ver/v02/v0244	SES048	-3.59544	-46.6971	-43.1016
spk_ver/v02/v0245	SES048	-4.09286	-47.6144	-43.5215
spk_ver/v02/v0246	SES048	-3.60943	-46.7841	-43.1747
spk_ver/v02/v0247	SES048	-3.4842	-48.4105	-44.9263
spk_ver/v02/v0248	SES226	1.44361	-42.8411	-44.2847
spk_ver/v02/v0249	SES048	-3.1516	-47.548	-44.3964
spk_ver/v02/v0250	SES048	-3.31484	-48.1429	-44.8281
spk_ver/v02/v0251	SES048	-3.48457	-48.2941	-44.8096
spk_ver/v02/v0252	SES060	-7.13144	-52.6588	-45.5274
spk_ver/v02/v0253	SES060	-4.44679	-47.933	-43.4862
spk_ver/v02/v0254	SES259	2.02199	-40.917	-42.939
spk_ver/v02/v0255	SES060	-4.13156	-49.1534	-45.0218
spk_ver/v02/v0256	SES202	0.557629	-44.0956	-44.6532
spk_ver/v02/v0257	SES148	0.454235	-42.801	-43.2552
spk_ver/v02/v0258	SES060	-5.9926	-52.5958	-46.6032
spk_ver/v02/v0259	SES060	-1.36683	-45.0733	-43.7064
spk_ver/v02/v0260	SES060	-2.44941	-46.5507	-44.1012
spk_ver/v02/v0261	SES099	2.00266	-41.7011	-43.7038
spk_ver/v02/v0262	SES060	-3.56687	-47.0543	-43.4874
spk_ver/v02/v0263	SES060	-1.98223	-44.6829	-42.7007
spk_ver/v02/v0264	SES292	0.115646	-43.7617	-43.8774
spk_ver/v02/v0265	SES060	-1.40014	-44.7794	-43.3792
spk_ver/v02/v0266	SES060	-4.96411	-49.4738	-44.5097
spk_ver/v02/v0267	SES060	-5.23679	-50.807	-45.5702
spk_ver/v02/v0268	SES060	-4.7872	-50.7701	-45.9829
spk_ver/v02/v0269	SES127	0.354073	-43.2033	-43.5574
spk_ver/v02/v0270	SES060	-2.72105	-47.3311	-44.6101
spk_ver/v02/v0271	SES060	-1.85616	-45.7493	-43.8931
spk_ver/v02/v0272	SES060	-3.81898	-49.5251	-45.7061
spk_ver/v02/v0273	SES087	1.80305	-42.2389	-44.042
spk_ver/v02/v0274	SES146	0.253319	-43.8692	-44.1225
spk_ver/v02/v0275	SES060	-5.48541	-50.8629	-45.3775
spk_ver/v02/v0276	SES002	2.39686	-40.9522	-43.3491
spk_ver/v02/v0277	SES060	-1.53747	-45.3273	-43.7899
spk_ver/v02/v0278	SES060	-4.17323	-48.3382	-44.165
spk_ver/v02/v0279	SES060	-3.84945	-46.7933	-42.9438
spk_ver/v02/v0280	SES129	1.77427	-42.4783	-44.2525
spk_ver/v02/v0281	SES162	1.06958	-43.3257	-44.3953
spk_ver/v02/v0282	SES060	-2.62772	-46.1793	-43.5516
spk_ver/v02/v0283	SES060	-2.89428	-45.9023	-43.008
spk_ver/v02/v0284	SES062	-3.54243	-49.3106	-45.7681
spk_ver/v02/v0285	SES062	-4.54467	-48.4065	-43.8619
spk_ver/v02/v0286	SES120	-0.0877838	-44.4323	-44.3445
spk_ver/v02/v0287	SES062	-3.83107	-49.1412	-45.3102
spk_ver/v02/v0288	SES062	-3.07525	-46.9422	-43.8669
spk_ver/v02/v0289	SES062	-2.47518	-45.2218	-42.7466
spk_ver/v02/v0290	SES062	-2.70477	-46.4492	-43.7444
spk_ver/v02/v0291	SES275	0.0762672	-43.7537	-43.8299
spk_ver/v02/v0292	SES062	-3.72281	-49.1836	-45.4607
spk_ver/v02/v0293	SES062	-4.1868	-49.4937	-45.3069
spk_ver/v02/v0294	SES062	-2.26146	-45.281	-43.0196
spk_ver/v02/v0295	SES062	-3.75158	-48.1234	-44.3718
spk_ver/v02/v0296	SES062	-3.62527	-47.2166	-43.5914
spk_ver/v02/v0297	SES062	-4.9086	-49.322	-44.4134
spk_ver/v02/v0298	SES062	-3.32756	-47.5844	-44.2569
spk_ver/v02/v0299	SES062	-2.86147	-46.9036	-44.0421
spk_ver/v03/v0300	SES062	-5.11399	-51.0642	-45.9502
spk_ver/v03/v0301	SES062	-2.84992	-45.8568	-43.0068
spk_ver/v03/v0302	SES172	0.464367	-42.0672	-42.5316
spk_ver/v03/v0303	SES062	-1.61166	-45.7785	-44.1669
spk_ver/v03/v0304	SES062	-2.33773	-46.3505	-44.0128
spk_ver/v03/v0305	SES062	-2.07281	-46.4843	-44.4115
spk_ver/v03/v0306	SES062	-5.90395	-52.1678	-46.2638
spk_ver/v03/v0307	SES062	-2.65151	-46.1518	-43.5002
spk_ver/v03/v0308	SES062	-5.5333	-50.1759	-44.6426
spk_ver/v03/v0309	SES062	-2.72783	-48.9254	-46.1976
spk_ver/v03/v0310	SES125	0.932297	-41.6429	-42.5752
spk_ver/v03/v0311	SES062	-2.58097	-45.7867	-43.2058
spk_ver/v03/v0312	SES062	-5.78398	-50.8381	-45.0541
spk_ver/v03/v0313	SES062	-3.3231	-49.8268	-46.5037
spk_ver/v03/v0314	SES068	-3.88176	-47.6992	-43.8174
spk_ver/v03/v0315	SES068	-3.3317	-46.429	-43.0973
spk_ver/v03/v0316	SES068	-2.86231	-47.8443	-44.982
spk_ver/v03/v0317	SES068	-2.25046	-47.6351	-45.3847
spk_ver/v03/v0318	SES068	-5.01836	-48.4819	-43.4635
spk_ver/v03/v0319	SES068	-5.64853	-49.5809	-43.9324
spk_ver/v03/v0320	SES068	-1.53151	-44.5773	-43.0458
spk_ver/v03/v0321	SES068	-0.297554	-44.139	-43.8414
spk_ver/v03/v0322	SES068	-0.726509	-45.0236	-44.2971
spk_ver/v03/v0323	SES068	-3.07423	-47.488	-44.4138
spk_ver/v03/v0324	SES144	0.560802	-44.1705	-44.7313
spk_ver/v03/v0325	SES068	-2.46469	-45.8149	-43.3502
spk_ver/v03/v0326	SES068	-0.837463	-43.2888	-42.4513
spk_ver/v03/v0327	SES068	-1.57326	-45.5374	-43.9641
spk_ver/v03/v0328	SES068	-3.87837	-47.7334	-43.855
spk_ver/v03/v0329	SES068	-1.65695	-45.3101	-43.6531
spk_ver/v03/v0330	SES180	0.565632	-43.886	-44.4517
spk_ver/v03/v0331	SES068	-0.958946	-44.915	-43.9561
spk_ver/v03/v0332	SES275	1.19944	-43.0684	-44.2678
spk_ver/v03/v0333	SES062	0.825085	-41.5769	-42.402
spk_ver/v03/v0334	SES270	1.6409	-42.5437	-44.1846
spk_ver/v03/v0335	SES068	-4.74695	-49.8526	-45.1057
spk_ver/v03/v0336	SES068	-1.01698	-43.6838	-42.6668
spk_ver/v03/v0337	SES068	-2.13214	-47.342	-45.2099
spk_ver/v03/v0338	SES068	-1.46354	-45.8315	-44.368
spk_ver/v03/v0339	SES068	-0.36348	-44.5194	-44.1559
spk_ver/v03/v0340	SES068	-2.46676	-47.7787	-45.3119
spk_ver/v03/v0341	SES016	0.850952	-42.5662	-43.4172
spk_ver/v03/v0342	SES068	-2.4209	-47.9311	-45.5102
spk_ver/v03/v0343	SES068	-1.00185	-44.8923	-43.8904
spk_ver/v03/v0344	SES125	1.12454	-42.0773	-43.2018
spk_ver/v03/v0345	SES187	0.673615	-42.7763	-43.4499
spk_ver/v03/v0346	SES068	-1.84682	-44.9425	-43.0957
spk_ver/v03/v0347	SES143	0.635735	-43.0446	-43.6803
spk_ver/v03/v0348	SES292	0.542194	-42.9913	-43.5335
spk_ver/v03/v0349	SES082	-5.51785	-49.4793	-43.9615
spk_ver/v03/v0350	SES101	0.0916977	-42.3113	-42.403
spk_ver/v03/v0351	SES082	-0.416569	-44.4944	-44.0779
spk_ver/v03/v0352	SES082	-1.24431	-45.885	-44.6407
spk_ver/v03/v0353	SES082	-6.07791	-50.2792	-44.2013
spk_ver/v03/v0354	SES082	-13.3067	-58.4054	-45.0987
spk_ver/v03/v0355	SES083	0.355247	-42.2011	-42.5564
spk_ver/v03/v0356	SES082	-2.37381	-47.0318	-44.658
spk_ver/v03/v0357	SES082	-10.0726	-54.6435	-44.5709
spk_ver/v03/v0358	SES082	-0.907482	-45.0365	-44.129
spk_ver/v03/v0359	SES117	0.887222	-44.9268	-45.814
spk_ver/v03/v0360	SES082	-6.72892	-51.051	-44.3221
spk_ver/v03/v0361	SES082	-0.951389	-44.9988	-44.0474
spk_ver/v03/v0362	SES007	0.953808	-42.4932	-43.447
spk_ver/v03/v0363	SES082	-2.2318	-45.8641	-43.6323
spk_ver/v03/v0364	SES019	2.27633	-41.977	-44.2534
spk_ver/v03/v0365	SES082	-1.19305	-45.2029	-44.0099
spk_ver/v03/v0366	SES226	1.7516	-42.6056	-44.3572
spk_ver/v03/v0367	SES167	1.25356	-42.3038	-43.5573
spk_ver/v03/v0368	SES082	-2.68472	-45.6435	-42.9588
spk_ver/v03/v0369	SES042	3.07689	-40.4786	-43.5555
spk_ver/v03/v0370	SES042	1.99043	-41.2004	-43.1908
spk_ver/v03/v0371	SES082	-7.47705	-51.6237	-44.1467
spk_ver/v03/v0372	SES082	-1.68839	-44.7035	-43.0151
spk_ver/v03/v0373	SES082	-5.22499	-50.0382	-44.8133
spk_ver/v03/v0374	SES083	-1.33297	-44.2413	-42.9083
spk_ver/v03/v0375	SES292	0.0863533	-43.489	-43.5754
spk_ver/v03/v0376	SES083	-3.22997	-47.1537	-43.9238
spk_ver/v03/v0377	SES083	-2.49289	-47.6632	-45.1703
spk_ver/v03/v0378	SES083	-1.76676	-46.8203	-45.0535
spk_ver/v03/v0379	SES083	-1.69204	-45.8162	-44.1241
spk_ver/v03/v0380	SES083	-3.043	-48.0151	-44.9721
spk_ver/v03/v0381	SES083	-0.991039	-45.6154	-44.6244
spk_ver/v03/v0382	SES148	0.539829	-43.3921	-43.932
spk_ver/v03/v0383	SES083	-1.28493	-43.8795	-42.5946
spk_ver/v03/v0384	SES226	1.45437	-42.606	-44.0604
spk_ver/v03/v0385	SES226	1.87911	-41.6344	-43.5136
spk_ver/v03/v0386	SES087	1.81024	-42.4074	-44.2177
spk_ver/v03/v0387	SES029	0.809139	-43.0175	-43.8266
spk_ver/v03/v0388	SES147	1.52699	-43.5658	-45.0928
spk_ver/v03/v0389	SES083	-3.8952	-48.7518	-44.8566
spk_ver/v03/v0390	SES189	1.2806	-43.2971	-44.5777
spk_ver/v03/v0391	SES083	-1.67335	-45.1746	-43.5013
spk_ver/v03/v0392	SES083	-0.305779	-42.9257	-42.6199
spk_ver/v03/v0393	SES083	-1.77238	-45.6149	-43.8425
spk_ver/v03/v0394	SES083	-2.89492	-46.6897	-43.7948
spk_ver/v03/v0395	SES083	-1.03051	-44.5297	-43.4992
spk_ver/v03/v0396	SES014	1.98074	-40.5837	-42.5644
spk_ver/v03/v0397	SES085	-0.539375	-43.3576	-42.8182
spk_ver/v03/v0398	SES085	-1.32608	-43.7842	-42.4581
spk_ver/v03/v0399	SES085	-4.3368	-48.0099	-43.6731
spk_ver/v04/v0400	SES106	1.26546	-41.4954	-42.7608
spk_ver/v04/v0401	SES085	-3.37748	-47.1559	-43.7785
spk_ver/v04/v0402	SES085	-7.25875	-51.9416	-44.6828
spk_ver/v04/v0403	SES085	-1.09663	-43.8798	-42.7832
spk_ver/v04/v0404	SES180	1.16088	-42.3835	-43.5444
spk_ver/v04/v0405	SES129	1.59699	-41.0859	-42.6828
spk_ver/v04/v0406	SES085	-4.56796	-48.5646	-43.9966
spk_ver/v04/v0407	SES146	-0.0365219	-44.3819	-44.3453
spk_ver/v04/v0408	SES085	-0.855309	-43.9178	-43.0625
spk_ver/v04/v0409	SES085	-2.45217	-46.4855	-44.0333
spk_ver/v04/v0410	SES085	-5.80932	-49.7835	-43.9742
spk_ver/v04/v0411	SES292	0.826237	-43.5743	-44.4005
spk_ver/v04/v0412	SES085	-1.21472	-44.2635	-43.0488
spk_ver/v04/v0413	SES125	1.47268	-41.2698	-42.7425
spk_ver/v04/v0414	SES085	-3.32455	-50.3762	-47.0517
spk_ver/v04/v0415	SES085	-1.51746	-45.3333	-43.8158
spk_ver/v04/v0416	SES085	-2.38546	-46.5355	-44.15
spk_ver/v04/v0417	SES062	-0.0466156	-42.7352	-42.6886
spk_ver/v04/v0418	SES060	1.67908	-42.0527	-43.7318
spk_ver/v04/v0419	SES085	-1.44051	-45.1032	-43.6627
spk_ver/v04/v0420	SES085	-4.06089	-47.3513	-43.2904
spk_ver/v04/v0421	SES085	-5.26507	-49.485	-44.2199
spk_ver/v04/v0422	SES085	-0.772488	-46.1213	-45.3488
spk_ver/v04/v0423	SES085	-5.18974	-49.4891	-44.2994
spk_ver/v04/v0424	SES085	-3.66647	-48.6107	-44.9442
spk_ver/v04/v0425	SES183	0.70562	-43.7381	-44.4437
spk_ver/v04/v0426	SES085	-4.36361	-48.203	-43.8394
spk_ver/v04/v0427	SES087	-2.45824	-47.2209	-44.7627
spk_ver/v04/v0428	SES162	0.776703	-43.5408	-44.3175
spk_ver/v04/v0429	SES087	-1.52763	-44.9837	-43.456
spk_ver/v04/v0430	SES087	-4.89457	-50.4901	-45.5955
spk_ver/v04/v0431	SES087	-13.773	-58.1907	-44.4177
spk_ver/v04/v0432	SES087	-2.43623	-46.4812	-44.0449
spk_ver/v04/v0433	SES087	-9.15284	-52.1824	-43.0296
spk_ver/v04/v0434	SES142	2.22867	-41.8753	-44.104
spk_ver/v04/v0435	SES087	-11.1622	-56.0184	-44.8562
spk_ver/v04/v0436	SES099	1.36589	-42.2032	-43.5691
spk_ver/v04/v0437	SES087	-4.06529	-47.1925	-43.1272
spk_ver/v04/v0438	SES087	-6.93206	-51.6864	-44.7544
spk_ver/v04/v0439	SES087	-1.33856	-44.3704	-43.0319
spk_ver/v04/v0440	SES087	-6.89093	-50.8293	-43.9383
spk_ver/v04/v0441	SES087	-11.8308	-55.8205	-43.9897
spk_ver/v04/v0442	SES187	1.40041	-43.1902	-44.5906
spk_ver/v04/v0443	SES172	1.27839	-42.646	-43.9244
spk_ver/v04/v0444	SES087	-2.77393	-46.199	-43.425
spk_ver/v04/v0445	SES087	-1.64762	-44.5905	-42.9428
spk_ver/v04/v0446	SES087	-0.319813	-43.3967	-43.0769
spk_ver/v04/v0447	SES087	-0.815872	-44.5708	-43.7549
spk_ver/v04/v0448	SES106	1.84042	-42.5079	-44.3484
spk_ver/v04/v0449	SES146	0.840569	-43.6238	-44.4644
spk_ver/v04/v0450	SES087	-9.77025	-54.3085	-44.5382
spk_ver/v04/v0451	SES087	-0.981548	-45.0273	-44.0457
spk_ver/v04/v0452	SES007	0.635178	-43.0244	-43.6596
spk_ver/v04/v0453	SES087	-1.85428	-45.8972	-44.0429
spk_ver/v04/v0454	SES087	-9.07391	-53.4621	-44.3881
spk_ver/v04/v0455	SES180	0.801105	-42.9039	-43.705
spk_ver/v04/v0456	SES099	-5.46302	-50.4829	-45.0199
spk_ver/v04/v0457	SES042	1.9002	-41.8176	-43.7178
spk_ver/v04/v0458	SES099	-0.335655	-44.2099	-43.8742
spk_ver/v04/v0459	SES099	-12.4317	-56.7849	-44.3532
spk_ver/v04/v0460	SES099	-6.02064	-52.2221	-46.2015
spk_ver/v04/v0461	SES099	-1.36641	-45.2563	-43.8898
spk_ver/v04/v0462	SES082	1.917	-41.6179	-43.5349
spk_ver/v04/v0463	SES099	-0.246452	-44.0541	-43.8077
spk_ver/v04/v0464	SES099	0.0745468	-42.7729	-42.8474
spk_ver/v04/v0465	SES099	-10.5569	-54.5707	-44.0138
spk_ver/v04/v0466	SES099	-0.254974	-43.4829	-43.2279
spk_ver/v04/v0467	SES099	-0.993008	-44.7385	-43.7455
spk_ver/v04/v0468	SES129	1.74474	-42.3985	-44.1433
spk_ver/v04/v0469	SES101	0.347412	-42.9678	-43.3152
spk_ver/v04/v0470	SES099	-7.96177	-52.8951	-44.9334
spk_ver/v04/v0471	SES172	0.466358	-43.3472	-43.8136
spk_ver/v04/v0472	SES099	0.207909	-43.5176	-43.7255
spk_ver/v04/v0473	SES270	2.28126	-41.772	-44.0532
spk_ver/v04/v0474	SES099	-4.16937	-47.9525	-43.7832
spk_ver/v04/v0475	SES099	-4.32146	-47.6229	-43.3014
spk_ver/v04/v0476	SES099	-2.59133	-48.2908	-45.6994
spk_ver/v04/v0477	SES002	1.86361	-41.1615	-43.0251
spk_ver/v04/v0478	SES099	0.320549	-43.5974	-43.918
spk_ver/v04/v0479	SES007	-0.862171	-44.8616	-43.9994
spk_ver/v04/v0480	SES101	-3.07676	-45.9195	-42.8427
spk_ver/v04/v0481	SES101	-3.59541	-48.8918	-45.2964
spk_ver/v04/v0482	SES175	0.229546	-43.9074	-44.137
spk_ver/v04/v0483	SES101	-1.41599	-45.0162	-43.6002
spk_ver/v04/v0484	SES101	-3.24706	-46.1848	-42.9378
spk_ver/v04/v0485	SES101	-2.33453	-47.3186	-44.9841
spk_ver/v04/v0486	SES101	-1.70836	-47.3562	-45.6479
spk_ver/v04/v0487	SES101	-2.56851	-47.1939	-44.6254
spk_ver/v04/v0488	SES101	-3.58587	-47.5988	-44.0129
spk_ver/v04/v0489	SES147	1.22277	-44.2744	-45.4972
spk_ver/v04/v0490	SES085	0.655563	-43.8787	-44.5342
spk_ver/v04/v0491	SES101	-1.89008	-47.1316	-45.2415
spk_ver/v04/v0492	SES101	-3.17326	-49.1153	-45.9421
spk_ver/v04/v0493	SES101	-2.4866	-45.5224	-43.0358
spk_ver/v04/v0494	SES101	-1.23007	-46.9327	-45.7027
spk_ver/v04/v0495	SES101	-1.33284	-43.8247	-42.4918
spk_ver/v04/v0496	SES101	-2.43571	-46.6604	-44.2247
spk_ver/v04/v0497	SES014	1.53968	-40.8674	-42.4071
spk_ver/v04/v0498	SES101	-2.65066	-47.1127	-44.462
spk_ver/v04/v0499	SES101	-1.36986	-44.4829	-43.113
spk_ver/v05/v0500	SES085	0.370537	-42.4346	-42.8051
spk_ver/v05/v0501	SES101	-3.88139	-47.755	-43.8736
spk_ver/v05/v0502	SES275	0.788109	-43.1935	-43.9816
spk_ver/v05/v0503	SES117	1.06071	-43.787	-44.8477
spk_ver/v05/v0504	SES101	-3.25199	-46.9077	-43.6557
spk_ver/v05/v0505	SES101	-1.13403	-45.5503	-44.4163
spk_ver/v05/v0506	SES101	-1.61593	-45.7813	-44.1653
spk_ver/v05/v0507	SES048	0.772297	-42.435	-43.2073
spk_ver/v05/v0508	SES117	-0.0497169	-45.1215	-45.0718
spk_ver/v05/v0509	SES202	1.8712	-41.8829	-43.7542
spk_ver/v05/v0510	SES104	-1.58008	-47.45	-45.8699
spk_ver/v05/v0511	SES008	-0.182602	-45.2631	-45.0805
spk_ver/v05/v0512	SES104	-0.618599	-45.3314	-44.7128
spk_ver/v05/v0513	SES104	-1.26007	-44.2084	-42.9483
spk_ver/v05/v0514	SES104	-9.00968	-52.1281	-43.1185
spk_ver/v05/v0515	SES104	-15.4406	-60.2785	-44.8379
spk_ver/v05/v0516	SES104	-0.0928764	-45.9673	-45.8745
spk_ver/v05/v0517	SES060	0.494064	-41.9098	-42.4038
spk_ver/v05/v0518	SES104	-14.2998	-59.6959	-45.3961
spk_ver/v05/v0519	SES104	-13.3821	-58.1093	-44.7272
spk_ver/v05/v0520	SES104	0.0729599	-43.1377	-43.2106
spk_ver/v05/v0521	SES008	0.754528	-41.952	-42.7065
spk_ver/v05/v0522	SES068	0.66497	-43.0812	-43.7461
spk_ver/v05/v0523	SES087	1.70859	-41.6496	-43.3582
spk_ver/v05/v0524	SES104	-1.10823	-45.4067	-44.2985
spk_ver/v05/v0525	SES104	-0.948429	-44.482	-43.5336
spk_ver/v05/v0526	SES104	-0.581413	-43.6605	-43.079
spk_ver/v05/v0527	SES083	0.411499	-42.7344	-43.1459
spk_ver/v05/v0528	SES148	0.957737	-42.9824	-43.9401
spk_ver/v05/v0529	SES104	-2.04503	-46.2818	-44.2368
spk_ver/v05/v0530	SES104	-9.24526	-53.1498	-43.9045
spk_ver/v05/v0531	SES125	0.935982	-42.5537	-43.4897
spk_ver/v05/v0532	SES104	-12.7752	-56.4025	-43.6273
spk_ver/v05/v0533	SES149	2.22029	-41.6225	-43.8428
spk_ver/v05/v0534	SES104	-12.6695	-56.4272	-43.7577
spk_ver/v05/v0535	SES187	0.874771	-43.7648	-44.6395
spk_ver/v05/v0536	SES104	-1.73302	-45.6286	-43.8955
spk_ver/v05/v0537	SES104	-0.896095	-44.659	-43.7629
spk_ver/v05/v0538	SES167	1.19039	-42.7146	-43.905
spk_ver/v05/v0539	SES104	-1.36203	-47.1678	-45.8058
spk_ver/v05/v0540	SES104	-11.7328	-54.1035	-42.3707
spk_ver/v05/v0541	SES183	1.27312	-44.5664	-45.8395
spk_ver/v05/v0542	SES104	-0.48024	-44.7823	-44.302
spk_ver/v05/v0543	SES104	-12.2107	-55.4884	-43.2778
spk_ver/v05/v0544	SES105	-3.31429	-47.3063	-43.992
spk_ver/v05/v0545	SES105	-2.22433	-46.881	-44.6566
spk_ver/v05/v0546	SES105	-2.71548	-46.4649	-43.7494
spk_ver/v05/v0547	SES105	-2.84749	-48.2216	-45.3741
spk_ver/v05/v0548	SES019	3.0759	-42.0409	-45.1168
spk_ver/v05/v0549	SES105	-2.51599	-46.9664	-44.4504
spk_ver/v05/v0550	SES105	-2.6946	-48.5698	-45.8752
spk_ver/v05/v0551	SES202	1.81459	-42.8798	-44.6944
spk_ver/v05/v0552	SES105	-2.99123	-48.1359	-45.1446
spk_ver/v05/v0553	SES105	-0.286392	-44.1997	-43.9133
spk_ver/v05/v0554	SES105	-2.24751	-45.2033	-42.9557
spk_ver/v05/v0555	SES105	-2.20425	-46.175	-43.9707
spk_ver/v05/v0556	SES082	0.358524	-43.1165	-43.475
spk_ver/v05/v0557	SES105	-3.47549	-47.2372	-43.7617
spk_ver/v05/v0558	SES014	1.62098	-41.3777	-42.9987
spk_ver/v05/v0559	SES105	-1.47827	-45.2853	-43.807
spk_ver/v05/v0560	SES177	-0.156296	-43.9521	-43.7958
spk_ver/v05/v0561	SES189	3.44513	-46.1373	-49.5824
spk_ver/v05/v0562	SES105	-2.40552	-47.5338	-45.1283
spk_ver/v05/v0563	SES099	0.998055	-43.6944	-44.6924
spk_ver/v05/v0564	SES105	-2.52862	-46.3592	-43.8306
spk_ver/v05/v0565	SES105	-2.83951	-46.4413	-43.6018
spk_ver/v05/v0566	SES105	-2.65861	-47.7251	-45.0665
spk_ver/v05/v0567	SES142	1.90955	-43.1106	-45.0202
spk_ver/v05/v0568	SES048	0.95512	-42.7453	-43.7004
spk_ver/v05/v0569	SES105	-3.69222	-47.2445	-43.5523
spk_ver/v05/v0570	SES105	-1.83163	-44.9837	-43.1521
spk_ver/v05/v0571	SES105	-3.40129	-47.9686	-44.5673
spk_ver/v05/v0572	SES105	-3.48172	-48.8372	-45.3555
spk_ver/v05/v0573	SES105	-3.61852	-47.9976	-44.3791
spk_ver/v05/v0574	SES105	-1.70402	-45.7223	-44.0182
spk_ver/v05/v0575	SES105	-2.33628	-46.7966	-44.4603
spk_ver/v05/v0576	SES106	-11.6601	-56.8205	-45.1603
spk_ver/v05/v0577	SES106	-3.23164	-48.6628	-45.4312
spk_ver/v05/v0578	SES106	-7.16726	-51.1509	-43.9836
spk_ver/v05/v0579	SES106	-9.40162	-52.8133	-43.4117
spk_ver/v05/v0580	SES106	-0.350834	-43.3149	-42.9641
spk_ver/v05/v0581	SES106	-12.5924	-57.1161	-44.5237
spk_ver/v05/v0582	SES106	-1.5282	-45.9105	-44.3823
spk_ver/v05/v0583	SES106	-0.688015	-43.732	-43.044
spk_ver/v05/v0584	SES106	-12.059	-56.3672	-44.3082
spk_ver/v05/v0585	SES106	-0.343014	-46.1619	-45.8189
spk_ver/v05/v0586	SES106	-8.16439	-52.0503	-43.8859
spk_ver/v05/v0587	SES106	-3.21532	-47.0841	-43.8688
spk_ver/v05/v0588	SES106	-7.87908	-50.6553	-42.7762
spk_ver/v05/v0589	SES106	-11.1018	-53.9724	-42.8706
spk_ver/v05/v0590	SES082	1.1894	-42.9969	-44.1863
spk_ver/v05/v0591	SES180	0.662155	-43.1812	-43.8434
spk_ver/v05/v0592	SES106	-0.921284	-44.9055	-43.9843
spk_ver/v05/v0593	SES106	-14.0933	-58.7742	-44.6809
spk_ver/v05/v0594	SES292	0.812786	-42.7526	-43.5654
spk_ver/v05/v0595	SES106	-0.298607	-44.5745	-44.2759
spk_ver/v05/v0596	SES106	-11.1131	-55.2836	-44.1706
spk_ver/v05/v0597	SES106	-9.07843	-52.8347	-43.7562
spk_ver/v05/v0598	SES042	2.34905	-41.641	-43.99
spk_ver/v05/v0599	SES106	-9.58848	-54.4237	-44.8352
spk_ver/v06/v0600	SES106	-0.0703888	-44.1587	-44.0883
spk_ver/v06/v0601	SES106	-1.22285	-45.2492	-44.0264
spk_ver/v06/v0602	SES106	-4.37602	-48.0252	-43.6492
spk_ver/v06/v0603	SES106	-11.2904	-55.8185	-44.5281
spk_ver/v06/v0604	SES106	-9.53995	-53.3868	-43.8469
spk_ver/v06/v0605	SES106	-7.88422	-53.7502	-45.866
spk_ver/v06/v0606	SES048	1.58615	-41.6707	-43.2569
spk_ver/v06/v0607	SES167	1.67785	-41.5552	-43.2331
spk_ver/v06/v0608	SES106	-8.31751	-52.721	-44.4035
spk_ver/v06/v0609	SES143	0.230762	-43.7263	-43.957
spk_ver/v06/v0610	SES106	-13.7266	-59.6562	-45.9296
spk_ver/v06/v0611	SES106	-5.55754	-50.2126	-44.6551
spk_ver/v06/v0612	SES106	-15.456	-60.4175	-44.9616
spk_ver/v06/v0613	SES117	-0.568649	-44.859	-44.2904
spk_ver/v06/v0614	SES117	-4.23555	-48.1442	-43.9086
spk_ver/v06/v0615	SES117	-1.18813	-45.6767	-44.4885
spk_ver/v06/v0616	SES106	1.65956	-40.5846	-42.2442
spk_ver/v06/v0617	SES142	2.15359	-42.6267	-44.7803
spk_ver/v06/v0618	SES048	1.53148	-41.5015	-43.033
spk_ver/v06/v0619	SES175	0.830765	-43.6904	-44.5212
spk_ver/v06/v0620	SES180	0.743641	-42.8039	-43.5475
spk_ver/v06/v0621	SES117	-0.457035	-45.8801	-45.4231
spk_ver/v06/v0622	SES029	-0.0563087	-44.4116	-44.3553
spk_ver/v06/v0623	SES117	-1.10379	-44.354	-43.2502
spk_ver/v06/v0624	SES117	-3.15629	-47.4851	-44.3288
spk_ver/v06/v0625	SES117	-0.963669	-47.422	-46.4583
spk_ver/v06/v0626	SES106	1.48319	-42.2199	-43.703
spk_ver/v06/v0627	SES226	1.67055	-41.7208	-43.3913
spk_ver/v06/v0628	SES117	-0.759247	-44.8896	-44.1303
spk_ver/v06/v0629	SES117	-2.45807	-44.7744	-42.3164
spk_ver/v06/v0630	SES117	-4.22298	-47.7899	-43.5669
spk_ver/v06/v0631	SES117	-3.33219	-49.7516	-46.4195
spk_ver/v06/v0632	SES117	-1.9096	-44.7216	-42.812
spk_ver/v06/v0633	SES099	1.97421	-41.8685	-43.8427
spk_ver/v06/v0634	SES105	1.42665	-43.2752	-44.7018
spk_ver/v06/v0635	SES167	0.269554	-44.1917	-44.4613
spk_ver/v06/v0636	SES117	-0.0874062	-43.6851	-43.5977
spk_ver/v06/v0637	SES202	1.47109	-42.857	-44.3281
spk_ver/v06/v0638	SES117	-2.35291	-45.8167	-43.4638
spk_ver/v06/v0639	SES167	1.36363	-42.8163	-44.1799
spk_ver/v06/v0640	SES117	-2.01365	-46.0517	-44.038
spk_ver/v06/v0641	SES117	-1.85174	-45.0616	-43.2098
spk_ver/v06/v0642	SES101	0.617706	-42.0637	-42.6814
spk_ver/v06/v0643	SES068	0.580959	-42.8447	-43.4257
spk_ver/v06/v0644	SES120	-3.09402	-48.3335	-45.2395
spk_ver/v06/v0645	SES120	-1.00957	-46.4218	-45.4122
spk_ver/v06/v0646	SES172	1.06875	-43.2135	-44.2823
spk_ver/v06/v0647	SES120	-1.96395	-45.2082	-43.2442
spk_ver/v06/v0648	SES120	-0.50103	-43.5016	-43.0005
spk_ver/v06/v0649	SES120	-2.86652	-47.6136	-44.7471
spk_ver/v06/v0650	SES087	1.64242	-42.3111	-43.9536
spk_ver/v06/v0651	SES120	-0.916595	-44.9112	-43.9946
spk_ver/v06/v0652	SES104	-0.0140762	-44.4563	-44.4422
spk_ver/v06/v0653	SES129	1.51388	-41.881	-43.3949
spk_ver/v06/v0654	SES120	-2.00734	-46.1787	-44.1713
spk_ver/v06/v0655	SES120	-1.63014	-46.1184	-44.4882
spk_ver/v06/v0656	SES120	-1.22767	-44.8688	-43.6412
spk_ver/v06/v0657	SES147	1.26305	-43.7376	-45.0007
spk_ver/v06/v0658	SES120	-2.16964	-46.3122	-44.1426
spk_ver/v06/v0659	SES120	-1.78199	-44.6045	-42.8226
spk_ver/v06/v0660	SES120	-0.768013	-44.445	-43.677
spk_ver/v06/v0661	SES120	-2.31495	-48.0253	-45.7103
spk_ver/v06/v0662	SES120	-2.06404	-46.2866	-44.2225
spk_ver/v06/v0663	SES120	-2.33051	-47.4156	-45.0851
spk_ver/v06/v0664	SES147	1.10367	-43.4621	-44.5658
spk_ver/v06/v0665	SES162	0.897209	-43.4572	-44.3545
spk_ver/v06/v0666	SES120	-1.51488	-44.8917	-43.3768
spk_ver/v06/v0667	SES120	-2.34576	-46.8244	-44.4787
spk_ver/v06/v0668	SES120	1.00594	-42.532	-43.538
spk_ver/v06/v0669	SES142	2.62444	-41.8656	-44.49
spk_ver/v06/v0670	SES106	1.844	-41.765	-43.609
spk_ver/v06/v0671	SES183	1.57423	-42.7927	-44.3669
spk_ver/v06/v0672	SES120	-1.89623	-45.9886	-44.0923
spk_ver/v06/v0673	SES029	-0.126774	-44.4008	-44.274
spk_ver/v06/v0674	SES120	-1.35982	-45.866	-44.5062
spk_ver/v06/v0675	SES008	1.2597	-42.5369	-43.7966
spk_ver/v06/v0676	SES125	-12.5467	-58.5221	-45.9754
spk_ver/v06/v0677	SES143	0.317009	-43.6578	-43.9748
spk_ver/v06/v0678	SES125	-9.3834	-55.2047	-45.8213
spk_ver/v06/v0679	SES162	0.0167427	-43.429	-43.4458
spk_ver/v06/v0680	SES125	-4.98657	-48.4801	-43.4935
spk_ver/v06/v0681	SES125	-1.67258	-45.4298	-43.7572
spk_ver/v06/v0682	SES125	-7.35589	-50.1222	-42.7663
spk_ver/v06/v0683	SES226	1.09252	-42.8717	-43.9642
spk_ver/v06/v0684	SES125	-9.55899	-54.1546	-44.5957
spk_ver/v06/v0685	SES125	-13.3797	-57.2645	-43.8847
spk_ver/v06/v0686	SES120	0.724163	-42.2564	-42.9806
spk_ver/v06/v0687	SES125	-2.91941	-48.848	-45.9286
spk_ver/v06/v0688	SES158	1.47488	-41.9912	-43.4661
spk_ver/v06/v0689	SES125	-3.58815	-48.6421	-45.0539
spk_ver/v06/v0690	SES105	1.5017	-42.8498	-44.3515
spk_ver/v06/v0691	SES125	-1.09908	-45.4496	-44.3505
spk_ver/v06/v0692	SES125	-2.17545	-45.7204	-43.5449
spk_ver/v06/v0693	SES180	1.27568	-42.4635	-43.7392
spk_ver/v06/v0694	SES125	-17.8158	-62.6021	-44.7863
spk_ver/v06/v0695	SES125	-3.55675	-47.5241	-43.9674
spk_ver/v06/v0696	SES125	-12.039	-55.7316	-43.6926
spk_ver/v06/v0697	SES125	-14.9426	-60.0869	-45.1443
spk_ver/v06/v0698	SES083	0.21526	-42.6153	-42.8306
spk_ver/v06/v0699	SES125	-11.8592	-56.0831	-44.2239
spk_ver/v07/v0700	SES014	1.81586	-41.8118	-43.6276
spk_ver/v07/v0701	SES125	-7.34216	-50.3516	-43.0094
spk_ver/v07/v0702	SES127	-0.893291	-44.4654	-43.5721
spk_ver/v07/v0703	SES127	-1.38349	-46.5771	-45.1936
spk_ver/v07/v0704	SES206	1.76076	-41.5375	-43.2983
spk_ver/v07/v0705	SES127	-2.07365	-46.2767	-44.2031
spk_ver/v07/v0706	SES127	-3.1673	-46.9601	-43.7928
spk_ver/v07/v0707	SES127	-4.13279	-47.654	-43.5212
spk_ver/v07/v0708	SES275	0.485893	-43.4228	-43.9087
spk_ver/v07/v0709	SES127	-1.91832	-46.4432	-44.5248
spk_ver/v07/v0710	SES105	0.497173	-44.0207	-44.5179
spk_ver/v07/v0711	SES127	-2.27419	-47.1454	-44.8713
spk_ver/v07/v0712	SES127	-1.43219	-45.0013	-43.5691
spk_ver/v07/v0713	SES127	-3.80198	-47.7432	-43.9412
spk_ver/v07/v0714	SES019	3.55861	-41.3909	-44.9495
spk_ver/v07/v0715	SES127	-2.07039	-47.7423	-45.6719
spk_ver/v07/v0716	SES148	0.251961	-43.2971	-43.5491
spk_ver/v07/v0717	SES162	0.92968	-42.8398	-43.7695
spk_ver/v07/v0718	SES189	1.10392	-44.5126	-45.6166
spk_ver/v07/v0719	SES149	0.485703	-42.3578	-42.8435
spk_ver/v07/v0720	SES175	1.17536	-43.4585	-44.6339
spk_ver/v07/v0721	SES127	-4.01878	-48.0315	-44.0127
spk_ver/v07/v0722	SES127	-1.54363	-46.1514	-44.6077
spk_ver/v07/v0723	SES127	-1.83201	-45.4211	-43.5891
spk_ver/v07/v0724	SES127	-2.47721	-46.5313	-44.0541
spk_ver/v07/v0725	SES127	-2.29451	-46.969	-44.6744
spk_ver/v07/v0726	SES259	1.87772	-41.344	-43.2217
spk_ver/v07/v0727	SES127	-2.51945	-47.8509	-45.3314
spk_ver/v07/v0728	SES127	-0.763264	-43.7154	-42.9521
spk_ver/v07/v0729	SES127	-4.90583	-49.1444	-44.2386
spk_ver/v07/v0730	SES127	-2.36815	-47.2852	-44.9171
spk_ver/v07/v0731	SES129	-1.48885	-44.3877	-42.8989
spk_ver/v07/v0732	SES129	-3.6364	-47.7207	-44.0843
spk_ver/v07/v0733	SES129	-5.72272	-51.9404	-46.2176
spk_ver/v07/v0734	SES129	-9.03906	-55.0969	-46.0578
spk_ver/v07/v0735	SES183	0.626274	-43.3488	-43.9751
spk_ver/v07/v0736	SES129	-3.24649	-47.5534	-44.3069
spk_ver/v07/v0737	SES129	-2.64896	-47.6981	-45.0491
spk_ver/v07/v0738	SES129	-3.98191	-48.1113	-44.1294
spk_ver/v07/v0739	SES129	-4.61479	-49.1967	-44.5819
spk_ver/v07/v0740	SES167	-0.64819	-44.4605	-43.8123
spk_ver/v07/v0741	SES129	-3.81014	-49.1582	-45.3481
spk_ver/v07/v0742	SES129	-2.74137	-45.4594	-42.718
spk_ver/v07/v0743	SES129	-2.06953	-46.5222	-44.4527
spk_ver/v07/v0744	SES129	-5.30942	-51.5553	-46.2459
spk_ver/v07/v0745	SES180	1.00026	-43.0274	-44.0276
spk_ver/v07/v0746	SES129	-1.70333	-44.8097	-43.1064
spk_ver/v07/v0747	SES292	-0.0880013	-43.2306	-43.1426
spk_ver/v07/v0748	SES202	1.10228	-42.4551	-43.5574
spk_ver/v07/v0749	SES270	1.53222	-42.1713	-43.7035
spk_ver/v07/v0750	SES129	-3.77859	-47.1019	-43.3233
spk_ver/v07/v0751	SES129	-3.32896	-46.3069	-42.978
spk_ver/v07/v0752	SES060	-0.0690651	-43.5118	-43.4427
spk_ver/v07/v0753	SES129	-3.41923	-48.2002	-44.781
spk_ver/v07/v0754	SES129	-8.41342	-55.3341	-46.9206
spk_ver/v07/v0755	SES129	-4.27045	-49.2953	-45.0248
spk_ver/v07/v0756	SES175	1.1771	-43.4259	-44.603
spk_ver/v07/v0757	SES129	-3.05143	-47.6668	-44.6154
spk_ver/v07/v0758	SES129	-4.38333	-48.5148	-44.1315
spk_ver/v07/v0759	SES129	-3.72644	-46.2947	-42.5683
spk_ver/v07/v0760	SES129	-3.93229	-47.5945	-43.6622
spk_ver/v07/v0761	SES129	-2.61141	-44.8238	-42.2124
spk_ver/v07/v0762	SES172	0.470013	-43.6219	-44.0919
spk_ver/v07/v0763	SES129	-3.32013	-49.0935	-45.7733
spk_ver/v07/v0764	SES129	-5.22792	-48.4821	-43.2542
spk_ver/v07/v0765	SES175	1.15926	-43.9632	-45.1225
spk_ver/v07/v0766	SES129	-3.90748	-47.1498	-43.2423
spk_ver/v07/v0767	SES129	-3.08905	-47.1903	-44.1012
spk_ver/v07/v0768	SES042	2.12013	-41.164	-43.2841
spk_ver/v07/v0769	SES099	1.59678	-42.819	-44.4157
spk_ver/v07/v0770	SES142	-4.1156	-49.1373	-45.0217
spk_ver/v07/v0771	SES142	-5.47402	-49.1909	-43.7169
spk_ver/v07/v0772	SES101	-0.042942	-43.0719	-43.029
spk_ver/v07/v0773	SES142	-9.29116	-53.5748	-44.2836
spk_ver/v07/v0774	SES142	-4.49039	-50.2285	-45.7381
spk_ver/v07/v0775	SES142	-2.32012	-46.8837	-44.5635
spk_ver/v07/v0776	SES142	-3.34823	-46.4767	-43.1285
spk_ver/v07/v0777	SES142	-3.26757	-47.7292	-44.4617
spk_ver/v07/v0778	SES142	-2.04653	-47.0275	-44.981
spk_ver/v07/v0779	SES142	-9.15876	-53.1927	-44.034
spk_ver/v07/v0780	SES142	-5.17881	-50.6864	-45.5076
spk_ver/v07/v0781	SES142	-8.0422	-52.2274	-44.1852
spk_ver/v07/v0782	SES101	0.252663	-43.4955	-43.7482
spk_ver/v07/v0783	SES142	-5.91484	-49.2925	-43.3777
spk_ver/v07/v0784	SES187	1.10485	-42.8808	-43.9857
spk_ver/v07/v0785	SES143	0.150692	-44.3605	-44.5112
spk_ver/v07/v0786	SES142	-3.37734	-47.9039	-44.5266
spk_ver/v07/v0787	SES144	0.429314	-43.466	-43.8953
spk_ver/v07/v0788	SES275	0.58744	-43.6057	-44.1931
spk_ver/v07/v0789	SES142	-3.59971	-47.1304	-43.5307
spk_ver/v07/v0790	SES099	1.17305	-41.9619	-43.135
spk_ver/v07/v0791	SES142	-8.83357	-53.1173	-44.2837
spk_ver/v07/v0792	SES142	-5.23194	-47.9665	-42.7346
spk_ver/v07/v0793	SES142	-7.67873	-52.1802	-44.5015
spk_ver/v07/v0794	SES014	1.68776	-41.0844	-42.7721
spk_ver/v07/v0795	SES142	-6.98196	-50.3235	-43.3416
spk_ver/v07/v0796	SES142	-5.19269	-48.8582	-43.6655
spk_ver/v07/v0797	SES143	-1.1119	-43.9534	-42.8414
spk_ver/v07/v0798	SES206	1.21359	-41.2249	-42.4385
spk_ver/v07/v0799	SES143	-4.92302	-49.5134	-44.5904
spk_ver/v08/v0800	SES143	-1.57179	-46.1229	-44.5511
spk_ver/v08/v0801	SES143	-0.947601	-44.0955	-43.1479
spk_ver/v08/v0802	SES143	-2.9306	-46.9071	-43.9765
spk_ver/v08/v0803	SES143	-3.47965	-47.3	-43.8203
spk_ver/v08/v0804	SES143	-3.90324	-48.7788	-44.8755
spk_ver/v08/v0805	SES143	-3.6314	-48.7298	-45.0984
spk_ver/v08/v0806	SES143	-2.55036	-48.0675	-45.5172
spk_ver/v08/v0807	SES177	0.127762	-43.2607	-43.3885
spk_ver/v08/v0808	SES149	1.61588	-42.2303	-43.8462
spk_ver/v08/v0809	SES143	-5.74022	-49.5744	-43.8342
spk_ver/v08/v0810	SES158	1.55414	-42.4548	-44.009
spk_ver/v08/v0811	SES143	-2.05224	-49.7292	-47.677
spk_ver/v08/v0812	SES062	1.18236	-41.429	-42.6114
spk_ver/v08/v0813	SES259	1.65071	-41.4957	-43.1464
spk_ver/v08/v0814	SES143	-5.63357	-48.3616	-42.7281
spk_ver/v08/v0815	SES143	-3.53875	-47.6695	-44.1308
spk_ver/v08/v0816	SES143	-1.2683	-44.9556	-43.6873
spk_ver/v08/v0817	SES144	0.313938	-44.3816	-44.6955
spk_ver/v08/v0818	SES143	-1.78255	-45.9856	-44.203
spk_ver/v08/v0819	SES143	-2.5753	-46.4351	-43.8598
spk_ver/v08/v0820	SES143	-0.983284	-43.249	-42.2657
spk_ver/v08/v0821	SES143	-1.78027	-46.9417	-45.1614
spk_ver/v08/v0822	SES143	-3.72363	-47.5174	-43.7937
spk_ver/v08/v0823	SES104	1.42679	-41.8404	-43.2672
spk_ver/v08/v0824	SES143	-2.74041	-46.917	-44.1766
spk_ver/v08/v0825	SES143	-3.86488	-47.2219	-43.357
spk_ver/v08/v0826	SES144	-3.61383	-47.0509	-43.4371
spk_ver/v08/v0827	SES144	-1.70698	-45.2928	-43.5858
spk_ver/v08/v0828	SES144	-0.844097	-43.8104	-42.9663
spk_ver/v08/v0829	SES172	0.10574	-43.7305	-43.8363
spk_ver/v08/v0830	SES144	-0.269714	-44.3249	-44.0551
spk_ver/v08/v0831	SES183	0.933125	-43.9558	-44.889
spk_ver/v08/v0832	SES144	-2.89504	-48.2342	-45.3391
spk_ver/v08/v0833	SES144	-4.22488	-47.5142	-43.2893
spk_ver/v08/v0834	SES144	-0.299351	-44.4903	-44.1909
spk_ver/v08/v0835	SES144	-1.84071	-46.6724	-44.8316
spk_ver/v08/v0836	SES144	-1.37104	-45.1775	-43.8064
spk_ver/v08/v0837	SES144	-2.50046	-45.0717	-42.5712
spk_ver/v08/v0838	SES144	-1.48652	-47.1098	-45.6233
spk_ver/v08/v0839	SES085	-0.134819	-43.539	-43.4041
spk_ver/v08/v0840	SES144	-0.550545	-44.6288	-44.0783
spk_ver/v08/v0841	SES144	-4.20916	-49.7173	-45.5081
spk_ver/v08/v0842	SES144	-3.65578	-46.8762	-43.2205
spk_ver/v08/v0843	SES144	-0.21904	-43.4783	-43.2593
spk_ver/v08/v0844	SES144	-1.78241	-45.5899	-43.8075
spk_ver/v08/v0845	SES144	-3.98072	-47.404	-43.4233
spk_ver/v08/v0846	SES104	1.20431	-42.7788	-43.9831
spk_ver/v08/v0847	SES144	-1.88898	-46.5134	-44.6245
spk_ver/v08/v0848	SES144	-1.61273	-48.7016	-47.0888
spk_ver/v08/v0849	SES144	-3.9637	-47.7191	-43.7554
spk_ver/v08/v0850	SES144	-3.64016	-46.763	-43.1228
spk_ver/v08/v0851	SES144	-1.63944	-45.1536	-43.5142
spk_ver/v08/v0852	SES144	-0.990597	-43.9647	-42.9741
spk_ver/v08/v0853	SES144	-4.8112	-48.4512	-43.64
spk_ver/v08/v0854	SES144	-1.00288	-45.2693	-44.2664
spk_ver/v08/v0855	SES144	-0.0668602	-42.7572	-42.6903
spk_ver/v08/v0856	SES082	0.408085	-45.4445	-45.8526
spk_ver/v08/v0857	SES142	1.95187	-42.0069	-43.9588
spk_ver/v08/v0858	SES144	-0.488327	-45.8576	-45.3693
spk_ver/v08/v0859	SES144	-0.653175	-45.0605	-44.4074
spk_ver/v08/v0860	SES146	-3.62121	-48.1835	-44.5623
spk_ver/v08/v0861	SES146	-2.58395	-46.5668	-43.9829
spk_ver/v08/v0862	SES146	-3.36374	-47.6398	-44.2761
spk_ver/v08/v0863	SES146	-2.93583	-48.0286	-45.0927
spk_ver/v08/v0864	SES146	-3.21297	-46.472	-43.259
spk_ver/v08/v0865	SES008	1.43379	-41.423	-42.8568
spk_ver/v08/v0866	SES142	1.03905	-43.4684	-44.5075
spk_ver/v08/v0867	SES146	-2.52338	-45.7987	-43.2753
spk_ver/v08/v0868	SES082	1.56716	-41.6377	-43.2048
spk_ver/v08/v0869	SES146	-1.27072	-44.2555	-42.9847
spk_ver/v08/v0870	SES146	-2.7135	-47.563	-44.8495
spk_ver/v08/v0871	SES146	-2.99925	-46.967	-43.9677
spk_ver/v08/v0872	SES146	-3.64697	-48.8111	-45.1641
spk_ver/v08/v0873	SES082	1.44602	-41.5588	-43.0048
spk_ver/v08/v0874	SES146	-2.98337	-48.1738	-45.1904
spk_ver/v08/v0875	SES144	-0.0286713	-44.4804	-44.4517
spk_ver/v08/v0876	SES146	-2.28622	-44.541	-42.2548
spk_ver/v08/v0877	SES146	-2.73797	-46.7664	-44.0284
spk_ver/v08/v0878	SES146	-2.01547	-46.2789	-44.2634
spk_ver/v08/v0879	SES146	-3.44488	-47.4383	-43.9934
spk_ver/v08/v0880	SES146	-4.20478	-48.7705	-44.5657
spk_ver/v08/v0881	SES143	0.426445	-43.4141	-43.8405
spk_ver/v08/v0882	SES146	-1.71751	-46.2082	-44.4907
spk_ver/v08/v0883	SES147	-3.27338	-46.2329	-42.9595
spk_ver/v08/v0884	SES147	-0.399765	-44.2382	-43.8384
spk_ver/v08/v0885	SES016	0.608517	-43.2055	-43.814
spk_ver/v08/v0886	SES147	-0.997982	-45.8884	-44.8904
spk_ver/v08/v0887	SES147	-1.62496	-46.0766	-44.4516
spk_ver/v08/v0888	SES147	-1.26029	-46.5227	-45.2624
spk_ver/v08/v0889	SES019	1.40695	-42.4497	-43.8567
spk_ver/v08/v0890	SES147	-2.56492	-47.7012	-45.1363
spk_ver/v08/v0891	SES147	-3.78666	-47.3574	-43.5708
spk_ver/v08/v0892	SES147	-1.74045	-46.1311	-44.3906
spk_ver/v08/v0893	SES270	1.90562	-43.0009	-44.9065
spk_ver/v08/v0894	SES029	0.686783	-43.6954	-44.3821
spk_ver/v08/v0895	SES147	-1.0206	-46.9258	-45.9052
spk_ver/v08/v0896	SES117	0.962536	-43.9729	-44.9355
spk_ver/v08/v0897	SES183	1.28645	-44.437	-45.7235
spk_ver/v08/v0898	SES147	-3.82862	-47.2749	-43.4462
spk_ver/v08/v0899	SES147	-2.34996	-48.2074	-45.8574
spk_ver/v09/v0900	SES087	1.37137	-42.006	-43.3773
spk_ver/v09/v0901	SES147	-6.79935	-51.3663	-44.567
spk_ver/v09/v0902	SES147	-3.84896	-48.0025	-44.1536
spk_ver/v09/v0903	SES147	-1.44889	-45.4436	-43.9947
spk_ver/v09/v0904	SES147	-4.15296	-47.7085	-43.5555
spk_ver/v09/v0905	SES143	0.347267	-43.7773	-44.1246
spk_ver/v09/v0906	SES149	0.512672	-42.9944	-43.5071
spk_ver/v09/v0907	SES148	-0.920921	-44.597	-43.676
spk_ver/v09/v0908	SES148	-0.425632	-44.2237	-43.7981
spk_ver/v09/v0909	SES106	1.86306	-42.5808	-44.4438
spk_ver/v09/v0910	SES148	-0.432461	-45.8659	-45.4334
spk_ver/v09/v0911	SES148	-2.83909	-46.8883	-44.0492
spk_ver/v09/v0912	SES142	1.0474	-43.4152	-44.4626
spk_ver/v09/v0913	SES148	-3.5717	-47.9195	-44.3478
spk_ver/v09/v0914	SES148	-2.55539	-46.2247	-43.6693
spk_ver/v09/v0915	SES148	-3.16171	-48.366	-45.2043
spk_ver/v09/v0916	SES148	-2.85346	-48.1013	-45.2478
spk_ver/v09/v0917	SES148	0.744987	-43.4226	-44.1676
spk_ver/v09/v0918	SES148	-0.443874	-43.7862	-43.3424
spk_ver/v09/v0919	SES270	1.28595	-43.0977	-44.3836
spk_ver/v09/v0920	SES148	-1.51861	-45.0806	-43.562
spk_ver/v09/v0921	SES148	-3.25053	-46.5241	-43.2736
spk_ver/v09/v0922	SES129	0.851429	-42.8743	-43.7258
spk_ver/v09/v0923	SES117	0.363735	-43.3501	-43.7139
spk_ver/v09/v0924	SES042	2.63349	-40.7155	-43.349
spk_ver/v09/v0925	SES148	-3.39618	-48.8676	-45.4714
spk_ver/v09/v0926	SES148	-3.83973	-48.8655	-45.0257
spk_ver/v09/v0927	SES144	0.15144	-43.7724	-43.9238
spk_ver/v09/v0928	SES007	0.233543	-43.8077	-44.0412
spk_ver/v09/v0929	SES148	-1.62777	-44.5969	-42.9692
spk_ver/v09/v0930	SES148	-1.24223	-44.6209	-43.3787
spk_ver/v09/v0931	SES148	-2.20068	-47.1116	-44.9109
spk_ver/v09/v0932	SES202	1.48502	-42.138	-43.623
spk_ver/v09/v0933	SES148	-0.298336	-43.7436	-43.4453
spk_ver/v09/v0934	SES148	-2.89043	-45.9378	-43.0474
spk_ver/v09/v0935	SES060	0.942558	-42.3463	-43.2889
spk_ver/v09/v0936	SES060	1.19324	-42.7093	-43.9025
spk_ver/v09/v0937	SES148	-1.58515	-45.438	-43.8528
spk_ver/v09/v0938	SES148	-1.66733	-46.1295	-44.4622
spk_ver/v09/v0939	SES148	-2.25651	-45.2129	-42.9564
spk_ver/v09/v0940	SES148	-2.02745	-45.1726	-43.1452
spk_ver/v09/v0941	SES149	-1.72979	-45.6608	-43.931
spk_ver/v09/v0942	SES149	-7.64301	-50.6435	-43.0005
spk_ver/v09/v0943	SES149	-8.55254	-53.075	-44.5225
spk_ver/v09/v0944	SES149	-0.928593	-44.9928	-44.0642
spk_ver/v09/v0945	SES105	0.543312	-43.1566	-43.6999
spk_ver/v09/v0946	SES149	-3.19254	-46.4561	-43.2635
spk_ver/v09/v0947	SES149	-7.35886	-53.1262	-45.7673
spk_ver/v09/v0948	SES149	-9.01201	-52.4582	-43.4462
spk_ver/v09/v0949	SES149	-4.83986	-46.8927	-42.0529
spk_ver/v09/v0950	SES226	1.375	-41.8902	-43.2652
spk_ver/v09/v0951	SES149	-9.50857	-54.3938	-44.8852
spk_ver/v09/v0952	SES149	-2.88683	-46.7303	-43.8435
spk_ver/v09/v0953	SES062	1.11769	-41.76	-42.8777
spk_ver/v09/v0954	SES149	-9.73959	-54.5704	-44.8308
spk_ver/v09/v0955	SES048	0.299255	-42.5352	-42.8345
spk_ver/v09/v0956	SES158	-0.839588	-44.6022	-43.7626
spk_ver/v09/v0957	SES158	-3.55084	-49.4209	-45.87
spk_ver/v09/v0958	SES158	-0.265995	-42.8409	-42.5749
spk_ver/v09/v0959	SES158	-1.2854	-45.4246	-44.1392
spk_ver/v09/v0960	SES158	-5.32875	-50.2218	-44.8931
spk_ver/v09/v0961	SES147	1.19662	-44.0583	-45.2549
spk_ver/v09/v0962	SES158	-9.87414	-54.6611	-44.7869
spk_ver/v09/v0963	SES292	0.809109	-42.9138	-43.7229
spk_ver/v09/v0964	SES060	1.04794	-41.8765	-42.9245
spk_ver/v09/v0965	SES002	1.47138	-42.6323	-44.1036
spk_ver/v09/v0966	SES149	1.62798	-41.9748	-43.6027
spk_ver/v09/v0967	SES158	-6.7204	-51.7367	-45.0163
spk_ver/v09/v0968	SES158	-1.8471	-46.3724	-44.5253
spk_ver/v09/v0969	SES275	-0.215595	-44.9964	-44.7808
spk_ver/v09/v0970	SES158	-7.55243	-51.0079	-43.4555
spk_ver/v09/v0971	SES158	-6.8729	-50.8869	-44.014
spk_ver/v09/v0972	SES002	1.63226	-41.5236	-43.1559
spk_ver/v09/v0973	SES158	-8.31653	-51.781	-43.4644
spk_ver/v09/v0974	SES202	1.37521	-42.4395	-43.8147
spk_ver/v09/v0975	SES158	-8.72153	-53.4996	-44.778
spk_ver/v09/v0976	SES158	0.301971	-43.6119	-43.9138
spk_ver/v09/v0977	SES162	-0.928093	-44.7942	-43.8661
spk_ver/v09/v0978	SES162	-6.53889	-51.0342	-44.4953
spk_ver/v09/v0979	SES162	-6.5298	-50.5246	-43.9948
spk_ver/v09/v0980	SES162	-1.18467	-46.2198	-45.0351
spk_ver/v09/v0981	SES162	-2.17348	-47.0721	-44.8987
spk_ver/v09/v0982	SES259	2.02491	-40.8699	-42.8948
spk_ver/v09/v0983	SES162	-3.14281	-50.4951	-47.3522
spk_ver/v09/v0984	SES162	-1.9203	-45.1575	-43.2372
spk_ver/v09/v0985	SES162	-1.00824	-44.4085	-43.4003
spk_ver/v09/v0986	SES062	0.829777	-41.8921	-42.7219
spk_ver/v09/v0987	SES162	-0.967213	-45.6243	-44.6571
spk_ver/v09/v0988	SES162	-4.47887	-48.0872	-43.6083
spk_ver/v09/v0989	SES162	-4.17181	-49.4881	-45.3163
spk_ver/v09/v0990	SES162	-3.87537	-47.8189	-43.9436
spk_ver/v09/v0991	SES087	1.80272	-42.1155	-43.9182
spk_ver/v09/v0992	SES120	0.420288	-44.0238	-44.4441
spk_ver/v09/v0993	SES162	-4.39138	-47.7714	-43.38
spk_ver/v09/v0994	SES162	-1.64068	-45.2047	-43.5641
spk_ver/v09/v0995	SES162	-4.38581	-47.1911	-42.8053
spk_ver/v09/v0996	SES162	-2.08101	-44.3013	-42.2203
spk_ver/v09/v0997	SES162	-5.66789	-49.3901	-43.7222
spk_ver/v09/v0998	SES162	-2.69166	-48.3003	-45.6086
spk_ver/v09/v0999	SES162	-1.18634	-43.6017	-42.4154
spk_ver/v10/v1000	SES162	-4.31015	-47.3886	-43.0785
spk_ver/v10/v1001	SES148	0.80732	-43.553	-44.3603
spk_ver/v10/v1002	SES162	-0.0777092	-44.7382	-44.6605
spk_ver/v10/v1003	SES162	-1.91999	-46.4221	-44.5021
spk_ver/v10/v1004	SES162	-2.92475	-48.2285	-45.3037
spk_ver/v10/v1005	SES162	-4.9651	-50.0458	-45.0808
spk_ver/v10/v1006	SES162	-3.82446	-48.1399	-44.3155
spk_ver/v10/v1007	SES162	-1.40341	-46.4924	-45.0889
spk_ver/v10/v1008	SES162	-4.06149	-50.6412	-46.5797
spk_ver/v10/v1009	SES162	-4.75536	-47.9261	-43.1707
spk_ver/v10/v1010	SES167	-4.50016	-49.9234	-45.4232
spk_ver/v10/v1011	SES167	-0.451748	-44.8401	-44.3884
spk_ver/v10/v1012	SES167	-1.39025	-46.3436	-44.9534
spk_ver/v10/v1013	SES167	-7.84252	-51.738	-43.8955
spk_ver/v10/v1014	SES167	-1.38137	-43.9646	-42.5833
spk_ver/v10/v1015	SES167	-1.19707	-44.4666	-43.2695
spk_ver/v10/v1016	SES167	-1.42281	-45.3539	-43.9311
spk_ver/v10/v1017	SES167	-1.22446	-45.3038	-44.0793
spk_ver/v10/v1018	SES167	-3.63623	-47.5315	-43.8952
spk_ver/v10/v1019	SES167	-2.28069	-45.3722	-43.0916
spk_ver/v10/v1020	SES167	-5.92556	-50.0782	-44.1527
spk_ver/v10/v1021	SES167	-1.10649	-46.7746	-45.6681
spk_ver/v10/v1022	SES167	-3.6587	-48.0516	-44.3928
spk_ver/v10/v1023	SES167	-4.3336	-49.9477	-45.6141
spk_ver/v10/v1024	SES167	-4.006	-51.2637	-47.2577
spk_ver/v10/v1025	SES167	-1.69631	-44.515	-42.8186
spk_ver/v10/v1026	SES167	-2.01952	-46.2439	-44.2244
spk_ver/v10/v1027	SES167	-1.31949	-44.6057	-43.2862
spk_ver/v10/v1028	SES167	-6.56603	-50.1091	-43.543
spk_ver/v10/v1029	SES167	-3.65145	-47.9158	-44.2643
spk_ver/v10/v1030	SES167	-4.6079	-48.4113	-43.8034
spk_ver/v10/v1031	SES167	-5.5648	-49.5815	-44.0167
spk_ver/v10/v1032	SES167	-6.76559	-49.2248	-42.4592
spk_ver/v10/v1033	SES167	-5.68859	-48.5113	-42.8228
spk_ver/v10/v1034	SES002	1.5132	-40.8724	-42.3856
spk_ver/v10/v1035	SES167	-2.33327	-45.6064	-43.2732
spk_ver/v10/v1036	SES083	0.783463	-42.8664	-43.6499
spk_ver/v10/v1037	SES167	-2.45536	-46.7102	-44.2548
spk_ver/v10/v1038	SES167	-2.6146	-49.1697	-46.5551
spk_ver/v10/v1039	SES167	-2.01422	-46.5062	-44.492
spk_ver/v10/v1040	SES167	-7.73625	-52.1647	-44.4284
spk_ver/v10/v1041	SES167	-0.884983	-45.5343	-44.6494
spk_ver/v10/v1042	SES087	1.90051	-42.3811	-44.2816
spk_ver/v10/v1043	SES029	0.837109	-43.1384	-43.9755
spk_ver/v10/v1044	SES206	0.908627	-42.2553	-43.164
spk_ver/v10/v1045	SES172	-3.05268	-47.8187	-44.766
spk_ver/v10/v1046	SES172	0.851143	-42.3977	-43.2489
spk_ver/v10/v1047	SES172	-1.84994	-45.3078	-43.4579
spk_ver/v10/v1048	SES259	2.29653	-40.7128	-43.0093
spk_ver/v10/v1049	SES172	-3.69348	-46.9952	-43.3018
spk_ver/v10/v1050	SES120	0.537457	-44.0535	-44.591
spk_ver/v10/v1051	SES172	-2.09237	-45.3109	-43.2185
spk_ver/v10/v1052	SES172	-3.13187	-47.658	-44.5262
spk_ver/v10/v1053	SES172	-3.84111	-48.7234	-44.8823
spk_ver/v10/v1054	SES172	-2.31573	-46.7868	-44.4711
spk_ver/v10/v1055	SES189	1.69162	-44.9145	-46.6061
spk_ver/v10/v1056	SES172	-3.59903	-47.7003	-44.1012
spk_ver/v10/v1057	SES172	-1.32761	-44.537	-43.2094
spk_ver/v10/v1058	SES172	-2.32983	-46.1338	-43.804
spk_ver/v10/v1059	SES172	-1.40913	-45.2547	-43.8456
spk_ver/v10/v1060	SES029	0.259842	-43.1105	-43.3703
spk_ver/v10/v1061	SES175	-9.81681	-53.773	-43.9561
spk_ver/v10/v1062	SES187	0.291306	-42.9506	-43.242
spk_ver/v10/v1063	SES019	3.00456	-42.7364	-45.741
spk_ver/v10/v1064	SES175	-6.29826	-49.9828	-43.6846
spk_ver/v10/v1065	SES175	-6.93645	-50.884	-43.9475
spk_ver/v10/v1066	SES175	-6.47631	-52.0367	-45.5604
spk_ver/v10/v1067	SES175	-2.4199	-46.5922	-44.1723
spk_ver/v10/v1068	SES175	-5.37017	-49.4077	-44.0375
spk_ver/v10/v1069	SES016	1.93713	-41.6399	-43.5771
spk_ver/v10/v1070	SES175	-3.07476	-48.4003	-45.3256
spk_ver/v10/v1071	SES175	-2.7824	-45.0906	-42.3082
spk_ver/v10/v1072	SES175	-7.43576	-51.5464	-44.1106
spk_ver/v10/v1073	SES029	-0.0556755	-43.7555	-43.6998
spk_ver/v10/v1074	SES175	-4.63147	-48.7078	-44.0763
spk_ver/v10/v1075	SES175	-1.51205	-44.396	-42.884
spk_ver/v10/v1076	SES175	-1.01066	-43.6135	-42.6029
spk_ver/v10/v1077	SES175	-5.96712	-48.4639	-42.4967
spk_ver/v10/v1078	SES127	0.562153	-41.9676	-42.5297
spk_ver/v10/v1079	SES175	-5.01009	-47.6097	-42.5996
spk_ver/v10/v1080	SES175	-1.55428	-46.4441	-44.8899
spk_ver/v10/v1081	SES175	-5.33858	-49.8026	-44.464
spk_ver/v10/v1082	SES175	-4.35672	-47.5037	-43.147
spk_ver/v10/v1083	SES007	0.517796	-43.3859	-43.9037
spk_ver/v10/v1084	SES068	0.0789413	-42.8938	-42.9728
spk_ver/v10/v1085	SES008	0.341869	-42.3612	-42.7031
spk_ver/v10/v1086	SES175	-1.14269	-43.5695	-42.4268
spk_ver/v10/v1087	SES175	-3.64424	-47.2891	-43.6449
spk_ver/v10/v1088	SES008	1.61077	-41.8185	-43.4293
spk_ver/v10/v1089	SES177	-3.20869	-45.6615	-42.4528
spk_ver/v10/v1090	SES177	-3.91815	-47.4469	-43.5288
spk_ver/v10/v1091	SES177	-4.69177	-49.3471	-44.6553
spk_ver/v10/v1092	SES177	-0.548519	-44.5719	-44.0234
spk_ver/v10/v1093	SES177	-6.42085	-50.3536	-43.9328
spk_ver/v10/v1094	SES002	1.47004	-41.9989	-43.469
spk_ver/v10/v1095	SES104	1.37811	-42.6059	-43.984
spk_ver/v10/v1096	SES177	-2.02113	-45.6508	-43.6297
spk_ver/v10/v1097	SES177	-2.28894	-47.5562	-45.2673
spk_ver/v10/v1098	SES177	-2.25225	-45.8222	-43.57
spk_ver/v10/v1099	SES177	-0.256264	-44.0732	-43.817
spk_ver/v11/v1100	SES177	-4.50059	-48.5843	-44.0837
spk_ver/v11/v1101	SES085	0.113491	-43.0499	-43.1634
spk_ver/v11/v1102	SES187	0.764271	-43.3113	-44.0756
spk_ver/v11/v1103	SES177	-1.58691	-45.5934	-44.0065
spk_ver/v11/v1104	SES177	0.44136	-42.6689	-43.1103
spk_ver/v11/v1105	SES177	-0.478405	-43.2713	-42.7929
spk_ver/v11/v1106	SES177	-2.3579	-46.2747	-43.9168
spk_ver/v11/v1107	SES177	-1.10282	-44.6272	-43.5244
spk_ver/v11/v1108	SES177	-0.695511	-44.5721	-43.8766
spk_ver/v11/v1109	SES125	1.22892	-41.6356	-42.8645
spk_ver/v11/v1110	SES177	-3.75722	-47.4203	-43.6631
spk_ver/v11/v1111	SES177	-2.3585	-45.8535	-43.495
spk_ver/v11/v1112	SES177	-3.27585	-46.8804	-43.6045
spk_ver/v11/v1113	SES177	-6.06115	-49.183	-43.1219
spk_ver/v11/v1114	SES177	-1.47335	-46.5627	-45.0894
spk_ver/v11/v1115	SES177	-1.94243	-47.2258	-45.2834
spk_ver/v11/v1116	SES085	0.623524	-42.0143	-42.6378
spk_ver/v11/v1117	SES147	0.184826	-43.9997	-44.1845
spk_ver/v11/v1118	SES177	-0.829014	-45.1065	-44.2774
spk_ver/v11/v1119	SES177	-3.65114	-47.4091	-43.758
spk_ver/v11/v1120	SES180	-6.70068	-50.7233	-44.0226
spk_ver/v11/v1121	SES189	1.08609	-44.341	-45.4271
spk_ver/v11/v1122	SES117	0.516338	-45.6767	-46.1931
spk_ver/v11/v1123	SES129	1.94136	-41.587	-43.5284
spk_ver/v11/v1124	SES180	-2.78352	-47.0288	-44.2453
spk_ver/v11/v1125	SES180	-0.920654	-44.1186	-43.1979
spk_ver/v11/v1126	SES180	-0.727039	-44.2657	-43.5387
spk_ver/v11/v1127	SES180	-1.21317	-45.8856	-44.6724
spk_ver/v11/v1128	SES016	1.37604	-43.743	-45.1191
spk_ver/v11/v1129	SES158	1.19141	-42.0746	-43.266
spk_ver/v11/v1130	SES180	-2.61443	-46.432	-43.8176
spk_ver/v11/v1131	SES180	-4.39095	-47.2273	-42.8363
spk_ver/v11/v1132	SES180	-1.83281	-47.3954	-45.5626
spk_ver/v11/v1133	SES180	-4.21061	-47.2397	-43.0291
spk_ver/v11/v1134	SES180	-2.69086	-47.6056	-44.9148
spk_ver/v11/v1135	SES180	-1.36287	-44.4371	-43.0743
spk_ver/v11/v1136	SES180	-6.06126	-51.2248	-45.1635
spk_ver/v11/v1137	SES148	0.583523	-42.9273	-43.5108
spk_ver/v11/v1138	SES104	1.26393	-41.1919	-42.4558
spk_ver/v11/v1139	SES180	-5.69691	-49.9396	-44.2427
spk_ver/v11/v1140	SES083	0.765568	-43.0425	-43.8081
spk_ver/v11/v1141	SES180	-4.57555	-48.5899	-44.0144
spk_ver/v11/v1142	SES180	-2.29297	-46.7862	-44.4933
spk_ver/v11/v1143	SES180	-2.00418	-47.4148	-45.4106
spk_ver/v11/v1144	SES099	1.45631	-42.748	-44.2043
spk_ver/v11/v1145	SES180	-1.93403	-46.0781	-44.1441
spk_ver/v11/v1146	SES183	-2.74363	-47.3606	-44.617
spk_ver/v11/v1147	SES183	-1.26802	-44.9761	-43.7081
spk_ver/v11/v1148	SES183	-4.27332	-49.9438	-45.6705
spk_ver/v11/v1149	SES183	-5.22435	-49.3645	-44.1401
spk_ver/v11/v1150	SES183	-3.88224	-48.0659	-44.1836
spk_ver/v11/v1151	SES082	1.25012	-42.2347	-43.4848
spk_ver/v11/v1152	SES183	-2.5979	-48.0638	-45.4659
spk_ver/v11/v1153	SES183	-2.81854	-46.3748	-43.5562
spk_ver/v11/v1154	SES002	1.91545	-40.8804	-42.7958
spk_ver/v11/v1155	SES183	-2.62785	-47.6176	-44.9897
spk_ver/v11/v1156	SES183	-4.81791	-50.5516	-45.7337
spk_ver/v11/v1157	SES183	-3.45551	-46.0111	-42.5556
spk_ver/v11/v1158	SES183	-0.581738	-44.0627	-43.481
spk_ver/v11/v1159	SES183	-2.20999	-46.6965	-44.4865
spk_ver/v11/v1160	SES183	-4.8188	-48.4664	-43.6476
spk_ver/v11/v1161	SES183	-4.47195	-50.0185	-45.5465
spk_ver/v11/v1162	SES105	1.31609	-43.0217	-44.3378
spk_ver/v11/v1163	SES183	-5.99297	-49.7318	-43.7388
spk_ver/v11/v1164	SES259	1.73064	-41.4819	-43.2126
spk_ver/v11/v1165	SES183	-1.89273	-47.2241	-45.3314
spk_ver/v11/v1166	SES183	-4.37903	-47.8533	-43.4743
spk_ver/v11/v1167	SES183	-2.94191	-47.2804	-44.3385
spk_ver/v11/v1168	SES183	-2.70601	-46.1183	-43.4123
spk_ver/v11/v1169	SES183	-5.51716	-49.1454	-43.6282
spk_ver/v11/v1170	SES183	-5.313	-48.7111	-43.3981
spk_ver/v11/v1171	SES183	-7.16509	-52.5886	-45.4235
spk_ver/v11/v1172	SES187	-4.2084	-48.2848	-44.0764
spk_ver/v11/v1173	SES019	2.63446	-42.8071	-45.4415
spk_ver/v11/v1174	SES187	-5.02174	-50.1447	-45.123
spk_ver/v11/v1175	SES187	-1.23114	-46.7883	-45.5571
spk_ver/v11/v1176	SES083	-0.0113449	-42.3651	-42.3537
spk_ver/v11/v1177	SES187	-4.95435	-50.9687	-46.0144
spk_ver/v11/v1178	SES187	-4.38834	-47.996	-43.6077
spk_ver/v11/v1179	SES187	-2.18144	-46.7731	-44.5917
spk_ver/v11/v1180	SES187	-0.374481	-44.9287	-44.5542
spk_ver/v11/v1181	SES187	-5.36147	-48.5417	-43.1802
spk_ver/v11/v1182	SES187	-0.981274	-44.0216	-43.0403
spk_ver/v11/v1183	SES187	-4.34026	-48.4732	-44.1329
spk_ver/v11/v1184	SES187	-0.0546951	-44.0484	-43.9937
spk_ver/v11/v1185	SES127	0.694347	-42.7856	-43.4799
spk_ver/v11/v1186	SES187	-0.816422	-44.1182	-43.3018
spk_ver/v11/v1187	SES187	-1.85637	-44.5582	-42.7018
spk_ver/v11/v1188	SES187	-1.50994	-46.7491	-45.2391
spk_ver/v11/v1189	SES042	2.20811	-41.1792	-43.3873
spk_ver/v11/v1190	SES187	-0.453068	-43.9737	-43.5206
spk_ver/v11/v1191	SES187	-4.1307	-50.6238	-46.4931
spk_ver/v11/v1192	SES187	-3.1633	-47.5625	-44.3992
spk_ver/v11/v1193	SES183	0.523575	-44.0817	-44.6053
spk_ver/v11/v1194	SES187	-1.74047	-46.608	-44.8675
spk_ver/v11/v1195	SES187	-4.96188	-48.9122	-43.9503
spk_ver/v11/v1196	SES146	0.848946	-43.7347	-44.5836
spk_ver/v11/v1197	SES189	-5.67182	-49.5668	-43.895
spk_ver/v11/v1198	SES175	1.14293	-43.3837	-44.5266
spk_ver/v11/v1199	SES189	-5.72022	-51.1055	-45.3852
spk_ver/v12/v1200	SES189	-2.43208	-44.9884	-42.5563
spk_ver/v12/v1201	SES177	0.704876	-42.4611	-43.166
spk_ver/v12/v1202	SES189	-1.1997	-45.7965	-44.5968
spk_ver/v12/v1203	SES143	0.260811	-43.7386	-43.9994
spk_ver/v12/v1204	SES189	-2.30295	-46.5196	-44.2167
spk_ver/v12/v1205	SES189	-2.17908	-45.6252	-43.4461
spk_ver/v12/v1206	SES189	-5.48918	-50.2452	-44.7561
spk_ver/v12/v1207	SES189	-4.39641	-48.0016	-43.6052
spk_ver/v12/v1208	SES189	-4.07961	-46.4646	-42.385
spk_ver/v12/v1209	SES189	-5.96652	-50.7282	-44.7617
spk_ver/v12/v1210	SES189	-0.401699	-44.9036	-44.5019
spk_ver/v12/v1211	SES062	1.3242	-41.903	-43.2272
spk_ver/v12/v1212	SES189	-2.45369	-45.5846	-43.1309
spk_ver/v12/v1213	SES048	0.59906	-42.5541	-43.1532
spk_ver/v12/v1214	SES042	2.35057	-40.6973	-43.0479
spk_ver/v12/v1215	SES008	1.60373	-41.3738	-42.9775
spk_ver/v12/v1216	SES202	-5.97123	-48.1518	-42.1806
spk_ver/v12/v1217	SES202	-3.68096	-48.7978	-45.1168
spk_ver/v12/v1218	SES085	1.24074	-41.0979	-42.3386
spk_ver/v12/v1219	SES202	-3.80845	-47.1806	-43.3722
spk_ver/v12/v1220	SES202	-4.45295	-47.9753	-43.5223
spk_ver/v12/v1221	SES202	-0.718052	-45.6667	-44.9486
spk_ver/v12/v1222	SES202	-10.3546	-55.3237	-44.9691
spk_ver/v12/v1223	SES158	0.775265	-42.5218	-43.297
spk_ver/v12/v1224	SES202	-1.86572	-47.0355	-45.1698
spk_ver/v12/v1225	SES202	-10.4958	-53.7159	-43.2201
spk_ver/v12/v1226	SES202	-6.7297	-50.7345	-44.0048
spk_ver/v12/v1227	SES202	-4.89553	-49.6734	-44.7779
spk_ver/v12/v1228	SES177	0.330315	-43.293	-43.6233
spk_ver/v12/v1229	SES202	-6.10759	-50.4033	-44.2958
spk_ver/v12/v1230	SES202	-2.08392	-45.8657	-43.7817
spk_ver/v12/v1231	SES202	-5.72346	-51.251	-45.5276
spk_ver/v12/v1232	SES202	-1.49088	-47.7545	-46.2636
spk_ver/v12/v1233	SES206	1.08479	-41.6248	-42.7096
spk_ver/v12/v1234	SES202	-9.13797	-52.8802	-43.7423
spk_ver/v12/v1235	SES202	-5.33177	-48.6172	-43.2854
spk_ver/v12/v1236	SES125	1.88379	-41.7908	-43.6746
spk_ver/v12/v1237	SES127	1.19455	-42.3893	-43.5838
spk_ver/v12/v1238	SES202	1.80058	-41.5882	-43.3888
spk_ver/v12/v1239	SES167	1.21393	-42.1466	-43.3606
spk_ver/v12/v1240	SES206	-12.0256	-56.7988	-44.7731
spk_ver/v12/v1241	SES206	-12.2694	-57.3977	-45.1282
spk_ver/v12/v1242	SES206	-0.41048	-43.7725	-43.3621
spk_ver/v12/v1243	SES206	-1.38924	-45.5376	-44.1484
spk_ver/v12/v1244	SES259	1.6564	-42.1421	-43.7985
spk_ver/v12/v1245	SES206	-4.29096	-48.0983	-43.8074
spk_ver/v12/v1246	SES206	-5.85818	-49.4757	-43.6175
spk_ver/v12/v1247	SES206	-0.179649	-43.9233	-43.7436
spk_ver/v12/v1248	SES206	-14.5608	-59.8455	-45.2847
spk_ver/v12/v1249	SES270	2.00946	-42.7383	-44.7478
spk_ver/v12/v1250	SES206	-10.5802	-55.0926	-44.5124
spk_ver/v12/v1251	SES206	-5.24434	-48.3942	-43.1499
spk_ver/v12/v1252	SES206	-4.10152	-47.9558	-43.8543
spk_ver/v12/v1253	SES206	-0.508091	-44.0884	-43.5803
spk_ver/v12/v1254	SES206	-0.538948	-43.9782	-43.4392
spk_ver/v12/v1255	SES125	1.19813	-42.0454	-43.2435
spk_ver/v12/v1256	SES206	-16.091	-59.9642	-43.8732
spk_ver/v12/v1257	SES206	-9.32825	-52.1973	-42.8691
spk_ver/v12/v1258	SES206	-1.25648	-45.3982	-44.1417
spk_ver/v12/v1259	SES206	-12.8638	-57.1551	-44.2912
spk_ver/v12/v1260	SES206	-15.5824	-60.896	-45.3136
spk_ver/v12/v1261	SES206	-10.9033	-54.7288	-43.8255
spk_ver/v12/v1262	SES206	-13.7664	-57.9976	-44.2312
spk_ver/v12/v1263	SES206	-7.60907	-51.0385	-43.4294
spk_ver/v12/v1264	SES149	1.49521	-42.5582	-44.0535
spk_ver/v12/v1265	SES206	-0.625561	-45.7701	-45.1446
spk_ver/v12/v1266	SES206	-16.2103	-60.7949	-44.5847
spk_ver/v12/v1267	SES206	-0.904369	-47.1449	-46.2405
spk_ver/v12/v1268	SES206	-6.04705	-50.1949	-44.1478
spk_ver/v12/v1269	SES206	-12.9705	-60.0051	-47.0346
spk_ver/v12/v1270	SES206	-19.1668	-65.2511	-46.0842
spk_ver/v12/v1271	SES226	-14.8078	-60.2644	-45.4566
spk_ver/v12/v1272	SES226	-0.148476	-43.198	-43.0495
spk_ver/v12/v1273	SES226	-9.1977	-52.3721	-43.1744
spk_ver/v12/v1274	SES226	-9.42217	-53.5303	-44.1082
spk_ver/v12/v1275	SES226	0.337059	-43.5118	-43.8488
spk_ver/v12/v1276	SES226	-7.70728	-51.7917	-44.0844
spk_ver/v12/v1277	SES226	-0.563534	-44.2008	-43.6373
spk_ver/v12/v1278	SES226	-0.120602	-44.1783	-44.0577
spk_ver/v12/v1279	SES226	-8.36647	-51.0673	-42.7008
spk_ver/v12/v1280	SES226	-1.15303	-44.3988	-43.2457
spk_ver/v12/v1281	SES226	-0.338375	-44.7943	-44.4559
spk_ver/v12/v1282	SES226	-0.539127	-45.488	-44.9489
spk_ver/v12/v1283	SES143	0.766487	-43.237	-44.0035
spk_ver/v12/v1284	SES226	-4.95404	-48.2771	-43.3231
spk_ver/v12/v1285	SES226	-0.732147	-44.0046	-43.2724
spk_ver/v12/v1286	SES226	-0.697285	-45.1325	-44.4352
spk_ver/v12/v1287	SES226	-3.3793	-47.7769	-44.3976
spk_ver/v12/v1288	SES226	-8.05779	-51.0665	-43.0087
spk_ver/v12/v1289	SES104	1.21767	-42.9196	-44.1373
spk_ver/v12/v1290	SES008	1.72417	-43.1268	-44.851
spk_ver/v12/v1291	SES226	-0.918846	-44.2549	-43.336
spk_ver/v12/v1292	SES259	-3.18451	-47.685	-44.5005
spk_ver/v12/v1293	SES062	1.22513	-41.791	-43.0161
spk_ver/v12/v1294	SES099	1.06544	-43.4155	-44.4809
spk_ver/v12/v1295	SES158	1.18805	-42.8432	-44.0312
spk_ver/v12/v1296	SES259	-6.17006	-49.283	-43.113
spk_ver/v12/v1297	SES259	-2.64083	-46.9546	-44.3137
spk_ver/v12/v1298	SES259	-2.33017	-45.7352	-43.4051
spk_ver/v12/v1299	SES259	-7.40574	-51.4381	-44.0324
spk_ver/v13/v1300	SES120	0.861679	-43.4995	-44.3611
spk_ver/v13/v1301	SES259	-8.7922	-52.3237	-43.5315
spk_ver/v13/v1302	SES259	-8.43138	-52.5357	-44.1043
spk_ver/v13/v1303	SES129	1.34401	-42.4404	-43.7844
spk_ver/v13/v1304	SES259	-3.89844	-49.3524	-45.4539
spk_ver/v13/v1305	SES259	-3.76293	-49.5229	-45.76
spk_ver/v13/v1306	SES106	1.29002	-42.6717	-43.9617
spk_ver/v13/v1307	SES259	-3.49361	-48.9587	-45.4651
spk_ver/v13/v1308	SES259	-1.42555	-44.6324	-43.2068
spk_ver/v13/v1309	SES259	-6.43709	-49.8355	-43.3985
spk_ver/v13/v1310	SES259	-5.84587	-48.7817	-42.9358
spk_ver/v13/v1311	SES259	-6.12536	-49.5629	-43.4376
spk_ver/v13/v1312	SES259	-1.41963	-44.0518	-42.6321
spk_ver/v13/v1313	SES144	0.279896	-43.4808	-43.7607
spk_ver/v13/v1314	SES259	-8.45056	-52.3883	-43.9377
spk_ver/v13/v1315	SES162	1.44265	-42.0855	-43.5282
spk_ver/v13/v1316	SES206	0.881859	-41.8493	-42.7312
spk_ver/v13/v1317	SES175	1.20631	-43.86	-45.0663
spk_ver/v13/v1318	SES259	-7.53754	-52.5504	-45.0129
spk_ver/v13/v1319	SES259	-8.85981	-53.4717	-44.6119
spk_ver/v13/v1320	SES270	0.0280151	-43.7521	-43.7801
spk_ver/v13/v1321	SES101	-0.13105	-43.0727	-42.9416
spk_ver/v13/v1322	SES177	0.722733	-42.4808	-43.2036
spk_ver/v13/v1323	SES127	0.683472	-41.7064	-42.3899
spk_ver/v13/v1324	SES270	-10.7557	-55.2058	-44.4501
spk_ver/v13/v1325	SES062	0.817905	-41.991	-42.8089
spk_ver/v13/v1326	SES270	0.112663	-44.1854	-44.298
spk_ver/v13/v1327	SES120	0.0804367	-44.5694	-44.6498
spk_ver/v13/v1328	SES270	-3.49359	-48.7139	-45.2203
spk_ver/v13/v1329	SES270	-6.50289	-49.2993	-42.7964
spk_ver/v13/v1330	SES270	-0.0813446	-45.0101	-44.9287
spk_ver/v13/v1331	SES270	-6.82227	-49.6524	-42.8301
spk_ver/v13/v1332	SES270	-0.378452	-43.1294	-42.751
spk_ver/v13/v1333	SES270	0.298378	-45.391	-45.6894
spk_ver/v13/v1334	SES270	-2.30556	-46.2618	-43.9562
spk_ver/v13/v1335	SES270	0.402336	-43.3492	-43.7515
spk_ver/v13/v1336	SES270	-1.1687	-44.5116	-43.3429
spk_ver/v13/v1337	SES016	1.44722	-42.4668	-43.914
spk_ver/v13/v1338	SES270	-6.64725	-50.0109	-43.3637
spk_ver/v13/v1339	SES002	1.30549	-41.5063	-42.8118
spk_ver/v13/v1340	SES105	1.16102	-43.8082	-44.9692
spk_ver/v13/v1341	SES275	-2.5261	-47.9829	-45.4568
spk_ver/v13/v1342	SES187	1.80861	-43.2311	-45.0397
spk_ver/v13/v1343	SES275	-3.66405	-47.9888	-44.3247
spk_ver/v13/v1344	SES275	-3.38508	-47.9039	-44.5189
spk_ver/v13/v1345	SES275	-2.25099	-46.3398	-44.0888
spk_ver/v13/v1346	SES275	-4.2504	-47.9442	-43.6938
spk_ver/v13/v1347	SES275	-3.02824	-48.8482	-45.8199
spk_ver/v13/v1348	SES180	-0.00797653	-43.7564	-43.7484
spk_ver/v13/v1349	SES275	-3.35735	-49.7596	-46.4023
spk_ver/v13/v1350	SES275	-1.27678	-44.3949	-43.1182
spk_ver/v13/v1351	SES275	-3.71487	-51.6693	-47.9545
spk_ver/v13/v1352	SES275	-2.21721	-46.4147	-44.1975
spk_ver/v13/v1353	SES275	-1.5252	-47.5925	-46.0673
spk_ver/v13/v1354	SES189	1.21339	-44.7019	-45.9152
spk_ver/v13/v1355	SES068	0.258068	-42.3157	-42.5737
spk_ver/v13/v1356	SES275	-2.89661	-47.8983	-45.0017
spk_ver/v13/v1357	SES048	0.125961	-43.2355	-43.3614
spk_ver/v13/v1358	SES226	1.40551	-41.5034	-42.9089
spk_ver/v13/v1359	SES016	0.203098	-43.1904	-43.3935
spk_ver/v13/v1360	SES275	-2.52524	-47.1386	-44.6134
spk_ver/v13/v1361	SES068	0.810822	-41.8131	-42.6239
spk_ver/v13/v1362	SES275	-3.81466	-47.1927	-43.378
spk_ver/v13/v1363	SES275	-2.71018	-47.3587	-44.6485
spk_ver/v13/v1364	SES275	-3.55061	-49.7168	-46.1661
spk_ver/v13/v1365	SES275	-2.92912	-46.4812	-43.5521
spk_ver/v13/v1366	SES187	0.400055	-43.2587	-43.6587
spk_ver/v13/v1367	SES275	-3.70988	-48.8653	-45.1555
spk_ver/v13/v1368	SES125	1.29798	-42.1113	-43.4093
spk_ver/v13/v1369	SES275	-1.24932	-46.6139	-45.3646
spk_ver/v13/v1370	SES292	-2.73386	-45.9431	-43.2093
spk_ver/v13/v1371	SES292	-2.56926	-46.406	-43.8368
spk_ver/v13/v1372	SES292	-3.03499	-47.7161	-44.6811
spk_ver/v13/v1373	SES292	-2.75412	-46.2518	-43.4977
spk_ver/v13/v1374	SES101	0.669861	-43.5918	-44.2617
spk_ver/v13/v1375	SES292	-2.98143	-47.728	-44.7466
spk_ver/v13/v1376	SES292	-2.01545	-45.3173	-43.3019
spk_ver/v13/v1377	SES292	-4.50851	-49.9898	-45.4813
spk_ver/v13/v1378	SES292	-1.36604	-44.4432	-43.0772
spk_ver/v13/v1379	SES292	-1.59675	-45.5912	-43.9945
spk_ver/v13/v1380	SES292	-1.60434	-45.967	-44.3627
spk_ver/v13/v1381	SES292	-2.54748	-44.8208	-42.2733
spk_ver/v13/v1382	SES292	-2.36373	-48.2419	-45.8782
spk_ver/v13/v1383	SES292	-2.10559	-46.6566	-44.551
spk_ver/v13/v1384	SES292	-2.07263	-45.9694	-43.8968
spk_ver/v13/v1385	SES292	-1.72145	-45.8663	-44.1449
spk_ver/v13/v1386	SES292	-1.81797	-46.555	-44.737
spk_ver/v13/v1387	SES158	1.73389	-43.2587	-44.9926
spk_ver/v13/v1388	SES292	-0.648914	-43.5825	-42.9336
spk_ver/v13/v1389	SES292	-1.41414	-43.626	-42.2118
spk_ver/v13/v1390	SES292	-2.95469	-45.7436	-42.7889
spk_ver/v13/v1391	SES292	-2.17865	-45.8144	-43.6357
spk_ver/v13/v1392	SES292	-2.53043	-48.0773	-45.5469
spk_ver/v13/v1393	SES292	-2.44001	-45.767	-43.327
spk_ver/v13/v1394	SES292	-2.39823	-46.8465	-44.4483
spk_ver/v13/v1395	SES292	-3.49481	-46.3829	-42.8881
spk_ver/v13/v1396	SES117	1.07064	-43.7738	-44.8444
spk_ver/v13/v1397	SES292	-2.53728	-45.7842	-43.2469
spk_ver/v13/v1398	SES292	-3.13882	-48.7338	-45.5949
spk_ver/v13/v1399	SES292	-1.41381	-45.9159	-44.5021
