BLOCK00/SES002/SA002S12	SES002	0.607639	-28.4314	-29.039
BLOCK00/SES002/SA002S13	SES002	0.187029	-29.2383	-29.4253
BLOCK00/SES002/SA002S23	SES002	0.273853	-28.6259	-28.8998
BLOCK00/SES002/SA002S26	SES002	0.486584	-28.1031	-28.5897
BLOCK00/SES002/SA002S28	SES002	0.272308	-28.9464	-29.2187
BLOCK00/SES007/SA007S14	SES007	0.409044	-28.0502	-28.4592
BLOCK00/SES007/SA007S15	SES007	0.100655	-28.7602	-28.8608
BLOCK00/SES007/SA007S24	SES007	0.411383	-28.4839	-28.8953
BLOCK00/SES007/SA007S27	SES007	-0.730597	-30.5411	-29.8105
BLOCK00/SES007/SA007S29	SES007	-0.442516	-29.4309	-28.9884
BLOCK00/SES008/SA008S11	SES008	0.504557	-28.9984	-29.503
BLOCK00/SES008/SA008S12	SES008	0.480658	-28.6939	-29.1745
BLOCK00/SES008/SA008S19	SES008	0.281261	-29.0496	-29.3309
BLOCK00/SES008/SA008S22	SES008	0.363508	-29.3992	-29.7628
BLOCK00/SES008/SA008S29	SES008	0.50666	-28.9574	-29.4641
BLOCK01/SES014/SA014S10	SES014	0.649307	-29.6241	-30.2734
BLOCK01/SES014/SA014S12	SES014	0.409115	-27.7543	-28.1634
BLOCK01/SES014/SA014S24	SES014	0.16991	-28.2279	-28.3978
BLOCK01/SES014/SA014S26	SES014	0.350885	-27.494	-27.8449
BLOCK01/SES014/SA014S28	SES014	0.460306	-29.0409	-29.5012
BLOCK01/SES016/SA016S12	SES016	-0.0693588	-30.8359	-30.7665
BLOCK01/SES016/SA016S13	SES016	0.502607	-28.7007	-29.2033
BLOCK01/SES016/SA016S22	SES016	0.209558	-29.0069	-29.2165
BLOCK01/SES016/SA016S25	SES016	0.663286	-27.7646	-28.4279
BLOCK01/SES016/SA016S27	SES016	0.715425	-27.5831	-28.2986
BLOCK01/SES019/SA019S13	SES019	0.58198	-29.0376	-29.6196
BLOCK01/SES019/SA019S14	SES019	0.585693	-29.4634	-30.0491
BLOCK01/SES019/SA019S22	SES019	0.430492	-29.0284	-29.4588
BLOCK01/SES019/SA019S25	SES019	0.473288	-29.5281	-30.0014
BLOCK01/SES019/SA019S29	SES019	0.742821	-29.6202	-30.363
BLOCK02/SES029/SA029S11	SES029	-0.344791	-29.858	-29.5132
BLOCK02/SES029/SA029S12	SES029	0.29624	-28.7217	-29.018
BLOCK02/SES029/SA029S20	SES029	-0.0443192	-30.207	-30.1627
BLOCK02/SES029/SA029S25	SES029	0.36598	-28.4572	-28.8231
BLOCK02/SES029/SA029S28	SES029	0.279417	-28.5972	-28.8766
BLOCK04/SES042/SA042S12	SES042	0.516874	-28.5173	-29.0342
BLOCK04/SES042/SA042S15	SES042	0.382277	-27.8208	-28.2031
BLOCK04/SES042/SA042S22	SES042	0.758045	-27.3076	-28.0657
BLOCK04/SES042/SA042S25	SES042	0.118286	-29.3297	-29.448
BLOCK04/SES042/SA042S27	SES042	0.435724	-27.8603	-28.2961
BLOCK04/SES048/SA048S11	SES048	0.468931	-28.2271	-28.6961
BLOCK04/SES048/SA048S12	SES048	0.258518	-28.5454	-28.8039
BLOCK04/SES048/SA048S20	SES048	0.0662937	-29.0372	-29.1035
BLOCK04/SES048/SA048S23	SES048	0.507496	-29.0212	-29.5287
BLOCK04/SES048/SA048S27	SES048	0.0324383	-29.144	-29.1764
BLOCK06/SES060/SA060S11	SES060	0.580671	-27.9622	-28.5428
BLOCK06/SES060/SA060S12	SES060	0.154406	-29.4231	-29.5775
BLOCK06/SES060/SA060S22	SES060	0.00266838	-29.4786	-29.4813
BLOCK06/SES060/SA060S24	SES060	0.35746	-28.5329	-28.8904
BLOCK06/SES060/SA060S28	SES060	0.807096	-27.1744	-27.9815
BLOCK06/SES062/SA062S10	SES062	0.303391	-28.1094	-28.4128
BLOCK06/SES062/SA062S11	SES062	0.0906906	-28.6794	-28.7701
BLOCK06/SES062/SA062S21	SES062	0.542473	-27.2691	-27.8115
BLOCK06/SES062/SA062S26	SES062	0.317316	-28.1109	-28.4282
BLOCK06/SES062/SA062S29	SES062	0.426233	-27.6636	-28.0898
BLOCK06/SES068/SA068S14	SES068	0.313299	-28.2372	-28.5505
BLOCK06/SES068/SA068S15	SES068	0.384548	-27.9952	-28.3797
BLOCK06/SES068/SA068S23	SES068	0.278961	-28.8417	-29.1207
BLOCK06/SES068/SA068S27	SES068	0.412655	-28.2701	-28.6827
BLOCK06/SES068/SA068S29	SES068	0.32122	-28.2274	-28.5486
BLOCK08/SES082/SA082S12	SES082	-0.050293	-29.4494	-29.3992
BLOCK08/SES082/SA082S14	SES082	-0.452778	-30.2831	-29.8303
BLOCK08/SES082/SA082S21	SES082	0.298708	-29.0066	-29.3053
BLOCK08/SES082/SA082S24	SES082	0.32522	-28.8825	-29.2077
BLOCK08/SES082/SA082S28	SES082	0.247677	-29.3113	-29.559
BLOCK08/SES083/SA083S14	SES083	-0.412355	-29.2917	-28.8794
BLOCK08/SES083/SA083S15	SES083	0.480608	-28.0772	-28.5579
BLOCK08/SES083/SA083S24	SES083	0.279886	-28.3258	-28.6057
BLOCK08/SES083/SA083S26	SES083	0.536654	-27.9991	-28.5358
BLOCK08/SES083/SA083S29	SES083	0.449741	-28.1088	-28.5585
BLOCK08/SES085/SA085S10	SES085	0.0769997	-29.2028	-29.2798
BLOCK08/SES085/SA085S13	SES085	-0.14254	-29.6225	-29.4799
BLOCK08/SES085/SA085S22	SES085	-0.397877	-29.7924	-29.3946
BLOCK08/SES085/SA085S26	SES085	0.065361	-28.7889	-28.8542
BLOCK08/SES085/SA085S28	SES085	0.208742	-29.0873	-29.2961
BLOCK08/SES087/SA087S15	SES087	0.164999	-29.5126	-29.6776
BLOCK08/SES087/SA087S16	SES087	0.180704	-30.5973	-30.778
BLOCK08/SES087/SA087S24	SES087	0.200232	-29.0728	-29.2731
BLOCK08/SES087/SA087S26	SES087	-0.0991554	-28.5727	-28.4736
BLOCK08/SES087/SA087S29	SES087	0.195854	-29.5354	-29.7313
BLOCK09/SES099/SA099S15	SES099	0.639006	-28.9591	-29.5981
BLOCK09/SES099/SA099S16	SES099	0.121378	-29.7085	-29.8299
BLOCK09/SES099/SA099S24	SES099	-0.0367317	-29.4668	-29.4301
BLOCK09/SES099/SA099S26	SES099	0.436184	-28.6901	-29.1263
BLOCK09/SES099/SA099S29	SES099	0.36132	-28.5345	-28.8959
BLOCK10/SES101/SA101S11	SES101	0.152805	-28.6513	-28.8041
BLOCK10/SES101/SA101S13	SES101	0.00078392	-28.8583	-28.8591
BLOCK10/SES101/SA101S22	SES101	0.120571	-29.0248	-29.1454
BLOCK10/SES101/SA101S24	SES101	0.16976	-28.5623	-28.7321
BLOCK10/SES101/SA101S28	SES101	0.160875	-28.9819	-29.1428
BLOCK10/SES104/SA104S11	SES104	0.551971	-27.9898	-28.5418
BLOCK10/SES104/SA104S12	SES104	-0.412495	-31.067	-30.6545
BLOCK10/SES104/SA104S21	SES104	-1.20402	-33.478	-32.2739
BLOCK10/SES104/SA104S24	SES104	0.438198	-28.1285	-28.5667
BLOCK10/SES104/SA104S28	SES104	0.239216	-28.9807	-29.2199
BLOCK10/SES105/SA105S12	SES105	0.213064	-29.6319	-29.845
BLOCK10/SES105/SA105S13	SES105	-0.0120811	-29.5637	-29.5517
BLOCK10/SES105/SA105S22	SES105	0.235794	-31.0422	-31.278
BLOCK10/SES105/SA105S26	SES105	0.339094	-29.8676	-30.2067
BLOCK10/SES105/SA105S29	SES105	0.0519581	-29.2567	-29.3087
BLOCK10/SES106/SA106S09	SES106	0.0977516	-29.0632	-29.1609
BLOCK10/SES106/SA106S11	SES106	0.0932388	-28.7157	-28.8089
BLOCK10/SES106/SA106S22	SES106	0.316626	-28.3727	-28.6893
BLOCK10/SES106/SA106S27	SES106	0.219517	-28.5111	-28.7307
BLOCK10/SES106/SA106S29	SES106	0.271477	-27.8151	-28.0865
BLOCK11/SES117/SA117S12	SES117	0.0806427	-29.078	-29.1586
BLOCK11/SES117/SA117S13	SES117	-0.295923	-29.1183	-28.8224
BLOCK11/SES117/SA117S23	SES117	0.622705	-28.799	-29.4217
BLOCK11/SES117/SA117S25	SES117	0.301561	-29.0264	-29.328
BLOCK11/SES117/SA117S28	SES117	0.23856	-29.3074	-29.546
BLOCK12/SES120/SA120S08	SES120	0.31328	-29.0142	-29.3274
BLOCK12/SES120/SA120S11	SES120	0.274895	-29.0748	-29.3497
BLOCK12/SES120/SA120S22	SES120	0.331781	-27.9794	-28.3111
BLOCK12/SES120/SA120S24	SES120	0.349184	-28.3336	-28.6828
BLOCK12/SES120/SA120S28	SES120	0.0583076	-29.6916	-29.7499
BLOCK12/SES125/SA125S13	SES125	0.895866	-28.1145	-29.0104
BLOCK12/SES125/SA125S14	SES125	0.65497	-28.1738	-28.8288
BLOCK12/SES125/SA125S25	SES125	0.988129	-27.7708	-28.759
BLOCK12/SES125/SA125S27	SES125	0.79776	-27.8063	-28.6041
BLOCK12/SES125/SA125S29	SES125	0.390505	-28.5795	-28.97
BLOCK12/SES127/SA127S11	SES127	0.12229	-28.5013	-28.6236
BLOCK12/SES127/SA127S12	SES127	0.241356	-28.505	-28.7464
BLOCK12/SES127/SA127S23	SES127	0.211809	-28.2442	-28.456
BLOCK12/SES127/SA127S25	SES127	-0.110928	-29.6018	-29.4909
BLOCK12/SES127/SA127S27	SES127	0.29446	-28.3681	-28.6625
BLOCK12/SES129/SA129S11	SES129	0.278419	-27.9898	-28.2682
BLOCK12/SES129/SA129S12	SES129	0.163225	-28.0097	-28.1729
BLOCK12/SES129/SA129S22	SES129	0.121527	-28.3295	-28.451
BLOCK12/SES129/SA129S27	SES129	0.350782	-28.3609	-28.7117
BLOCK12/SES129/SA129S29	SES129	0.343376	-27.9742	-28.3176
BLOCK14/SES142/SA142S11	SES142	0.929583	-27.6067	-28.5363
BLOCK14/SES142/SA142S12	SES142	0.796778	-28.4788	-29.2756
BLOCK14/SES142/SA142S24	SES142	1.18738	-27.916	-29.1033
BLOCK14/SES142/SA142S27	SES142	0.595863	-28.1217	-28.7176
BLOCK14/SES142/SA142S29	SES142	0.827997	-27.8071	-28.6351
BLOCK14/SES143/SA143S12	SES143	0.208179	-28.7341	-28.9422
BLOCK14/SES143/SA143S13	SES143	0.147045	-28.9841	-29.1312
BLOCK14/SES143/SA143S23	SES143	0.137808	-29.181	-29.3188
BLOCK14/SES143/SA143S25	SES143	0.27236	-28.9255	-29.1979
BLOCK14/SES143/SA143S28	SES143	0.0873737	-28.0379	-28.1253
BLOCK14/SES144/SA144S09	SES144	0.0545006	-28.9869	-29.0414
BLOCK14/SES144/SA144S11	SES144	0.146185	-29.7491	-29.8952
BLOCK14/SES144/SA144S21	SES144	-0.0199814	-28.7842	-28.7642
BLOCK14/SES144/SA144S25	SES144	0.0381393	-28.8489	-28.887
BLOCK14/SES144/SA144S29	SES144	0.0611916	-28.6969	-28.7581
BLOCK14/SES146/SA146S14	SES146	0.990593	-30.1184	-31.109
BLOCK14/SES146/SA146S15	SES146	0.720121	-29.4762	-30.1964
BLOCK14/SES146/SA146S24	SES146	-0.0436611	-28.8531	-28.8094
BLOCK14/SES146/SA146S26	SES146	0.389671	-29.0865	-29.4762
BLOCK14/SES146/SA146S29	SES146	0.315275	-29.3751	-29.6904
BLOCK14/SES147/SA147S11	SES147	-0.0771923	-28.778	-28.7008
BLOCK14/SES147/SA147S13	SES147	0.399405	-29.2077	-29.6071
BLOCK14/SES147/SA147S23	SES147	-0.0643501	-29.1233	-29.059
BLOCK14/SES147/SA147S26	SES147	0.0254211	-29.2995	-29.3249
BLOCK14/SES147/SA147S28	SES147	-0.00683212	-28.5622	-28.5553
BLOCK14/SES148/SA148S10	SES148	4.46339	-30.0964	-34.5598
BLOCK14/SES148/SA148S12	SES148	0.0904675	-29.4547	-29.5452
BLOCK14/SES148/SA148S22	SES148	-0.0841255	-28.7708	-28.6867
BLOCK14/SES148/SA148S26	SES148	-0.598391	-29.5527	-28.9543
BLOCK14/SES148/SA148S29	SES148	0.788939	-29.4212	-30.2101
BLOCK14/SES149/SA149S13	SES149	-0.0806046	-28.8314	-28.7508
BLOCK14/SES149/SA149S14	SES149	0.780308	-29.9463	-30.7266
BLOCK14/SES149/SA149S24	SES149	0.53541	-30.1483	-30.6837
BLOCK14/SES149/SA149S26	SES149	0.361132	-29.3671	-29.7282
BLOCK14/SES149/SA149S28	SES149	0.076849	-28.7577	-28.8346
BLOCK15/SES158/SA158S13	SES158	0.525198	-28.562	-29.0872
BLOCK15/SES158/SA158S14	SES158	0.0988579	-29.4396	-29.5384
BLOCK15/SES158/SA158S23	SES158	0.390326	-28.5492	-28.9395
BLOCK15/SES158/SA158S26	SES158	1.01009	-28.6081	-29.6182
BLOCK15/SES158/SA158S28	SES158	-0.375343	-30.0325	-29.6572
BLOCK16/SES162/SA162S10	SES162	0.258051	-28.9036	-29.1616
BLOCK16/SES162/SA162S11	SES162	0.309011	-28.6019	-28.911
BLOCK16/SES162/SA162S21	SES162	0.403578	-28.0822	-28.4858
BLOCK16/SES162/SA162S24	SES162	0.256285	-28.501	-28.7573
BLOCK16/SES162/SA162S27	SES162	0.430252	-28.5813	-29.0116
BLOCK16/SES167/SA167S14	SES167	0.289427	-27.5432	-27.8326
BLOCK16/SES167/SA167S15	SES167	0.105791	-28.9275	-29.0333
BLOCK16/SES167/SA167S21	SES167	0.143749	-27.8748	-28.0185
BLOCK16/SES167/SA167S25	SES167	0.121132	-28.4926	-28.6138
BLOCK16/SES167/SA167S29	SES167	0.111959	-28.5377	-28.6496
BLOCK17/SES172/SA172S12	SES172	0.278065	-28.9723	-29.2504
BLOCK17/SES172/SA172S13	SES172	0.120226	-29.24	-29.3603
BLOCK17/SES172/SA172S23	SES172	0.359888	-28.0052	-28.3651
BLOCK17/SES172/SA172S27	SES172	-0.298819	-30.4005	-30.1017
BLOCK17/SES172/SA172S29	SES172	0.386438	-29.1034	-29.4899
BLOCK17/SES175/SA175S11	SES175	-0.0107155	-28.875	-28.8643
BLOCK17/SES175/SA175S13	SES175	0.151419	-28.5215	-28.673
BLOCK17/SES175/SA175S23	SES175	0.296175	-29.1226	-29.4188
BLOCK17/SES175/SA175S25	SES175	0.00160217	-29.5247	-29.5263
BLOCK17/SES175/SA175S28	SES175	0.0594616	-28.5671	-28.6265
BLOCK17/SES177/SA177S15	SES177	0.230072	-28.8125	-29.0426
BLOCK17/SES177/SA177S17	SES177	-0.427092	-30.3296	-29.9025
BLOCK17/SES177/SA177S23	SES177	0.0997391	-28.9782	-29.0779
BLOCK17/SES177/SA177S26	SES177	0.284328	-27.9306	-28.2149
BLOCK17/SES177/SA177S28	SES177	0.299347	-28.1356	-28.435
BLOCK18/SES180/SA180S13	SES180	0.332762	-28.2736	-28.6064
BLOCK18/SES180/SA180S15	SES180	0.0368786	-28.6994	-28.7363
BLOCK18/SES180/SA180S24	SES180	0.401527	-27.6091	-28.0106
BLOCK18/SES180/SA180S26	SES180	0.31859	-28.1705	-28.4891
BLOCK18/SES180/SA180S29	SES180	-0.0408916	-28.9744	-28.9336
BLOCK18/SES183/SA183S13	SES183	0.19796	-29.3122	-29.5102
BLOCK18/SES183/SA183S14	SES183	0.213541	-28.9665	-29.18
BLOCK18/SES183/SA183S24	SES183	0.486618	-29.3084	-29.795
BLOCK18/SES183/SA183S27	SES183	0.641594	-29.3429	-29.9845
BLOCK18/SES183/SA183S29	SES183	0.39636	-28.7195	-29.1159
BLOCK18/SES187/SA187S13	SES187	0.0529976	-29.422	-29.475
BLOCK18/SES187/SA187S14	SES187	0.257963	-29.0696	-29.3276
BLOCK18/SES187/SA187S24	SES187	0.126404	-29.0796	-29.2061
BLOCK18/SES187/SA187S27	SES187	-0.0604858	-29.7472	-29.6867
BLOCK18/SES187/SA187S29	SES187	0.0821247	-29.1182	-29.2003
BLOCK18/SES189/SA189S10	SES189	1.57525	-29.9992	-31.5744
BLOCK18/SES189/SA189S13	SES189	1.36365	-31.2064	-32.5701
BLOCK18/SES189/SA189S24	SES189	1.27229	-30.1992	-31.4715
BLOCK18/SES189/SA189S26	SES189	0.807087	-29.3899	-30.197
BLOCK18/SES189/SA189S29	SES189	1.36169	-29.6194	-30.9811
BLOCK20/SES202/SA202S12	SES202	0.378696	-28.7747	-29.1534
BLOCK20/SES202/SA202S14	SES202	0.711071	-27.6327	-28.3437
BLOCK20/SES202/SA202S24	SES202	0.124956	-28.7292	-28.8542
BLOCK20/SES202/SA202S27	SES202	0.304276	-28.1384	-28.4426
BLOCK20/SES202/SA202S29	SES202	0.637684	-27.4556	-28.0933
BLOCK20/SES206/SA206S15	SES206	-0.0187988	-29.2491	-29.2303
BLOCK20/SES206/SA206S17	SES206	0.245924	-28.5362	-28.7821
BLOCK20/SES206/SA206S24	SES206	0.310848	-28.7448	-29.0556
BLOCK20/SES206/SA206S27	SES206	0.192543	-29.1271	-29.3197
BLOCK20/SES206/SA206S29	SES206	0.209646	-28.1742	-28.3839
BLOCK22/SES226/SA226S12	SES226	-0.0617714	-29.816	-29.7543
BLOCK22/SES226/SA226S13	SES226	-0.380566	-29.5061	-29.1256
BLOCK22/SES226/SA226S20	SES226	0.037693	-29.3633	-29.401
BLOCK22/SES226/SA226S23	SES226	0.62163	-29.5456	-30.1672
BLOCK22/SES226/SA226S28	SES226	0.272718	-28.8134	-29.0861
BLOCK25/SES259/SA259S13	SES259	0.484449	-27.9282	-28.4126
BLOCK25/SES259/SA259S14	SES259	0.208887	-28.6	-28.8089
BLOCK25/SES259/SA259S22	SES259	0.378414	-28.0109	-28.3893
BLOCK25/SES259/SA259S24	SES259	0.395245	-27.8943	-28.2896
BLOCK25/SES259/SA259S28	SES259	0.238001	-28.3453	-28.5833
BLOCK27/SES270/SA270S14	SES270	0.316429	-29.1789	-29.4953
BLOCK27/SES270/SA270S16	SES270	0.167351	-28.8261	-28.9934
BLOCK27/SES270/SA270S22	SES270	0.176558	-29.5628	-29.7394
BLOCK27/SES270/SA270S26	SES270	0.341385	-29.1776	-29.519
BLOCK27/SES270/SA270S28	SES270	0.191816	-29.1622	-29.354
BLOCK27/SES275/SA275S17	SES275	0.228739	-29.1194	-29.3482
BLOCK27/SES275/SA275S18	SES275	-0.163523	-29.1131	-28.9496
BLOCK27/SES275/SA275S24	SES275	0.261395	-29.8058	-30.0672
BLOCK27/SES275/SA275S26	SES275	0.0373783	-29.1599	-29.1973
BLOCK27/SES275/SA275S28	SES275	0.169582	-29.4341	-29.6036
BLOCK29/SES292/SA292S10	SES292	0.20211	-29.4004	-29.6026
BLOCK29/SES292/SA292S12	SES292	0.373051	-30.3286	-30.7016
BLOCK29/SES292/SA292S22	SES292	-0.0637569	-29.0414	-28.9777
BLOCK29/SES292/SA292S24	SES292	0.335199	-29.5366	-29.8718
BLOCK29/SES292/SA292S27	SES292	0.28705	-29.4909	-29.7779
BLOCK00/SES001/SA001S14	SES062	0.0493469	-28.4786	-28.528
BLOCK00/SES001/SA001S14	SES082	-0.0332642	-28.5613	-28.528
BLOCK00/SES001/SA001S14	SES106	0.150995	-28.377	-28.528
BLOCK00/SES001/SA001S14	SES206	0.266247	-28.2617	-28.528
BLOCK00/SES001/SA001S15	SES062	0.222164	-27.918	-28.1402
BLOCK00/SES001/SA001S15	SES104	0.0529594	-28.0872	-28.1402
BLOCK00/SES001/SA001S15	SES106	0.118025	-28.0222	-28.1402
BLOCK00/SES001/SA001S15	SES206	0.162146	-27.978	-28.1402
BLOCK00/SES001/SA001S24	SES062	-0.0642281	-29.509	-29.4448
BLOCK00/SES001/SA001S24	SES082	-0.476524	-29.9213	-29.4448
BLOCK00/SES001/SA001S24	SES087	-0.0108299	-29.4556	-29.4448
BLOCK00/SES001/SA001S24	SES206	0.195837	-29.2489	-29.4448
BLOCK00/SES001/SA001S27	SES062	-0.0156898	-28.7351	-28.7194
BLOCK00/SES001/SA001S27	SES082	-0.332972	-29.0524	-28.7194
BLOCK00/SES001/SA001S27	SES087	-0.140244	-28.8596	-28.7194
BLOCK00/SES001/SA001S27	SES206	0.0832844	-28.6361	-28.7194
BLOCK00/SES001/SA001S29	SES062	-0.0576534	-28.9124	-28.8548
BLOCK00/SES001/SA001S29	SES082	0.193136	-28.6617	-28.8548
BLOCK00/SES001/SA001S29	SES158	0.243998	-28.6108	-28.8548
BLOCK00/SES001/SA001S29	SES206	0.249281	-28.6055	-28.8548
BLOCK00/SES003/SA003S11	SES002	0.198475	-28.7244	-28.9229
BLOCK00/SES003/SA003S11	SES019	-0.221561	-29.1445	-28.9229
BLOCK00/SES003/SA003S11	SES082	0.083456	-28.8394	-28.9229
BLOCK00/SES003/SA003S11	SES125	-0.00595284	-28.9289	-28.9229
BLOCK00/SES003/SA003S15	SES016	0.190125	-27.9732	-28.1634
BLOCK00/SES003/SA003S15	SES019	-0.665895	-28.8293	-28.1634
BLOCK00/SES003/SA003S15	SES062	0.357044	-27.8063	-28.1634
BLOCK00/SES003/SA003S15	SES206	0.0357666	-28.1276	-28.1634
BLOCK00/SES003/SA003S22	SES002	0.14617	-28.0212	-28.1674
BLOCK00/SES003/SA003S22	SES062	0.263472	-27.9039	-28.1674
BLOCK00/SES003/SA003S22	SES082	0.160908	-28.0064	-28.1674
BLOCK00/SES003/SA003S22	SES087	-0.170456	-28.3378	-28.1674
BLOCK00/SES003/SA003S25	SES062	-0.59762	-30.3295	-29.7319
BLOCK00/SES003/SA003S25	SES082	-0.625072	-30.3569	-29.7319
BLOCK00/SES003/SA003S25	SES087	-0.163898	-29.8958	-29.7319
BLOCK00/SES003/SA003S25	SES206	-0.163595	-29.8955	-29.7319
BLOCK00/SES003/SA003S29	SES002	-0.201326	-29.3972	-29.1958
BLOCK00/SES003/SA003S29	SES062	-0.212715	-29.4086	-29.1958
BLOCK00/SES003/SA003S29	SES082	-0.0445118	-29.2403	-29.1958
BLOCK00/SES003/SA003S29	SES087	-0.0923901	-29.2882	-29.1958
BLOCK00/SES004/SA004S12	SES083	-0.286821	-29.4663	-29.1795
BLOCK00/SES004/SA004S12	SES148	-1.0122	-30.1917	-29.1795
BLOCK00/SES004/SA004S12	SES172	0.0494823	-29.13	-29.1795
BLOCK00/SES004/SA004S12	SES292	-0.293316	-29.4728	-29.1795
BLOCK00/SES004/SA004S17	SES083	-0.26548	-29.0654	-28.7999
BLOCK00/SES004/SA004S17	SES162	-0.0438843	-28.8438	-28.7999
BLOCK00/SES004/SA004S17	SES172	-0.0454597	-28.8454	-28.7999
BLOCK00/SES004/SA004S17	SES292	-0.126413	-28.9263	-28.7999
BLOCK00/SES004/SA004S24	SES083	0.0744839	-28.5669	-28.6414
BLOCK00/SES004/SA004S24	SES148	-1.15029	-29.7917	-28.6414
BLOCK00/SES004/SA004S24	SES172	-0.0643063	-28.7057	-28.6414
BLOCK00/SES004/SA004S24	SES292	-0.333176	-28.9746	-28.6414
BLOCK00/SES004/SA004S26	SES083	-0.219257	-28.7926	-28.5733
BLOCK00/SES004/SA004S26	SES127	0.164299	-28.409	-28.5733
BLOCK00/SES004/SA004S26	SES148	-0.929592	-29.5029	-28.5733
BLOCK00/SES004/SA004S26	SES292	-0.205011	-28.7783	-28.5733
BLOCK00/SES004/SA004S28	SES083	-0.868231	-29.9902	-29.122
BLOCK00/SES004/SA004S28	SES127	-0.545732	-29.6677	-29.122
BLOCK00/SES004/SA004S28	SES187	-0.0925388	-29.2145	-29.122
BLOCK00/SES004/SA004S28	SES292	-0.0159893	-29.1379	-29.122
BLOCK00/SES006/SA006S10	SES014	-0.252003	-29.8087	-29.5567
BLOCK00/SES006/SA006S10	SES158	0.543104	-29.0136	-29.5567
BLOCK00/SES006/SA006S10	SES226	-0.417793	-29.9745	-29.5567
BLOCK00/SES006/SA006S10	SES270	0.205521	-29.3512	-29.5567
BLOCK00/SES006/SA006S11	SES158	0.0691433	-29.4622	-29.5313
BLOCK00/SES006/SA006S11	SES226	-0.452427	-29.9838	-29.5313
BLOCK00/SES006/SA006S11	SES270	-0.0214558	-29.5528	-29.5313
BLOCK00/SES006/SA006S11	SES275	-0.647093	-30.1784	-29.5313
BLOCK00/SES006/SA006S23	SES062	-0.708839	-30.7974	-30.0885
BLOCK00/SES006/SA006S23	SES105	-0.447882	-30.5364	-30.0885
BLOCK00/SES006/SA006S23	SES158	-1.09998	-31.1885	-30.0885
BLOCK00/SES006/SA006S23	SES275	-0.127775	-30.2163	-30.0885
BLOCK00/SES006/SA006S26	SES104	-0.188143	-29.1144	-28.9262
BLOCK00/SES006/SA006S26	SES158	-0.07197	-28.9982	-28.9262
BLOCK00/SES006/SA006S26	SES270	-0.0255489	-28.9518	-28.9262
BLOCK00/SES006/SA006S26	SES275	-0.603626	-29.5298	-28.9262
BLOCK00/SES006/SA006S28	SES007	-0.351683	-30.1699	-29.8183
BLOCK00/SES006/SA006S28	SES105	-0.483229	-30.3015	-29.8183
BLOCK00/SES006/SA006S28	SES158	-0.486191	-30.3045	-29.8183
BLOCK00/SES006/SA006S28	SES275	-0.28611	-30.1044	-29.8183
BLOCK00/SES009/SA009S12	SES083	-0.185843	-28.6275	-28.4417
BLOCK00/SES009/SA009S12	SES148	-0.535603	-28.9773	-28.4417
BLOCK00/SES009/SA009S12	SES177	0.0923214	-28.3494	-28.4417
BLOCK00/SES009/SA009S12	SES292	-0.041605	-28.4833	-28.4417
BLOCK00/SES009/SA009S15	SES007	0.294544	-27.7103	-28.0049
BLOCK00/SES009/SA009S15	SES099	-0.0988712	-28.1037	-28.0049
BLOCK00/SES009/SA009S15	SES148	-0.767437	-28.7723	-28.0049
BLOCK00/SES009/SA009S15	SES172	0.119829	-27.885	-28.0049
BLOCK00/SES009/SA009S24	SES146	-0.476131	-29.2849	-28.8088
BLOCK00/SES009/SA009S24	SES148	-0.628496	-29.4373	-28.8088
BLOCK00/SES009/SA009S24	SES177	0.0469627	-28.7618	-28.8088
BLOCK00/SES009/SA009S24	SES292	-0.0813026	-28.8901	-28.8088
BLOCK00/SES009/SA009S26	SES083	-0.308504	-29.177	-28.8684
BLOCK00/SES009/SA009S26	SES101	-0.0199509	-28.8884	-28.8684
BLOCK00/SES009/SA009S26	SES120	-0.0202522	-28.8887	-28.8684
BLOCK00/SES009/SA009S26	SES177	-0.0917358	-28.9602	-28.8684
BLOCK00/SES009/SA009S29	SES083	-0.166021	-28.6294	-28.4634
BLOCK00/SES009/SA009S29	SES101	0.106899	-28.3565	-28.4634
BLOCK00/SES009/SA009S29	SES177	0.0597744	-28.4036	-28.4634
BLOCK00/SES009/SA009S29	SES292	-0.0752506	-28.5386	-28.4634
BLOCK01/SES011/SA011S10	SES019	-0.0858364	-29.3031	-29.2173
BLOCK01/SES011/SA011S10	SES042	0.31506	-28.9022	-29.2173
BLOCK01/SES011/SA011S10	SES082	-0.259377	-29.4767	-29.2173
BLOCK01/SES011/SA011S10	SES206	0.389631	-28.8277	-29.2173
BLOCK01/SES011/SA011S11	SES019	-0.308779	-29.9775	-29.6688
BLOCK01/SES011/SA011S11	SES042	0.576462	-29.0923	-29.6688
BLOCK01/SES011/SA011S11	SES082	-0.530537	-30.1993	-29.6688
BLOCK01/SES011/SA011S11	SES206	0.560564	-29.1082	-29.6688
BLOCK01/SES011/SA011S22	SES019	0.402174	-29.9153	-30.3175
BLOCK01/SES011/SA011S22	SES042	-0.194138	-30.5116	-30.3175
BLOCK01/SES011/SA011S22	SES082	-1.72234	-32.0398	-30.3175
BLOCK01/SES011/SA011S22	SES206	-0.0644417	-30.3819	-30.3175
BLOCK01/SES011/SA011S24	SES019	-0.234488	-29.2454	-29.0109
BLOCK01/SES011/SA011S24	SES042	0.185017	-28.8259	-29.0109
BLOCK01/SES011/SA011S24	SES104	0.0064106	-29.0045	-29.0109
BLOCK01/SES011/SA011S24	SES206	0.355913	-28.655	-29.0109
BLOCK01/SES011/SA011S27	SES082	-0.0727081	-28.8089	-28.7362
BLOCK01/SES011/SA011S27	SES087	-0.011776	-28.7479	-28.7362
BLOCK01/SES011/SA011S27	SES125	0.241274	-28.4949	-28.7362
BLOCK01/SES011/SA011S27	SES206	0.276495	-28.4597	-28.7362
BLOCK01/SES012/SA012S11	SES007	0.0904388	-28.1935	-28.2839
BLOCK01/SES012/SA012S11	SES082	0.00031662	-28.2836	-28.2839
BLOCK01/SES012/SA012S11	SES083	0.245375	-28.0385	-28.2839
BLOCK01/SES012/SA012S11	SES206	0.0739765	-28.2099	-28.2839
BLOCK01/SES012/SA012S14	SES082	0.204721	-28.6654	-28.8702
BLOCK01/SES012/SA012S14	SES087	-0.163416	-29.0336	-28.8702
BLOCK01/SES012/SA012S14	SES206	0.184847	-28.6853	-28.8702
BLOCK01/SES012/SA012S14	SES292	-0.316599	-29.1868	-28.8702
BLOCK01/SES012/SA012S24	SES082	0.33877	-28.536	-28.8748
BLOCK01/SES012/SA012S24	SES087	-0.0567398	-28.9315	-28.8748
BLOCK01/SES012/SA012S24	SES120	-0.0701923	-28.945	-28.8748
BLOCK01/SES012/SA012S24	SES206	0.0737686	-28.801	-28.8748
BLOCK01/SES012/SA012S26	SES019	-0.381571	-30.0809	-29.6994
BLOCK01/SES012/SA012S26	SES082	-1.47464	-31.174	-29.6994
BLOCK01/SES012/SA012S26	SES206	-0.459311	-30.1587	-29.6994
BLOCK01/SES012/SA012S26	SES292	0.265142	-29.4342	-29.6994
BLOCK01/SES012/SA012S29	SES062	0.269041	-28.265	-28.534
BLOCK01/SES012/SA012S29	SES082	-0.110487	-28.6445	-28.534
BLOCK01/SES012/SA012S29	SES083	0.254025	-28.28	-28.534
BLOCK01/SES012/SA012S29	SES206	-0.00163841	-28.5356	-28.534
BLOCK01/SES013/SA013S16	SES062	-0.452795	-29.9688	-29.516
BLOCK01/SES013/SA013S16	SES106	0.111332	-29.4046	-29.516
BLOCK01/SES013/SA013S16	SES206	-0.00274849	-29.5187	-29.516
BLOCK01/SES013/SA013S16	SES226	-0.0314751	-29.5474	-29.516
BLOCK01/SES013/SA013S17	SES062	-0.289003	-29.4593	-29.1703
BLOCK01/SES013/SA013S17	SES106	0.125593	-29.0447	-29.1703
BLOCK01/SES013/SA013S17	SES206	-0.0340137	-29.2043	-29.1703
BLOCK01/SES013/SA013S17	SES226	-0.177605	-29.3479	-29.1703
BLOCK01/SES013/SA013S23	SES104	0.0887012	-29.268	-29.3567
BLOCK01/SES013/SA013S23	SES106	0.25181	-29.1049	-29.3567
BLOCK01/SES013/SA013S23	SES206	0.201235	-29.1555	-29.3567
BLOCK01/SES013/SA013S23	SES270	0.104313	-29.2524	-29.3567
BLOCK01/SES013/SA013S25	SES042	0.325188	-28.5667	-28.8919
BLOCK01/SES013/SA013S25	SES104	0.118383	-28.7735	-28.8919
BLOCK01/SES013/SA013S25	SES106	0.368067	-28.5238	-28.8919
BLOCK01/SES013/SA013S25	SES206	0.179144	-28.7128	-28.8919
BLOCK01/SES013/SA013S29	SES062	-0.177847	-29.1423	-28.9644
BLOCK01/SES013/SA013S29	SES104	0.0804844	-28.8839	-28.9644
BLOCK01/SES013/SA013S29	SES106	0.253889	-28.7105	-28.9644
BLOCK01/SES013/SA013S29	SES206	0.0702496	-28.8942	-28.9644
BLOCK02/SES021/SA021S13	SES016	-0.221609	-28.5616	-28.34
BLOCK02/SES021/SA021S13	SES029	-0.125303	-28.4653	-28.34
BLOCK02/SES021/SA021S13	SES087	-0.115437	-28.4554	-28.34
BLOCK02/SES021/SA021S13	SES206	0.0386028	-28.3014	-28.34
BLOCK02/SES021/SA021S15	SES087	0.0265484	-28.1046	-28.1311
BLOCK02/SES021/SA021S15	SES125	0.368549	-27.7626	-28.1311
BLOCK02/SES021/SA021S15	SES206	0.211369	-27.9198	-28.1311
BLOCK02/SES021/SA021S15	SES226	-0.354725	-28.4859	-28.1311
BLOCK02/SES021/SA021S23	SES062	-0.995331	-31.0868	-30.0915
BLOCK02/SES021/SA021S23	SES087	0.062355	-30.0291	-30.0915
BLOCK02/SES021/SA021S23	SES206	-0.437405	-30.5289	-30.0915
BLOCK02/SES021/SA021S23	SES226	0.00747681	-30.084	-30.0915
BLOCK02/SES021/SA021S27	SES002	-0.790911	-30.4883	-29.6974
BLOCK02/SES021/SA021S27	SES016	-0.837509	-30.5349	-29.6974
BLOCK02/SES021/SA021S27	SES019	0.0349979	-29.6624	-29.6974
BLOCK02/SES021/SA021S27	SES062	-0.811268	-30.5087	-29.6974
BLOCK02/SES021/SA021S29	SES087	0.100985	-28.9526	-29.0536
BLOCK02/SES021/SA021S29	SES125	-0.899603	-29.9532	-29.0536
BLOCK02/SES021/SA021S29	SES206	-0.402994	-29.4566	-29.0536
BLOCK02/SES021/SA021S29	SES226	-0.153559	-29.2072	-29.0536
BLOCK04/SES043/SA043S09	SES083	0.305286	-29.2511	-29.5563
BLOCK04/SES043/SA043S09	SES101	0.121428	-29.4349	-29.5563
BLOCK04/SES043/SA043S09	SES144	0.279642	-29.2767	-29.5563
BLOCK04/SES043/SA043S09	SES172	0.344505	-29.2118	-29.5563
BLOCK04/SES043/SA043S11	SES083	0.313019	-28.7115	-29.0245
BLOCK04/SES043/SA043S11	SES101	0.229042	-28.7955	-29.0245
BLOCK04/SES043/SA043S11	SES144	0.201696	-28.8228	-29.0245
BLOCK04/SES043/SA043S11	SES172	0.402973	-28.6215	-29.0245
BLOCK04/SES043/SA043S23	SES083	0.0526142	-29.1783	-29.2309
BLOCK04/SES043/SA043S23	SES144	0.300022	-28.9309	-29.2309
BLOCK04/SES043/SA043S23	SES177	0.0972328	-29.1337	-29.2309
BLOCK04/SES043/SA043S23	SES275	-0.0279312	-29.2589	-29.2309
BLOCK04/SES043/SA043S26	SES083	0.508715	-28.2616	-28.7703
BLOCK04/SES043/SA043S26	SES101	0.261381	-28.5089	-28.7703
BLOCK04/SES043/SA043S26	SES144	0.111513	-28.6588	-28.7703
BLOCK04/SES043/SA043S26	SES177	0.344463	-28.4258	-28.7703
BLOCK04/SES043/SA043S28	SES016	0.216379	-28.2746	-28.491
BLOCK04/SES043/SA043S28	SES083	0.546663	-27.9444	-28.491
BLOCK04/SES043/SA043S28	SES101	0.296438	-28.1946	-28.491
BLOCK04/SES043/SA043S28	SES144	0.0434742	-28.4475	-28.491
BLOCK04/SES044/SA044S10	SES127	-0.0132008	-30.4207	-30.4075
BLOCK04/SES044/SA044S10	SES144	0.292074	-30.1155	-30.4075
BLOCK04/SES044/SA044S10	SES147	0.177383	-30.2302	-30.4075
BLOCK04/SES044/SA044S10	SES148	-1.25144	-31.659	-30.4075
BLOCK04/SES044/SA044S11	SES101	0.0847607	-29.7685	-29.8533
BLOCK04/SES044/SA044S11	SES144	0.200071	-29.6532	-29.8533
BLOCK04/SES044/SA044S11	SES147	0.0753574	-29.7779	-29.8533
BLOCK04/SES044/SA044S11	SES177	0.00304604	-29.8502	-29.8533
BLOCK04/SES044/SA044S24	SES007	0.308594	-29.1932	-29.5018
BLOCK04/SES044/SA044S24	SES101	0.0903549	-29.4114	-29.5018
BLOCK04/SES044/SA044S24	SES147	0.00740242	-29.4944	-29.5018
BLOCK04/SES044/SA044S24	SES177	-0.00628281	-29.5081	-29.5018
BLOCK04/SES044/SA044S26	SES007	-0.39303	-30.0038	-29.6108
BLOCK04/SES044/SA044S26	SES016	0.386288	-29.2245	-29.6108
BLOCK04/SES044/SA044S26	SES101	-0.0365753	-29.6473	-29.6108
BLOCK04/SES044/SA044S26	SES147	0.444786	-29.166	-29.6108
BLOCK04/SES044/SA044S29	SES007	-0.542839	-29.2913	-28.7484
BLOCK04/SES044/SA044S29	SES101	-0.0650539	-28.8135	-28.7484
BLOCK04/SES044/SA044S29	SES147	0.0811749	-28.6673	-28.7484
BLOCK04/SES044/SA044S29	SES177	-0.180609	-28.929	-28.7484
BLOCK04/SES046/SA046S13	SES101	-0.092247	-30.011	-29.9187
BLOCK04/SES046/SA046S13	SES144	0.171227	-29.7475	-29.9187
BLOCK04/SES046/SA046S13	SES147	-0.113974	-30.0327	-29.9187
BLOCK04/SES046/SA046S13	SES177	-0.0809097	-29.9996	-29.9187
BLOCK04/SES046/SA046S15	SES048	-0.112259	-29.179	-29.0667
BLOCK04/SES046/SA046S15	SES083	-0.313774	-29.3805	-29.0667
BLOCK04/SES046/SA046S15	SES120	-0.242519	-29.3092	-29.0667
BLOCK04/SES046/SA046S15	SES148	-0.487421	-29.5541	-29.0667
BLOCK04/SES046/SA046S22	SES101	0.235264	-28.6726	-28.9079
BLOCK04/SES046/SA046S22	SES144	0.103325	-28.8046	-28.9079
BLOCK04/SES046/SA046S22	SES147	-0.14712	-29.055	-28.9079
BLOCK04/SES046/SA046S22	SES172	0.270681	-28.6372	-28.9079
BLOCK04/SES046/SA046S25	SES083	0.218256	-28.1536	-28.3719
BLOCK04/SES046/SA046S25	SES127	0.143824	-28.2281	-28.3719
BLOCK04/SES046/SA046S25	SES144	-0.0785961	-28.4505	-28.3719
BLOCK04/SES046/SA046S25	SES148	-0.548504	-28.9204	-28.3719
BLOCK04/SES046/SA046S28	SES007	0.263477	-29.3368	-29.6003
BLOCK04/SES046/SA046S28	SES105	-0.154013	-29.7543	-29.6003
BLOCK04/SES046/SA046S28	SES147	-0.189949	-29.7902	-29.6003
BLOCK04/SES046/SA046S28	SES148	-0.714746	-30.315	-29.6003
BLOCK04/SES049/SA049S16	SES104	-1.14648	-32.9443	-31.7978
BLOCK04/SES049/SA049S16	SES106	-0.809107	-32.6069	-31.7978
BLOCK04/SES049/SA049S16	SES120	-1.46721	-33.265	-31.7978
BLOCK04/SES049/SA049S16	SES206	-1.3114	-33.1092	-31.7978
BLOCK04/SES049/SA049S18	SES099	0.0762329	-30.5478	-30.624
BLOCK04/SES049/SA049S18	SES104	-0.573236	-31.1972	-30.624
BLOCK04/SES049/SA049S18	SES125	-0.70211	-31.3261	-30.624
BLOCK04/SES049/SA049S18	SES206	-0.0125828	-30.6366	-30.624
BLOCK04/SES049/SA049S25	SES087	-0.0894146	-31.1852	-31.0957
BLOCK04/SES049/SA049S25	SES104	-1.09411	-32.1898	-31.0957
BLOCK04/SES049/SA049S25	SES125	-2.25873	-33.3545	-31.0957
BLOCK04/SES049/SA049S25	SES206	-0.789322	-31.8851	-31.0957
BLOCK04/SES049/SA049S27	SES099	-0.864035	-30.563	-29.6989
BLOCK04/SES049/SA049S27	SES104	-0.317942	-30.0169	-29.6989
BLOCK04/SES049/SA049S27	SES125	-0.976595	-30.6755	-29.6989
BLOCK04/SES049/SA049S27	SES206	-0.212545	-29.9115	-29.6989
BLOCK04/SES049/SA049S29	SES099	-0.999062	-30.2325	-29.2334
BLOCK04/SES049/SA049S29	SES104	-0.32098	-29.5544	-29.2334
BLOCK04/SES049/SA049S29	SES125	-0.709038	-29.9425	-29.2334
BLOCK04/SES049/SA049S29	SES206	-0.319805	-29.5532	-29.2334
BLOCK06/SES063/SA063S09	SES068	0.120031	-28.5592	-28.6792
BLOCK06/SES063/SA063S09	SES083	0.49773	-28.1815	-28.6792
BLOCK06/SES063/SA063S09	SES177	0.238224	-28.441	-28.6792
BLOCK06/SES063/SA063S09	SES187	-0.0229034	-28.7021	-28.6792
BLOCK06/SES063/SA063S10	SES068	-0.216061	-29.2158	-28.9997
BLOCK06/SES063/SA063S10	SES083	0.442051	-28.5577	-28.9997
BLOCK06/SES063/SA063S10	SES172	0.394135	-28.6056	-28.9997
BLOCK06/SES063/SA063S10	SES187	-0.0589542	-29.0587	-28.9997
BLOCK06/SES063/SA063S20	SES068	0.114182	-28.4582	-28.5724
BLOCK06/SES063/SA063S20	SES083	0.42878	-28.1436	-28.5724
BLOCK06/SES063/SA063S20	SES172	0.20541	-28.367	-28.5724
BLOCK06/SES063/SA063S20	SES187	-0.0364838	-28.6089	-28.5724
BLOCK06/SES063/SA063S24	SES029	-0.159576	-28.3744	-28.2148
BLOCK06/SES063/SA063S24	SES083	0.625092	-27.5898	-28.2148
BLOCK06/SES063/SA063S24	SES177	0.373581	-27.8413	-28.2148
BLOCK06/SES063/SA063S24	SES189	-0.360514	-28.5754	-28.2148
BLOCK06/SES063/SA063S27	SES083	0.571758	-28.3377	-28.9095
BLOCK06/SES063/SA063S27	SES172	0.488274	-28.4212	-28.9095
BLOCK06/SES063/SA063S27	SES187	-0.0278168	-28.9373	-28.9095
BLOCK06/SES063/SA063S27	SES292	-0.216808	-29.1263	-28.9095
BLOCK06/SES067/SA067S12	SES083	0.318907	-28.1781	-28.497
BLOCK06/SES067/SA067S12	SES172	-0.281956	-28.779	-28.497
BLOCK06/SES067/SA067S12	SES202	0.545256	-27.9518	-28.497
BLOCK06/SES067/SA067S12	SES292	-0.239828	-28.7368	-28.497
BLOCK06/SES067/SA067S14	SES085	-0.271584	-28.8253	-28.5537
BLOCK06/SES067/SA067S14	SES177	-0.112062	-28.6658	-28.5537
BLOCK06/SES067/SA067S14	SES183	-0.0373421	-28.5911	-28.5537
BLOCK06/SES067/SA067S14	SES202	0.507219	-28.0465	-28.5537
BLOCK06/SES067/SA067S21	SES144	0.309103	-28.9053	-29.2144
BLOCK06/SES067/SA067S21	SES177	-0.00393105	-29.2184	-29.2144
BLOCK06/SES067/SA067S21	SES183	-0.33769	-29.5521	-29.2144
BLOCK06/SES067/SA067S21	SES189	-0.202459	-29.4169	-29.2144
BLOCK06/SES067/SA067S25	SES085	-0.0424824	-28.2038	-28.1613
BLOCK06/SES067/SA067S25	SES177	0.0925484	-28.0687	-28.1613
BLOCK06/SES067/SA067S25	SES183	0.154745	-28.0065	-28.1613
BLOCK06/SES067/SA067S25	SES202	0.508413	-27.6529	-28.1613
BLOCK06/SES067/SA067S29	SES085	-0.253153	-28.8005	-28.5474
BLOCK06/SES067/SA067S29	SES177	-0.0955086	-28.6429	-28.5474
BLOCK06/SES067/SA067S29	SES183	-0.0677891	-28.6152	-28.5474
BLOCK06/SES067/SA067S29	SES202	0.426609	-28.1208	-28.5474
BLOCK06/SES069/SA069S12	SES029	0.0279255	-29.175	-29.2029
BLOCK06/SES069/SA069S12	SES082	-0.185223	-29.3881	-29.2029
BLOCK06/SES069/SA069S12	SES087	0.0842419	-29.1187	-29.2029
BLOCK06/SES069/SA069S12	SES206	0.181309	-29.0216	-29.2029
BLOCK06/SES069/SA069S13	SES029	-1.45003	-31.7255	-30.2754
BLOCK06/SES069/SA069S13	SES087	0.0164433	-30.259	-30.2754
BLOCK06/SES069/SA069S13	SES206	-0.647106	-30.9225	-30.2754
BLOCK06/SES069/SA069S13	SES226	0.253365	-30.0221	-30.2754
BLOCK06/SES069/SA069S23	SES029	-0.149946	-28.7586	-28.6086
BLOCK06/SES069/SA069S23	SES087	-0.102217	-28.7108	-28.6086
BLOCK06/SES069/SA069S23	SES206	-0.0197353	-28.6284	-28.6086
BLOCK06/SES069/SA069S23	SES226	-0.23105	-28.8397	-28.6086
BLOCK06/SES069/SA069S25	SES087	-0.0733624	-29.1502	-29.0768
BLOCK06/SES069/SA069S25	SES206	-0.195665	-29.2725	-29.0768
BLOCK06/SES069/SA069S25	SES226	0.262888	-28.8139	-29.0768
BLOCK06/SES069/SA069S25	SES270	0.00403976	-29.0727	-29.0768
BLOCK06/SES069/SA069S27	SES087	0.0413151	-29.0615	-29.1028
BLOCK06/SES069/SA069S27	SES206	0.0959435	-29.0069	-29.1028
BLOCK06/SES069/SA069S27	SES226	0.0125847	-29.0902	-29.1028
BLOCK06/SES069/SA069S27	SES270	0.0741615	-29.0286	-29.1028
BLOCK08/SES081/SA081S11	SES060	-1.75891	-31.4059	-29.6469
BLOCK08/SES081/SA081S11	SES062	-0.575787	-30.2227	-29.6469
BLOCK08/SES081/SA081S11	SES117	-0.515226	-30.1622	-29.6469
BLOCK08/SES081/SA081S11	SES162	-1.51873	-31.1657	-29.6469
BLOCK08/SES081/SA081S13	SES016	0.25489	-28.1222	-28.3771
BLOCK08/SES081/SA081S13	SES060	0.724333	-27.6527	-28.3771
BLOCK08/SES081/SA081S13	SES068	0.322239	-28.0548	-28.3771
BLOCK08/SES081/SA081S13	SES129	-0.121941	-28.499	-28.3771
BLOCK08/SES081/SA081S24	SES060	-0.102209	-28.758	-28.6558
BLOCK08/SES081/SA081S24	SES068	0.0744476	-28.5814	-28.6558
BLOCK08/SES081/SA081S24	SES117	-0.292654	-28.9485	-28.6558
BLOCK08/SES081/SA081S24	SES275	-0.409721	-29.0655	-28.6558
BLOCK08/SES081/SA081S27	SES007	-0.35989	-29.33	-28.9701
BLOCK08/SES081/SA081S27	SES060	-0.644428	-29.6146	-28.9701
BLOCK08/SES081/SA081S27	SES117	-0.127659	-29.0978	-28.9701
BLOCK08/SES081/SA081S27	SES275	-0.305296	-29.2754	-28.9701
BLOCK08/SES081/SA081S29	SES007	0.324533	-28.1905	-28.515
BLOCK08/SES081/SA081S29	SES060	0.714037	-27.801	-28.515
BLOCK08/SES081/SA081S29	SES117	0.0307999	-28.4842	-28.515
BLOCK08/SES081/SA081S29	SES275	-0.670465	-29.1855	-28.515
BLOCK08/SES086/SA086S11	SES029	-0.774221	-31.2891	-30.5149
BLOCK08/SES086/SA086S11	SES082	-1.13752	-31.6524	-30.5149
BLOCK08/SES086/SA086S11	SES087	0.208954	-30.306	-30.5149
BLOCK08/SES086/SA086S11	SES206	-0.56218	-31.0771	-30.5149
BLOCK08/SES086/SA086S12	SES029	-0.463331	-30.7729	-30.3095
BLOCK08/SES086/SA086S12	SES082	-1.00416	-31.3137	-30.3095
BLOCK08/SES086/SA086S12	SES087	0.111038	-30.1985	-30.3095
BLOCK08/SES086/SA086S12	SES206	-0.562994	-30.8725	-30.3095
BLOCK08/SES086/SA086S20	SES029	0.0355759	-28.9875	-29.0231
BLOCK08/SES086/SA086S20	SES082	-0.15266	-29.1758	-29.0231
BLOCK08/SES086/SA086S20	SES087	-0.0581093	-29.0812	-29.0231
BLOCK08/SES086/SA086S20	SES206	0.247591	-28.7755	-29.0231
BLOCK08/SES086/SA086S24	SES087	-0.029892	-29.6827	-29.6528
BLOCK08/SES086/SA086S24	SES104	-0.227779	-29.8806	-29.6528
BLOCK08/SES086/SA086S24	SES120	0.1446	-29.5082	-29.6528
BLOCK08/SES086/SA086S24	SES206	-0.142885	-29.7957	-29.6528
BLOCK08/SES086/SA086S28	SES029	-0.0255451	-28.8439	-28.8184
BLOCK08/SES086/SA086S28	SES082	-0.0984325	-28.9168	-28.8184
BLOCK08/SES086/SA086S28	SES087	-0.108541	-28.9269	-28.8184
BLOCK08/SES086/SA086S28	SES206	0.0131416	-28.8053	-28.8184
BLOCK08/SES089/SA089S13	SES087	0.0378628	-29.4723	-29.5102
BLOCK08/SES089/SA089S13	SES206	-0.171371	-29.6815	-29.5102
BLOCK08/SES089/SA089S13	SES226	-0.0634995	-29.5737	-29.5102
BLOCK08/SES089/SA089S13	SES270	-0.155581	-29.6657	-29.5102
BLOCK08/SES089/SA089S14	SES062	-0.0592575	-28.968	-28.9087
BLOCK08/SES089/SA089S14	SES087	-0.202297	-29.111	-28.9087
BLOCK08/SES089/SA089S14	SES206	0.18689	-28.7218	-28.9087
BLOCK08/SES089/SA089S14	SES226	-0.3389	-29.2476	-28.9087
BLOCK08/SES089/SA089S23	SES087	0.12273	-30.1403	-30.2631
BLOCK08/SES089/SA089S23	SES206	-0.596643	-30.8597	-30.2631
BLOCK08/SES089/SA089S23	SES226	0.0131149	-30.25	-30.2631
BLOCK08/SES089/SA089S23	SES270	-0.118586	-30.3817	-30.2631
BLOCK08/SES089/SA089S25	SES062	-0.139595	-29.382	-29.2424
BLOCK08/SES089/SA089S25	SES087	-0.0950966	-29.3375	-29.2424
BLOCK08/SES089/SA089S25	SES206	0.115122	-29.1272	-29.2424
BLOCK08/SES089/SA089S25	SES226	-0.141384	-29.3837	-29.2424
BLOCK08/SES089/SA089S28	SES062	-0.442175	-29.5971	-29.155
BLOCK08/SES089/SA089S28	SES087	-0.0782623	-29.2332	-29.155
BLOCK08/SES089/SA089S28	SES206	-0.113905	-29.2689	-29.155
BLOCK08/SES089/SA089S28	SES226	-0.189293	-29.3442	-29.155
BLOCK09/SES097/SA097S11	SES099	-1.22663	-31.8474	-30.6208
BLOCK09/SES097/SA097S11	SES125	-2.2016	-32.8224	-30.6208
BLOCK09/SES097/SA097S11	SES206	-0.721601	-31.3424	-30.6208
BLOCK09/SES097/SA097S11	SES226	0.181395	-30.4394	-30.6208
BLOCK09/SES097/SA097S14	SES062	-1.37235	-31.4021	-30.0297
BLOCK09/SES097/SA097S14	SES099	-1.82693	-31.8567	-30.0297
BLOCK09/SES097/SA097S14	SES104	-0.77149	-30.8012	-30.0297
BLOCK09/SES097/SA097S14	SES206	-0.734863	-30.7646	-30.0297
BLOCK09/SES097/SA097S22	SES099	-0.652273	-30.2078	-29.5555
BLOCK09/SES097/SA097S22	SES206	-0.231297	-29.7868	-29.5555
BLOCK09/SES097/SA097S22	SES226	-0.339228	-29.8947	-29.5555
BLOCK09/SES097/SA097S22	SES270	0.376617	-29.1789	-29.5555
BLOCK09/SES097/SA097S26	SES099	-0.689188	-29.8923	-29.2031
BLOCK09/SES097/SA097S26	SES120	-0.166115	-29.3693	-29.2031
BLOCK09/SES097/SA097S26	SES206	-0.368328	-29.5715	-29.2031
BLOCK09/SES097/SA097S26	SES226	-0.570444	-29.7736	-29.2031
BLOCK09/SES097/SA097S28	SES099	-0.471998	-29.9057	-29.4337
BLOCK09/SES097/SA097S28	SES120	-0.261892	-29.6956	-29.4337
BLOCK09/SES097/SA097S28	SES206	-0.438002	-29.8717	-29.4337
BLOCK09/SES097/SA097S28	SES226	-0.590561	-30.0243	-29.4337
BLOCK09/SES098/SA098S11	SES127	-0.343403	-29.6887	-29.3453
BLOCK09/SES098/SA098S11	SES144	0.0361214	-29.3091	-29.3453
BLOCK09/SES098/SA098S11	SES147	-0.220514	-29.5658	-29.3453
BLOCK09/SES098/SA098S11	SES148	-1.50402	-30.8493	-29.3453
BLOCK09/SES098/SA098S12	SES127	-0.659824	-30.7282	-30.0684
BLOCK09/SES098/SA098S12	SES144	0.044466	-30.0239	-30.0684
BLOCK09/SES098/SA098S12	SES147	0.0352821	-30.0331	-30.0684
BLOCK09/SES098/SA098S12	SES189	-0.72938	-30.7978	-30.0684
BLOCK09/SES098/SA098S20	SES127	-0.539663	-29.9316	-29.3919
BLOCK09/SES098/SA098S20	SES147	0.0828629	-29.309	-29.3919
BLOCK09/SES098/SA098S20	SES148	-0.985006	-30.3769	-29.3919
BLOCK09/SES098/SA098S20	SES292	-0.110262	-29.5022	-29.3919
BLOCK09/SES098/SA098S23	SES127	-0.00292587	-28.736	-28.7331
BLOCK09/SES098/SA098S23	SES147	-0.161312	-28.8944	-28.7331
BLOCK09/SES098/SA098S23	SES187	-0.0405693	-28.7737	-28.7331
BLOCK09/SES098/SA098S23	SES292	-0.458635	-29.1917	-28.7331
BLOCK09/SES098/SA098S27	SES127	-0.396439	-30.0183	-29.6218
BLOCK09/SES098/SA098S27	SES147	-0.059145	-29.681	-29.6218
BLOCK09/SES098/SA098S27	SES148	-1.27515	-30.897	-29.6218
BLOCK09/SES098/SA098S27	SES292	-0.203751	-29.8256	-29.6218
BLOCK10/SES102/SA102S13	SES101	0.0632668	-29.3014	-29.3647
BLOCK10/SES102/SA102S13	SES105	-0.168268	-29.5329	-29.3647
BLOCK10/SES102/SA102S13	SES120	-0.0337391	-29.3984	-29.3647
BLOCK10/SES102/SA102S13	SES158	-0.243643	-29.6083	-29.3647
BLOCK10/SES102/SA102S14	SES007	0.156862	-28.5841	-28.741
BLOCK10/SES102/SA102S14	SES101	0.185081	-28.5559	-28.741
BLOCK10/SES102/SA102S14	SES105	-0.326048	-29.0671	-28.741
BLOCK10/SES102/SA102S14	SES147	-0.148895	-28.8899	-28.741
BLOCK10/SES102/SA102S22	SES007	0.0637608	-28.6916	-28.7554
BLOCK10/SES102/SA102S22	SES101	0.169323	-28.586	-28.7554
BLOCK10/SES102/SA102S22	SES105	-0.254587	-29.0099	-28.7554
BLOCK10/SES102/SA102S22	SES158	-0.0827389	-28.8381	-28.7554
BLOCK10/SES102/SA102S25	SES007	0.286732	-28.222	-28.5087
BLOCK10/SES102/SA102S25	SES101	0.220415	-28.2883	-28.5087
BLOCK10/SES102/SA102S25	SES105	-0.309462	-28.8182	-28.5087
BLOCK10/SES102/SA102S25	SES147	-0.289339	-28.798	-28.5087
BLOCK10/SES102/SA102S27	SES007	-0.394896	-29.8618	-29.4669
BLOCK10/SES102/SA102S27	SES101	-0.103842	-29.5708	-29.4669
BLOCK10/SES102/SA102S27	SES105	-0.00914383	-29.4761	-29.4669
BLOCK10/SES102/SA102S27	SES147	-0.0507622	-29.5177	-29.4669
BLOCK10/SES103/SA103S14	SES105	-0.0316753	-29.8758	-29.8442
BLOCK10/SES103/SA103S14	SES106	0.00411224	-29.84	-29.8442
BLOCK10/SES103/SA103S14	SES120	-0.222086	-30.0662	-29.8442
BLOCK10/SES103/SA103S14	SES206	-0.106045	-29.9502	-29.8442
BLOCK10/SES103/SA103S15	SES099	-1.62521	-32.1878	-30.5626
BLOCK10/SES103/SA103S15	SES101	-0.527605	-31.0902	-30.5626
BLOCK10/SES103/SA103S15	SES104	-0.472624	-31.0352	-30.5626
BLOCK10/SES103/SA103S15	SES125	-1.86899	-32.4316	-30.5626
BLOCK10/SES103/SA103S24	SES104	-0.253946	-29.6723	-29.4183
BLOCK10/SES103/SA103S24	SES125	-0.762123	-30.1805	-29.4183
BLOCK10/SES103/SA103S24	SES148	-0.44047	-29.8588	-29.4183
BLOCK10/SES103/SA103S24	SES158	-0.603275	-30.0216	-29.4183
BLOCK10/SES103/SA103S26	SES104	-0.194954	-29.675	-29.4801
BLOCK10/SES103/SA103S26	SES106	-0.00899124	-29.4891	-29.4801
BLOCK10/SES103/SA103S26	SES125	-0.639231	-30.1193	-29.4801
BLOCK10/SES103/SA103S26	SES148	-0.710032	-30.1901	-29.4801
BLOCK10/SES103/SA103S28	SES104	-0.66695	-31.2618	-30.5948
BLOCK10/SES103/SA103S28	SES106	-0.278137	-30.873	-30.5948
BLOCK10/SES103/SA103S28	SES125	-1.78483	-32.3796	-30.5948
BLOCK10/SES103/SA103S28	SES206	-0.70467	-31.2995	-30.5948
BLOCK12/SES121/SA121S12	SES042	0.0551338	-30.1353	-30.1905
BLOCK12/SES121/SA121S12	SES087	-0.0168476	-30.2073	-30.1905
BLOCK12/SES121/SA121S12	SES105	0.488445	-29.702	-30.1905
BLOCK12/SES121/SA121S12	SES206	0.249714	-29.9408	-30.1905
BLOCK12/SES121/SA121S14	SES007	-0.0520954	-30.4778	-30.4257
BLOCK12/SES121/SA121S14	SES105	-0.116119	-30.5418	-30.4257
BLOCK12/SES121/SA121S14	SES106	0.0781231	-30.3475	-30.4257
BLOCK12/SES121/SA121S14	SES206	0.00547028	-30.4202	-30.4257
BLOCK12/SES121/SA121S23	SES105	-0.0483704	-30.2441	-30.1957
BLOCK12/SES121/SA121S23	SES106	0.0076313	-30.1881	-30.1957
BLOCK12/SES121/SA121S23	SES120	-0.144951	-30.3406	-30.1957
BLOCK12/SES121/SA121S23	SES206	0.0811615	-30.1145	-30.1957
BLOCK12/SES121/SA121S25	SES007	0.251801	-30.3922	-30.644
BLOCK12/SES121/SA121S25	SES105	-0.341599	-30.9856	-30.644
BLOCK12/SES121/SA121S25	SES106	-0.177799	-30.8218	-30.644
BLOCK12/SES121/SA121S25	SES206	-0.215502	-30.8595	-30.644
BLOCK12/SES121/SA121S27	SES087	0.0177822	-30.3577	-30.3755
BLOCK12/SES121/SA121S27	SES105	-0.42131	-30.7968	-30.3755
BLOCK12/SES121/SA121S27	SES120	0.367821	-30.0077	-30.3755
BLOCK12/SES121/SA121S27	SES206	0.183687	-30.1918	-30.3755
BLOCK12/SES124/SA124S16	SES042	0.247299	-28.5743	-28.8216
BLOCK12/SES124/SA124S16	SES082	0.293594	-28.528	-28.8216
BLOCK12/SES124/SA124S16	SES183	-0.867378	-29.689	-28.8216
BLOCK12/SES124/SA124S16	SES206	0.459	-28.3626	-28.8216
BLOCK12/SES124/SA124S17	SES105	0.0920353	-29.0632	-29.1553
BLOCK12/SES124/SA124S17	SES149	-0.476019	-29.6313	-29.1553
BLOCK12/SES124/SA124S17	SES158	-0.292356	-29.4476	-29.1553
BLOCK12/SES124/SA124S17	SES275	-0.534719	-29.69	-29.1553
BLOCK12/SES124/SA124S23	SES105	-0.45611	-28.4265	-27.9704
BLOCK12/SES124/SA124S23	SES125	0.727446	-27.2429	-27.9704
BLOCK12/SES124/SA124S23	SES129	0.146769	-27.8236	-27.9704
BLOCK12/SES124/SA124S23	SES158	0.2272	-27.7432	-27.9704
BLOCK12/SES124/SA124S26	SES105	-0.303297	-28.8944	-28.5912
BLOCK12/SES124/SA124S26	SES125	0.764009	-27.8271	-28.5912
BLOCK12/SES124/SA124S26	SES129	-0.106384	-28.6975	-28.5912
BLOCK12/SES124/SA124S26	SES158	0.304443	-28.2867	-28.5912
BLOCK12/SES124/SA124S28	SES104	0.233168	-28.3565	-28.5897
BLOCK12/SES124/SA124S28	SES106	0.152786	-28.4369	-28.5897
BLOCK12/SES124/SA124S28	SES125	0.352896	-28.2368	-28.5897
BLOCK12/SES124/SA124S28	SES275	-0.717638	-29.3073	-28.5897
BLOCK12/SES126/SA126S13	SES007	0.272013	-29.0719	-29.3439
BLOCK12/SES126/SA126S13	SES162	0.375597	-28.9683	-29.3439
BLOCK12/SES126/SA126S13	SES177	0.0993233	-29.2446	-29.3439
BLOCK12/SES126/SA126S13	SES180	0.147766	-29.1961	-29.3439
BLOCK12/SES126/SA126S14	SES144	0.292179	-28.5029	-28.7951
BLOCK12/SES126/SA126S14	SES148	-0.95109	-29.7462	-28.7951
BLOCK12/SES126/SA126S14	SES177	0.263798	-28.5313	-28.7951
BLOCK12/SES126/SA126S14	SES180	0.287806	-28.5073	-28.7951
BLOCK12/SES126/SA126S20	SES007	0.600063	-28.1763	-28.7764
BLOCK12/SES126/SA126S20	SES162	0.498085	-28.2783	-28.7764
BLOCK12/SES126/SA126S20	SES172	0.0535088	-28.7229	-28.7764
BLOCK12/SES126/SA126S20	SES180	0.27261	-28.5038	-28.7764
BLOCK12/SES126/SA126S24	SES120	0.266016	-28.1823	-28.4483
BLOCK12/SES126/SA126S24	SES162	0.49996	-27.9483	-28.4483
BLOCK12/SES126/SA126S24	SES177	0.186991	-28.2613	-28.4483
BLOCK12/SES126/SA126S24	SES180	0.432917	-28.0154	-28.4483
BLOCK12/SES126/SA126S26	SES120	0.150957	-28.3321	-28.4831
BLOCK12/SES126/SA126S26	SES177	0.208021	-28.2751	-28.4831
BLOCK12/SES126/SA126S26	SES180	0.460335	-28.0227	-28.4831
BLOCK12/SES126/SA126S26	SES202	0.337236	-28.1458	-28.4831
BLOCK12/SES128/SA128S10	SES087	-0.088377	-29.0301	-28.9417
BLOCK12/SES128/SA128S10	SES206	0.215054	-28.7267	-28.9417
BLOCK12/SES128/SA128S10	SES226	-0.231852	-29.1736	-28.9417
BLOCK12/SES128/SA128S10	SES270	-0.100817	-29.0425	-28.9417
BLOCK12/SES128/SA128S12	SES120	-0.551224	-30.8074	-30.2562
BLOCK12/SES128/SA128S12	SES158	-1.48752	-31.7437	-30.2562
BLOCK12/SES128/SA128S12	SES206	-0.313225	-30.5694	-30.2562
BLOCK12/SES128/SA128S12	SES226	0.405632	-29.8506	-30.2562
BLOCK12/SES128/SA128S21	SES106	0.155609	-29.4076	-29.5632
BLOCK12/SES128/SA128S21	SES120	0.0420399	-29.5211	-29.5632
BLOCK12/SES128/SA128S21	SES206	-0.0167236	-29.5799	-29.5632
BLOCK12/SES128/SA128S21	SES226	0.0868187	-29.4764	-29.5632
BLOCK12/SES128/SA128S24	SES087	-0.128582	-29.2217	-29.0931
BLOCK12/SES128/SA128S24	SES120	0.064352	-29.0287	-29.0931
BLOCK12/SES128/SA128S24	SES206	0.00469398	-29.0884	-29.0931
BLOCK12/SES128/SA128S24	SES226	-0.459232	-29.5523	-29.0931
BLOCK12/SES128/SA128S27	SES099	0.0507679	-28.1758	-28.2266
BLOCK12/SES128/SA128S27	SES120	0.17034	-28.0562	-28.2266
BLOCK12/SES128/SA128S27	SES206	0.224581	-28.002	-28.2266
BLOCK12/SES128/SA128S27	SES226	-0.289968	-28.5165	-28.2266
BLOCK13/SES130/SA130S13	SES143	-0.14953	-30.523	-30.3735
BLOCK13/SES130/SA130S13	SES144	0.249565	-30.1239	-30.3735
BLOCK13/SES130/SA130S13	SES146	0.256168	-30.1173	-30.3735
BLOCK13/SES130/SA130S13	SES275	-0.518091	-30.8916	-30.3735
BLOCK13/SES130/SA130S15	SES143	-0.425358	-29.7422	-29.3169
BLOCK13/SES130/SA130S15	SES144	0.152201	-29.1647	-29.3169
BLOCK13/SES130/SA130S15	SES146	-0.105192	-29.4221	-29.3169
BLOCK13/SES130/SA130S15	SES275	-0.463757	-29.7806	-29.3169
BLOCK13/SES130/SA130S23	SES127	-0.419912	-30.7173	-30.2973
BLOCK13/SES130/SA130S23	SES144	0.158604	-30.1387	-30.2973
BLOCK13/SES130/SA130S23	SES146	0.214264	-30.0831	-30.2973
BLOCK13/SES130/SA130S23	SES162	-0.243391	-30.5407	-30.2973
BLOCK13/SES130/SA130S25	SES127	-0.0125027	-29.1682	-29.1557
BLOCK13/SES130/SA130S25	SES144	0.240065	-28.9156	-29.1557
BLOCK13/SES130/SA130S25	SES146	-0.164961	-29.3206	-29.1557
BLOCK13/SES130/SA130S25	SES275	-0.359421	-29.5151	-29.1557
BLOCK13/SES130/SA130S28	SES127	-0.162683	-29.9626	-29.8
BLOCK13/SES130/SA130S28	SES144	-0.100624	-29.9006	-29.8
BLOCK13/SES130/SA130S28	SES146	-0.0755234	-29.8755	-29.8
BLOCK13/SES130/SA130S28	SES275	0.063549	-29.7364	-29.8
BLOCK13/SES131/SA131S13	SES002	0.419975	-29.7827	-30.2027
BLOCK13/SES131/SA131S13	SES007	-0.228388	-30.4311	-30.2027
BLOCK13/SES131/SA131S13	SES099	0.156679	-30.046	-30.2027
BLOCK13/SES131/SA131S13	SES105	0.257746	-29.9449	-30.2027
BLOCK13/SES131/SA131S14	SES104	-0.266586	-30.155	-29.8884
BLOCK13/SES131/SA131S14	SES106	-0.144499	-30.0329	-29.8884
BLOCK13/SES131/SA131S14	SES125	-1.15517	-31.0436	-29.8884
BLOCK13/SES131/SA131S14	SES148	-0.298227	-30.1867	-29.8884
BLOCK13/SES131/SA131S20	SES104	-0.4853	-30.3543	-29.869
BLOCK13/SES131/SA131S20	SES106	-0.0938416	-29.9628	-29.869
BLOCK13/SES131/SA131S20	SES125	-1.04515	-30.9141	-29.869
BLOCK13/SES131/SA131S20	SES148	-0.523033	-30.392	-29.869
BLOCK13/SES131/SA131S22	SES099	-0.0813274	-28.9381	-28.8567
BLOCK13/SES131/SA131S22	SES104	-0.140625	-28.9974	-28.8567
BLOCK13/SES131/SA131S22	SES125	0.0167732	-28.84	-28.8567
BLOCK13/SES131/SA131S22	SES206	-0.0275497	-28.8843	-28.8567
BLOCK13/SES131/SA131S29	SES087	0.0557137	-29.7466	-29.8023
BLOCK13/SES131/SA131S29	SES104	-0.55917	-30.3615	-29.8023
BLOCK13/SES131/SA131S29	SES125	-0.97102	-30.7733	-29.8023
BLOCK13/SES131/SA131S29	SES206	-0.348429	-30.1507	-29.8023
BLOCK13/SES132/SA132S11	SES083	0.599075	-27.6616	-28.2606
BLOCK13/SES132/SA132S11	SES120	0.325708	-27.9349	-28.2606
BLOCK13/SES132/SA132S11	SES127	0.285521	-27.9751	-28.2606
BLOCK13/SES132/SA132S11	SES275	-0.452745	-28.7134	-28.2606
BLOCK13/SES132/SA132S12	SES083	0.239458	-28.2307	-28.4702
BLOCK13/SES132/SA132S12	SES143	-0.26907	-28.7392	-28.4702
BLOCK13/SES132/SA132S12	SES144	0.0698071	-28.4004	-28.4702
BLOCK13/SES132/SA132S12	SES148	-0.688719	-29.1589	-28.4702
BLOCK13/SES132/SA132S22	SES062	0.414639	-27.6397	-28.0543
BLOCK13/SES132/SA132S22	SES083	0.463768	-27.5906	-28.0543
BLOCK13/SES132/SA132S22	SES127	0.23345	-27.8209	-28.0543
BLOCK13/SES132/SA132S22	SES275	-0.450623	-28.505	-28.0543
BLOCK13/SES132/SA132S24	SES007	0.348789	-27.9367	-28.2855
BLOCK13/SES132/SA132S24	SES083	0.503632	-27.7818	-28.2855
BLOCK13/SES132/SA132S24	SES127	0.128174	-28.1573	-28.2855
BLOCK13/SES132/SA132S24	SES275	-0.474659	-28.7601	-28.2855
BLOCK13/SES132/SA132S27	SES083	0.028183	-28.62	-28.6482
BLOCK13/SES132/SA132S27	SES120	0.0789909	-28.5692	-28.6482
BLOCK13/SES132/SA132S27	SES127	-0.0227871	-28.671	-28.6482
BLOCK13/SES132/SA132S27	SES275	-0.33448	-28.9827	-28.6482
BLOCK14/SES141/SA141S09	SES143	-0.111485	-28.7072	-28.5957
BLOCK14/SES141/SA141S09	SES144	-0.00674629	-28.6025	-28.5957
BLOCK14/SES141/SA141S09	SES162	0.107294	-28.4884	-28.5957
BLOCK14/SES141/SA141S09	SES180	0.15225	-28.4435	-28.5957
BLOCK14/SES141/SA141S15	SES127	0.122995	-28.5155	-28.6385
BLOCK14/SES141/SA141S15	SES144	0.0714836	-28.5671	-28.6385
BLOCK14/SES141/SA141S15	SES162	0.332846	-28.3057	-28.6385
BLOCK14/SES141/SA141S15	SES180	0.00948143	-28.6291	-28.6385
BLOCK14/SES141/SA141S24	SES127	0.244089	-27.9543	-28.1984
BLOCK14/SES141/SA141S24	SES144	0.073185	-28.1252	-28.1984
BLOCK14/SES141/SA141S24	SES162	0.36154	-27.8369	-28.1984
BLOCK14/SES141/SA141S24	SES183	-0.525961	-28.7244	-28.1984
BLOCK14/SES141/SA141S26	SES142	0.0910301	-28.6671	-28.7581
BLOCK14/SES141/SA141S26	SES144	0.125906	-28.6322	-28.7581
BLOCK14/SES141/SA141S26	SES172	0.0527134	-28.7054	-28.7581
BLOCK14/SES141/SA141S26	SES180	0.146757	-28.6113	-28.7581
BLOCK14/SES141/SA141S29	SES127	0.368757	-27.928	-28.2968
BLOCK14/SES141/SA141S29	SES142	0.394985	-27.9018	-28.2968
BLOCK14/SES141/SA141S29	SES144	-0.0197144	-28.3165	-28.2968
BLOCK14/SES141/SA141S29	SES180	0.304132	-27.9927	-28.2968
BLOCK15/SES157/SA157S08	SES083	0.00104904	-28.7966	-28.7976
BLOCK15/SES157/SA157S08	SES127	-0.0331326	-28.8308	-28.7976
BLOCK15/SES157/SA157S08	SES148	-0.506126	-29.3038	-28.7976
BLOCK15/SES157/SA157S08	SES292	-0.272488	-29.0701	-28.7976
BLOCK15/SES157/SA157S11	SES083	-0.810438	-30.331	-29.5205
BLOCK15/SES157/SA157S11	SES127	-0.327435	-29.848	-29.5205
BLOCK15/SES157/SA157S11	SES148	-0.394848	-29.9154	-29.5205
BLOCK15/SES157/SA157S11	SES292	-0.0928001	-29.6133	-29.5205
BLOCK15/SES157/SA157S21	SES127	-0.0495377	-28.7524	-28.7029
BLOCK15/SES157/SA157S21	SES148	-0.435188	-29.1381	-28.7029
BLOCK15/SES157/SA157S21	SES158	-0.634907	-29.3378	-28.7029
BLOCK15/SES157/SA157S21	SES292	-0.0348606	-28.7377	-28.7029
BLOCK15/SES157/SA157S24	SES127	-0.118652	-29.3175	-29.1989
BLOCK15/SES157/SA157S24	SES148	-0.41538	-29.6143	-29.1989
BLOCK15/SES157/SA157S24	SES183	-0.213789	-29.4127	-29.1989
BLOCK15/SES157/SA157S24	SES292	-0.147438	-29.3463	-29.1989
BLOCK15/SES157/SA157S26	SES007	0.249239	-28.269	-28.5182
BLOCK15/SES157/SA157S26	SES127	0.133627	-28.3846	-28.5182
BLOCK15/SES157/SA157S26	SES147	-0.227913	-28.7461	-28.5182
BLOCK15/SES157/SA157S26	SES148	-0.90629	-29.4245	-28.5182
BLOCK16/SES161/SA161S10	SES007	-0.354229	-30.5993	-30.2451
BLOCK16/SES161/SA161S10	SES105	0.0673828	-30.1777	-30.2451
BLOCK16/SES161/SA161S10	SES158	-0.392799	-30.6379	-30.2451
BLOCK16/SES161/SA161S10	SES275	-0.471418	-30.7165	-30.2451
BLOCK16/SES161/SA161S12	SES007	-2.33755	-33.6209	-31.2833
BLOCK16/SES161/SA161S12	SES105	-0.0470982	-31.3304	-31.2833
BLOCK16/SES161/SA161S12	SES158	-2.66965	-33.953	-31.2833
BLOCK16/SES161/SA161S12	SES275	0.628569	-30.6547	-31.2833
BLOCK16/SES161/SA161S20	SES007	0.102896	-30.0212	-30.1241
BLOCK16/SES161/SA161S20	SES105	-0.31526	-30.4394	-30.1241
BLOCK16/SES161/SA161S20	SES158	0.000574112	-30.1236	-30.1241
BLOCK16/SES161/SA161S20	SES275	-0.678034	-30.8022	-30.1241
BLOCK16/SES161/SA161S23	SES007	-4.56073	-37.603	-33.0422
BLOCK16/SES161/SA161S23	SES105	0.273087	-32.7692	-33.0422
BLOCK16/SES161/SA161S23	SES148	1.99784	-31.0444	-33.0422
BLOCK16/SES161/SA161S23	SES158	-4.58457	-37.6268	-33.0422
BLOCK16/SES161/SA161S28	SES007	-0.0156765	-29.2671	-29.2515
BLOCK16/SES161/SA161S28	SES105	-0.42024	-29.6717	-29.2515
BLOCK16/SES161/SA161S28	SES158	0.00255013	-29.2489	-29.2515
BLOCK16/SES161/SA161S28	SES206	0.241903	-29.0096	-29.2515
BLOCK16/SES164/SA164S11	SES104	0.184898	-27.9982	-28.1831
BLOCK16/SES164/SA164S11	SES125	0.0909023	-28.0922	-28.1831
BLOCK16/SES164/SA164S11	SES158	0.0792351	-28.1039	-28.1831
BLOCK16/SES164/SA164S11	SES206	0.245626	-27.9375	-28.1831
BLOCK16/SES164/SA164S13	SES099	0.0454617	-29.7742	-29.8197
BLOCK16/SES164/SA164S13	SES104	-0.221899	-30.0416	-29.8197
BLOCK16/SES164/SA164S13	SES125	-0.669056	-30.4887	-29.8197
BLOCK16/SES164/SA164S13	SES206	0.316881	-29.5028	-29.8197
BLOCK16/SES164/SA164S24	SES002	0.532009	-27.966	-28.498
BLOCK16/SES164/SA164S24	SES099	0.0272942	-28.4707	-28.498
BLOCK16/SES164/SA164S24	SES125	0.164324	-28.3336	-28.498
BLOCK16/SES164/SA164S24	SES226	0.0228462	-28.4751	-28.498
BLOCK16/SES164/SA164S27	SES087	0.099577	-28.7646	-28.8642
BLOCK16/SES164/SA164S27	SES125	-0.0421753	-28.9063	-28.8642
BLOCK16/SES164/SA164S27	SES206	0.351585	-28.5126	-28.8642
BLOCK16/SES164/SA164S27	SES226	0.217859	-28.6463	-28.8642
BLOCK16/SES164/SA164S29	SES002	0.320156	-28.4061	-28.7263
BLOCK16/SES164/SA164S29	SES019	0.138374	-28.5879	-28.7263
BLOCK16/SES164/SA164S29	SES125	-0.107653	-28.8339	-28.7263
BLOCK16/SES164/SA164S29	SES226	-0.0459976	-28.7723	-28.7263
BLOCK16/SES169/SA169S13	SES117	-0.374537	-29.6765	-29.302
BLOCK16/SES169/SA169S13	SES144	0.0256519	-29.2763	-29.302
BLOCK16/SES169/SA169S13	SES146	-0.161819	-29.4638	-29.302
BLOCK16/SES169/SA169S13	SES162	-0.33169	-29.6337	-29.302
BLOCK16/SES169/SA169S14	SES144	0.0747566	-28.0177	-28.0925
BLOCK16/SES169/SA169S14	SES148	-0.798779	-28.8913	-28.0925
BLOCK16/SES169/SA169S14	SES177	0.168949	-27.9235	-28.0925
BLOCK16/SES169/SA169S14	SES180	0.0516891	-28.0408	-28.0925
BLOCK16/SES169/SA169S24	SES117	-0.0389729	-29.4187	-29.3797
BLOCK16/SES169/SA169S24	SES144	-0.0379601	-29.4177	-29.3797
BLOCK16/SES169/SA169S24	SES146	-0.0244122	-29.4042	-29.3797
BLOCK16/SES169/SA169S24	SES162	-0.418049	-29.7978	-29.3797
BLOCK16/SES169/SA169S27	SES127	0.301725	-27.9921	-28.2938
BLOCK16/SES169/SA169S27	SES129	-0.0581837	-28.352	-28.2938
BLOCK16/SES169/SA169S27	SES144	-0.0263996	-28.3202	-28.2938
BLOCK16/SES169/SA169S27	SES146	-0.328869	-28.6227	-28.2938
BLOCK16/SES169/SA169S29	SES144	0.063755	-28.1769	-28.2406
BLOCK16/SES169/SA169S29	SES162	0.291748	-27.9489	-28.2406
BLOCK16/SES169/SA169S29	SES177	0.10944	-28.1312	-28.2406
BLOCK16/SES169/SA169S29	SES180	0.0748463	-28.1658	-28.2406
BLOCK17/SES171/SA171S12	SES083	-0.302862	-29.9935	-29.6906
BLOCK17/SES171/SA171S12	SES148	-0.508465	-30.1991	-29.6906
BLOCK17/SES171/SA171S12	SES172	0.154951	-29.5356	-29.6906
BLOCK17/SES171/SA171S12	SES292	-0.252659	-29.9433	-29.6906
BLOCK17/SES171/SA171S15	SES148	-0.71484	-30.6122	-29.8973
BLOCK17/SES171/SA171S15	SES177	-0.192869	-30.0902	-29.8973
BLOCK17/SES171/SA171S15	SES180	-0.25499	-30.1523	-29.8973
BLOCK17/SES171/SA171S15	SES292	-0.276257	-30.1736	-29.8973
BLOCK17/SES171/SA171S22	SES007	-0.160238	-29.5034	-29.3432
BLOCK17/SES171/SA171S22	SES148	-0.334364	-29.6775	-29.3432
BLOCK17/SES171/SA171S22	SES177	-0.109228	-29.4524	-29.3432
BLOCK17/SES171/SA171S22	SES180	-0.438976	-29.7821	-29.3432
BLOCK17/SES171/SA171S25	SES101	-0.363205	-30.9273	-30.5641
BLOCK17/SES171/SA171S25	SES120	-0.492064	-31.0562	-30.5641
BLOCK17/SES171/SA171S25	SES177	-0.361418	-30.9255	-30.5641
BLOCK17/SES171/SA171S25	SES180	-0.538061	-31.1022	-30.5641
BLOCK17/SES171/SA171S27	SES177	0.0460644	-29.6478	-29.6938
BLOCK17/SES171/SA171S27	SES180	-0.194517	-29.8883	-29.6938
BLOCK17/SES171/SA171S27	SES189	0.0035305	-29.6903	-29.6938
BLOCK17/SES171/SA171S27	SES292	-0.423712	-30.1175	-29.6938
BLOCK17/SES173/SA173S13	SES162	0.454329	-28.4448	-28.8992
BLOCK17/SES173/SA173S13	SES177	0.0378551	-28.8613	-28.8992
BLOCK17/SES173/SA173S13	SES180	-0.0506516	-28.9498	-28.8992
BLOCK17/SES173/SA173S13	SES292	-0.375134	-29.2743	-28.8992
BLOCK17/SES173/SA173S14	SES007	-5.14457	-38.4114	-33.2668
BLOCK17/SES173/SA173S14	SES162	-8.24172	-41.5085	-33.2668
BLOCK17/SES173/SA173S14	SES177	-2.22439	-35.4912	-33.2668
BLOCK17/SES173/SA173S14	SES180	-3.03781	-36.3046	-33.2668
BLOCK17/SES173/SA173S24	SES144	-0.0109806	-30.9727	-30.9617
BLOCK17/SES173/SA173S24	SES162	-2.01101	-32.9727	-30.9617
BLOCK17/SES173/SA173S24	SES177	-0.6402	-31.6019	-30.9617
BLOCK17/SES173/SA173S24	SES180	-0.94558	-31.9073	-30.9617
BLOCK17/SES173/SA173S27	SES162	0.0859566	-28.681	-28.7669
BLOCK17/SES173/SA173S27	SES177	0.0769405	-28.69	-28.7669
BLOCK17/SES173/SA173S27	SES180	0.0354443	-28.7315	-28.7669
BLOCK17/SES173/SA173S27	SES292	-0.28149	-29.0484	-28.7669
BLOCK17/SES173/SA173S29	SES162	-1.80986	-32.561	-30.7512
BLOCK17/SES173/SA173S29	SES175	0.12199	-30.6292	-30.7512
BLOCK17/SES173/SA173S29	SES177	-0.622812	-31.374	-30.7512
BLOCK17/SES173/SA173S29	SES292	0.10528	-30.6459	-30.7512
BLOCK18/SES182/SA182S10	SES144	0.228445	-28.5126	-28.7411
BLOCK18/SES182/SA182S10	SES177	0.137009	-28.604	-28.7411
BLOCK18/SES182/SA182S10	SES180	0.080267	-28.6608	-28.7411
BLOCK18/SES182/SA182S10	SES275	-0.328091	-29.0691	-28.7411
BLOCK18/SES182/SA182S12	SES144	0.0569668	-28.3093	-28.3663
BLOCK18/SES182/SA182S12	SES177	0.131041	-28.2353	-28.3663
BLOCK18/SES182/SA182S12	SES180	-0.0470715	-28.4134	-28.3663
BLOCK18/SES182/SA182S12	SES275	-0.203724	-28.57	-28.3663
BLOCK18/SES182/SA182S21	SES117	-0.228735	-29.6972	-29.4685
BLOCK18/SES182/SA182S21	SES144	0.141005	-29.3275	-29.4685
BLOCK18/SES182/SA182S21	SES162	-0.0630283	-29.5315	-29.4685
BLOCK18/SES182/SA182S21	SES180	-0.0173283	-29.4858	-29.4685
BLOCK18/SES182/SA182S23	SES117	-0.320873	-30.0105	-29.6897
BLOCK18/SES182/SA182S23	SES144	-0.161581	-29.8512	-29.6897
BLOCK18/SES182/SA182S23	SES180	-0.442446	-30.1321	-29.6897
BLOCK18/SES182/SA182S23	SES275	0.132675	-29.557	-29.6897
BLOCK18/SES182/SA182S25	SES007	0.716375	-28.3638	-29.0802
BLOCK18/SES182/SA182S25	SES162	0.636461	-28.4438	-29.0802
BLOCK18/SES182/SA182S25	SES177	0.153694	-28.9265	-29.0802
BLOCK18/SES182/SA182S25	SES180	0.2819	-28.7983	-29.0802
BLOCK18/SES184/SA184S12	SES177	0.0506516	-29.6699	-29.7206
BLOCK18/SES184/SA184S12	SES180	-0.190727	-29.9113	-29.7206
BLOCK18/SES184/SA184S12	SES189	-0.318401	-30.039	-29.7206
BLOCK18/SES184/SA184S12	SES292	-0.323586	-30.0442	-29.7206
BLOCK18/SES184/SA184S13	SES101	-0.0220661	-28.946	-28.9239
BLOCK18/SES184/SA184S13	SES177	-0.00362587	-28.9276	-28.9239
BLOCK18/SES184/SA184S13	SES180	-0.151817	-29.0758	-28.9239
BLOCK18/SES184/SA184S13	SES292	-0.13612	-29.0601	-28.9239
BLOCK18/SES184/SA184S22	SES177	0.147379	-28.7437	-28.8911
BLOCK18/SES184/SA184S22	SES180	-0.011795	-28.9029	-28.8911
BLOCK18/SES184/SA184S22	SES189	-0.632996	-29.5241	-28.8911
BLOCK18/SES184/SA184S22	SES292	-0.195864	-29.0869	-28.8911
BLOCK18/SES184/SA184S25	SES101	0.0753174	-28.1021	-28.1774
BLOCK18/SES184/SA184S25	SES177	0.0872421	-28.0902	-28.1774
BLOCK18/SES184/SA184S25	SES180	0.104063	-28.0733	-28.1774
BLOCK18/SES184/SA184S25	SES292	-0.0336914	-28.2111	-28.1774
BLOCK18/SES184/SA184S27	SES083	-0.292318	-28.8514	-28.5591
BLOCK18/SES184/SA184S27	SES177	0.0355892	-28.5235	-28.5591
BLOCK18/SES184/SA184S27	SES202	-0.0842838	-28.6434	-28.5591
BLOCK18/SES184/SA184S27	SES292	-0.0833721	-28.6425	-28.5591
BLOCK20/SES204/SA204S12	SES062	0.0193272	-28.8024	-28.8217
BLOCK20/SES204/SA204S12	SES083	0.106966	-28.7147	-28.8217
BLOCK20/SES204/SA204S12	SES206	0.166662	-28.6551	-28.8217
BLOCK20/SES204/SA204S12	SES226	-0.763756	-29.5855	-28.8217
BLOCK20/SES204/SA204S14	SES068	-0.0363598	-28.4376	-28.4012
BLOCK20/SES204/SA204S14	SES087	-0.10434	-28.5055	-28.4012
BLOCK20/SES204/SA204S14	SES206	-0.0403461	-28.4415	-28.4012
BLOCK20/SES204/SA204S14	SES226	-0.716795	-29.118	-28.4012
BLOCK20/SES204/SA204S22	SES068	-0.0344067	-29.1189	-29.0845
BLOCK20/SES204/SA204S22	SES082	-0.528677	-29.6132	-29.0845
BLOCK20/SES204/SA204S22	SES083	0.107197	-28.9773	-29.0845
BLOCK20/SES204/SA204S22	SES206	0.119982	-28.9645	-29.0845
BLOCK20/SES204/SA204S25	SES062	0.10437	-28.8947	-28.9991
BLOCK20/SES204/SA204S25	SES083	0.308475	-28.6906	-28.9991
BLOCK20/SES204/SA204S25	SES206	0.111332	-28.8878	-28.9991
BLOCK20/SES204/SA204S25	SES226	-0.759106	-29.7582	-28.9991
BLOCK20/SES204/SA204S27	SES068	0.0154991	-29.3118	-29.3273
BLOCK20/SES204/SA204S27	SES082	-0.398693	-29.726	-29.3273
BLOCK20/SES204/SA204S27	SES087	-0.212149	-29.5395	-29.3273
BLOCK20/SES204/SA204S27	SES206	-0.0240307	-29.3514	-29.3273
BLOCK20/SES207/SA207S10	SES127	-0.156595	-29.411	-29.2544
BLOCK20/SES207/SA207S10	SES183	-0.313614	-29.5681	-29.2544
BLOCK20/SES207/SA207S10	SES189	-0.59786	-29.8523	-29.2544
BLOCK20/SES207/SA207S10	SES292	-0.296915	-29.5514	-29.2544
BLOCK20/SES207/SA207S11	SES127	-1.064	-31.9243	-30.8603
BLOCK20/SES207/SA207S11	SES183	0.149633	-30.7107	-30.8603
BLOCK20/SES207/SA207S11	SES187	-0.111012	-30.9713	-30.8603
BLOCK20/SES207/SA207S11	SES292	0.20322	-30.6571	-30.8603
BLOCK20/SES207/SA207S25	SES068	0.133812	-29.1108	-29.2446
BLOCK20/SES207/SA207S25	SES083	-0.0807514	-29.3254	-29.2446
BLOCK20/SES207/SA207S25	SES127	0.201578	-29.043	-29.2446
BLOCK20/SES207/SA207S25	SES187	0.0724144	-29.1722	-29.2446
BLOCK20/SES207/SA207S27	SES127	-0.0873661	-29.5441	-29.4567
BLOCK20/SES207/SA207S27	SES183	-0.00979996	-29.4665	-29.4567
BLOCK20/SES207/SA207S27	SES187	0.150434	-29.3063	-29.4567
BLOCK20/SES207/SA207S27	SES292	-0.210665	-29.6674	-29.4567
BLOCK20/SES207/SA207S29	SES083	0.0347862	-28.9008	-28.9356
BLOCK20/SES207/SA207S29	SES085	-0.440859	-29.3764	-28.9356
BLOCK20/SES207/SA207S29	SES172	0.123613	-28.812	-28.9356
BLOCK20/SES207/SA207S29	SES189	-0.492912	-29.4285	-28.9356
BLOCK22/SES221/SA221S12	SES068	-0.220516	-29.4832	-29.2627
BLOCK22/SES221/SA221S12	SES143	-0.0653496	-29.328	-29.2627
BLOCK22/SES221/SA221S12	SES175	-0.227051	-29.4897	-29.2627
BLOCK22/SES221/SA221S12	SES202	0.207455	-29.0552	-29.2627
BLOCK22/SES221/SA221S15	SES085	-0.431637	-30.0266	-29.595
BLOCK22/SES221/SA221S15	SES143	-0.130577	-29.7256	-29.595
BLOCK22/SES221/SA221S15	SES175	-0.243273	-29.8383	-29.595
BLOCK22/SES221/SA221S15	SES187	0.0440731	-29.5509	-29.595
BLOCK22/SES221/SA221S23	SES068	-0.0939178	-29.7794	-29.6855
BLOCK22/SES221/SA221S23	SES143	0.0306816	-29.6548	-29.6855
BLOCK22/SES221/SA221S23	SES175	-0.165865	-29.8514	-29.6855
BLOCK22/SES221/SA221S23	SES189	0.455952	-29.2295	-29.6855
BLOCK22/SES221/SA221S27	SES085	0.0648727	-29.4015	-29.4664
BLOCK22/SES221/SA221S27	SES143	0.0573139	-29.4091	-29.4664
BLOCK22/SES221/SA221S27	SES175	-0.348036	-29.8145	-29.4664
BLOCK22/SES221/SA221S27	SES189	0.5235	-28.9429	-29.4664
BLOCK22/SES221/SA221S29	SES085	-0.19005	-29.881	-29.691
BLOCK22/SES221/SA221S29	SES143	-0.0328579	-29.7239	-29.691
BLOCK22/SES221/SA221S29	SES175	-0.205111	-29.8961	-29.691
BLOCK22/SES221/SA221S29	SES187	0.176102	-29.5149	-29.691
BLOCK22/SES223/SA223S11	SES143	-0.129177	-30.088	-29.9588
BLOCK22/SES223/SA223S11	SES144	-0.0866032	-30.0454	-29.9588
BLOCK22/SES223/SA223S11	SES175	-0.166183	-30.125	-29.9588
BLOCK22/SES223/SA223S11	SES187	-0.0783443	-30.0371	-29.9588
BLOCK22/SES223/SA223S13	SES068	-0.0432663	-30.1079	-30.0646
BLOCK22/SES223/SA223S13	SES143	-0.170361	-30.235	-30.0646
BLOCK22/SES223/SA223S13	SES146	-0.16703	-30.2317	-30.0646
BLOCK22/SES223/SA223S13	SES202	0.164709	-29.8999	-30.0646
BLOCK22/SES223/SA223S22	SES143	-0.136639	-29.5372	-29.4006
BLOCK22/SES223/SA223S22	SES144	0.0775738	-29.323	-29.4006
BLOCK22/SES223/SA223S22	SES175	-0.175831	-29.5764	-29.4006
BLOCK22/SES223/SA223S22	SES187	0.0814171	-29.3191	-29.4006
BLOCK22/SES223/SA223S25	SES068	0.00100899	-29.5106	-29.5116
BLOCK22/SES223/SA223S25	SES143	-0.13859	-29.6502	-29.5116
BLOCK22/SES223/SA223S25	SES175	-0.299908	-29.8115	-29.5116
BLOCK22/SES223/SA223S25	SES187	-0.00543785	-29.5171	-29.5116
BLOCK22/SES223/SA223S27	SES143	0.12466	-30.1761	-30.3008
BLOCK22/SES223/SA223S27	SES146	0.43387	-29.8669	-30.3008
BLOCK22/SES223/SA223S27	SES187	-0.186525	-30.4873	-30.3008
BLOCK22/SES223/SA223S27	SES292	0.0879269	-30.2129	-30.3008
BLOCK27/SES273/SA273S12	SES099	-0.0814095	-28.4734	-28.392
BLOCK27/SES273/SA273S12	SES104	0.024847	-28.3672	-28.392
BLOCK27/SES273/SA273S12	SES125	0.133041	-28.259	-28.392
BLOCK27/SES273/SA273S12	SES206	-0.0119934	-28.404	-28.392
BLOCK27/SES273/SA273S13	SES099	-0.485153	-29.0616	-28.5765
BLOCK27/SES273/SA273S13	SES104	-0.290056	-28.8665	-28.5765
BLOCK27/SES273/SA273S13	SES206	-0.323402	-28.8999	-28.5765
BLOCK27/SES273/SA273S13	SES292	-0.0278339	-28.6043	-28.5765
BLOCK27/SES273/SA273S21	SES099	0.285151	-28.5625	-28.8476
BLOCK27/SES273/SA273S21	SES148	-0.876339	-29.724	-28.8476
BLOCK27/SES273/SA273S21	SES149	-0.406757	-29.2544	-28.8476
BLOCK27/SES273/SA273S21	SES177	0.235907	-28.6117	-28.8476
BLOCK27/SES273/SA273S25	SES104	-0.129768	-28.7593	-28.6295
BLOCK27/SES273/SA273S25	SES125	-0.209513	-28.839	-28.6295
BLOCK27/SES273/SA273S25	SES158	0.0997353	-28.5298	-28.6295
BLOCK27/SES273/SA273S25	SES206	0.0719471	-28.5576	-28.6295
BLOCK27/SES273/SA273S27	SES099	-0.279205	-28.7296	-28.4504
BLOCK27/SES273/SA273S27	SES104	-0.341978	-28.7923	-28.4504
BLOCK27/SES273/SA273S27	SES149	-0.0827999	-28.5332	-28.4504
BLOCK27/SES273/SA273S27	SES275	-0.362209	-28.8126	-28.4504
BLOCK27/SES274/SA274S10	SES105	-0.459223	-29.1297	-28.6705
BLOCK27/SES274/SA274S10	SES125	-0.399372	-29.0699	-28.6705
BLOCK27/SES274/SA274S10	SES129	0.0570354	-28.6135	-28.6705
BLOCK27/SES274/SA274S10	SES158	-0.562052	-29.2326	-28.6705
BLOCK27/SES274/SA274S11	SES105	-0.32695	-28.9229	-28.596
BLOCK27/SES274/SA274S11	SES149	-0.267406	-28.8634	-28.596
BLOCK27/SES274/SA274S11	SES158	-0.203897	-28.7999	-28.596
BLOCK27/SES274/SA274S11	SES275	-0.440996	-29.037	-28.596
BLOCK27/SES274/SA274S21	SES105	-0.270718	-29.4707	-29.2
BLOCK27/SES274/SA274S21	SES129	0.107542	-29.0924	-29.2
BLOCK27/SES274/SA274S21	SES149	-0.200806	-29.4008	-29.2
BLOCK27/SES274/SA274S21	SES158	-0.870338	-30.0703	-29.2
BLOCK27/SES274/SA274S24	SES105	-0.441696	-29.1591	-28.7174
BLOCK27/SES274/SA274S24	SES129	0.0781193	-28.6393	-28.7174
BLOCK27/SES274/SA274S24	SES149	-0.550491	-29.2679	-28.7174
BLOCK27/SES274/SA274S24	SES158	-0.503855	-29.2212	-28.7174
BLOCK27/SES274/SA274S29	SES105	-0.228651	-29.382	-29.1534
BLOCK27/SES274/SA274S29	SES106	-0.372993	-29.5264	-29.1534
BLOCK27/SES274/SA274S29	SES120	-0.437101	-29.5905	-29.1534
BLOCK27/SES274/SA274S29	SES275	0.0119095	-29.1415	-29.1534
BLOCK27/SES276/SA276S16	SES148	-0.767649	-29.9006	-29.133
BLOCK27/SES276/SA276S16	SES172	0.121481	-29.0115	-29.133
BLOCK27/SES276/SA276S16	SES180	0.250748	-28.8822	-29.133
BLOCK27/SES276/SA276S16	SES292	-0.256779	-29.3898	-29.133
BLOCK27/SES276/SA276S17	SES101	0.050333	-29.3141	-29.3645
BLOCK27/SES276/SA276S17	SES177	-0.0477047	-29.4122	-29.3645
BLOCK27/SES276/SA276S17	SES180	-0.0758324	-29.4403	-29.3645
BLOCK27/SES276/SA276S17	SES292	-0.0968628	-29.4613	-29.3645
BLOCK27/SES276/SA276S24	SES101	0.206591	-28.316	-28.5226
BLOCK27/SES276/SA276S24	SES177	0.122801	-28.3998	-28.5226
BLOCK27/SES276/SA276S24	SES180	0.363283	-28.1593	-28.5226
BLOCK27/SES276/SA276S24	SES292	-0.217293	-28.7399	-28.5226
BLOCK27/SES276/SA276S26	SES101	-0.103291	-29.6656	-29.5623
BLOCK27/SES276/SA276S26	SES177	-0.199797	-29.7621	-29.5623
BLOCK27/SES276/SA276S26	SES180	-0.196068	-29.7584	-29.5623
BLOCK27/SES276/SA276S26	SES292	-0.037735	-29.6	-29.5623
BLOCK27/SES276/SA276S28	SES101	0.0292339	-29.1201	-29.1493
BLOCK27/SES276/SA276S28	SES177	-0.102615	-29.2519	-29.1493
BLOCK27/SES276/SA276S28	SES180	0.117098	-29.0322	-29.1493
BLOCK27/SES276/SA276S28	SES292	-0.203365	-29.3527	-29.1493
BLOCK27/SES277/SA277S12	SES101	0.155062	-29.3832	-29.5383
BLOCK27/SES277/SA277S12	SES177	-0.120089	-29.6584	-29.5383
BLOCK27/SES277/SA277S12	SES180	0.0397778	-29.4985	-29.5383
BLOCK27/SES277/SA277S12	SES292	-0.159266	-29.6976	-29.5383
BLOCK27/SES277/SA277S14	SES177	0.177635	-29.4178	-29.5955
BLOCK27/SES277/SA277S14	SES180	-0.265799	-29.8613	-29.5955
BLOCK27/SES277/SA277S14	SES189	-0.0829582	-29.6784	-29.5955
BLOCK27/SES277/SA277S14	SES292	-0.402414	-29.9979	-29.5955
BLOCK27/SES277/SA277S21	SES177	0.257664	-28.7077	-28.9654
BLOCK27/SES277/SA277S21	SES180	0.0108261	-28.9546	-28.9654
BLOCK27/SES277/SA277S21	SES189	0.0476322	-28.9178	-28.9654
BLOCK27/SES277/SA277S21	SES292	-0.34099	-29.3064	-28.9654
BLOCK27/SES277/SA277S24	SES144	-0.0712795	-29.6339	-29.5626
BLOCK27/SES277/SA277S24	SES177	0.174593	-29.388	-29.5626
BLOCK27/SES277/SA277S24	SES180	0.00339699	-29.5592	-29.5626
BLOCK27/SES277/SA277S24	SES189	0.154882	-29.4077	-29.5626
BLOCK27/SES277/SA277S29	SES177	0.15983	-28.3128	-28.4726
BLOCK27/SES277/SA277S29	SES180	0.169643	-28.303	-28.4726
BLOCK27/SES277/SA277S29	SES202	0.292252	-28.1804	-28.4726
BLOCK27/SES277/SA277S29	SES292	-0.232473	-28.7051	-28.4726
BLOCK27/SES279/SA279S09	SES120	-0.173433	-29.4249	-29.2514
BLOCK27/SES279/SA279S09	SES146	-0.194834	-29.4463	-29.2514
BLOCK27/SES279/SA279S09	SES206	-0.0514565	-29.3029	-29.2514
BLOCK27/SES279/SA279S09	SES226	-0.177519	-29.429	-29.2514
BLOCK27/SES279/SA279S10	SES099	-0.539209	-29.8586	-29.3194
BLOCK27/SES279/SA279S10	SES206	-0.143353	-29.4628	-29.3194
BLOCK27/SES279/SA279S10	SES226	0.0143127	-29.3051	-29.3194
BLOCK27/SES279/SA279S10	SES292	0.00730324	-29.3121	-29.3194
BLOCK27/SES279/SA279S20	SES099	-0.636457	-29.53	-28.8936
BLOCK27/SES279/SA279S20	SES206	0.0247421	-28.8688	-28.8936
BLOCK27/SES279/SA279S20	SES226	-0.240017	-29.1336	-28.8936
BLOCK27/SES279/SA279S20	SES292	-0.0486794	-28.9422	-28.8936
BLOCK27/SES279/SA279S26	SES099	-1.41123	-31.3159	-29.9047
BLOCK27/SES279/SA279S26	SES206	-0.298212	-30.2029	-29.9047
BLOCK27/SES279/SA279S26	SES226	0.331242	-29.5734	-29.9047
BLOCK27/SES279/SA279S26	SES292	0.378099	-29.5266	-29.9047
BLOCK27/SES279/SA279S28	SES099	-0.0802193	-28.4001	-28.3199
BLOCK27/SES279/SA279S28	SES120	0.129288	-28.1906	-28.3199
BLOCK27/SES279/SA279S28	SES177	-0.0710335	-28.3909	-28.3199
BLOCK27/SES279/SA279S28	SES206	0.11113	-28.2087	-28.3199
BLOCK29/SES290/SA290S12	SES162	0.467409	-28.0697	-28.5372
BLOCK29/SES290/SA290S12	SES177	0.131033	-28.4061	-28.5372
BLOCK29/SES290/SA290S12	SES180	0.0767937	-28.4604	-28.5372
BLOCK29/SES290/SA290S12	SES292	-0.33046	-28.8676	-28.5372
BLOCK29/SES290/SA290S13	SES007	-0.202192	-29.8617	-29.6595
BLOCK29/SES290/SA290S13	SES162	-0.205063	-29.8645	-29.6595
BLOCK29/SES290/SA290S13	SES177	-0.159521	-29.819	-29.6595
BLOCK29/SES290/SA290S13	SES180	-0.142807	-29.8023	-29.6595
BLOCK29/SES290/SA290S22	SES177	0.0180359	-28.7216	-28.7396
BLOCK29/SES290/SA290S22	SES180	-0.0728016	-28.8124	-28.7396
BLOCK29/SES290/SA290S22	SES202	0.014267	-28.7253	-28.7396
BLOCK29/SES290/SA290S22	SES292	-0.279371	-29.019	-28.7396
BLOCK29/SES290/SA290S25	SES162	-2.36936	-31.8252	-29.4558
BLOCK29/SES290/SA290S25	SES177	-0.572762	-30.0286	-29.4558
BLOCK29/SES290/SA290S25	SES180	-0.723587	-30.1794	-29.4558
BLOCK29/SES290/SA290S25	SES292	0.382946	-29.0729	-29.4558
BLOCK29/SES290/SA290S29	SES177	-0.0139675	-28.3975	-28.3836
BLOCK29/SES290/SA290S29	SES180	-0.0849514	-28.4685	-28.3836
BLOCK29/SES290/SA290S29	SES275	-0.220989	-28.6046	-28.3836
BLOCK29/SES290/SA290S29	SES292	-0.00363731	-28.3872	-28.3836
BLOCK29/SES291/SA291S11	SES105	-0.208277	-30.0149	-29.8066
BLOCK29/SES291/SA291S11	SES125	-0.688726	-30.4954	-29.8066
BLOCK29/SES291/SA291S11	SES158	-0.461275	-30.2679	-29.8066
BLOCK29/SES291/SA291S11	SES275	-0.447931	-30.2546	-29.8066
BLOCK29/SES291/SA291S12	SES158	0.284925	-28.4062	-28.6911
BLOCK29/SES291/SA291S12	SES226	-0.240316	-28.9314	-28.6911
BLOCK29/SES291/SA291S12	SES270	0.1115	-28.5796	-28.6911
BLOCK29/SES291/SA291S12	SES275	-0.783525	-29.4746	-28.6911
BLOCK29/SES291/SA291S22	SES082	-0.520258	-29.8258	-29.3055
BLOCK29/SES291/SA291S22	SES158	-0.614859	-29.9204	-29.3055
BLOCK29/SES291/SA291S22	SES259	-0.357342	-29.6629	-29.3055
BLOCK29/SES291/SA291S22	SES275	-0.352194	-29.6577	-29.3055
BLOCK29/SES291/SA291S24	SES104	0.2565	-28.2819	-28.5384
BLOCK29/SES291/SA291S24	SES125	0.164122	-28.3743	-28.5384
BLOCK29/SES291/SA291S24	SES158	0.0280361	-28.5103	-28.5384
BLOCK29/SES291/SA291S24	SES275	-0.677439	-29.2158	-28.5384
BLOCK29/SES291/SA291S27	SES158	0.113043	-29.1643	-29.2774
BLOCK29/SES291/SA291S27	SES172	-0.318981	-29.5963	-29.2774
BLOCK29/SES291/SA291S27	SES275	-0.773724	-30.0511	-29.2774
BLOCK29/SES291/SA291S27	SES292	-0.0289783	-29.3063	-29.2774
