BLOCK00/SES002/SA002S12	SES002	-1.21562	-3.39981	-2.18419
BLOCK00/SES002/SA002S13	SES002	-0.245664	-3.59108	-3.34542
BLOCK00/SES002/SA002S23	SES002	-1.74704	-4.98775	-3.24071
BLOCK00/SES002/SA002S26	SES002	-1.92944	-8.47955	-6.55011
BLOCK00/SES002/SA002S28	SES002	-1.70552	-6.44593	-4.7404
BLOCK00/SES007/SA007S14	SES007	-1.57206	-3.51569	-1.94362
BLOCK00/SES007/SA007S15	SES007	-1.37351	-4.15819	-2.78469
BLOCK00/SES007/SA007S24	SES007	-1.34073	-3.50285	-2.16212
BLOCK00/SES007/SA007S27	SES007	-2.45739	-6.79837	-4.34098
BLOCK00/SES007/SA007S29	SES007	-1.6799	-2.22439	-0.544483
BLOCK00/SES008/SA008S11	SES008	-0.450203	0.181634	0.631838
BLOCK00/SES008/SA008S12	SES008	-0.813287	-0.752252	0.0610359
BLOCK00/SES008/SA008S19	SES008	-0.463354	-0.703812	-0.240458
BLOCK00/SES008/SA008S22	SES008	-1.56422	-3.01373	-1.44951
BLOCK00/SES008/SA008S29	SES008	-0.891921	0.283513	1.17543
BLOCK01/SES014/SA014S10	SES014	-1.49898	-2.87696	-1.37799
BLOCK01/SES014/SA014S12	SES014	-0.344141	-1.48615	-1.14201
BLOCK01/SES014/SA014S24	SES014	-0.0813576	-1.91056	-1.8292
BLOCK01/SES014/SA014S26	SES014	0.762353	-2.70584	-3.46819
BLOCK01/SES014/SA014S28	SES014	1.13312	1.79333	0.660204
BLOCK01/SES016/SA016S12	SES016	-1.04234	-5.98173	-4.93939
BLOCK01/SES016/SA016S13	SES016	-0.959267	-4.5912	-3.63193
BLOCK01/SES016/SA016S22	SES016	-1.84427	-5.09288	-3.24861
BLOCK01/SES016/SA016S25	SES016	-1.60821	-4.09212	-2.48391
BLOCK01/SES016/SA016S27	SES016	-2.07693	-8.5582	-6.48127
BLOCK01/SES019/SA019S13	SES019	0.621815	-4.22951	-4.85132
BLOCK01/SES019/SA019S14	SES019	-0.870057	-4.08599	-3.21594
BLOCK01/SES019/SA019S22	SES019	0.669549	-2.64259	-3.31213
BLOCK01/SES019/SA019S25	SES019	-0.696404	-5.41668	-4.72028
BLOCK01/SES019/SA019S29	SES019	0.196774	-5.59507	-5.79185
BLOCK02/SES029/SA029S11	SES029	-1.32754	-2.57032	-1.24278
BLOCK02/SES029/SA029S12	SES029	-2.25848	-4.83564	-2.57716
BLOCK02/SES029/SA029S20	SES029	-1.23472	-1.62361	-0.388893
BLOCK02/SES029/SA029S25	SES029	-2.03455	-4.14684	-2.11229
BLOCK02/SES029/SA029S28	SES029	-2.3198	-4.44946	-2.12966
BLOCK04/SES042/SA042S12	SES042	-0.858039	-4.77208	-3.91404
BLOCK04/SES042/SA042S15	SES042	-1.0512	-5.8672	-4.816
BLOCK04/SES042/SA042S22	SES042	1.19554	-10.7104	-11.9059
BLOCK04/SES042/SA042S25	SES042	-0.158308	-7.34001	-7.1817
BLOCK04/SES042/SA042S27	SES042	0.15368	-9.28248	-9.43616
BLOCK04/SES048/SA048S11	SES048	-1.23691	-2.04945	-0.812543
BLOCK04/SES048/SA048S12	SES048	-1.63495	-4.9791	-3.34415
BLOCK04/SES048/SA048S20	SES048	-1.29319	-4.12424	-2.83105
BLOCK04/SES048/SA048S23	SES048	-0.786824	-1.3954	-0.608579
BLOCK04/SES048/SA048S27	SES048	-2.40414	-5.09377	-2.68963
BLOCK06/SES060/SA060S11	SES060	-2.07179	-6.39378	-4.32198
BLOCK06/SES060/SA060S12	SES060	-1.84341	-8.67596	-6.83255
BLOCK06/SES060/SA060S22	SES060	-3.06159	-6.96805	-3.90646
BLOCK06/SES060/SA060S24	SES060	-1.35327	-1.81616	-0.46289
BLOCK06/SES060/SA060S28	SES060	-1.47556	-1.43919	0.0363683
BLOCK06/SES062/SA062S10	SES062	-1.94102	-4.47192	-2.5309
BLOCK06/SES062/SA062S11	SES062	-1.9206	-5.84547	-3.92487
BLOCK06/SES062/SA062S21	SES062	-1.42705	0.310364	1.73741
BLOCK06/SES062/SA062S26	SES062	-1.55638	-3.06807	-1.51169
BLOCK06/SES062/SA062S29	SES062	-1.08086	-1.01975	0.061115
BLOCK06/SES068/SA068S14	SES068	-1.82515	-3.22132	-1.39617
BLOCK06/SES068/SA068S15	SES068	-1.5642	-3.64759	-2.08339
BLOCK06/SES068/SA068S23	SES068	-1.8791	-4.73924	-2.86014
BLOCK06/SES068/SA068S27	SES068	-0.622887	-3.70233	-3.07945
BLOCK06/SES068/SA068S29	SES068	-2.42633	-5.41931	-2.99298
BLOCK08/SES082/SA082S12	SES082	-2.04828	-3.50408	-1.4558
BLOCK08/SES082/SA082S14	SES082	-1.65471	-2.83952	-1.18481
BLOCK08/SES082/SA082S21	SES082	-0.899331	-1.12675	-0.22742
BLOCK08/SES082/SA082S24	SES082	-1.43552	-4.48389	-3.04838
BLOCK08/SES082/SA082S28	SES082	-1.70323	-5.1746	-3.47137
BLOCK08/SES083/SA083S14	SES083	-2.11475	-2.34266	-0.227904
BLOCK08/SES083/SA083S15	SES083	-1.68525	-4.78382	-3.09856
BLOCK08/SES083/SA083S24	SES083	-1.88196	-3.63905	-1.7571
BLOCK08/SES083/SA083S26	SES083	-1.62019	-6.28803	-4.66783
BLOCK08/SES083/SA083S29	SES083	-2.43663	-5.49076	-3.05413
BLOCK08/SES085/SA085S10	SES085	-1.44182	-1.52956	-0.0877442
BLOCK08/SES085/SA085S13	SES085	-2.35667	-6.24749	-3.89082
BLOCK08/SES085/SA085S22	SES085	-1.20634	-2.4903	-1.28396
BLOCK08/SES085/SA085S26	SES085	-2.07849	-7.94564	-5.86715
BLOCK08/SES085/SA085S28	SES085	-0.99222	-2.46449	-1.47227
BLOCK08/SES087/SA087S15	SES087	-0.129152	-3.18146	-3.05231
BLOCK08/SES087/SA087S16	SES087	0.311436	-1.50178	-1.81321
BLOCK08/SES087/SA087S24	SES087	-0.117947	-8.09467	-7.97673
BLOCK08/SES087/SA087S26	SES087	-1.25719	-3.70365	-2.44646
BLOCK08/SES087/SA087S29	SES087	0.123762	-0.377338	-0.5011
BLOCK09/SES099/SA099S15	SES099	-0.278904	-3.91553	-3.63663
BLOCK09/SES099/SA099S16	SES099	-0.643889	0.00783264	0.651722
BLOCK09/SES099/SA099S24	SES099	-0.423755	-1.96309	-1.53934
BLOCK09/SES099/SA099S26	SES099	-0.934075	-3.59476	-2.66069
BLOCK09/SES099/SA099S29	SES099	-0.28738	-4.02462	-3.73724
BLOCK10/SES101/SA101S11	SES101	-1.36731	-3.26563	-1.89832
BLOCK10/SES101/SA101S13	SES101	-1.84923	0.587293	2.43652
BLOCK10/SES101/SA101S22	SES101	-0.967067	-3.34394	-2.37687
BLOCK10/SES101/SA101S24	SES101	-1.81114	-3.67935	-1.86821
BLOCK10/SES101/SA101S28	SES101	-1.08113	-3.16698	-2.08585
BLOCK10/SES104/SA104S11	SES104	-0.766627	-1.6845	-0.917869
BLOCK10/SES104/SA104S12	SES104	-1.13849	-2.9778	-1.83931
BLOCK10/SES104/SA104S21	SES104	-0.837167	-3.02288	-2.18571
BLOCK10/SES104/SA104S24	SES104	-1.98405	-7.45252	-5.46847
BLOCK10/SES104/SA104S28	SES104	-1.28777	-6.13321	-4.84544
BLOCK10/SES105/SA105S12	SES105	-0.409173	-4.52782	-4.11864
BLOCK10/SES105/SA105S13	SES105	-1.925	-5.94212	-4.01712
BLOCK10/SES105/SA105S22	SES105	-1.08125	-5.38664	-4.30539
BLOCK10/SES105/SA105S26	SES105	-0.888131	-5.31809	-4.42996
BLOCK10/SES105/SA105S29	SES105	-1.06947	-2.25745	-1.18798
BLOCK10/SES106/SA106S09	SES106	-1.79519	-7.55475	-5.75956
BLOCK10/SES106/SA106S11	SES106	-0.062741	-3.63744	-3.5747
BLOCK10/SES106/SA106S22	SES106	0.460825	-6.9903	-7.45112
BLOCK10/SES106/SA106S27	SES106	-0.890182	-3.36249	-2.47231
BLOCK10/SES106/SA106S29	SES106	-1.17119	-4.12423	-2.95304
BLOCK11/SES117/SA117S12	SES117	-2.80359	-5.44068	-2.63709
BLOCK11/SES117/SA117S13	SES117	-2.1643	-3.09422	-0.929919
BLOCK11/SES117/SA117S23	SES117	-0.887364	-7.42359	-6.53622
BLOCK11/SES117/SA117S25	SES117	-0.6116	-3.51649	-2.90489
BLOCK11/SES117/SA117S28	SES117	-1.16311	-7.27534	-6.11223
BLOCK12/SES120/SA120S08	SES120	-1.69531	-7.96001	-6.26471
BLOCK12/SES120/SA120S11	SES120	-1.54848	-12.9136	-11.3651
BLOCK12/SES120/SA120S22	SES120	-1.18172	-4.39864	-3.21692
BLOCK12/SES120/SA120S24	SES120	-1.8531	-10.5986	-8.74549
BLOCK12/SES120/SA120S28	SES120	-2.25609	-7.77898	-5.5229
BLOCK12/SES125/SA125S13	SES125	-0.829737	-7.38218	-6.55245
BLOCK12/SES125/SA125S14	SES125	-0.568035	-8.07404	-7.50601
BLOCK12/SES125/SA125S25	SES125	0.178729	-4.36235	-4.54108
BLOCK12/SES125/SA125S27	SES125	-0.800809	-5.52065	-4.71984
BLOCK12/SES125/SA125S29	SES125	-0.800882	-3.41002	-2.60913
BLOCK12/SES127/SA127S11	SES127	-2.16085	-3.15398	-0.993137
BLOCK12/SES127/SA127S12	SES127	-1.07669	0.68789	1.76458
BLOCK12/SES127/SA127S23	SES127	-1.89482	-1.53657	0.358249
BLOCK12/SES127/SA127S25	SES127	-2.00295	-1.07032	0.932631
BLOCK12/SES127/SA127S27	SES127	-1.59892	-1.77525	-0.176332
BLOCK12/SES129/SA129S11	SES129	-0.951803	-0.199802	0.752001
BLOCK12/SES129/SA129S12	SES129	-1.09107	-1.10839	-0.0173171
BLOCK12/SES129/SA129S22	SES129	-1.14742	-0.996458	0.150966
BLOCK12/SES129/SA129S27	SES129	-0.528481	-1.10424	-0.575757
BLOCK12/SES129/SA129S29	SES129	-1.38753	-7.64315	-6.25562
BLOCK14/SES142/SA142S11	SES142	-0.385429	-2.28985	-1.90442
BLOCK14/SES142/SA142S12	SES142	-1.13851	-7.64789	-6.50938
BLOCK14/SES142/SA142S24	SES142	-1.25862	-6.43541	-5.17679
BLOCK14/SES142/SA142S27	SES142	-1.75435	-5.87024	-4.11589
BLOCK14/SES142/SA142S29	SES142	-1.51239	-6.22324	-4.71086
BLOCK14/SES143/SA143S12	SES143	-1.41774	-3.50215	-2.08441
BLOCK14/SES143/SA143S13	SES143	-1.17045	-2.82223	-1.65178
BLOCK14/SES143/SA143S23	SES143	-1.02124	-3.23552	-2.21428
BLOCK14/SES143/SA143S25	SES143	-1.20218	-7.241	-6.03882
BLOCK14/SES143/SA143S28	SES143	-1.76923	-6.06014	-4.29091
BLOCK14/SES144/SA144S09	SES144	-1.44956	-2.51335	-1.0638
BLOCK14/SES144/SA144S11	SES144	-1.52224	-2.57137	-1.04913
BLOCK14/SES144/SA144S21	SES144	-2.11914	-2.31389	-0.194742
BLOCK14/SES144/SA144S25	SES144	-1.16567	-3.03206	-1.86639
BLOCK14/SES144/SA144S29	SES144	-2.58823	-5.48192	-2.89369
BLOCK14/SES146/SA146S14	SES146	-1.57957	-3.97359	-2.39402
BLOCK14/SES146/SA146S15	SES146	-2.13174	-5.26227	-3.13053
BLOCK14/SES146/SA146S24	SES146	-1.08091	-5.48286	-4.40195
BLOCK14/SES146/SA146S26	SES146	-1.21631	-4.97631	-3.76
BLOCK14/SES146/SA146S29	SES146	-1.35602	-5.73643	-4.38041
BLOCK14/SES147/SA147S11	SES147	-1.27741	-4.98701	-3.7096
BLOCK14/SES147/SA147S13	SES147	-1.10121	-1.45544	-0.354226
BLOCK14/SES147/SA147S23	SES147	-1.08022	-1.7846	-0.704378
BLOCK14/SES147/SA147S26	SES147	-0.737377	-2.2323	-1.49493
BLOCK14/SES147/SA147S28	SES147	-0.134563	0.535655	0.670218
BLOCK14/SES148/SA148S10	SES148	-1.50345	-1.41603	0.0874176
BLOCK14/SES148/SA148S12	SES148	-1.55551	-3.60686	-2.05135
BLOCK14/SES148/SA148S22	SES148	-1.00044	-0.486393	0.514043
BLOCK14/SES148/SA148S26	SES148	-1.7221	-0.261173	1.46093
BLOCK14/SES148/SA148S29	SES148	-2.43054	-4.21279	-1.78225
BLOCK14/SES149/SA149S13	SES149	-2.72817	-4.51539	-1.78721
BLOCK14/SES149/SA149S14	SES149	-2.0743	-1.95388	0.120421
BLOCK14/SES149/SA149S24	SES149	-1.54862	-2.89804	-1.34942
BLOCK14/SES149/SA149S26	SES149	-1.28361	-3.71947	-2.43586
BLOCK14/SES149/SA149S28	SES149	-1.19495	2.11994	3.31489
BLOCK15/SES158/SA158S13	SES158	0.0281038	-8.12037	-8.14847
BLOCK15/SES158/SA158S14	SES158	0.904881	-7.46433	-8.36921
BLOCK15/SES158/SA158S23	SES158	-0.472	-5.3435	-4.8715
BLOCK15/SES158/SA158S26	SES158	-0.35788	-8.29836	-7.94048
BLOCK15/SES158/SA158S28	SES158	-1.00993	-6.46789	-5.45796
BLOCK16/SES162/SA162S10	SES162	-1.6229	-5.88334	-4.26044
BLOCK16/SES162/SA162S11	SES162	-1.66988	-2.28489	-0.615015
BLOCK16/SES162/SA162S21	SES162	-1.35962	-2.58392	-1.2243
BLOCK16/SES162/SA162S24	SES162	-0.373921	-1.76621	-1.39229
BLOCK16/SES162/SA162S27	SES162	-0.815688	-6.77699	-5.96131
BLOCK16/SES167/SA167S14	SES167	-0.443776	0.301247	0.745023
BLOCK16/SES167/SA167S15	SES167	-0.103861	1.67124	1.7751
BLOCK16/SES167/SA167S21	SES167	-0.139862	2.15461	2.29447
BLOCK16/SES167/SA167S25	SES167	0.634384	-0.127109	-0.761493
BLOCK16/SES167/SA167S29	SES167	0.957157	2.55686	1.59971
BLOCK17/SES172/SA172S12	SES172	-1.88927	-4.86185	-2.97258
BLOCK17/SES172/SA172S13	SES172	-1.18294	-4.65634	-3.4734
BLOCK17/SES172/SA172S23	SES172	-1.01495	-1.53482	-0.51987
BLOCK17/SES172/SA172S27	SES172	-2.20553	-6.22822	-4.02269
BLOCK17/SES172/SA172S29	SES172	-0.99085	-1.95331	-0.962455
BLOCK17/SES175/SA175S11	SES175	-2.15435	-6.42547	-4.27112
BLOCK17/SES175/SA175S13	SES175	-0.367097	0.805979	1.17308
BLOCK17/SES175/SA175S23	SES175	-1.37339	-1.57032	-0.196927
BLOCK17/SES175/SA175S25	SES175	-1.3403	-3.94363	-2.60333
BLOCK17/SES175/SA175S28	SES175	-1.20941	-3.14038	-1.93097
BLOCK17/SES177/SA177S15	SES177	-1.90923	-4.93772	-3.02848
BLOCK17/SES177/SA177S17	SES177	-1.96727	-4.47527	-2.508
BLOCK17/SES177/SA177S23	SES177	-1.9306	-3.90455	-1.97396
BLOCK17/SES177/SA177S26	SES177	-1.46639	-0.394937	1.07145
BLOCK17/SES177/SA177S28	SES177	-2.18365	-7.44682	-5.26317
BLOCK18/SES180/SA180S13	SES180	-2.38781	-8.32263	-5.93482
BLOCK18/SES180/SA180S15	SES180	-1.43906	-1.75626	-0.317206
BLOCK18/SES180/SA180S24	SES180	-2.15912	-2.67757	-0.518456
BLOCK18/SES180/SA180S26	SES180	-1.9517	-3.61965	-1.66795
BLOCK18/SES180/SA180S29	SES180	-2.31263	-7.34468	-5.03205
BLOCK18/SES183/SA183S13	SES183	-1.3019	-3.74593	-2.44403
BLOCK18/SES183/SA183S14	SES183	-2.20419	-4.70483	-2.50064
BLOCK18/SES183/SA183S24	SES183	-1.20913	-6.2118	-5.00267
BLOCK18/SES183/SA183S27	SES183	-0.422288	-3.36659	-2.9443
BLOCK18/SES183/SA183S29	SES183	-1.15549	-2.27864	-1.12315
BLOCK18/SES187/SA187S13	SES187	-1.55634	-5.49218	-3.93584
BLOCK18/SES187/SA187S14	SES187	-1.76259	-5.84246	-4.07987
BLOCK18/SES187/SA187S24	SES187	-0.600265	-4.17454	-3.57428
BLOCK18/SES187/SA187S27	SES187	-1.10212	-2.83693	-1.73481
BLOCK18/SES187/SA187S29	SES187	-1.32824	-8.6492	-7.32096
BLOCK18/SES189/SA189S10	SES189	-0.217237	-5.24541	-5.02817
BLOCK18/SES189/SA189S13	SES189	-0.286964	-10.7165	-10.4296
BLOCK18/SES189/SA189S24	SES189	-0.00423622	-5.17126	-5.16702
BLOCK18/SES189/SA189S26	SES189	-0.792029	-5.54563	-4.7536
BLOCK18/SES189/SA189S29	SES189	-0.00759315	-4.66179	-4.65419
BLOCK20/SES202/SA202S12	SES202	-1.13862	-8.63294	-7.49433
BLOCK20/SES202/SA202S14	SES202	-0.931811	-6.41022	-5.47841
BLOCK20/SES202/SA202S24	SES202	-1.49326	-7.01899	-5.52573
BLOCK20/SES202/SA202S27	SES202	-1.21507	-3.3737	-2.15863
BLOCK20/SES202/SA202S29	SES202	-0.860318	-4.88379	-4.02348
BLOCK20/SES206/SA206S15	SES206	-2.14089	-1.83718	0.303711
BLOCK20/SES206/SA206S17	SES206	-0.730886	-4.78407	-4.05319
BLOCK20/SES206/SA206S24	SES206	-0.96079	-1.91361	-0.952821
BLOCK20/SES206/SA206S27	SES206	-0.391618	-5.85419	-5.46257
BLOCK20/SES206/SA206S29	SES206	-1.01692	-6.39703	-5.38011
BLOCK22/SES226/SA226S12	SES226	-0.567996	-3.20402	-2.63602
BLOCK22/SES226/SA226S13	SES226	-2.64721	-3.74981	-1.1026
BLOCK22/SES226/SA226S20	SES226	-0.95106	-3.0029	-2.05184
BLOCK22/SES226/SA226S23	SES226	-1.3615	-1.89082	-0.529321
BLOCK22/SES226/SA226S28	SES226	-0.0649781	-0.754411	-0.689433
BLOCK25/SES259/SA259S13	SES259	1.14155	-3.1486	-4.29014
BLOCK25/SES259/SA259S14	SES259	-0.454052	-4.15468	-3.70062
BLOCK25/SES259/SA259S22	SES259	-0.616039	-3.69395	-3.07791
BLOCK25/SES259/SA259S24	SES259	-0.392348	-4.44633	-4.05399
BLOCK25/SES259/SA259S28	SES259	-0.718553	-3.97539	-3.25683
BLOCK27/SES270/SA270S14	SES270	0.228337	-2.0102	-2.23854
BLOCK27/SES270/SA270S16	SES270	-1.28336	-2.16233	-0.878969
BLOCK27/SES270/SA270S22	SES270	0.186925	-1.62276	-1.80969
BLOCK27/SES270/SA270S26	SES270	0.685274	-3.2104	-3.89568
BLOCK27/SES270/SA270S28	SES270	0.162204	0.297139	0.134935
BLOCK27/SES275/SA275S17	SES275	-1.11847	-3.00574	-1.88727
BLOCK27/SES275/SA275S18	SES275	-2.01213	-4.09965	-2.08751
BLOCK27/SES275/SA275S24	SES275	-1.5254	-4.02305	-2.49766
BLOCK27/SES275/SA275S26	SES275	-1.42245	-3.46546	-2.043
BLOCK27/SES275/SA275S28	SES275	-1.84798	-3.98777	-2.1398
BLOCK29/SES292/SA292S10	SES292	-2.68969	-3.7491	-1.05941
BLOCK29/SES292/SA292S12	SES292	-1.78468	-5.01939	-3.23471
BLOCK29/SES292/SA292S22	SES292	-2.54984	-4.30251	-1.75268
BLOCK29/SES292/SA292S24	SES292	-1.35818	-1.03062	0.327564
BLOCK29/SES292/SA292S27	SES292	-2.07662	-2.49818	-0.421559
BLOCK00/SES001/SA001S14	SES062	-4.12717	-9.74733	-5.62016
BLOCK00/SES001/SA001S14	SES082	-2.63411	-8.25428	-5.62016
BLOCK00/SES001/SA001S14	SES106	-2.82512	-8.44528	-5.62016
BLOCK00/SES001/SA001S14	SES206	-3.16963	-8.78979	-5.62016
BLOCK00/SES001/SA001S15	SES062	-3.01558	-6.80897	-3.79339
BLOCK00/SES001/SA001S15	SES104	-1.73179	-5.52518	-3.79339
BLOCK00/SES001/SA001S15	SES106	-1.65278	-5.44616	-3.79339
BLOCK00/SES001/SA001S15	SES206	-3.0824	-6.87579	-3.79339
BLOCK00/SES001/SA001S24	SES062	-7.01652	-13.4991	-6.4826
BLOCK00/SES001/SA001S24	SES082	-2.97934	-9.46194	-6.4826
BLOCK00/SES001/SA001S24	SES087	-5.53815	-12.0208	-6.4826
BLOCK00/SES001/SA001S24	SES206	-3.55484	-10.0374	-6.4826
BLOCK00/SES001/SA001S27	SES062	-2.87847	-2.97894	-0.100473
BLOCK00/SES001/SA001S27	SES082	-2.26777	-2.36824	-0.100473
BLOCK00/SES001/SA001S27	SES087	-2.76077	-2.86125	-0.100473
BLOCK00/SES001/SA001S27	SES206	-3.17549	-3.27596	-0.100473
BLOCK00/SES001/SA001S29	SES062	-4.74256	-9.14638	-4.40382
BLOCK00/SES001/SA001S29	SES082	-2.50148	-6.90529	-4.40382
BLOCK00/SES001/SA001S29	SES158	-2.66239	-7.0662	-4.40382
BLOCK00/SES001/SA001S29	SES206	-3.62133	-8.02515	-4.40382
BLOCK00/SES003/SA003S11	SES002	-1.19413	-1.41145	-0.21732
BLOCK00/SES003/SA003S11	SES019	-2.88673	-3.10405	-0.21732
BLOCK00/SES003/SA003S11	SES082	-2.54711	-2.76443	-0.21732
BLOCK00/SES003/SA003S11	SES125	-2.84015	-3.05747	-0.21732
BLOCK00/SES003/SA003S15	SES016	-4.14716	-6.48894	-2.34178
BLOCK00/SES003/SA003S15	SES019	-3.89581	-6.23758	-2.34178
BLOCK00/SES003/SA003S15	SES062	-3.35777	-5.69955	-2.34178
BLOCK00/SES003/SA003S15	SES206	-2.09133	-4.43311	-2.34178
BLOCK00/SES003/SA003S22	SES002	-2.03553	-2.81931	-0.78378
BLOCK00/SES003/SA003S22	SES062	-2.61911	-3.40289	-0.78378
BLOCK00/SES003/SA003S22	SES082	-3.57666	-4.36044	-0.78378
BLOCK00/SES003/SA003S22	SES087	-3.35015	-4.13393	-0.78378
BLOCK00/SES003/SA003S25	SES062	-2.53552	-5.24864	-2.71312
BLOCK00/SES003/SA003S25	SES082	-3.9923	-6.70542	-2.71312
BLOCK00/SES003/SA003S25	SES087	-1.62923	-4.34235	-2.71312
BLOCK00/SES003/SA003S25	SES206	-3.4957	-6.20882	-2.71312
BLOCK00/SES003/SA003S29	SES002	-2.27189	-3.16776	-0.895869
BLOCK00/SES003/SA003S29	SES062	-3.0619	-3.95777	-0.895869
BLOCK00/SES003/SA003S29	SES082	-3.26049	-4.15635	-0.895869
BLOCK00/SES003/SA003S29	SES087	-2.37537	-3.27124	-0.895869
BLOCK00/SES004/SA004S12	SES083	-2.90208	-3.45087	-0.548787
BLOCK00/SES004/SA004S12	SES148	-2.99756	-3.54635	-0.548787
BLOCK00/SES004/SA004S12	SES172	-1.57847	-2.12726	-0.548787
BLOCK00/SES004/SA004S12	SES292	-3.16418	-3.71296	-0.548787
BLOCK00/SES004/SA004S17	SES083	-2.70341	-3.57156	-0.868143
BLOCK00/SES004/SA004S17	SES162	-2.36678	-3.23492	-0.868143
BLOCK00/SES004/SA004S17	SES172	-2.21071	-3.07885	-0.868143
BLOCK00/SES004/SA004S17	SES292	-3.24635	-4.11449	-0.868143
BLOCK00/SES004/SA004S24	SES083	-2.84562	-4.75429	-1.90867
BLOCK00/SES004/SA004S24	SES148	-4.58361	-6.49228	-1.90867
BLOCK00/SES004/SA004S24	SES172	-1.89048	-3.79916	-1.90867
BLOCK00/SES004/SA004S24	SES292	-3.25721	-5.16588	-1.90867
BLOCK00/SES004/SA004S26	SES083	-3.01461	-5.19362	-2.17901
BLOCK00/SES004/SA004S26	SES127	-3.38003	-5.55905	-2.17901
BLOCK00/SES004/SA004S26	SES148	-4.52855	-6.70756	-2.17901
BLOCK00/SES004/SA004S26	SES292	-3.72958	-5.9086	-2.17901
BLOCK00/SES004/SA004S28	SES083	-3.68244	-0.407966	3.27448
BLOCK00/SES004/SA004S28	SES127	-2.25636	1.01812	3.27448
BLOCK00/SES004/SA004S28	SES187	-2.60942	0.66506	3.27448
BLOCK00/SES004/SA004S28	SES292	-2.72683	0.547648	3.27448
BLOCK00/SES006/SA006S10	SES014	-4.98528	-12.4566	-7.4713
BLOCK00/SES006/SA006S10	SES158	-6.89557	-14.3669	-7.4713
BLOCK00/SES006/SA006S10	SES226	-4.6798	-12.1511	-7.4713
BLOCK00/SES006/SA006S10	SES270	-5.2339	-12.7052	-7.4713
BLOCK00/SES006/SA006S11	SES158	-6.126	-11.2405	-5.11454
BLOCK00/SES006/SA006S11	SES226	-4.58165	-9.69619	-5.11454
BLOCK00/SES006/SA006S11	SES270	-4.10994	-9.22448	-5.11454
BLOCK00/SES006/SA006S11	SES275	-4.15836	-9.2729	-5.11454
BLOCK00/SES006/SA006S23	SES062	-4.99378	-9.87538	-4.88159
BLOCK00/SES006/SA006S23	SES105	-4.22286	-9.10445	-4.88159
BLOCK00/SES006/SA006S23	SES158	-5.72748	-10.6091	-4.88159
BLOCK00/SES006/SA006S23	SES275	-4.07551	-8.9571	-4.88159
BLOCK00/SES006/SA006S26	SES104	-8.02161	-13.8948	-5.87323
BLOCK00/SES006/SA006S26	SES158	-6.56044	-12.4337	-5.87323
BLOCK00/SES006/SA006S26	SES270	-4.67054	-10.5438	-5.87323
BLOCK00/SES006/SA006S26	SES275	-4.40218	-10.2754	-5.87323
BLOCK00/SES006/SA006S28	SES007	-4.20819	-10.0595	-5.85131
BLOCK00/SES006/SA006S28	SES105	-4.09779	-9.9491	-5.85131
BLOCK00/SES006/SA006S28	SES158	-4.7025	-10.5538	-5.85131
BLOCK00/SES006/SA006S28	SES275	-4.19755	-10.0489	-5.85131
BLOCK00/SES009/SA009S12	SES083	-4.38711	-8.78122	-4.39411
BLOCK00/SES009/SA009S12	SES148	-6.96231	-11.3564	-4.39411
BLOCK00/SES009/SA009S12	SES177	-3.19141	-7.58552	-4.39411
BLOCK00/SES009/SA009S12	SES292	-3.69172	-8.08583	-4.39411
BLOCK00/SES009/SA009S15	SES007	-3.08307	-7.13213	-4.04906
BLOCK00/SES009/SA009S15	SES099	-5.27088	-9.31993	-4.04906
BLOCK00/SES009/SA009S15	SES148	-6.39628	-10.4453	-4.04906
BLOCK00/SES009/SA009S15	SES172	-2.76568	-6.81473	-4.04906
BLOCK00/SES009/SA009S24	SES146	-3.22139	-8.11423	-4.89284
BLOCK00/SES009/SA009S24	SES148	-7.31529	-12.2081	-4.89284
BLOCK00/SES009/SA009S24	SES177	-3.19846	-8.0913	-4.89284
BLOCK00/SES009/SA009S24	SES292	-3.81557	-8.70841	-4.89284
BLOCK00/SES009/SA009S26	SES083	-4.18285	-6.75789	-2.57505
BLOCK00/SES009/SA009S26	SES101	-4.59181	-7.16686	-2.57505
BLOCK00/SES009/SA009S26	SES120	-3.66582	-6.24086	-2.57505
BLOCK00/SES009/SA009S26	SES177	-3.47872	-6.05377	-2.57505
BLOCK00/SES009/SA009S29	SES083	-3.17478	-6.23979	-3.06502
BLOCK00/SES009/SA009S29	SES101	-3.77863	-6.84365	-3.06502
BLOCK00/SES009/SA009S29	SES177	-2.17566	-5.24067	-3.06502
BLOCK00/SES009/SA009S29	SES292	-3.05785	-6.12286	-3.06502
BLOCK01/SES011/SA011S10	SES019	-4.79938	-13.2992	-8.49982
BLOCK01/SES011/SA011S10	SES042	-2.24238	-10.7422	-8.49982
BLOCK01/SES011/SA011S10	SES082	-3.3687	-11.8685	-8.49982
BLOCK01/SES011/SA011S10	SES206	-2.61444	-11.1143	-8.49982
BLOCK01/SES011/SA011S11	SES019	-2.96842	-9.63817	-6.66975
BLOCK01/SES011/SA011S11	SES042	-2.57191	-9.24166	-6.66975
BLOCK01/SES011/SA011S11	SES082	-2.6293	-9.29905	-6.66975
BLOCK01/SES011/SA011S11	SES206	-3.89806	-10.5678	-6.66975
BLOCK01/SES011/SA011S22	SES019	-2.71814	-10.7952	-8.07705
BLOCK01/SES011/SA011S22	SES042	-0.665823	-8.74288	-8.07705
BLOCK01/SES011/SA011S22	SES082	-2.86461	-10.9417	-8.07705
BLOCK01/SES011/SA011S22	SES206	-3.03704	-11.1141	-8.07705
BLOCK01/SES011/SA011S24	SES019	-3.98572	-10.0756	-6.08988
BLOCK01/SES011/SA011S24	SES042	-1.62135	-7.71123	-6.08988
BLOCK01/SES011/SA011S24	SES104	-2.42146	-8.51133	-6.08988
BLOCK01/SES011/SA011S24	SES206	-2.22745	-8.31733	-6.08988
BLOCK01/SES011/SA011S27	SES082	-2.83792	-8.52822	-5.69029
BLOCK01/SES011/SA011S27	SES087	-6.13067	-11.821	-5.69029
BLOCK01/SES011/SA011S27	SES125	-3.23406	-8.92435	-5.69029
BLOCK01/SES011/SA011S27	SES206	-3.46752	-9.15782	-5.69029
BLOCK01/SES012/SA012S11	SES007	-2.88437	-4.15901	-1.27464
BLOCK01/SES012/SA012S11	SES082	-2.36612	-3.64076	-1.27464
BLOCK01/SES012/SA012S11	SES083	-3.16731	-4.44195	-1.27464
BLOCK01/SES012/SA012S11	SES206	-2.07944	-3.35408	-1.27464
BLOCK01/SES012/SA012S14	SES082	-2.49943	-7.03017	-4.53073
BLOCK01/SES012/SA012S14	SES087	-4.27555	-8.80628	-4.53073
BLOCK01/SES012/SA012S14	SES206	-1.37713	-5.90786	-4.53073
BLOCK01/SES012/SA012S14	SES292	-3.30474	-7.83547	-4.53073
BLOCK01/SES012/SA012S24	SES082	-2.60684	-9.39816	-6.79132
BLOCK01/SES012/SA012S24	SES087	-3.32497	-10.1163	-6.79132
BLOCK01/SES012/SA012S24	SES120	-3.66189	-10.4532	-6.79132
BLOCK01/SES012/SA012S24	SES206	-3.19797	-9.98929	-6.79132
BLOCK01/SES012/SA012S26	SES019	-7.17965	-13.5786	-6.39895
BLOCK01/SES012/SA012S26	SES082	-4.1157	-10.5146	-6.39895
BLOCK01/SES012/SA012S26	SES206	-1.6722	-8.07114	-6.39895
BLOCK01/SES012/SA012S26	SES292	-2.91949	-9.31844	-6.39895
BLOCK01/SES012/SA012S29	SES062	-2.54113	-1.5705	0.970632
BLOCK01/SES012/SA012S29	SES082	-2.40744	-1.43681	0.970632
BLOCK01/SES012/SA012S29	SES083	-2.75552	-1.78489	0.970632
BLOCK01/SES012/SA012S29	SES206	-2.18671	-1.21608	0.970632
BLOCK01/SES013/SA013S16	SES062	-4.52524	-9.67821	-5.15297
BLOCK01/SES013/SA013S16	SES106	-4.05917	-9.21214	-5.15297
BLOCK01/SES013/SA013S16	SES206	-3.3679	-8.52087	-5.15297
BLOCK01/SES013/SA013S16	SES226	-3.8872	-9.04017	-5.15297
BLOCK01/SES013/SA013S17	SES062	-3.49393	-4.79958	-1.30566
BLOCK01/SES013/SA013S17	SES106	-3.59026	-4.89591	-1.30566
BLOCK01/SES013/SA013S17	SES206	-2.40684	-3.7125	-1.30566
BLOCK01/SES013/SA013S17	SES226	-2.26261	-3.56827	-1.30566
BLOCK01/SES013/SA013S23	SES104	-1.7538	-4.87992	-3.12612
BLOCK01/SES013/SA013S23	SES106	-3.12823	-6.25435	-3.12612
BLOCK01/SES013/SA013S23	SES206	-2.40068	-5.5268	-3.12612
BLOCK01/SES013/SA013S23	SES270	-3.84642	-6.97254	-3.12612
BLOCK01/SES013/SA013S25	SES042	-4.93929	-8.2928	-3.35351
BLOCK01/SES013/SA013S25	SES104	-1.32822	-4.68173	-3.35351
BLOCK01/SES013/SA013S25	SES106	-1.45643	-4.80994	-3.35351
BLOCK01/SES013/SA013S25	SES206	-1.9466	-5.30011	-3.35351
BLOCK01/SES013/SA013S29	SES062	-4.8674	-8.40008	-3.53268
BLOCK01/SES013/SA013S29	SES104	-2.48852	-6.0212	-3.53268
BLOCK01/SES013/SA013S29	SES106	-2.74169	-6.27437	-3.53268
BLOCK01/SES013/SA013S29	SES206	-2.76842	-6.3011	-3.53268
BLOCK02/SES021/SA021S13	SES016	-3.74367	-5.95402	-2.21034
BLOCK02/SES021/SA021S13	SES029	-3.81832	-6.02866	-2.21034
BLOCK02/SES021/SA021S13	SES087	-5.07757	-7.28791	-2.21034
BLOCK02/SES021/SA021S13	SES206	-3.13374	-5.34408	-2.21034
BLOCK02/SES021/SA021S15	SES087	-2.92644	-4.67946	-1.75301
BLOCK02/SES021/SA021S15	SES125	-2.86271	-4.61572	-1.75301
BLOCK02/SES021/SA021S15	SES206	-2.18842	-3.94143	-1.75301
BLOCK02/SES021/SA021S15	SES226	-2.60314	-4.35615	-1.75301
BLOCK02/SES021/SA021S23	SES062	-4.51624	-7.52515	-3.00891
BLOCK02/SES021/SA021S23	SES087	-2.19213	-5.20104	-3.00891
BLOCK02/SES021/SA021S23	SES206	-2.43948	-5.44839	-3.00891
BLOCK02/SES021/SA021S23	SES226	-1.62837	-4.63728	-3.00891
BLOCK02/SES021/SA021S27	SES002	-3.12597	-2.79451	0.331459
BLOCK02/SES021/SA021S27	SES016	-5.69503	-5.36357	0.331459
BLOCK02/SES021/SA021S27	SES019	-3.70762	-3.37616	0.331459
BLOCK02/SES021/SA021S27	SES062	-3.42793	-3.09647	0.331459
BLOCK02/SES021/SA021S29	SES087	-3.08656	-4.86659	-1.78003
BLOCK02/SES021/SA021S29	SES125	-3.63669	-5.41672	-1.78003
BLOCK02/SES021/SA021S29	SES206	-2.41439	-4.19443	-1.78003
BLOCK02/SES021/SA021S29	SES226	-3.23796	-5.01799	-1.78003
BLOCK04/SES043/SA043S09	SES083	-1.96645	-6.61687	-4.65041
BLOCK04/SES043/SA043S09	SES101	-2.23857	-6.88898	-4.65041
BLOCK04/SES043/SA043S09	SES144	-1.84819	-6.49861	-4.65041
BLOCK04/SES043/SA043S09	SES172	-2.26926	-6.91967	-4.65041
BLOCK04/SES043/SA043S11	SES083	-2.04946	-2.46133	-0.41187
BLOCK04/SES043/SA043S11	SES101	-2.30945	-2.72132	-0.41187
BLOCK04/SES043/SA043S11	SES144	-1.53192	-1.94379	-0.41187
BLOCK04/SES043/SA043S11	SES172	-2.70803	-3.1199	-0.41187
BLOCK04/SES043/SA043S23	SES083	-2.07992	-3.90985	-1.82993
BLOCK04/SES043/SA043S23	SES144	-1.32335	-3.15328	-1.82993
BLOCK04/SES043/SA043S23	SES177	-2.3904	-4.22033	-1.82993
BLOCK04/SES043/SA043S23	SES275	-2.26052	-4.09045	-1.82993
BLOCK04/SES043/SA043S26	SES083	-2.55712	-9.55623	-6.99911
BLOCK04/SES043/SA043S26	SES101	-2.4902	-9.48931	-6.99911
BLOCK04/SES043/SA043S26	SES144	-2.34355	-9.34266	-6.99911
BLOCK04/SES043/SA043S26	SES177	-3.70791	-10.707	-6.99911
BLOCK04/SES043/SA043S28	SES016	-3.24921	-6.24482	-2.99562
BLOCK04/SES043/SA043S28	SES083	-2.38223	-5.37784	-2.99562
BLOCK04/SES043/SA043S28	SES101	-2.18465	-5.18027	-2.99562
BLOCK04/SES043/SA043S28	SES144	-2.88339	-5.87901	-2.99562
BLOCK04/SES044/SA044S10	SES127	-5.54397	-12.4437	-6.89972
BLOCK04/SES044/SA044S10	SES144	-2.33874	-9.23846	-6.89972
BLOCK04/SES044/SA044S10	SES147	-4.60888	-11.5086	-6.89972
BLOCK04/SES044/SA044S10	SES148	-4.5272	-11.4269	-6.89972
BLOCK04/SES044/SA044S11	SES101	-2.88609	-7.64914	-4.76305
BLOCK04/SES044/SA044S11	SES144	-1.86802	-6.63106	-4.76305
BLOCK04/SES044/SA044S11	SES147	-3.05456	-7.81761	-4.76305
BLOCK04/SES044/SA044S11	SES177	-3.14132	-7.90436	-4.76305
BLOCK04/SES044/SA044S24	SES007	-4.51719	-8.97388	-4.45668
BLOCK04/SES044/SA044S24	SES101	-2.42596	-6.88265	-4.45668
BLOCK04/SES044/SA044S24	SES147	-3.57986	-8.03654	-4.45668
BLOCK04/SES044/SA044S24	SES177	-3.62145	-8.07814	-4.45668
BLOCK04/SES044/SA044S26	SES007	-3.54979	-3.79106	-0.241272
BLOCK04/SES044/SA044S26	SES016	-3.02859	-3.26986	-0.241272
BLOCK04/SES044/SA044S26	SES101	-3.04653	-3.2878	-0.241272
BLOCK04/SES044/SA044S26	SES147	-2.52133	-2.7626	-0.241272
BLOCK04/SES044/SA044S29	SES007	-3.79433	-7.54677	-3.75245
BLOCK04/SES044/SA044S29	SES101	-3.44695	-7.19939	-3.75245
BLOCK04/SES044/SA044S29	SES147	-3.02342	-6.77587	-3.75245
BLOCK04/SES044/SA044S29	SES177	-3.72749	-7.47993	-3.75245
BLOCK04/SES046/SA046S13	SES101	-2.6553	-7.06452	-4.40923
BLOCK04/SES046/SA046S13	SES144	-2.65406	-7.06329	-4.40923
BLOCK04/SES046/SA046S13	SES147	-3.03225	-7.44147	-4.40923
BLOCK04/SES046/SA046S13	SES177	-3.25781	-7.66704	-4.40923
BLOCK04/SES046/SA046S15	SES048	-2.25554	-3.38681	-1.13127
BLOCK04/SES046/SA046S15	SES083	-3.37071	-4.50198	-1.13127
BLOCK04/SES046/SA046S15	SES120	-3.62884	-4.76011	-1.13127
BLOCK04/SES046/SA046S15	SES148	-3.08162	-4.21289	-1.13127
BLOCK04/SES046/SA046S22	SES101	-2.52363	-5.57287	-3.04924
BLOCK04/SES046/SA046S22	SES144	-2.36771	-5.41695	-3.04924
BLOCK04/SES046/SA046S22	SES147	-2.7941	-5.84334	-3.04924
BLOCK04/SES046/SA046S22	SES172	-2.72937	-5.77861	-3.04924
BLOCK04/SES046/SA046S25	SES083	-2.69601	-2.66478	0.0312308
BLOCK04/SES046/SA046S25	SES127	-2.96717	-2.93594	0.0312308
BLOCK04/SES046/SA046S25	SES144	-2.32795	-2.29672	0.0312308
BLOCK04/SES046/SA046S25	SES148	-2.54931	-2.51808	0.0312308
BLOCK04/SES046/SA046S28	SES007	-3.62532	-5.54171	-1.91639
BLOCK04/SES046/SA046S28	SES105	-3.85397	-5.77036	-1.91639
BLOCK04/SES046/SA046S28	SES147	-1.92109	-3.83748	-1.91639
BLOCK04/SES046/SA046S28	SES148	-4.5324	-6.44879	-1.91639
BLOCK04/SES049/SA049S16	SES104	-2.53404	-7.04712	-4.51308
BLOCK04/SES049/SA049S16	SES106	-4.4648	-8.97788	-4.51308
BLOCK04/SES049/SA049S16	SES120	-3.74327	-8.25635	-4.51308
BLOCK04/SES049/SA049S16	SES206	-3.81254	-8.32562	-4.51308
BLOCK04/SES049/SA049S18	SES099	-1.38058	-4.99258	-3.61199
BLOCK04/SES049/SA049S18	SES104	-2.28707	-5.89907	-3.61199
BLOCK04/SES049/SA049S18	SES125	-3.21506	-6.82705	-3.61199
BLOCK04/SES049/SA049S18	SES206	-2.58937	-6.20136	-3.61199
BLOCK04/SES049/SA049S25	SES087	-2.45093	-5.87368	-3.42275
BLOCK04/SES049/SA049S25	SES104	-2.43964	-5.86239	-3.42275
BLOCK04/SES049/SA049S25	SES125	-2.9033	-6.32605	-3.42275
BLOCK04/SES049/SA049S25	SES206	-2.60386	-6.02662	-3.42275
BLOCK04/SES049/SA049S27	SES099	-2.42409	-0.493075	1.93102
BLOCK04/SES049/SA049S27	SES104	-1.51382	0.4172	1.93102
BLOCK04/SES049/SA049S27	SES125	-2.71825	-0.787231	1.93102
BLOCK04/SES049/SA049S27	SES206	-2.7578	-0.826784	1.93102
BLOCK04/SES049/SA049S29	SES099	-1.73829	-0.291772	1.44652
BLOCK04/SES049/SA049S29	SES104	-1.71124	-0.264718	1.44652
BLOCK04/SES049/SA049S29	SES125	-2.25179	-0.80527	1.44652
BLOCK04/SES049/SA049S29	SES206	-3.13246	-1.68595	1.44652
BLOCK06/SES063/SA063S09	SES068	-2.95689	-8.30225	-5.34535
BLOCK06/SES063/SA063S09	SES083	-2.37752	-7.72288	-5.34535
BLOCK06/SES063/SA063S09	SES177	-2.4342	-7.77956	-5.34535
BLOCK06/SES063/SA063S09	SES187	-3.79737	-9.14272	-5.34535
BLOCK06/SES063/SA063S10	SES068	-2.86911	-7.13677	-4.26767
BLOCK06/SES063/SA063S10	SES083	-2.78501	-7.05268	-4.26767
BLOCK06/SES063/SA063S10	SES172	-2.95296	-7.22063	-4.26767
BLOCK06/SES063/SA063S10	SES187	-2.77013	-7.03779	-4.26767
BLOCK06/SES063/SA063S20	SES068	-3.77374	-9.58779	-5.81405
BLOCK06/SES063/SA063S20	SES083	-2.8708	-8.68485	-5.81405
BLOCK06/SES063/SA063S20	SES172	-2.87324	-8.6873	-5.81405
BLOCK06/SES063/SA063S20	SES187	-2.98403	-8.79808	-5.81405
BLOCK06/SES063/SA063S24	SES029	-3.68359	-9.50019	-5.8166
BLOCK06/SES063/SA063S24	SES083	-2.7029	-8.5195	-5.8166
BLOCK06/SES063/SA063S24	SES177	-3.51157	-9.32817	-5.8166
BLOCK06/SES063/SA063S24	SES189	-2.77463	-8.59123	-5.8166
BLOCK06/SES063/SA063S27	SES083	-2.46333	-7.50722	-5.04388
BLOCK06/SES063/SA063S27	SES172	-3.28253	-8.32642	-5.04388
BLOCK06/SES063/SA063S27	SES187	-3.35426	-8.39814	-5.04388
BLOCK06/SES063/SA063S27	SES292	-3.47171	-8.51559	-5.04388
BLOCK06/SES067/SA067S12	SES083	-2.83243	-4.55086	-1.71843
BLOCK06/SES067/SA067S12	SES172	-3.25708	-4.97551	-1.71843
BLOCK06/SES067/SA067S12	SES202	-2.47878	-4.19721	-1.71843
BLOCK06/SES067/SA067S12	SES292	-3.28291	-5.00134	-1.71843
BLOCK06/SES067/SA067S14	SES085	-2.54195	-1.25995	1.282
BLOCK06/SES067/SA067S14	SES177	-3.57754	-2.29554	1.282
BLOCK06/SES067/SA067S14	SES183	-1.31974	-0.0377403	1.282
BLOCK06/SES067/SA067S14	SES202	-2.15225	-0.87025	1.282
BLOCK06/SES067/SA067S21	SES144	-3.26621	-6.33231	-3.0661
BLOCK06/SES067/SA067S21	SES177	-3.21124	-6.27734	-3.0661
BLOCK06/SES067/SA067S21	SES183	-1.94436	-5.01046	-3.0661
BLOCK06/SES067/SA067S21	SES189	-3.23021	-6.29631	-3.0661
BLOCK06/SES067/SA067S25	SES085	-4.56488	-8.05356	-3.48867
BLOCK06/SES067/SA067S25	SES177	-3.78121	-7.26989	-3.48867
BLOCK06/SES067/SA067S25	SES183	-2.92	-6.40867	-3.48867
BLOCK06/SES067/SA067S25	SES202	-3.95007	-7.43875	-3.48867
BLOCK06/SES067/SA067S29	SES085	-3.78128	-9.65581	-5.87453
BLOCK06/SES067/SA067S29	SES177	-4.63507	-10.5096	-5.87453
BLOCK06/SES067/SA067S29	SES183	-2.15129	-8.02582	-5.87453
BLOCK06/SES067/SA067S29	SES202	-3.52872	-9.40326	-5.87453
BLOCK06/SES069/SA069S12	SES029	-3.50467	-4.07004	-0.565374
BLOCK06/SES069/SA069S12	SES082	-2.49253	-3.05791	-0.565374
BLOCK06/SES069/SA069S12	SES087	-3.04737	-3.61275	-0.565374
BLOCK06/SES069/SA069S12	SES206	-2.04127	-2.60664	-0.565374
BLOCK06/SES069/SA069S13	SES029	-3.79327	-3.18975	0.603529
BLOCK06/SES069/SA069S13	SES087	-2.55645	-1.95292	0.603529
BLOCK06/SES069/SA069S13	SES206	-3.57878	-2.97525	0.603529
BLOCK06/SES069/SA069S13	SES226	-1.56563	-0.962099	0.603529
BLOCK06/SES069/SA069S23	SES029	-2.10318	0.871821	2.97501
BLOCK06/SES069/SA069S23	SES087	-1.02091	1.9541	2.97501
BLOCK06/SES069/SA069S23	SES206	-1.41509	1.55991	2.97501
BLOCK06/SES069/SA069S23	SES226	-0.44763	2.52738	2.97501
BLOCK06/SES069/SA069S25	SES087	-1.9392	-1.95613	-0.0169262
BLOCK06/SES069/SA069S25	SES206	-3.76021	-3.77714	-0.0169262
BLOCK06/SES069/SA069S25	SES226	-2.18349	-2.20042	-0.0169262
BLOCK06/SES069/SA069S25	SES270	-3.88858	-3.9055	-0.0169262
BLOCK06/SES069/SA069S27	SES087	-3.1547	-5.00682	-1.85213
BLOCK06/SES069/SA069S27	SES206	-2.64648	-4.49861	-1.85213
BLOCK06/SES069/SA069S27	SES226	-2.54763	-4.39976	-1.85213
BLOCK06/SES069/SA069S27	SES270	-2.99946	-4.85158	-1.85213
BLOCK08/SES081/SA081S11	SES060	-3.45654	-8.82525	-5.36872
BLOCK08/SES081/SA081S11	SES062	-4.21168	-9.58039	-5.36872
BLOCK08/SES081/SA081S11	SES117	-3.17391	-8.54262	-5.36872
BLOCK08/SES081/SA081S11	SES162	-4.19149	-9.5602	-5.36872
BLOCK08/SES081/SA081S13	SES016	-3.43334	-5.83772	-2.40438
BLOCK08/SES081/SA081S13	SES060	-2.18224	-4.58662	-2.40438
BLOCK08/SES081/SA081S13	SES068	-2.845	-5.24937	-2.40438
BLOCK08/SES081/SA081S13	SES129	-4.22004	-6.62442	-2.40438
BLOCK08/SES081/SA081S24	SES060	-2.52402	-5.5314	-3.00738
BLOCK08/SES081/SA081S24	SES068	-3.2977	-6.30508	-3.00738
BLOCK08/SES081/SA081S24	SES117	-3.60084	-6.60822	-3.00738
BLOCK08/SES081/SA081S24	SES275	-3.78998	-6.79735	-3.00738
BLOCK08/SES081/SA081S27	SES007	-3.84903	-12.5945	-8.7455
BLOCK08/SES081/SA081S27	SES060	-3.58356	-12.3291	-8.7455
BLOCK08/SES081/SA081S27	SES117	-4.04533	-12.7908	-8.7455
BLOCK08/SES081/SA081S27	SES275	-5.40008	-14.1456	-8.7455
BLOCK08/SES081/SA081S29	SES007	-3.02072	-10.5382	-7.51749
BLOCK08/SES081/SA081S29	SES060	-3.0257	-10.5432	-7.51749
BLOCK08/SES081/SA081S29	SES117	-2.92876	-10.4462	-7.51749
BLOCK08/SES081/SA081S29	SES275	-4.57856	-12.0961	-7.51749
BLOCK08/SES086/SA086S11	SES029	-5.77392	-12.1546	-6.38067
BLOCK08/SES086/SA086S11	SES082	-3.35962	-9.74029	-6.38067
BLOCK08/SES086/SA086S11	SES087	-1.71713	-8.0978	-6.38067
BLOCK08/SES086/SA086S11	SES206	-3.37977	-9.76044	-6.38067
BLOCK08/SES086/SA086S12	SES029	-3.78785	-8.56134	-4.77349
BLOCK08/SES086/SA086S12	SES082	-3.01776	-7.79125	-4.77349
BLOCK08/SES086/SA086S12	SES087	-1.15862	-5.93211	-4.77349
BLOCK08/SES086/SA086S12	SES206	-2.49056	-7.26405	-4.77349
BLOCK08/SES086/SA086S20	SES029	-3.44105	-7.57988	-4.13883
BLOCK08/SES086/SA086S20	SES082	-4.05597	-8.1948	-4.13883
BLOCK08/SES086/SA086S20	SES087	-1.74951	-5.88835	-4.13883
BLOCK08/SES086/SA086S20	SES206	-1.94294	-6.08178	-4.13883
BLOCK08/SES086/SA086S24	SES087	-2.09081	-7.15909	-5.06827
BLOCK08/SES086/SA086S24	SES104	-2.37595	-7.44422	-5.06827
BLOCK08/SES086/SA086S24	SES120	-2.07538	-7.14365	-5.06827
BLOCK08/SES086/SA086S24	SES206	-1.38322	-6.4515	-5.06827
BLOCK08/SES086/SA086S28	SES029	-3.47615	-5.8176	-2.34145
BLOCK08/SES086/SA086S28	SES082	-2.51838	-4.85983	-2.34145
BLOCK08/SES086/SA086S28	SES087	-1.66451	-4.00595	-2.34145
BLOCK08/SES086/SA086S28	SES206	-2.49094	-4.83238	-2.34145
BLOCK08/SES089/SA089S13	SES087	-1.96733	-6.90093	-4.9336
BLOCK08/SES089/SA089S13	SES206	-3.18962	-8.12322	-4.9336
BLOCK08/SES089/SA089S13	SES226	-1.4354	-6.369	-4.9336
BLOCK08/SES089/SA089S13	SES270	-1.79307	-6.72667	-4.9336
BLOCK08/SES089/SA089S14	SES062	-2.8867	-6.21025	-3.32355
BLOCK08/SES089/SA089S14	SES087	-1.45424	-4.77779	-3.32355
BLOCK08/SES089/SA089S14	SES206	-2.92595	-6.24951	-3.32355
BLOCK08/SES089/SA089S14	SES226	-2.41241	-5.73596	-3.32355
BLOCK08/SES089/SA089S23	SES087	-2.82053	-9.1022	-6.28167
BLOCK08/SES089/SA089S23	SES206	-3.02645	-9.30812	-6.28167
BLOCK08/SES089/SA089S23	SES226	-2.48689	-8.76856	-6.28167
BLOCK08/SES089/SA089S23	SES270	-3.34082	-9.62249	-6.28167
BLOCK08/SES089/SA089S25	SES062	-2.74195	-6.7519	-4.00995
BLOCK08/SES089/SA089S25	SES087	-2.03076	-6.04071	-4.00995
BLOCK08/SES089/SA089S25	SES206	-3.03894	-7.04889	-4.00995
BLOCK08/SES089/SA089S25	SES226	-2.01184	-6.02179	-4.00995
BLOCK08/SES089/SA089S28	SES062	-2.48497	-5.17289	-2.68792
BLOCK08/SES089/SA089S28	SES087	-1.06103	-3.74895	-2.68792
BLOCK08/SES089/SA089S28	SES206	-2.8831	-5.57101	-2.68792
BLOCK08/SES089/SA089S28	SES226	-1.5729	-4.26082	-2.68792
BLOCK09/SES097/SA097S11	SES099	-1.39516	-2.59369	-1.19853
BLOCK09/SES097/SA097S11	SES125	-2.1387	-3.33723	-1.19853
BLOCK09/SES097/SA097S11	SES206	-3.04239	-4.24092	-1.19853
BLOCK09/SES097/SA097S11	SES226	-1.70336	-2.90188	-1.19853
BLOCK09/SES097/SA097S14	SES062	-3.13599	-3.57297	-0.436974
BLOCK09/SES097/SA097S14	SES099	-3.4345	-3.87147	-0.436974
BLOCK09/SES097/SA097S14	SES104	-4.82606	-5.26303	-0.436974
BLOCK09/SES097/SA097S14	SES206	-4.54996	-4.98693	-0.436974
BLOCK09/SES097/SA097S22	SES099	-1.20794	-2.84695	-1.63901
BLOCK09/SES097/SA097S22	SES206	-3.40904	-5.04805	-1.63901
BLOCK09/SES097/SA097S22	SES226	-2.61936	-4.25837	-1.63901
BLOCK09/SES097/SA097S22	SES270	-3.80879	-5.44779	-1.63901
BLOCK09/SES097/SA097S26	SES099	-1.27646	-4.8641	-3.58764
BLOCK09/SES097/SA097S26	SES120	-3.53091	-7.11856	-3.58764
BLOCK09/SES097/SA097S26	SES206	-3.64922	-7.23686	-3.58764
BLOCK09/SES097/SA097S26	SES226	-2.34164	-5.92928	-3.58764
BLOCK09/SES097/SA097S28	SES099	-0.806497	-2.34121	-1.53472
BLOCK09/SES097/SA097S28	SES120	-2.87863	-4.41335	-1.53472
BLOCK09/SES097/SA097S28	SES206	-3.05835	-4.59306	-1.53472
BLOCK09/SES097/SA097S28	SES226	-3.08462	-4.61934	-1.53472
BLOCK09/SES098/SA098S11	SES127	-4.24863	-7.141	-2.89237
BLOCK09/SES098/SA098S11	SES144	-3.16515	-6.05752	-2.89237
BLOCK09/SES098/SA098S11	SES147	-3.3779	-6.27027	-2.89237
BLOCK09/SES098/SA098S11	SES148	-5.09107	-7.98344	-2.89237
BLOCK09/SES098/SA098S12	SES127	-5.29528	-10.9627	-5.6674
BLOCK09/SES098/SA098S12	SES144	-4.04367	-9.71107	-5.6674
BLOCK09/SES098/SA098S12	SES147	-4.06099	-9.72839	-5.6674
BLOCK09/SES098/SA098S12	SES189	-3.59603	-9.26343	-5.6674
BLOCK09/SES098/SA098S20	SES127	-7.07072	-14.9721	-7.90142
BLOCK09/SES098/SA098S20	SES147	-5.8868	-13.7882	-7.90142
BLOCK09/SES098/SA098S20	SES148	-9.39429	-17.2957	-7.90142
BLOCK09/SES098/SA098S20	SES292	-4.03724	-11.9387	-7.90142
BLOCK09/SES098/SA098S23	SES127	-3.72455	-8.33369	-4.60914
BLOCK09/SES098/SA098S23	SES147	-4.03278	-8.64192	-4.60914
BLOCK09/SES098/SA098S23	SES187	-2.78734	-7.39648	-4.60914
BLOCK09/SES098/SA098S23	SES292	-3.54826	-8.1574	-4.60914
BLOCK09/SES098/SA098S27	SES127	-4.85054	-10.5215	-5.67094
BLOCK09/SES098/SA098S27	SES147	-4.41877	-10.0897	-5.67094
BLOCK09/SES098/SA098S27	SES148	-4.49853	-10.1695	-5.67094
BLOCK09/SES098/SA098S27	SES292	-3.02425	-8.69518	-5.67094
BLOCK10/SES102/SA102S13	SES101	-1.73136	-7.9759	-6.24454
BLOCK10/SES102/SA102S13	SES105	-2.28276	-8.52729	-6.24454
BLOCK10/SES102/SA102S13	SES120	-2.79611	-9.04064	-6.24454
BLOCK10/SES102/SA102S13	SES158	-1.88822	-8.13276	-6.24454
BLOCK10/SES102/SA102S14	SES007	-2.18684	-3.82633	-1.63949
BLOCK10/SES102/SA102S14	SES101	-2.93956	-4.57905	-1.63949
BLOCK10/SES102/SA102S14	SES105	-3.02714	-4.66663	-1.63949
BLOCK10/SES102/SA102S14	SES147	-4.39442	-6.0339	-1.63949
BLOCK10/SES102/SA102S22	SES007	-2.79339	-5.5112	-2.7178
BLOCK10/SES102/SA102S22	SES101	-3.31931	-6.03712	-2.7178
BLOCK10/SES102/SA102S22	SES105	-2.50991	-5.22771	-2.7178
BLOCK10/SES102/SA102S22	SES158	-2.543	-5.26081	-2.7178
BLOCK10/SES102/SA102S25	SES007	-2.75743	-5.13361	-2.37618
BLOCK10/SES102/SA102S25	SES101	-3.05195	-5.42813	-2.37618
BLOCK10/SES102/SA102S25	SES105	-2.93711	-5.31329	-2.37618
BLOCK10/SES102/SA102S25	SES147	-4.95495	-7.33113	-2.37618
BLOCK10/SES102/SA102S27	SES007	-2.48203	-3.27318	-0.791157
BLOCK10/SES102/SA102S27	SES101	-2.40467	-3.19583	-0.791157
BLOCK10/SES102/SA102S27	SES105	-2.74028	-3.53144	-0.791157
BLOCK10/SES102/SA102S27	SES147	-4.08518	-4.87634	-0.791157
BLOCK10/SES103/SA103S14	SES105	-3.55787	-12.0107	-8.4528
BLOCK10/SES103/SA103S14	SES106	-5.11514	-13.5679	-8.4528
BLOCK10/SES103/SA103S14	SES120	-4.14106	-12.5939	-8.4528
BLOCK10/SES103/SA103S14	SES206	-3.37473	-11.8275	-8.4528
BLOCK10/SES103/SA103S15	SES099	-4.02293	-11.8553	-7.83234
BLOCK10/SES103/SA103S15	SES101	-4.31299	-12.1453	-7.83234
BLOCK10/SES103/SA103S15	SES104	-3.55503	-11.3874	-7.83234
BLOCK10/SES103/SA103S15	SES125	-5.87344	-13.7058	-7.83234
BLOCK10/SES103/SA103S24	SES104	-3.50888	-6.65312	-3.14424
BLOCK10/SES103/SA103S24	SES125	-6.6581	-9.80234	-3.14424
BLOCK10/SES103/SA103S24	SES148	-4.98483	-8.12908	-3.14424
BLOCK10/SES103/SA103S24	SES158	-4.831	-7.97524	-3.14424
BLOCK10/SES103/SA103S26	SES104	-3.42885	-10.358	-6.92914
BLOCK10/SES103/SA103S26	SES106	-3.40539	-10.3345	-6.92914
BLOCK10/SES103/SA103S26	SES125	-3.97067	-10.8998	-6.92914
BLOCK10/SES103/SA103S26	SES148	-7.18211	-14.1112	-6.92914
BLOCK10/SES103/SA103S28	SES104	-5.49494	-13.7142	-8.21928
BLOCK10/SES103/SA103S28	SES106	-6.1903	-14.4096	-8.21928
BLOCK10/SES103/SA103S28	SES125	-7.05101	-15.2703	-8.21928
BLOCK10/SES103/SA103S28	SES206	-3.84529	-12.0646	-8.21928
BLOCK12/SES121/SA121S12	SES042	-3.74158	-8.37714	-4.63556
BLOCK12/SES121/SA121S12	SES087	-2.44225	-7.07782	-4.63556
BLOCK12/SES121/SA121S12	SES105	-1.9777	-6.61326	-4.63556
BLOCK12/SES121/SA121S12	SES206	-2.30955	-6.94511	-4.63556
BLOCK12/SES121/SA121S14	SES007	-3.52325	-13.3323	-9.80902
BLOCK12/SES121/SA121S14	SES105	-3.14045	-12.9495	-9.80902
BLOCK12/SES121/SA121S14	SES106	-3.8577	-13.6667	-9.80902
BLOCK12/SES121/SA121S14	SES206	-2.93548	-12.7445	-9.80902
BLOCK12/SES121/SA121S23	SES105	-2.22479	-10.554	-8.3292
BLOCK12/SES121/SA121S23	SES106	-3.07645	-11.4057	-8.3292
BLOCK12/SES121/SA121S23	SES120	-2.60808	-10.9373	-8.3292
BLOCK12/SES121/SA121S23	SES206	-1.1436	-9.47281	-8.3292
BLOCK12/SES121/SA121S25	SES007	-2.40009	-12.938	-10.5379
BLOCK12/SES121/SA121S25	SES105	-2.5354	-13.0733	-10.5379
BLOCK12/SES121/SA121S25	SES106	-2.86849	-13.4064	-10.5379
BLOCK12/SES121/SA121S25	SES206	-1.58533	-12.1233	-10.5379
BLOCK12/SES121/SA121S27	SES087	-1.34985	-11.0727	-9.7229
BLOCK12/SES121/SA121S27	SES105	-3.5849	-13.3078	-9.7229
BLOCK12/SES121/SA121S27	SES120	-2.06362	-11.7865	-9.7229
BLOCK12/SES121/SA121S27	SES206	-2.1999	-11.9228	-9.7229
BLOCK12/SES124/SA124S16	SES042	-1.93614	-3.88125	-1.9451
BLOCK12/SES124/SA124S16	SES082	-2.82769	-4.77279	-1.9451
BLOCK12/SES124/SA124S16	SES183	-2.15568	-4.10079	-1.9451
BLOCK12/SES124/SA124S16	SES206	-3.84133	-5.78644	-1.9451
BLOCK12/SES124/SA124S17	SES105	-4.67659	-11.0829	-6.40635
BLOCK12/SES124/SA124S17	SES149	-2.92698	-9.33334	-6.40635
BLOCK12/SES124/SA124S17	SES158	-3.61945	-10.0258	-6.40635
BLOCK12/SES124/SA124S17	SES275	-4.05622	-10.4626	-6.40635
BLOCK12/SES124/SA124S23	SES105	-3.65658	-4.09857	-0.441988
BLOCK12/SES124/SA124S23	SES125	-0.581516	-1.0235	-0.441988
BLOCK12/SES124/SA124S23	SES129	-3.61026	-4.05225	-0.441988
BLOCK12/SES124/SA124S23	SES158	-3.01032	-3.4523	-0.441988
BLOCK12/SES124/SA124S26	SES105	-4.39108	-8.40024	-4.00916
BLOCK12/SES124/SA124S26	SES125	-2.26692	-6.27608	-4.00916
BLOCK12/SES124/SA124S26	SES129	-4.41579	-8.42495	-4.00916
BLOCK12/SES124/SA124S26	SES158	-2.41654	-6.42569	-4.00916
BLOCK12/SES124/SA124S28	SES104	-1.10553	-3.40223	-2.2967
BLOCK12/SES124/SA124S28	SES106	-1.69462	-3.99132	-2.2967
BLOCK12/SES124/SA124S28	SES125	-0.754696	-3.0514	-2.2967
BLOCK12/SES124/SA124S28	SES275	-3.10095	-5.39765	-2.2967
BLOCK12/SES126/SA126S13	SES007	-3.12458	-7.64295	-4.51837
BLOCK12/SES126/SA126S13	SES162	-3.60724	-8.12562	-4.51837
BLOCK12/SES126/SA126S13	SES177	-3.06375	-7.58213	-4.51837
BLOCK12/SES126/SA126S13	SES180	-3.76226	-8.28063	-4.51837
BLOCK12/SES126/SA126S14	SES144	-3.039	-5.25004	-2.21104
BLOCK12/SES126/SA126S14	SES148	-3.25701	-5.46806	-2.21104
BLOCK12/SES126/SA126S14	SES177	-2.61416	-4.82521	-2.21104
BLOCK12/SES126/SA126S14	SES180	-3.44367	-5.65471	-2.21104
BLOCK12/SES126/SA126S20	SES007	-3.67439	-3.5233	0.15109
BLOCK12/SES126/SA126S20	SES162	-3.49808	-3.34699	0.15109
BLOCK12/SES126/SA126S20	SES172	-3.58251	-3.43142	0.15109
BLOCK12/SES126/SA126S20	SES180	-3.1872	-3.03611	0.15109
BLOCK12/SES126/SA126S24	SES120	-1.85209	-3.78607	-1.93398
BLOCK12/SES126/SA126S24	SES162	-2.51897	-4.45295	-1.93398
BLOCK12/SES126/SA126S24	SES177	-1.90802	-3.842	-1.93398
BLOCK12/SES126/SA126S24	SES180	-2.72303	-4.65701	-1.93398
BLOCK12/SES126/SA126S26	SES120	-1.86486	-3.05213	-1.18727
BLOCK12/SES126/SA126S26	SES177	-3.49432	-4.68159	-1.18727
BLOCK12/SES126/SA126S26	SES180	-1.8956	-3.08287	-1.18727
BLOCK12/SES126/SA126S26	SES202	-2.71837	-3.90564	-1.18727
BLOCK12/SES128/SA128S10	SES087	-3.21469	-5.50022	-2.28553
BLOCK12/SES128/SA128S10	SES206	-2.59411	-4.87963	-2.28553
BLOCK12/SES128/SA128S10	SES226	-2.65894	-4.94446	-2.28553
BLOCK12/SES128/SA128S10	SES270	-3.33928	-5.6248	-2.28553
BLOCK12/SES128/SA128S12	SES120	-2.99878	-7.88262	-4.88384
BLOCK12/SES128/SA128S12	SES158	-3.4132	-8.29704	-4.88384
BLOCK12/SES128/SA128S12	SES206	-2.26217	-7.14601	-4.88384
BLOCK12/SES128/SA128S12	SES226	-3.66106	-8.5449	-4.88384
BLOCK12/SES128/SA128S21	SES106	-5.53224	-7.89892	-2.36668
BLOCK12/SES128/SA128S21	SES120	-3.29266	-5.65934	-2.36668
BLOCK12/SES128/SA128S21	SES206	-4.35281	-6.71949	-2.36668
BLOCK12/SES128/SA128S21	SES226	-3.48531	-5.85199	-2.36668
BLOCK12/SES128/SA128S24	SES087	-2.43607	-6.92672	-4.49065
BLOCK12/SES128/SA128S24	SES120	-2.99338	-7.48404	-4.49065
BLOCK12/SES128/SA128S24	SES206	-3.15902	-7.64968	-4.49065
BLOCK12/SES128/SA128S24	SES226	-3.7088	-8.19945	-4.49065
BLOCK12/SES128/SA128S27	SES099	-2.92507	-6.10389	-3.17882
BLOCK12/SES128/SA128S27	SES120	-2.85967	-6.03849	-3.17882
BLOCK12/SES128/SA128S27	SES206	-3.03753	-6.21635	-3.17882
BLOCK12/SES128/SA128S27	SES226	-3.29435	-6.47317	-3.17882
BLOCK13/SES130/SA130S13	SES143	-1.86165	-5.9032	-4.04155
BLOCK13/SES130/SA130S13	SES144	-1.40542	-5.44697	-4.04155
BLOCK13/SES130/SA130S13	SES146	-3.29599	-7.33754	-4.04155
BLOCK13/SES130/SA130S13	SES275	-2.8576	-6.89914	-4.04155
BLOCK13/SES130/SA130S15	SES143	-2.94312	-3.47757	-0.534452
BLOCK13/SES130/SA130S15	SES144	-2.10475	-2.6392	-0.534452
BLOCK13/SES130/SA130S15	SES146	-3.24446	-3.77892	-0.534452
BLOCK13/SES130/SA130S15	SES275	-2.93575	-3.4702	-0.534452
BLOCK13/SES130/SA130S23	SES127	-2.24891	-2.49848	-0.249567
BLOCK13/SES130/SA130S23	SES144	-1.73068	-1.98025	-0.249567
BLOCK13/SES130/SA130S23	SES146	-3.07642	-3.32599	-0.249567
BLOCK13/SES130/SA130S23	SES162	-1.80834	-2.0579	-0.249567
BLOCK13/SES130/SA130S25	SES127	-3.03912	-1.09702	1.9421
BLOCK13/SES130/SA130S25	SES144	-2.42865	-0.486556	1.9421
BLOCK13/SES130/SA130S25	SES146	-2.63369	-0.691596	1.9421
BLOCK13/SES130/SA130S25	SES275	-3.12156	-1.17947	1.9421
BLOCK13/SES130/SA130S28	SES127	-3.1232	-4.67508	-1.55187
BLOCK13/SES130/SA130S28	SES144	-2.75668	-4.30855	-1.55187
BLOCK13/SES130/SA130S28	SES146	-2.40352	-3.95539	-1.55187
BLOCK13/SES130/SA130S28	SES275	-2.34394	-3.89581	-1.55187
BLOCK13/SES131/SA131S13	SES002	-3.69653	-7.47077	-3.77423
BLOCK13/SES131/SA131S13	SES007	-2.87052	-6.64476	-3.77423
BLOCK13/SES131/SA131S13	SES099	-2.26637	-6.04061	-3.77423
BLOCK13/SES131/SA131S13	SES105	-1.83079	-5.60503	-3.77423
BLOCK13/SES131/SA131S14	SES104	-2.35702	-0.713914	1.64311
BLOCK13/SES131/SA131S14	SES106	-4.25292	-2.60981	1.64311
BLOCK13/SES131/SA131S14	SES125	-3.00826	-1.36515	1.64311
BLOCK13/SES131/SA131S14	SES148	-1.23152	0.411585	1.64311
BLOCK13/SES131/SA131S20	SES104	-4.94414	-10.5659	-5.62172
BLOCK13/SES131/SA131S20	SES106	-4.50349	-10.1252	-5.62172
BLOCK13/SES131/SA131S20	SES125	-4.2082	-9.82992	-5.62172
BLOCK13/SES131/SA131S20	SES148	-4.12551	-9.74723	-5.62172
BLOCK13/SES131/SA131S22	SES099	-3.8436	-6.1803	-2.33669
BLOCK13/SES131/SA131S22	SES104	-2.2363	-4.573	-2.33669
BLOCK13/SES131/SA131S22	SES125	-2.52001	-4.85671	-2.33669
BLOCK13/SES131/SA131S22	SES206	-3.53773	-5.87442	-2.33669
BLOCK13/SES131/SA131S29	SES087	-3.05379	-7.55398	-4.50019
BLOCK13/SES131/SA131S29	SES104	-5.50183	-10.002	-4.50019
BLOCK13/SES131/SA131S29	SES125	-6.99627	-11.4965	-4.50019
BLOCK13/SES131/SA131S29	SES206	-4.71406	-9.21425	-4.50019
BLOCK13/SES132/SA132S11	SES083	-3.58431	-9.51111	-5.9268
BLOCK13/SES132/SA132S11	SES120	-2.30297	-8.22976	-5.9268
BLOCK13/SES132/SA132S11	SES127	-5.08146	-11.0083	-5.9268
BLOCK13/SES132/SA132S11	SES275	-3.96169	-9.88848	-5.9268
BLOCK13/SES132/SA132S12	SES083	-2.84142	-4.44501	-1.60359
BLOCK13/SES132/SA132S12	SES143	-3.76658	-5.37017	-1.60359
BLOCK13/SES132/SA132S12	SES144	-2.69846	-4.30205	-1.60359
BLOCK13/SES132/SA132S12	SES148	-3.76455	-5.36814	-1.60359
BLOCK13/SES132/SA132S22	SES062	-4.06585	-8.38646	-4.32061
BLOCK13/SES132/SA132S22	SES083	-3.4815	-7.8021	-4.32061
BLOCK13/SES132/SA132S22	SES127	-4.35268	-8.67329	-4.32061
BLOCK13/SES132/SA132S22	SES275	-3.53962	-7.86023	-4.32061
BLOCK13/SES132/SA132S24	SES007	-2.82748	-4.79791	-1.97043
BLOCK13/SES132/SA132S24	SES083	-3.46029	-5.43072	-1.97043
BLOCK13/SES132/SA132S24	SES127	-4.36514	-6.33557	-1.97043
BLOCK13/SES132/SA132S24	SES275	-3.09415	-5.06458	-1.97043
BLOCK13/SES132/SA132S27	SES083	-4.60382	-10.2914	-5.6876
BLOCK13/SES132/SA132S27	SES120	-1.85145	-7.53905	-5.6876
BLOCK13/SES132/SA132S27	SES127	-5.60195	-11.2895	-5.6876
BLOCK13/SES132/SA132S27	SES275	-4.0574	-9.745	-5.6876
BLOCK14/SES141/SA141S09	SES143	-2.95173	-4.39599	-1.44426
BLOCK14/SES141/SA141S09	SES144	-2.4497	-3.89396	-1.44426
BLOCK14/SES141/SA141S09	SES162	-2.71976	-4.16402	-1.44426
BLOCK14/SES141/SA141S09	SES180	-2.63862	-4.08289	-1.44426
BLOCK14/SES141/SA141S15	SES127	-2.71625	-6.21866	-3.50241
BLOCK14/SES141/SA141S15	SES144	-2.71039	-6.2128	-3.50241
BLOCK14/SES141/SA141S15	SES162	-3.58267	-7.08508	-3.50241
BLOCK14/SES141/SA141S15	SES180	-2.5447	-6.04711	-3.50241
BLOCK14/SES141/SA141S24	SES127	-3.39709	-7.32564	-3.92856
BLOCK14/SES141/SA141S24	SES144	-4.28419	-8.21275	-3.92856
BLOCK14/SES141/SA141S24	SES162	-3.24055	-7.16911	-3.92856
BLOCK14/SES141/SA141S24	SES183	-3.61284	-7.5414	-3.92856
BLOCK14/SES141/SA141S26	SES142	-2.42667	-5.86856	-3.4419
BLOCK14/SES141/SA141S26	SES144	-2.97002	-6.41192	-3.4419
BLOCK14/SES141/SA141S26	SES172	-2.67545	-6.11735	-3.4419
BLOCK14/SES141/SA141S26	SES180	-2.67281	-6.1147	-3.4419
BLOCK14/SES141/SA141S29	SES127	-2.60301	-4.02154	-1.41853
BLOCK14/SES141/SA141S29	SES142	-1.81509	-3.23362	-1.41853
BLOCK14/SES141/SA141S29	SES144	-2.4116	-3.83013	-1.41853
BLOCK14/SES141/SA141S29	SES180	-1.96714	-3.38567	-1.41853
BLOCK15/SES157/SA157S08	SES083	-2.65464	-3.41687	-0.762234
BLOCK15/SES157/SA157S08	SES127	-2.77214	-3.53437	-0.762234
BLOCK15/SES157/SA157S08	SES148	-2.40753	-3.16977	-0.762234
BLOCK15/SES157/SA157S08	SES292	-3.35651	-4.11875	-0.762234
BLOCK15/SES157/SA157S11	SES083	-3.15305	-4.55039	-1.39734
BLOCK15/SES157/SA157S11	SES127	-4.08793	-5.48528	-1.39734
BLOCK15/SES157/SA157S11	SES148	-3.94954	-5.34688	-1.39734
BLOCK15/SES157/SA157S11	SES292	-2.85651	-4.25386	-1.39734
BLOCK15/SES157/SA157S21	SES127	-2.26474	-0.803771	1.46096
BLOCK15/SES157/SA157S21	SES148	-1.82925	-0.368286	1.46096
BLOCK15/SES157/SA157S21	SES158	-6.86992	-5.40895	1.46096
BLOCK15/SES157/SA157S21	SES292	-2.57391	-1.11295	1.46096
BLOCK15/SES157/SA157S24	SES127	-3.01304	-6.20638	-3.19334
BLOCK15/SES157/SA157S24	SES148	-2.41253	-5.60587	-3.19334
BLOCK15/SES157/SA157S24	SES183	-2.87112	-6.06446	-3.19334
BLOCK15/SES157/SA157S24	SES292	-2.7153	-5.90865	-3.19334
BLOCK15/SES157/SA157S26	SES007	-2.47334	-3.82166	-1.34832
BLOCK15/SES157/SA157S26	SES127	-2.37745	-3.72578	-1.34832
BLOCK15/SES157/SA157S26	SES147	-3.03146	-4.37979	-1.34832
BLOCK15/SES157/SA157S26	SES148	-3.06052	-4.40884	-1.34832
BLOCK16/SES161/SA161S10	SES007	-2.9675	-6.66159	-3.69409
BLOCK16/SES161/SA161S10	SES105	-1.85078	-5.54487	-3.69409
BLOCK16/SES161/SA161S10	SES158	-2.91163	-6.60572	-3.69409
BLOCK16/SES161/SA161S10	SES275	-2.78432	-6.47841	-3.69409
BLOCK16/SES161/SA161S12	SES007	-4.9143	-12.4029	-7.48862
BLOCK16/SES161/SA161S12	SES105	-3.27882	-10.7674	-7.48862
BLOCK16/SES161/SA161S12	SES158	-4.37809	-11.8667	-7.48862
BLOCK16/SES161/SA161S12	SES275	-4.06938	-11.558	-7.48862
BLOCK16/SES161/SA161S20	SES007	-3.05839	-11.4002	-8.34176
BLOCK16/SES161/SA161S20	SES105	-2.83418	-11.1759	-8.34176
BLOCK16/SES161/SA161S20	SES158	-1.60801	-9.94978	-8.34176
BLOCK16/SES161/SA161S20	SES275	-3.86335	-12.2051	-8.34176
BLOCK16/SES161/SA161S23	SES007	-5.72504	-13.1725	-7.44745
BLOCK16/SES161/SA161S23	SES105	-3.12542	-10.5729	-7.44745
BLOCK16/SES161/SA161S23	SES148	-4.15437	-11.6018	-7.44745
BLOCK16/SES161/SA161S23	SES158	-5.81187	-13.2593	-7.44745
BLOCK16/SES161/SA161S28	SES007	-3.45431	-11.4219	-7.96761
BLOCK16/SES161/SA161S28	SES105	-4.3656	-12.3332	-7.96761
BLOCK16/SES161/SA161S28	SES158	-2.67866	-10.6463	-7.96761
BLOCK16/SES161/SA161S28	SES206	-2.57631	-10.5439	-7.96761
BLOCK16/SES164/SA164S11	SES104	-2.59651	-2.63662	-0.0401059
BLOCK16/SES164/SA164S11	SES125	-1.17269	-1.2128	-0.0401059
BLOCK16/SES164/SA164S11	SES158	-4.88327	-4.92338	-0.0401059
BLOCK16/SES164/SA164S11	SES206	-3.09711	-3.13721	-0.0401059
BLOCK16/SES164/SA164S13	SES099	-2.95483	-4.85898	-1.90415
BLOCK16/SES164/SA164S13	SES104	-3.4648	-5.36895	-1.90415
BLOCK16/SES164/SA164S13	SES125	-2.82958	-4.73373	-1.90415
BLOCK16/SES164/SA164S13	SES206	-3.38729	-5.29143	-1.90415
BLOCK16/SES164/SA164S24	SES002	-1.01078	-1.61495	-0.604174
BLOCK16/SES164/SA164S24	SES099	-2.60509	-3.20926	-0.604174
BLOCK16/SES164/SA164S24	SES125	-2.31329	-2.91747	-0.604174
BLOCK16/SES164/SA164S24	SES226	-0.876163	-1.48034	-0.604174
BLOCK16/SES164/SA164S27	SES087	-1.83562	-3.46864	-1.63302
BLOCK16/SES164/SA164S27	SES125	-2.07627	-3.70929	-1.63302
BLOCK16/SES164/SA164S27	SES206	-2.75088	-4.38391	-1.63302
BLOCK16/SES164/SA164S27	SES226	-2.30192	-3.93494	-1.63302
BLOCK16/SES164/SA164S29	SES002	-2.24978	-2.36711	-0.11733
BLOCK16/SES164/SA164S29	SES019	-3.22834	-3.34567	-0.11733
BLOCK16/SES164/SA164S29	SES125	-2.1929	-2.31023	-0.11733
BLOCK16/SES164/SA164S29	SES226	-2.58856	-2.70589	-0.11733
BLOCK16/SES169/SA169S13	SES117	-3.40838	-7.09908	-3.69069
BLOCK16/SES169/SA169S13	SES144	-3.42027	-7.11096	-3.69069
BLOCK16/SES169/SA169S13	SES146	-2.67138	-6.36208	-3.69069
BLOCK16/SES169/SA169S13	SES162	-3.19335	-6.88405	-3.69069
BLOCK16/SES169/SA169S14	SES144	-2.56596	-2.04901	0.51695
BLOCK16/SES169/SA169S14	SES148	-2.57737	-2.06041	0.51695
BLOCK16/SES169/SA169S14	SES177	-2.07293	-1.55598	0.51695
BLOCK16/SES169/SA169S14	SES180	-2.90377	-2.38682	0.51695
BLOCK16/SES169/SA169S24	SES117	-1.98277	-4.7857	-2.80293
BLOCK16/SES169/SA169S24	SES144	-1.9323	-4.73523	-2.80293
BLOCK16/SES169/SA169S24	SES146	-2.06977	-4.8727	-2.80293
BLOCK16/SES169/SA169S24	SES162	-1.78303	-4.58596	-2.80293
BLOCK16/SES169/SA169S27	SES127	-2.81647	-6.2737	-3.45723
BLOCK16/SES169/SA169S27	SES129	-2.4446	-5.90183	-3.45723
BLOCK16/SES169/SA169S27	SES144	-3.08018	-6.53741	-3.45723
BLOCK16/SES169/SA169S27	SES146	-2.3532	-5.81043	-3.45723
BLOCK16/SES169/SA169S29	SES144	-2.35095	-1.98575	0.3652
BLOCK16/SES169/SA169S29	SES162	-2.70852	-2.34331	0.3652
BLOCK16/SES169/SA169S29	SES177	-2.7856	-2.4204	0.3652
BLOCK16/SES169/SA169S29	SES180	-2.63048	-2.26528	0.3652
BLOCK17/SES171/SA171S12	SES083	-3.27793	-6.09929	-2.82136
BLOCK17/SES171/SA171S12	SES148	-3.49309	-6.31445	-2.82136
BLOCK17/SES171/SA171S12	SES172	-3.00134	-5.8227	-2.82136
BLOCK17/SES171/SA171S12	SES292	-3.36866	-6.19002	-2.82136
BLOCK17/SES171/SA171S15	SES148	-3.7903	-7.43527	-3.64497
BLOCK17/SES171/SA171S15	SES177	-3.04391	-6.68889	-3.64497
BLOCK17/SES171/SA171S15	SES180	-4.69491	-8.33989	-3.64497
BLOCK17/SES171/SA171S15	SES292	-3.41426	-7.05923	-3.64497
BLOCK17/SES171/SA171S22	SES007	-3.06194	-1.8233	1.23865
BLOCK17/SES171/SA171S22	SES148	-3.08267	-1.84403	1.23865
BLOCK17/SES171/SA171S22	SES177	-2.75178	-1.51313	1.23865
BLOCK17/SES171/SA171S22	SES180	-5.69854	-4.45989	1.23865
BLOCK17/SES171/SA171S25	SES101	-4.09296	-7.13681	-3.04384
BLOCK17/SES171/SA171S25	SES120	-5.05997	-8.10381	-3.04384
BLOCK17/SES171/SA171S25	SES177	-3.12926	-6.1731	-3.04384
BLOCK17/SES171/SA171S25	SES180	-4.60718	-7.65102	-3.04384
BLOCK17/SES171/SA171S27	SES177	-3.52745	-6.98293	-3.45548
BLOCK17/SES171/SA171S27	SES180	-4.5541	-8.00958	-3.45548
BLOCK17/SES171/SA171S27	SES189	-2.84334	-6.29882	-3.45548
BLOCK17/SES171/SA171S27	SES292	-3.624	-7.07948	-3.45548
BLOCK17/SES173/SA173S13	SES162	-4.27464	-7.96912	-3.69447
BLOCK17/SES173/SA173S13	SES177	-2.86211	-6.55658	-3.69447
BLOCK17/SES173/SA173S13	SES180	-3.56952	-7.26399	-3.69447
BLOCK17/SES173/SA173S13	SES292	-2.31105	-6.00552	-3.69447
BLOCK17/SES173/SA173S14	SES007	-4.00763	-6.03455	-2.02693
BLOCK17/SES173/SA173S14	SES162	-3.96103	-5.98795	-2.02693
BLOCK17/SES173/SA173S14	SES177	-2.74902	-4.77595	-2.02693
BLOCK17/SES173/SA173S14	SES180	-4.17706	-6.20398	-2.02693
BLOCK17/SES173/SA173S24	SES144	-3.67646	-7.27011	-3.59365
BLOCK17/SES173/SA173S24	SES162	-4.53959	-8.13323	-3.59365
BLOCK17/SES173/SA173S24	SES177	-2.37466	-5.96831	-3.59365
BLOCK17/SES173/SA173S24	SES180	-5.91943	-9.51308	-3.59365
BLOCK17/SES173/SA173S27	SES162	-3.98953	-9.14539	-5.15586
BLOCK17/SES173/SA173S27	SES177	-3.30423	-8.4601	-5.15586
BLOCK17/SES173/SA173S27	SES180	-3.55829	-8.71416	-5.15586
BLOCK17/SES173/SA173S27	SES292	-2.14143	-7.29729	-5.15586
BLOCK17/SES173/SA173S29	SES162	-4.26995	-3.89459	0.375356
BLOCK17/SES173/SA173S29	SES175	-2.58104	-2.20568	0.375356
BLOCK17/SES173/SA173S29	SES177	-2.60955	-2.23419	0.375356
BLOCK17/SES173/SA173S29	SES292	-3.26902	-2.89366	0.375356
BLOCK18/SES182/SA182S10	SES144	-3.62289	-6.77008	-3.14719
BLOCK18/SES182/SA182S10	SES177	-2.84075	-5.98794	-3.14719
BLOCK18/SES182/SA182S10	SES180	-4.3503	-7.49749	-3.14719
BLOCK18/SES182/SA182S10	SES275	-3.37647	-6.52366	-3.14719
BLOCK18/SES182/SA182S12	SES144	-3.61004	-6.61781	-3.00777
BLOCK18/SES182/SA182S12	SES177	-3.07905	-6.08682	-3.00777
BLOCK18/SES182/SA182S12	SES180	-4.68007	-7.68785	-3.00777
BLOCK18/SES182/SA182S12	SES275	-2.51682	-5.5246	-3.00777
BLOCK18/SES182/SA182S21	SES117	-2.92581	-9.23563	-6.30982
BLOCK18/SES182/SA182S21	SES144	-3.17444	-9.48426	-6.30982
BLOCK18/SES182/SA182S21	SES162	-3.04741	-9.35723	-6.30982
BLOCK18/SES182/SA182S21	SES180	-4.5899	-10.8997	-6.30982
BLOCK18/SES182/SA182S23	SES117	-4.13688	-12.0041	-7.86724
BLOCK18/SES182/SA182S23	SES144	-5.57094	-13.4382	-7.86724
BLOCK18/SES182/SA182S23	SES180	-6.95165	-14.8189	-7.86724
BLOCK18/SES182/SA182S23	SES275	-4.80153	-12.6688	-7.86724
BLOCK18/SES182/SA182S25	SES007	-2.50667	-6.17394	-3.66727
BLOCK18/SES182/SA182S25	SES162	-2.62583	-6.2931	-3.66727
BLOCK18/SES182/SA182S25	SES177	-2.62973	-6.297	-3.66727
BLOCK18/SES182/SA182S25	SES180	-4.39341	-8.06067	-3.66727
BLOCK18/SES184/SA184S12	SES177	-2.76157	-3.72593	-0.964356
BLOCK18/SES184/SA184S12	SES180	-2.52863	-3.49298	-0.964356
BLOCK18/SES184/SA184S12	SES189	-4.89997	-5.86433	-0.964356
BLOCK18/SES184/SA184S12	SES292	-3.39999	-4.36434	-0.964356
BLOCK18/SES184/SA184S13	SES101	-3.64701	-5.80305	-2.15604
BLOCK18/SES184/SA184S13	SES177	-3.58314	-5.73918	-2.15604
BLOCK18/SES184/SA184S13	SES180	-3.09109	-5.24713	-2.15604
BLOCK18/SES184/SA184S13	SES292	-3.22165	-5.37769	-2.15604
BLOCK18/SES184/SA184S22	SES177	-3.07137	-3.95894	-0.887565
BLOCK18/SES184/SA184S22	SES180	-2.13909	-3.02666	-0.887565
BLOCK18/SES184/SA184S22	SES189	-4.64097	-5.52853	-0.887565
BLOCK18/SES184/SA184S22	SES292	-3.41916	-4.30673	-0.887565
BLOCK18/SES184/SA184S25	SES101	-3.1532	-3.68437	-0.53117
BLOCK18/SES184/SA184S25	SES177	-3.47931	-4.01048	-0.53117
BLOCK18/SES184/SA184S25	SES180	-3.02148	-3.55265	-0.53117
BLOCK18/SES184/SA184S25	SES292	-3.62782	-4.15899	-0.53117
BLOCK18/SES184/SA184S27	SES083	-3.68507	-4.63792	-0.95285
BLOCK18/SES184/SA184S27	SES177	-3.30116	-4.25401	-0.95285
BLOCK18/SES184/SA184S27	SES202	-3.18614	-4.13899	-0.95285
BLOCK18/SES184/SA184S27	SES292	-2.96718	-3.92003	-0.95285
BLOCK20/SES204/SA204S12	SES062	-3.0705	-4.90117	-1.83067
BLOCK20/SES204/SA204S12	SES083	-3.28162	-5.11229	-1.83067
BLOCK20/SES204/SA204S12	SES206	-3.30612	-5.13679	-1.83067
BLOCK20/SES204/SA204S12	SES226	-3.32643	-5.15709	-1.83067
BLOCK20/SES204/SA204S14	SES068	-3.4435	-3.99971	-0.556208
BLOCK20/SES204/SA204S14	SES087	-2.34074	-2.89695	-0.556208
BLOCK20/SES204/SA204S14	SES206	-3.83679	-4.39299	-0.556208
BLOCK20/SES204/SA204S14	SES226	-3.51397	-4.07018	-0.556208
BLOCK20/SES204/SA204S22	SES068	-2.97899	-4.78127	-1.80228
BLOCK20/SES204/SA204S22	SES082	-3.45751	-5.2598	-1.80228
BLOCK20/SES204/SA204S22	SES083	-4.36707	-6.16935	-1.80228
BLOCK20/SES204/SA204S22	SES206	-3.36069	-5.16297	-1.80228
BLOCK20/SES204/SA204S25	SES062	-3.30986	-5.4795	-2.16963
BLOCK20/SES204/SA204S25	SES083	-3.99682	-6.16645	-2.16963
BLOCK20/SES204/SA204S25	SES206	-3.29461	-5.46425	-2.16963
BLOCK20/SES204/SA204S25	SES226	-2.77483	-4.94447	-2.16963
BLOCK20/SES204/SA204S27	SES068	-3.37569	-5.95996	-2.58428
BLOCK20/SES204/SA204S27	SES082	-4.31094	-6.89522	-2.58428
BLOCK20/SES204/SA204S27	SES087	-1.72327	-4.30755	-2.58428
BLOCK20/SES204/SA204S27	SES206	-3.98023	-6.56451	-2.58428
BLOCK20/SES207/SA207S10	SES127	-4.14532	-4.28611	-0.140789
BLOCK20/SES207/SA207S10	SES183	-3.55094	-3.69173	-0.140789
BLOCK20/SES207/SA207S10	SES189	-3.19775	-3.33854	-0.140789
BLOCK20/SES207/SA207S10	SES292	-3.60601	-3.7468	-0.140789
BLOCK20/SES207/SA207S11	SES127	-3.28566	-4.20903	-0.92337
BLOCK20/SES207/SA207S11	SES183	-2.82272	-3.74609	-0.92337
BLOCK20/SES207/SA207S11	SES187	-3.05579	-3.97916	-0.92337
BLOCK20/SES207/SA207S11	SES292	-2.82598	-3.74935	-0.92337
BLOCK20/SES207/SA207S25	SES068	-3.34875	-6.45888	-3.11013
BLOCK20/SES207/SA207S25	SES083	-3.64149	-6.75161	-3.11013
BLOCK20/SES207/SA207S25	SES127	-2.14873	-5.25886	-3.11013
BLOCK20/SES207/SA207S25	SES187	-3.04248	-6.1526	-3.11013
BLOCK20/SES207/SA207S27	SES127	-3.91074	-8.77131	-4.86058
BLOCK20/SES207/SA207S27	SES183	-3.48922	-8.3498	-4.86058
BLOCK20/SES207/SA207S27	SES187	-3.11592	-7.9765	-4.86058
BLOCK20/SES207/SA207S27	SES292	-3.98288	-8.84346	-4.86058
BLOCK20/SES207/SA207S29	SES083	-3.61049	-4.23306	-0.62257
BLOCK20/SES207/SA207S29	SES085	-2.85427	-3.47684	-0.62257
BLOCK20/SES207/SA207S29	SES172	-1.84503	-2.4676	-0.62257
BLOCK20/SES207/SA207S29	SES189	-4.91969	-5.54226	-0.62257
BLOCK22/SES221/SA221S12	SES068	-1.76083	-3.77611	-2.01529
BLOCK22/SES221/SA221S12	SES143	-2.17594	-4.19122	-2.01529
BLOCK22/SES221/SA221S12	SES175	-1.80501	-3.8203	-2.01529
BLOCK22/SES221/SA221S12	SES202	-1.78032	-3.7956	-2.01529
BLOCK22/SES221/SA221S15	SES085	-2.3342	-4.40783	-2.07363
BLOCK22/SES221/SA221S15	SES143	-2.95178	-5.02542	-2.07363
BLOCK22/SES221/SA221S15	SES175	-2.77334	-4.84697	-2.07363
BLOCK22/SES221/SA221S15	SES187	-3.44663	-5.52026	-2.07363
BLOCK22/SES221/SA221S23	SES068	-1.90834	-5.40631	-3.49798
BLOCK22/SES221/SA221S23	SES143	-2.46079	-5.95877	-3.49798
BLOCK22/SES221/SA221S23	SES175	-2.23384	-5.73182	-3.49798
BLOCK22/SES221/SA221S23	SES189	-2.8558	-6.35378	-3.49798
BLOCK22/SES221/SA221S27	SES085	-1.47497	-4.63513	-3.16015
BLOCK22/SES221/SA221S27	SES143	-2.20517	-5.36532	-3.16015
BLOCK22/SES221/SA221S27	SES175	-2.69103	-5.85119	-3.16015
BLOCK22/SES221/SA221S27	SES189	-3.4036	-6.56375	-3.16015
BLOCK22/SES221/SA221S29	SES085	-2.14118	-7.51186	-5.37068
BLOCK22/SES221/SA221S29	SES143	-2.97559	-8.34627	-5.37068
BLOCK22/SES221/SA221S29	SES175	-2.12613	-7.49681	-5.37068
BLOCK22/SES221/SA221S29	SES187	-3.2242	-8.59488	-5.37068
BLOCK22/SES223/SA223S11	SES143	-2.08366	-6.86655	-4.78289
BLOCK22/SES223/SA223S11	SES144	-3.50835	-8.29123	-4.78289
BLOCK22/SES223/SA223S11	SES175	-2.67851	-7.46139	-4.78289
BLOCK22/SES223/SA223S11	SES187	-2.56376	-7.34664	-4.78289
BLOCK22/SES223/SA223S13	SES068	-3.15126	-9.18567	-6.03441
BLOCK22/SES223/SA223S13	SES143	-4.48795	-10.5224	-6.03441
BLOCK22/SES223/SA223S13	SES146	-3.18207	-9.21648	-6.03441
BLOCK22/SES223/SA223S13	SES202	-3.32249	-9.3569	-6.03441
BLOCK22/SES223/SA223S22	SES143	-3.06321	-5.65419	-2.59098
BLOCK22/SES223/SA223S22	SES144	-4.21725	-6.80823	-2.59098
BLOCK22/SES223/SA223S22	SES175	-3.58209	-6.17307	-2.59098
BLOCK22/SES223/SA223S22	SES187	-3.05904	-5.65003	-2.59098
BLOCK22/SES223/SA223S25	SES068	-2.69317	-5.4583	-2.76513
BLOCK22/SES223/SA223S25	SES143	-2.74607	-5.51119	-2.76513
BLOCK22/SES223/SA223S25	SES175	-2.55671	-5.32184	-2.76513
BLOCK22/SES223/SA223S25	SES187	-3.01861	-5.78374	-2.76513
BLOCK22/SES223/SA223S27	SES143	-2.35904	-8.66708	-6.30804
BLOCK22/SES223/SA223S27	SES146	-3.37287	-9.68091	-6.30804
BLOCK22/SES223/SA223S27	SES187	-2.84137	-9.14941	-6.30804
BLOCK22/SES223/SA223S27	SES292	-2.50984	-8.81788	-6.30804
BLOCK27/SES273/SA273S12	SES099	-2.04169	-5.74687	-3.70517
BLOCK27/SES273/SA273S12	SES104	-2.6457	-6.35087	-3.70517
BLOCK27/SES273/SA273S12	SES125	-3.27913	-6.9843	-3.70517
BLOCK27/SES273/SA273S12	SES206	-1.76092	-5.46609	-3.70517
BLOCK27/SES273/SA273S13	SES099	-2.63624	-1.5259	1.11035
BLOCK27/SES273/SA273S13	SES104	-3.26591	-2.15556	1.11035
BLOCK27/SES273/SA273S13	SES206	-3.532	-2.42165	1.11035
BLOCK27/SES273/SA273S13	SES292	-3.01393	-1.90358	1.11035
BLOCK27/SES273/SA273S21	SES099	-3.04269	-3.69852	-0.655836
BLOCK27/SES273/SA273S21	SES148	-5.47362	-6.12946	-0.655836
BLOCK27/SES273/SA273S21	SES149	-4.26556	-4.9214	-0.655836
BLOCK27/SES273/SA273S21	SES177	-3.56398	-4.21981	-0.655836
BLOCK27/SES273/SA273S25	SES104	-2.60138	-6.89513	-4.29375
BLOCK27/SES273/SA273S25	SES125	-2.56469	-6.85844	-4.29375
BLOCK27/SES273/SA273S25	SES158	-2.12222	-6.41597	-4.29375
BLOCK27/SES273/SA273S25	SES206	-1.72791	-6.02166	-4.29375
BLOCK27/SES273/SA273S27	SES099	-2.98163	-1.19583	1.7858
BLOCK27/SES273/SA273S27	SES104	-4.15738	-2.37158	1.7858
BLOCK27/SES273/SA273S27	SES149	-3.05361	-1.26781	1.7858
BLOCK27/SES273/SA273S27	SES275	-3.24629	-1.46048	1.7858
BLOCK27/SES274/SA274S10	SES105	-3.59866	-2.87656	0.722103
BLOCK27/SES274/SA274S10	SES125	-4.31116	-3.58906	0.722103
BLOCK27/SES274/SA274S10	SES129	-1.93404	-1.21194	0.722103
BLOCK27/SES274/SA274S10	SES158	-6.64102	-5.91892	0.722103
BLOCK27/SES274/SA274S11	SES105	-3.25808	-5.70874	-2.45065
BLOCK27/SES274/SA274S11	SES149	-3.34571	-5.79636	-2.45065
BLOCK27/SES274/SA274S11	SES158	-4.06923	-6.51988	-2.45065
BLOCK27/SES274/SA274S11	SES275	-2.50894	-4.9596	-2.45065
BLOCK27/SES274/SA274S21	SES105	-2.84825	-5.0377	-2.18945
BLOCK27/SES274/SA274S21	SES129	-2.66493	-4.85438	-2.18945
BLOCK27/SES274/SA274S21	SES149	-3.42013	-5.60958	-2.18945
BLOCK27/SES274/SA274S21	SES158	-3.81627	-6.00572	-2.18945
BLOCK27/SES274/SA274S24	SES105	-3.25526	-5.21036	-1.9551
BLOCK27/SES274/SA274S24	SES129	-2.34127	-4.29637	-1.9551
BLOCK27/SES274/SA274S24	SES149	-3.45112	-5.40622	-1.9551
BLOCK27/SES274/SA274S24	SES158	-5.48493	-7.44003	-1.9551
BLOCK27/SES274/SA274S29	SES105	-3.51209	-4.91279	-1.40069
BLOCK27/SES274/SA274S29	SES106	-4.21481	-5.61551	-1.40069
BLOCK27/SES274/SA274S29	SES120	-2.85611	-4.2568	-1.40069
BLOCK27/SES274/SA274S29	SES275	-2.52211	-3.9228	-1.40069
BLOCK27/SES276/SA276S16	SES148	-5.60633	-7.71936	-2.11303
BLOCK27/SES276/SA276S16	SES172	-2.9883	-5.10133	-2.11303
BLOCK27/SES276/SA276S16	SES180	-3.6351	-5.74813	-2.11303
BLOCK27/SES276/SA276S16	SES292	-3.24123	-5.35426	-2.11303
BLOCK27/SES276/SA276S17	SES101	-2.78997	-3.90434	-1.11437
BLOCK27/SES276/SA276S17	SES177	-2.76019	-3.87455	-1.11437
BLOCK27/SES276/SA276S17	SES180	-2.87243	-3.9868	-1.11437
BLOCK27/SES276/SA276S17	SES292	-2.75797	-3.87234	-1.11437
BLOCK27/SES276/SA276S24	SES101	-2.59631	-3.38023	-0.783923
BLOCK27/SES276/SA276S24	SES177	-2.49519	-3.27912	-0.783923
BLOCK27/SES276/SA276S24	SES180	-2.93949	-3.72341	-0.783923
BLOCK27/SES276/SA276S24	SES292	-2.73979	-3.52371	-0.783923
BLOCK27/SES276/SA276S26	SES101	-3.68137	-1.11989	2.56148
BLOCK27/SES276/SA276S26	SES177	-2.61902	-0.0575463	2.56148
BLOCK27/SES276/SA276S26	SES180	-3.23205	-0.670578	2.56148
BLOCK27/SES276/SA276S26	SES292	-2.19447	0.36701	2.56148
BLOCK27/SES276/SA276S28	SES101	-2.99048	-1.29364	1.69683
BLOCK27/SES276/SA276S28	SES177	-3.10439	-1.40756	1.69683
BLOCK27/SES276/SA276S28	SES180	-1.98605	-0.289212	1.69683
BLOCK27/SES276/SA276S28	SES292	-2.58809	-0.891254	1.69683
BLOCK27/SES277/SA277S12	SES101	-2.63592	-7.66474	-5.02883
BLOCK27/SES277/SA277S12	SES177	-3.71197	-8.74079	-5.02883
BLOCK27/SES277/SA277S12	SES180	-3.71155	-8.74038	-5.02883
BLOCK27/SES277/SA277S12	SES292	-3.30948	-8.33831	-5.02883
BLOCK27/SES277/SA277S14	SES177	-2.91037	-6.63147	-3.72111
BLOCK27/SES277/SA277S14	SES180	-4.48063	-8.20174	-3.72111
BLOCK27/SES277/SA277S14	SES189	-2.54511	-6.26622	-3.72111
BLOCK27/SES277/SA277S14	SES292	-3.66044	-7.38154	-3.72111
BLOCK27/SES277/SA277S21	SES177	-3.01594	-6.92447	-3.90853
BLOCK27/SES277/SA277S21	SES180	-2.92409	-6.83262	-3.90853
BLOCK27/SES277/SA277S21	SES189	-2.50632	-6.41485	-3.90853
BLOCK27/SES277/SA277S21	SES292	-3.13589	-7.04441	-3.90853
BLOCK27/SES277/SA277S24	SES144	-3.20568	-8.35822	-5.15254
BLOCK27/SES277/SA277S24	SES177	-3.39803	-8.55057	-5.15254
BLOCK27/SES277/SA277S24	SES180	-4.33226	-9.4848	-5.15254
BLOCK27/SES277/SA277S24	SES189	-2.95117	-8.10372	-5.15254
BLOCK27/SES277/SA277S29	SES177	-2.62248	-1.89859	0.723895
BLOCK27/SES277/SA277S29	SES180	-2.63212	-1.90822	0.723895
BLOCK27/SES277/SA277S29	SES202	-3.23401	-2.51012	0.723895
BLOCK27/SES277/SA277S29	SES292	-3.33257	-2.60868	0.723895
BLOCK27/SES279/SA279S09	SES120	-3.25962	-3.97433	-0.714705
BLOCK27/SES279/SA279S09	SES146	-2.8017	-3.5164	-0.714705
BLOCK27/SES279/SA279S09	SES206	-1.59821	-2.31291	-0.714705
BLOCK27/SES279/SA279S09	SES226	-2.8324	-3.5471	-0.714705
BLOCK27/SES279/SA279S10	SES099	-1.68674	-3.38704	-1.70031
BLOCK27/SES279/SA279S10	SES206	-2.50387	-4.20418	-1.70031
BLOCK27/SES279/SA279S10	SES226	-3.57129	-5.2716	-1.70031
BLOCK27/SES279/SA279S10	SES292	-2.02717	-3.72748	-1.70031
BLOCK27/SES279/SA279S20	SES099	-4.46314	-8.0404	-3.57726
BLOCK27/SES279/SA279S20	SES206	-2.94925	-6.52651	-3.57726
BLOCK27/SES279/SA279S20	SES226	-5.14439	-8.72165	-3.57726
BLOCK27/SES279/SA279S20	SES292	-2.62976	-6.20702	-3.57726
BLOCK27/SES279/SA279S26	SES099	-2.69403	-6.24803	-3.55399
BLOCK27/SES279/SA279S26	SES206	-2.73865	-6.29265	-3.55399
BLOCK27/SES279/SA279S26	SES226	-4.2839	-7.8379	-3.55399
BLOCK27/SES279/SA279S26	SES292	-3.43162	-6.98562	-3.55399
BLOCK27/SES279/SA279S28	SES099	-2.04119	-0.41819	1.623
BLOCK27/SES279/SA279S28	SES120	-2.97073	-1.34773	1.623
BLOCK27/SES279/SA279S28	SES177	-3.24056	-1.61756	1.623
BLOCK27/SES279/SA279S28	SES206	-2.85475	-1.23175	1.623
BLOCK29/SES290/SA290S12	SES162	-2.30649	-4.76454	-2.45806
BLOCK29/SES290/SA290S12	SES177	-2.72382	-5.18188	-2.45806
BLOCK29/SES290/SA290S12	SES180	-2.38639	-4.84444	-2.45806
BLOCK29/SES290/SA290S12	SES292	-2.70229	-5.16035	-2.45806
BLOCK29/SES290/SA290S13	SES007	-3.11713	-4.7972	-1.68007
BLOCK29/SES290/SA290S13	SES162	-2.91492	-4.59499	-1.68007
BLOCK29/SES290/SA290S13	SES177	-2.89636	-4.57643	-1.68007
BLOCK29/SES290/SA290S13	SES180	-3.34137	-5.02144	-1.68007
BLOCK29/SES290/SA290S22	SES177	-2.5313	-4.57439	-2.04309
BLOCK29/SES290/SA290S22	SES180	-3.13072	-5.17381	-2.04309
BLOCK29/SES290/SA290S22	SES202	-1.99771	-4.0408	-2.04309
BLOCK29/SES290/SA290S22	SES292	-2.49842	-4.54151	-2.04309
BLOCK29/SES290/SA290S25	SES162	-3.41827	-5.78321	-2.36495
BLOCK29/SES290/SA290S25	SES177	-3.36642	-5.73137	-2.36495
BLOCK29/SES290/SA290S25	SES180	-4.04384	-6.40879	-2.36495
BLOCK29/SES290/SA290S25	SES292	-3.26277	-5.62772	-2.36495
BLOCK29/SES290/SA290S29	SES177	-2.0884	-1.61493	0.473469
BLOCK29/SES290/SA290S29	SES180	-1.37578	-0.902312	0.473469
BLOCK29/SES290/SA290S29	SES275	-1.49001	-1.01654	0.473469
BLOCK29/SES290/SA290S29	SES292	-2.4252	-1.95173	0.473469
BLOCK29/SES291/SA291S11	SES105	-2.99296	-7.1918	-4.19885
BLOCK29/SES291/SA291S11	SES125	-3.26543	-7.46428	-4.19885
BLOCK29/SES291/SA291S11	SES158	-2.86595	-7.0648	-4.19885
BLOCK29/SES291/SA291S11	SES275	-3.33636	-7.53521	-4.19885
BLOCK29/SES291/SA291S12	SES158	-1.08264	-7.56733	-6.48469
BLOCK29/SES291/SA291S12	SES226	-4.17444	-10.6591	-6.48469
BLOCK29/SES291/SA291S12	SES270	-2.38594	-8.87063	-6.48469
BLOCK29/SES291/SA291S12	SES275	-4.74677	-11.2315	-6.48469
BLOCK29/SES291/SA291S22	SES082	-2.08438	-4.46565	-2.38127
BLOCK29/SES291/SA291S22	SES158	-1.98884	-4.37011	-2.38127
BLOCK29/SES291/SA291S22	SES259	-2.39567	-4.77695	-2.38127
BLOCK29/SES291/SA291S22	SES275	-3.68334	-6.06461	-2.38127
BLOCK29/SES291/SA291S24	SES104	-2.35991	-6.23509	-3.87518
BLOCK29/SES291/SA291S24	SES125	-2.7926	-6.66778	-3.87518
BLOCK29/SES291/SA291S24	SES158	-2.34837	-6.22354	-3.87518
BLOCK29/SES291/SA291S24	SES275	-4.66202	-8.5372	-3.87518
BLOCK29/SES291/SA291S27	SES158	-2.30879	-3.13878	-0.829994
BLOCK29/SES291/SA291S27	SES172	-4.54143	-5.37142	-0.829994
BLOCK29/SES291/SA291S27	SES275	-3.61189	-4.44189	-0.829994
BLOCK29/SES291/SA291S27	SES292	-2.77603	-3.60603	-0.829994
