BLOCK00/SES002/SA002S12	SES002	1.63463	17.2493	15.6147
BLOCK00/SES002/SA002S13	SES002	2.08868	16.7297	14.641
BLOCK00/SES002/SA002S23	SES002	1.29722	16.8948	15.5976
BLOCK00/SES002/SA002S26	SES002	1.28399	18.0222	16.7382
BLOCK00/SES002/SA002S28	SES002	0.97454	15.4888	14.5143
BLOCK00/SES007/SA007S14	SES007	1.0743	18.118	17.0437
BLOCK00/SES007/SA007S15	SES007	0.0780182	15.9286	15.8506
BLOCK00/SES007/SA007S24	SES007	0.823141	16.2564	15.4332
BLOCK00/SES007/SA007S27	SES007	0.776469	15.6181	14.8416
BLOCK00/SES007/SA007S29	SES007	0.172033	16.3094	16.1374
BLOCK00/SES008/SA008S11	SES008	1.20498	16.7152	15.5102
BLOCK00/SES008/SA008S12	SES008	0.230884	15.464	15.2331
BLOCK00/SES008/SA008S19	SES008	1.74825	18.139	16.3907
BLOCK00/SES008/SA008S22	SES008	0.417863	15.2889	14.8711
BLOCK00/SES008/SA008S29	SES008	1.49695	17.7162	16.2193
BLOCK01/SES014/SA014S10	SES014	2.58821	17.9122	15.324
BLOCK01/SES014/SA014S12	SES014	3.06894	20.4454	17.3765
BLOCK01/SES014/SA014S24	SES014	1.98606	18.2685	16.2825
BLOCK01/SES014/SA014S26	SES014	2.49088	20.8456	18.3547
BLOCK01/SES014/SA014S28	SES014	4.08304	21.5497	17.4667
BLOCK01/SES016/SA016S12	SES016	1.6576	15.198	13.5403
BLOCK01/SES016/SA016S13	SES016	1.57515	17.003	15.4278
BLOCK01/SES016/SA016S22	SES016	1.2793	16.8141	15.5348
BLOCK01/SES016/SA016S25	SES016	1.54437	18.6279	17.0836
BLOCK01/SES016/SA016S27	SES016	1.71557	19.201	17.4854
BLOCK01/SES019/SA019S13	SES019	2.84329	16.0761	13.2328
BLOCK01/SES019/SA019S14	SES019	2.61803	16.5187	13.9007
BLOCK01/SES019/SA019S22	SES019	3.01504	16.3261	13.3111
BLOCK01/SES019/SA019S25	SES019	3.06714	16.9303	13.8632
BLOCK01/SES019/SA019S29	SES019	3.52711	17.205	13.6779
BLOCK02/SES029/SA029S11	SES029	1.22961	16.9982	15.7686
BLOCK02/SES029/SA029S12	SES029	0.200413	16.9958	16.7954
BLOCK02/SES029/SA029S20	SES029	0.841074	16.5141	15.673
BLOCK02/SES029/SA029S25	SES029	1.02234	17.7973	16.7749
BLOCK02/SES029/SA029S28	SES029	0.128555	16.4657	16.3372
BLOCK04/SES042/SA042S12	SES042	1.83116	17.7094	15.8782
BLOCK04/SES042/SA042S15	SES042	2.50589	18.2192	15.7133
BLOCK04/SES042/SA042S22	SES042	3.09146	20.7518	17.6603
BLOCK04/SES042/SA042S25	SES042	2.37723	17.109	14.7317
BLOCK04/SES042/SA042S27	SES042	1.42768	18.0914	16.6637
BLOCK04/SES048/SA048S11	SES048	1.30672	17.2165	15.9098
BLOCK04/SES048/SA048S12	SES048	0.609406	17.2755	16.6661
BLOCK04/SES048/SA048S20	SES048	0.387583	17.1956	16.808
BLOCK04/SES048/SA048S23	SES048	1.65184	16.5763	14.9244
BLOCK04/SES048/SA048S27	SES048	0.102461	18.0212	17.9187
BLOCK06/SES060/SA060S11	SES060	1.16701	17.8636	16.6966
BLOCK06/SES060/SA060S12	SES060	-0.191309	15.6159	15.8072
BLOCK06/SES060/SA060S22	SES060	-0.086174	14.3791	14.4652
BLOCK06/SES060/SA060S24	SES060	0.953686	17.4201	16.4664
BLOCK06/SES060/SA060S28	SES060	0.320822	19.3323	19.0115
BLOCK06/SES062/SA062S10	SES062	0.214731	16.7392	16.5245
BLOCK06/SES062/SA062S11	SES062	1.11592	17.1744	16.0585
BLOCK06/SES062/SA062S21	SES062	1.51294	20.3437	18.8308
BLOCK06/SES062/SA062S26	SES062	0.693916	18.1204	17.4265
BLOCK06/SES062/SA062S29	SES062	1.33601	19.5273	18.1912
BLOCK06/SES068/SA068S14	SES068	0.0980453	16.856	16.7579
BLOCK06/SES068/SA068S15	SES068	0.977985	18.761	17.783
BLOCK06/SES068/SA068S23	SES068	0.498866	16.2909	15.792
BLOCK06/SES068/SA068S27	SES068	1.71113	19.2212	17.51
BLOCK06/SES068/SA068S29	SES068	0.257322	16.8952	16.6379
BLOCK08/SES082/SA082S12	SES082	0.217195	14.857	14.6399
BLOCK08/SES082/SA082S14	SES082	0.753842	15.2174	14.4636
BLOCK08/SES082/SA082S21	SES082	0.132744	15.3598	15.2271
BLOCK08/SES082/SA082S24	SES082	0.896292	17.4129	16.5166
BLOCK08/SES082/SA082S28	SES082	0.53053	15.5985	15.0679
BLOCK08/SES083/SA083S14	SES083	0.238894	16.4256	16.1867
BLOCK08/SES083/SA083S15	SES083	0.623234	17.4387	16.8154
BLOCK08/SES083/SA083S24	SES083	0.240032	16.5655	16.3255
BLOCK08/SES083/SA083S26	SES083	0.440355	16.2587	15.8183
BLOCK08/SES083/SA083S29	SES083	-0.173777	17.0133	17.1871
BLOCK08/SES085/SA085S10	SES085	0.00247955	16.6256	16.6231
BLOCK08/SES085/SA085S13	SES085	-0.304272	15.7402	16.0445
BLOCK08/SES085/SA085S22	SES085	-0.119186	18.0056	18.1248
BLOCK08/SES085/SA085S26	SES085	0.297779	17.2181	16.9203
BLOCK08/SES085/SA085S28	SES085	1.08285	17.3781	16.2953
BLOCK08/SES087/SA087S15	SES087	1.51055	16.6042	15.0936
BLOCK08/SES087/SA087S16	SES087	1.46268	16.4592	14.9965
BLOCK08/SES087/SA087S24	SES087	1.44649	16.9654	15.5189
BLOCK08/SES087/SA087S26	SES087	1.25649	17.6499	16.3934
BLOCK08/SES087/SA087S29	SES087	1.79426	16.5828	14.7885
BLOCK09/SES099/SA099S15	SES099	1.41663	16.4631	15.0465
BLOCK09/SES099/SA099S16	SES099	1.21462	16.1788	14.9642
BLOCK09/SES099/SA099S24	SES099	1.4856	16.8374	15.3518
BLOCK09/SES099/SA099S26	SES099	1.66607	16.8023	15.1362
BLOCK09/SES099/SA099S29	SES099	1.70725	17.3507	15.6434
BLOCK10/SES101/SA101S11	SES101	-0.00213623	16.3014	16.3036
BLOCK10/SES101/SA101S13	SES101	1.0539	18.5174	17.4635
BLOCK10/SES101/SA101S22	SES101	0.541092	16.3383	15.7972
BLOCK10/SES101/SA101S24	SES101	0.993221	16.6096	15.6163
BLOCK10/SES101/SA101S28	SES101	-0.0645618	15.477	15.5415
BLOCK10/SES104/SA104S11	SES104	1.98009	19.4455	17.4654
BLOCK10/SES104/SA104S12	SES104	1.91041	17.5	15.5896
BLOCK10/SES104/SA104S21	SES104	1.20956	16.6596	15.4501
BLOCK10/SES104/SA104S24	SES104	0.859517	16.532	15.6725
BLOCK10/SES104/SA104S28	SES104	1.54035	17.9153	16.375
BLOCK10/SES105/SA105S12	SES105	0.913	15.133	14.22
BLOCK10/SES105/SA105S13	SES105	0.684387	15.2782	14.5938
BLOCK10/SES105/SA105S22	SES105	0.59634	14.2741	13.6778
BLOCK10/SES105/SA105S26	SES105	1.20104	15.3635	14.1625
BLOCK10/SES105/SA105S29	SES105	1.20029	16.4761	15.2758
BLOCK10/SES106/SA106S09	SES106	1.88547	15.228	13.3425
BLOCK10/SES106/SA106S11	SES106	1.46257	16.7557	15.2931
BLOCK10/SES106/SA106S22	SES106	3.4201	17.7707	14.3506
BLOCK10/SES106/SA106S27	SES106	1.53914	16.0281	14.489
BLOCK10/SES106/SA106S29	SES106	1.24184	15.7006	14.4587
BLOCK11/SES117/SA117S12	SES117	0.357116	15.5976	15.2405
BLOCK11/SES117/SA117S13	SES117	0.252787	16.3581	16.1053
BLOCK11/SES117/SA117S23	SES117	1.53503	15.0582	13.5232
BLOCK11/SES117/SA117S25	SES117	0.847323	15.2233	14.3759
BLOCK11/SES117/SA117S28	SES117	0.919553	14.7543	13.8348
BLOCK12/SES120/SA120S08	SES120	1.1151	13.9442	12.8291
BLOCK12/SES120/SA120S11	SES120	1.29347	12.5094	11.216
BLOCK12/SES120/SA120S22	SES120	0.408912	15.8715	15.4626
BLOCK12/SES120/SA120S24	SES120	1.01326	14.9082	13.8949
BLOCK12/SES120/SA120S28	SES120	-0.0731173	12.5148	12.5879
BLOCK12/SES125/SA125S13	SES125	2.19801	17.2383	15.0402
BLOCK12/SES125/SA125S14	SES125	0.763189	15.5095	14.7463
BLOCK12/SES125/SA125S25	SES125	1.8606	17.672	15.8114
BLOCK12/SES125/SA125S27	SES125	1.52789	18.3718	16.8439
BLOCK12/SES125/SA125S29	SES125	1.79699	17.0124	15.2154
BLOCK12/SES127/SA127S11	SES127	0.457906	15.8134	15.3555
BLOCK12/SES127/SA127S12	SES127	0.0258617	16.5825	16.5566
BLOCK12/SES127/SA127S23	SES127	0.231041	16.3233	16.0922
BLOCK12/SES127/SA127S25	SES127	-0.384373	15.0765	15.4609
BLOCK12/SES127/SA127S27	SES127	0.684072	16.7275	16.0434
BLOCK12/SES129/SA129S11	SES129	1.24732	17.8373	16.59
BLOCK12/SES129/SA129S12	SES129	1.0474	17.7002	16.6528
BLOCK12/SES129/SA129S22	SES129	0.966904	16.576	15.6091
BLOCK12/SES129/SA129S27	SES129	1.39396	17.5631	16.1692
BLOCK12/SES129/SA129S29	SES129	1.33033	17.7448	16.4144
BLOCK14/SES142/SA142S11	SES142	1.96117	16.1758	14.2146
BLOCK14/SES142/SA142S12	SES142	1.15575	15.6007	14.445
BLOCK14/SES142/SA142S24	SES142	1.51925	16.4224	14.9032
BLOCK14/SES142/SA142S27	SES142	1.61164	16.8081	15.1964
BLOCK14/SES142/SA142S29	SES142	2.24328	16.2319	13.9886
BLOCK14/SES143/SA143S12	SES143	1.09731	15.6802	14.5829
BLOCK14/SES143/SA143S13	SES143	0.776807	15.2637	14.4869
BLOCK14/SES143/SA143S23	SES143	1.04984	15.4496	14.3997
BLOCK14/SES143/SA143S25	SES143	1.57512	16.4817	14.9066
BLOCK14/SES143/SA143S28	SES143	1.05225	15.7052	14.653
BLOCK14/SES144/SA144S09	SES144	0.721228	16.5476	15.8263
BLOCK14/SES144/SA144S11	SES144	1.19985	16.0939	14.894
BLOCK14/SES144/SA144S21	SES144	-0.151211	15.1154	15.2666
BLOCK14/SES144/SA144S25	SES144	0.307264	14.7746	14.4674
BLOCK14/SES144/SA144S29	SES144	0.127361	16.1143	15.9869
BLOCK14/SES146/SA146S14	SES146	0.22055	14.8246	14.604
BLOCK14/SES146/SA146S15	SES146	0.342828	14.8794	14.5366
BLOCK14/SES146/SA146S24	SES146	0.524532	15.2228	14.6983
BLOCK14/SES146/SA146S26	SES146	0.762556	15.2516	14.4891
BLOCK14/SES146/SA146S29	SES146	0.500604	14.5374	14.0368
BLOCK14/SES147/SA147S11	SES147	1.66045	15.9944	14.3339
BLOCK14/SES147/SA147S13	SES147	1.73337	16.7099	14.9766
BLOCK14/SES147/SA147S23	SES147	0.323649	15.4943	15.1706
BLOCK14/SES147/SA147S26	SES147	0.87613	15.6157	14.7396
BLOCK14/SES147/SA147S28	SES147	1.14614	15.6429	14.4968
BLOCK14/SES148/SA148S10	SES148	1.19406	15.6457	14.4516
BLOCK14/SES148/SA148S12	SES148	0.977681	14.5443	13.5666
BLOCK14/SES148/SA148S22	SES148	1.26949	16.9573	15.6878
BLOCK14/SES148/SA148S26	SES148	-0.666804	15.6171	16.2839
BLOCK14/SES148/SA148S29	SES148	0.350842	15.3039	14.953
BLOCK14/SES149/SA149S13	SES149	-0.134297	15.6877	15.822
BLOCK14/SES149/SA149S14	SES149	0.193624	16.671	16.4774
BLOCK14/SES149/SA149S24	SES149	0.854132	17.3698	16.5157
BLOCK14/SES149/SA149S26	SES149	1.3624	18.2432	16.8808
BLOCK14/SES149/SA149S28	SES149	1.52529	19.663	18.1377
BLOCK15/SES158/SA158S13	SES158	1.85671	15.3708	13.5141
BLOCK15/SES158/SA158S14	SES158	3.19708	16.3594	13.1623
BLOCK15/SES158/SA158S23	SES158	1.44056	15.8075	14.367
BLOCK15/SES158/SA158S26	SES158	2.43699	15.5238	13.0868
BLOCK15/SES158/SA158S28	SES158	0.866761	14.7231	13.8564
BLOCK16/SES162/SA162S10	SES162	0.800102	14.1224	13.3223
BLOCK16/SES162/SA162S11	SES162	0.533499	16.3045	15.771
BLOCK16/SES162/SA162S21	SES162	1.17623	16.6373	15.4611
BLOCK16/SES162/SA162S24	SES162	0.571476	15.7969	15.2255
BLOCK16/SES162/SA162S27	SES162	1.06483	15.8358	14.771
BLOCK16/SES167/SA167S14	SES167	0.769615	17.9755	17.2059
BLOCK16/SES167/SA167S15	SES167	0.823776	16.6494	15.8256
BLOCK16/SES167/SA167S21	SES167	1.49854	17.5144	16.0158
BLOCK16/SES167/SA167S25	SES167	1.91054	16.6908	14.7802
BLOCK16/SES167/SA167S29	SES167	2.00188	18.5248	16.5229
BLOCK17/SES172/SA172S12	SES172	0.638336	16.8646	16.2263
BLOCK17/SES172/SA172S13	SES172	1.09508	16.4024	15.3073
BLOCK17/SES172/SA172S23	SES172	0.792593	17.9644	17.1719
BLOCK17/SES172/SA172S27	SES172	0.392855	16.7209	16.328
BLOCK17/SES172/SA172S29	SES172	1.2673	17.5826	16.3153
BLOCK17/SES175/SA175S11	SES175	0.344159	16.1824	15.8382
BLOCK17/SES175/SA175S13	SES175	0.73784	16.2971	15.5592
BLOCK17/SES175/SA175S23	SES175	1.13077	16.5816	15.4508
BLOCK17/SES175/SA175S25	SES175	0.169908	14.2903	14.1204
BLOCK17/SES175/SA175S28	SES175	0.572294	16.9698	16.3975
BLOCK17/SES177/SA177S15	SES177	0.0879002	16.0116	15.9237
BLOCK17/SES177/SA177S17	SES177	0.0282078	16.1298	16.1016
BLOCK17/SES177/SA177S23	SES177	-0.255837	15.1978	15.4537
BLOCK17/SES177/SA177S26	SES177	0.588783	18.2114	17.6226
BLOCK17/SES177/SA177S28	SES177	0.641018	16.9676	16.3266
BLOCK18/SES180/SA180S13	SES180	-0.569397	15.2638	15.8332
BLOCK18/SES180/SA180S15	SES180	0.625551	16.1531	15.5275
BLOCK18/SES180/SA180S24	SES180	0.195751	17.2471	17.0514
BLOCK18/SES180/SA180S26	SES180	0.846027	17.1882	16.3422
BLOCK18/SES180/SA180S29	SES180	0.832695	16.3018	15.4691
BLOCK18/SES183/SA183S13	SES183	1.19559	15.1688	13.9732
BLOCK18/SES183/SA183S14	SES183	-0.287536	14.1709	14.4585
BLOCK18/SES183/SA183S24	SES183	1.35001	14.4728	13.1228
BLOCK18/SES183/SA183S27	SES183	0.968675	14.9267	13.958
BLOCK18/SES183/SA183S29	SES183	0.566356	15.8827	15.3163
BLOCK18/SES187/SA187S13	SES187	0.309288	15.9908	15.6815
BLOCK18/SES187/SA187S14	SES187	0.743591	15.4926	14.749
BLOCK18/SES187/SA187S24	SES187	1.86648	15.5788	13.7123
BLOCK18/SES187/SA187S27	SES187	0.976707	15.779	14.8023
BLOCK18/SES187/SA187S29	SES187	1.28128	16.7247	15.4434
BLOCK18/SES189/SA189S10	SES189	1.61587	15.1674	13.5515
BLOCK18/SES189/SA189S13	SES189	1.8301	15.0319	13.2018
BLOCK18/SES189/SA189S24	SES189	1.72878	14.869	13.1402
BLOCK18/SES189/SA189S26	SES189	0.920948	15.546	14.6251
BLOCK18/SES189/SA189S29	SES189	1.51291	15.6166	14.1036
BLOCK20/SES202/SA202S12	SES202	0.84982	13.297	12.4472
BLOCK20/SES202/SA202S14	SES202	2.03603	15.9778	13.9417
BLOCK20/SES202/SA202S24	SES202	1.10242	15.8063	14.7039
BLOCK20/SES202/SA202S27	SES202	1.2072	17.4928	16.2856
BLOCK20/SES202/SA202S29	SES202	1.47834	16.7162	15.2379
BLOCK20/SES206/SA206S15	SES206	-0.466998	15.8902	16.3572
BLOCK20/SES206/SA206S17	SES206	1.53261	18.4429	16.9103
BLOCK20/SES206/SA206S24	SES206	1.72932	18.7402	17.0109
BLOCK20/SES206/SA206S27	SES206	2.02338	17.4019	15.3786
BLOCK20/SES206/SA206S29	SES206	1.30255	18.6585	17.3559
BLOCK22/SES226/SA226S12	SES226	1.33893	16.201	14.8621
BLOCK22/SES226/SA226S13	SES226	-0.0297518	14.4179	14.4476
BLOCK22/SES226/SA226S20	SES226	1.26147	15.8883	14.6268
BLOCK22/SES226/SA226S23	SES226	1.5644	16.7144	15.15
BLOCK22/SES226/SA226S28	SES226	2.06854	17.2608	15.1922
BLOCK25/SES259/SA259S13	SES259	3.84374	18.555	14.7112
BLOCK25/SES259/SA259S14	SES259	2.6292	17.3928	14.7636
BLOCK25/SES259/SA259S22	SES259	2.13197	16.9556	14.8236
BLOCK25/SES259/SA259S24	SES259	2.23795	18.5738	16.3359
BLOCK25/SES259/SA259S28	SES259	2.30033	17.6073	15.307
BLOCK27/SES270/SA270S14	SES270	2.86957	15.6087	12.7391
BLOCK27/SES270/SA270S16	SES270	0.0870304	14.7434	14.6564
BLOCK27/SES270/SA270S22	SES270	2.70867	16.4974	13.7887
BLOCK27/SES270/SA270S26	SES270	1.38549	14.1092	12.7237
BLOCK27/SES270/SA270S28	SES270	1.32035	15.8778	14.5575
BLOCK27/SES275/SA275S17	SES275	1.37758	16.3056	14.928
BLOCK27/SES275/SA275S18	SES275	0.249617	15.9965	15.7469
BLOCK27/SES275/SA275S24	SES275	0.798456	14.8157	14.0173
BLOCK27/SES275/SA275S26	SES275	1.11182	16.2558	15.144
BLOCK27/SES275/SA275S28	SES275	0.141529	15.6786	15.537
BLOCK29/SES292/SA292S10	SES292	0.193875	15.4342	15.2403
BLOCK29/SES292/SA292S12	SES292	0.0683203	15.7181	15.6498
BLOCK29/SES292/SA292S22	SES292	0.28343	16.5826	16.2992
BLOCK29/SES292/SA292S24	SES292	0.313656	16.2088	15.8951
BLOCK29/SES292/SA292S27	SES292	0.242682	16.6798	16.4372
BLOCK00/SES001/SA001S14	SES062	-2.32383	11.0334	13.3572
BLOCK00/SES001/SA001S14	SES082	-2.23377	11.1235	13.3572
BLOCK00/SES001/SA001S14	SES106	-2.10413	11.2531	13.3572
BLOCK00/SES001/SA001S14	SES206	-2.1156	11.2416	13.3572
BLOCK00/SES001/SA001S15	SES062	-2.62675	12.3841	15.0109
BLOCK00/SES001/SA001S15	SES104	-3.16741	11.8434	15.0109
BLOCK00/SES001/SA001S15	SES106	-1.84575	13.1651	15.0109
BLOCK00/SES001/SA001S15	SES206	-1.72521	13.2856	15.0109
BLOCK00/SES001/SA001S24	SES062	-3.55653	9.88276	13.4393
BLOCK00/SES001/SA001S24	SES082	-3.02332	10.416	13.4393
BLOCK00/SES001/SA001S24	SES087	-2.05502	11.3843	13.4393
BLOCK00/SES001/SA001S24	SES206	-2.14412	11.2952	13.4393
BLOCK00/SES001/SA001S27	SES062	-1.99142	13.3237	15.3151
BLOCK00/SES001/SA001S27	SES082	-1.74866	13.5665	15.3151
BLOCK00/SES001/SA001S27	SES087	-1.51801	13.7971	15.3151
BLOCK00/SES001/SA001S27	SES206	-1.99452	13.3206	15.3151
BLOCK00/SES001/SA001S29	SES062	-3.8279	10.1425	13.9704
BLOCK00/SES001/SA001S29	SES082	-1.96402	12.0064	13.9704
BLOCK00/SES001/SA001S29	SES158	-1.56363	12.4068	13.9704
BLOCK00/SES001/SA001S29	SES206	-2.73311	11.2373	13.9704
BLOCK00/SES003/SA003S11	SES002	-1.16547	13.9067	15.0722
BLOCK00/SES003/SA003S11	SES019	-1.679	13.3931	15.0722
BLOCK00/SES003/SA003S11	SES082	-0.938634	14.1335	15.0722
BLOCK00/SES003/SA003S11	SES125	-2.07376	12.9984	15.0722
BLOCK00/SES003/SA003S15	SES016	-2.13212	13.8725	16.0046
BLOCK00/SES003/SA003S15	SES019	-1.95364	14.051	16.0046
BLOCK00/SES003/SA003S15	SES062	-2.21772	13.7869	16.0046
BLOCK00/SES003/SA003S15	SES206	-2.17725	13.8274	16.0046
BLOCK00/SES003/SA003S22	SES002	-2.47368	13.056	15.5297
BLOCK00/SES003/SA003S22	SES062	-1.65016	13.8795	15.5297
BLOCK00/SES003/SA003S22	SES082	-2.27028	13.2594	15.5297
BLOCK00/SES003/SA003S22	SES087	-1.90786	13.6218	15.5297
BLOCK00/SES003/SA003S25	SES062	-3.15878	11.3035	14.4623
BLOCK00/SES003/SA003S25	SES082	-1.65714	12.8051	14.4623
BLOCK00/SES003/SA003S25	SES087	-1.19288	13.2694	14.4623
BLOCK00/SES003/SA003S25	SES206	-2.04212	12.4201	14.4623
BLOCK00/SES003/SA003S29	SES002	-1.92615	12.4162	14.3423
BLOCK00/SES003/SA003S29	SES062	-2.75169	11.5906	14.3423
BLOCK00/SES003/SA003S29	SES082	-1.42701	12.9153	14.3423
BLOCK00/SES003/SA003S29	SES087	-1.96134	12.381	14.3423
BLOCK00/SES004/SA004S12	SES083	-2.68921	12.0942	14.7834
BLOCK00/SES004/SA004S12	SES148	-3.16634	11.6171	14.7834
BLOCK00/SES004/SA004S12	SES172	-1.81781	12.9656	14.7834
BLOCK00/SES004/SA004S12	SES292	-2.4935	12.2899	14.7834
BLOCK00/SES004/SA004S17	SES083	-2.70707	11.9427	14.6498
BLOCK00/SES004/SA004S17	SES162	-1.65017	12.9996	14.6498
BLOCK00/SES004/SA004S17	SES172	-1.80234	12.8475	14.6498
BLOCK00/SES004/SA004S17	SES292	-2.24797	12.4018	14.6498
BLOCK00/SES004/SA004S24	SES083	-2.63541	12.343	14.9784
BLOCK00/SES004/SA004S24	SES148	-3.21284	11.7656	14.9784
BLOCK00/SES004/SA004S24	SES172	-1.47148	13.5069	14.9784
BLOCK00/SES004/SA004S24	SES292	-1.71661	13.2618	14.9784
BLOCK00/SES004/SA004S26	SES083	-2.76247	11.9525	14.715
BLOCK00/SES004/SA004S26	SES127	-2.28367	12.4313	14.715
BLOCK00/SES004/SA004S26	SES148	-4.17791	10.537	14.715
BLOCK00/SES004/SA004S26	SES292	-3.10692	11.608	14.715
BLOCK00/SES004/SA004S28	SES083	-2.36354	14.3695	16.733
BLOCK00/SES004/SA004S28	SES127	-2.15308	14.5799	16.733
BLOCK00/SES004/SA004S28	SES187	-1.92935	14.8037	16.733
BLOCK00/SES004/SA004S28	SES292	-3.10339	13.6296	16.733
BLOCK00/SES006/SA006S10	SES014	-3.4421	7.9394	11.3815
BLOCK00/SES006/SA006S10	SES158	-1.90023	9.48127	11.3815
BLOCK00/SES006/SA006S10	SES226	-4.15755	7.22394	11.3815
BLOCK00/SES006/SA006S10	SES270	-1.0639	10.3176	11.3815
BLOCK00/SES006/SA006S11	SES158	-1.68657	9.93203	11.6186
BLOCK00/SES006/SA006S11	SES226	-2.72376	8.89484	11.6186
BLOCK00/SES006/SA006S11	SES270	-1.25939	10.3592	11.6186
BLOCK00/SES006/SA006S11	SES275	-1.91346	9.70514	11.6186
BLOCK00/SES006/SA006S23	SES062	-2.50613	11.2202	13.7264
BLOCK00/SES006/SA006S23	SES105	-3.73965	9.98671	13.7264
BLOCK00/SES006/SA006S23	SES158	-2.06216	11.6642	13.7264
BLOCK00/SES006/SA006S23	SES275	-2.37694	11.3494	13.7264
BLOCK00/SES006/SA006S26	SES104	-3.6597	9.51298	13.1727
BLOCK00/SES006/SA006S26	SES158	-1.52623	11.6465	13.1727
BLOCK00/SES006/SA006S26	SES270	-0.616788	12.5559	13.1727
BLOCK00/SES006/SA006S26	SES275	-2.26245	10.9102	13.1727
BLOCK00/SES006/SA006S28	SES007	-2.66169	9.21429	11.876
BLOCK00/SES006/SA006S28	SES105	-3.08068	8.7953	11.876
BLOCK00/SES006/SA006S28	SES158	-1.47008	10.4059	11.876
BLOCK00/SES006/SA006S28	SES275	-3.22366	8.65232	11.876
BLOCK00/SES009/SA009S12	SES083	-3.35969	12.7467	16.1064
BLOCK00/SES009/SA009S12	SES148	-3.40864	12.6977	16.1064
BLOCK00/SES009/SA009S12	SES177	-1.71988	14.3865	16.1064
BLOCK00/SES009/SA009S12	SES292	-2.05238	14.054	16.1064
BLOCK00/SES009/SA009S15	SES007	-0.753656	15.955	16.7086
BLOCK00/SES009/SA009S15	SES099	-4.791	11.9176	16.7086
BLOCK00/SES009/SA009S15	SES148	-3.17309	13.5356	16.7086
BLOCK00/SES009/SA009S15	SES172	-2.22675	14.4819	16.7086
BLOCK00/SES009/SA009S24	SES146	-1.89015	14.9	16.7901
BLOCK00/SES009/SA009S24	SES148	-3.4747	13.3154	16.7901
BLOCK00/SES009/SA009S24	SES177	-1.10309	15.687	16.7901
BLOCK00/SES009/SA009S24	SES292	-1.86051	14.9296	16.7901
BLOCK00/SES009/SA009S26	SES083	-2.83684	12.7896	15.6265
BLOCK00/SES009/SA009S26	SES101	-2.86966	12.7568	15.6265
BLOCK00/SES009/SA009S26	SES120	-2.14057	13.4859	15.6265
BLOCK00/SES009/SA009S26	SES177	-1.43265	14.1938	15.6265
BLOCK00/SES009/SA009S29	SES083	-2.8472	13.8546	16.7018
BLOCK00/SES009/SA009S29	SES101	-2.41246	14.2893	16.7018
BLOCK00/SES009/SA009S29	SES177	-1.57123	15.1305	16.7018
BLOCK00/SES009/SA009S29	SES292	-1.82319	14.8786	16.7018
BLOCK01/SES011/SA011S10	SES019	-1.81654	13.5879	15.4044
BLOCK01/SES011/SA011S10	SES042	-0.278178	15.1262	15.4044
BLOCK01/SES011/SA011S10	SES082	-2.46304	12.9414	15.4044
BLOCK01/SES011/SA011S10	SES206	-1.93703	13.4674	15.4044
BLOCK01/SES011/SA011S11	SES019	-2.00345	12.3227	14.3262
BLOCK01/SES011/SA011S11	SES042	-1.27333	13.0528	14.3262
BLOCK01/SES011/SA011S11	SES082	-2.16677	12.1594	14.3262
BLOCK01/SES011/SA011S11	SES206	-2.25577	12.0704	14.3262
BLOCK01/SES011/SA011S22	SES019	-1.34665	12.9408	14.2874
BLOCK01/SES011/SA011S22	SES042	-0.61168	13.6757	14.2874
BLOCK01/SES011/SA011S22	SES082	-2.07916	12.2083	14.2874
BLOCK01/SES011/SA011S22	SES206	-2.47939	11.808	14.2874
BLOCK01/SES011/SA011S24	SES019	-2.18709	13.0089	15.196
BLOCK01/SES011/SA011S24	SES042	-0.536178	14.6598	15.196
BLOCK01/SES011/SA011S24	SES104	-2.41389	12.7821	15.196
BLOCK01/SES011/SA011S24	SES206	-1.71955	13.4765	15.196
BLOCK01/SES011/SA011S27	SES082	-0.416591	14.0784	14.495
BLOCK01/SES011/SA011S27	SES087	-1.8397	12.6553	14.495
BLOCK01/SES011/SA011S27	SES125	-1.72328	12.7717	14.495
BLOCK01/SES011/SA011S27	SES206	-1.26837	13.2266	14.495
BLOCK01/SES012/SA012S11	SES007	-1.59034	15.7396	17.3299
BLOCK01/SES012/SA012S11	SES082	-2.64954	14.6804	17.3299
BLOCK01/SES012/SA012S11	SES083	-2.61743	14.7125	17.3299
BLOCK01/SES012/SA012S11	SES206	-1.93944	15.3905	17.3299
BLOCK01/SES012/SA012S14	SES082	-1.26716	15.2146	16.4817
BLOCK01/SES012/SA012S14	SES087	-2.66083	13.8209	16.4817
BLOCK01/SES012/SA012S14	SES206	-1.25995	15.2218	16.4817
BLOCK01/SES012/SA012S14	SES292	-2.08539	14.3964	16.4817
BLOCK01/SES012/SA012S24	SES082	-0.927665	14.6151	15.5428
BLOCK01/SES012/SA012S24	SES087	-2.33202	13.2107	15.5428
BLOCK01/SES012/SA012S24	SES120	-2.72344	12.8193	15.5428
BLOCK01/SES012/SA012S24	SES206	-1.40822	14.1345	15.5428
BLOCK01/SES012/SA012S26	SES019	-4.20196	12.7318	16.9338
BLOCK01/SES012/SA012S26	SES082	-2.60731	14.3265	16.9338
BLOCK01/SES012/SA012S26	SES206	-0.699905	16.2339	16.9338
BLOCK01/SES012/SA012S26	SES292	-1.58381	15.35	16.9338
BLOCK01/SES012/SA012S29	SES062	-2.10127	14.8372	16.9385
BLOCK01/SES012/SA012S29	SES082	-1.44835	15.4901	16.9385
BLOCK01/SES012/SA012S29	SES083	-3.23651	13.702	16.9385
BLOCK01/SES012/SA012S29	SES206	-1.64533	15.2931	16.9385
BLOCK01/SES013/SA013S16	SES062	-3.31211	11.1108	14.4229
BLOCK01/SES013/SA013S16	SES106	-1.40661	13.0163	14.4229
BLOCK01/SES013/SA013S16	SES206	-1.72902	12.6939	14.4229
BLOCK01/SES013/SA013S16	SES226	-1.14841	13.2745	14.4229
BLOCK01/SES013/SA013S17	SES062	-2.6471	13.647	16.2941
BLOCK01/SES013/SA013S17	SES106	-2.43709	13.857	16.2941
BLOCK01/SES013/SA013S17	SES206	-1.00639	15.2877	16.2941
BLOCK01/SES013/SA013S17	SES226	-0.980179	15.314	16.2941
BLOCK01/SES013/SA013S23	SES104	-1.82657	13.2863	15.1129
BLOCK01/SES013/SA013S23	SES106	-1.54744	13.5655	15.1129
BLOCK01/SES013/SA013S23	SES206	-1.4606	13.6523	15.1129
BLOCK01/SES013/SA013S23	SES270	-1.36431	13.7486	15.1129
BLOCK01/SES013/SA013S25	SES042	-2.15168	14.2243	16.376
BLOCK01/SES013/SA013S25	SES104	-1.29303	15.0829	16.376
BLOCK01/SES013/SA013S25	SES106	-1.75613	14.6198	16.376
BLOCK01/SES013/SA013S25	SES206	-1.50662	14.8693	16.376
BLOCK01/SES013/SA013S29	SES062	-3.95033	11.6309	15.5813
BLOCK01/SES013/SA013S29	SES104	-2.64198	12.9393	15.5813
BLOCK01/SES013/SA013S29	SES106	-1.66199	13.9193	15.5813
BLOCK01/SES013/SA013S29	SES206	-1.6696	13.9117	15.5813
BLOCK02/SES021/SA021S13	SES016	-3.51217	13.5948	17.107
BLOCK02/SES021/SA021S13	SES029	-2.23199	14.875	17.107
BLOCK02/SES021/SA021S13	SES087	-2.46866	14.6383	17.107
BLOCK02/SES021/SA021S13	SES206	-2.02654	15.0805	17.107
BLOCK02/SES021/SA021S15	SES087	-1.27353	16.6397	17.9132
BLOCK02/SES021/SA021S15	SES125	-1.31149	16.6017	17.9132
BLOCK02/SES021/SA021S15	SES206	-1.54159	16.3716	17.9132
BLOCK02/SES021/SA021S15	SES226	-2.42574	15.4875	17.9132
BLOCK02/SES021/SA021S23	SES062	-3.09974	11.6891	14.7889
BLOCK02/SES021/SA021S23	SES087	-1.16377	13.6251	14.7889
BLOCK02/SES021/SA021S23	SES206	-2.06705	12.7218	14.7889
BLOCK02/SES021/SA021S23	SES226	-1.89321	12.8956	14.7889
BLOCK02/SES021/SA021S27	SES002	-1.31305	15.4988	16.8119
BLOCK02/SES021/SA021S27	SES016	-4.25134	12.5605	16.8119
BLOCK02/SES021/SA021S27	SES019	-2.25317	14.5587	16.8119
BLOCK02/SES021/SA021S27	SES062	-1.9109	14.901	16.8119
BLOCK02/SES021/SA021S29	SES087	-2.0537	15.1593	17.213
BLOCK02/SES021/SA021S29	SES125	-1.58211	15.6309	17.213
BLOCK02/SES021/SA021S29	SES206	-1.78643	15.4266	17.213
BLOCK02/SES021/SA021S29	SES226	-3.01867	14.1943	17.213
BLOCK04/SES043/SA043S09	SES083	-1.43178	12.7004	14.1322
BLOCK04/SES043/SA043S09	SES101	-1.27592	12.8563	14.1322
BLOCK04/SES043/SA043S09	SES144	-0.873852	13.2583	14.1322
BLOCK04/SES043/SA043S09	SES172	-2.03294	12.0992	14.1322
BLOCK04/SES043/SA043S11	SES083	-1.53886	14.5802	16.119
BLOCK04/SES043/SA043S11	SES101	-1.53326	14.5858	16.119
BLOCK04/SES043/SA043S11	SES144	-0.799506	15.3195	16.119
BLOCK04/SES043/SA043S11	SES172	-1.9649	14.1541	16.119
BLOCK04/SES043/SA043S23	SES083	-1.63294	13.7102	15.3431
BLOCK04/SES043/SA043S23	SES144	-0.660449	14.6827	15.3431
BLOCK04/SES043/SA043S23	SES177	-1.64362	13.6995	15.3431
BLOCK04/SES043/SA043S23	SES275	-1.60569	13.7375	15.3431
BLOCK04/SES043/SA043S26	SES083	-1.78895	12.6513	14.4403
BLOCK04/SES043/SA043S26	SES101	-1.73603	12.7043	14.4403
BLOCK04/SES043/SA043S26	SES144	-0.498737	13.9416	14.4403
BLOCK04/SES043/SA043S26	SES177	-1.84879	12.5915	14.4403
BLOCK04/SES043/SA043S28	SES016	-2.30217	13.5889	15.891
BLOCK04/SES043/SA043S28	SES083	-1.08487	14.8062	15.891
BLOCK04/SES043/SA043S28	SES101	-0.957159	14.9339	15.891
BLOCK04/SES043/SA043S28	SES144	-1.00844	14.8826	15.891
BLOCK04/SES044/SA044S10	SES127	-3.12468	8.7354	11.8601
BLOCK04/SES044/SA044S10	SES144	-0.427612	11.4325	11.8601
BLOCK04/SES044/SA044S10	SES147	-2.99969	8.86038	11.8601
BLOCK04/SES044/SA044S10	SES148	-2.91358	8.9465	11.8601
BLOCK04/SES044/SA044S11	SES101	-1.14256	12.3154	13.458
BLOCK04/SES044/SA044S11	SES144	-0.221924	13.2361	13.458
BLOCK04/SES044/SA044S11	SES147	-2.80835	10.6497	13.458
BLOCK04/SES044/SA044S11	SES177	-2.46469	10.9933	13.458
BLOCK04/SES044/SA044S24	SES007	-2.18074	12.0852	14.266
BLOCK04/SES044/SA044S24	SES101	-1.38247	12.8835	14.266
BLOCK04/SES044/SA044S24	SES147	-2.98415	11.2818	14.266
BLOCK04/SES044/SA044S24	SES177	-2.18987	12.0761	14.266
BLOCK04/SES044/SA044S26	SES007	-2.20101	12.5513	14.7523
BLOCK04/SES044/SA044S26	SES016	-1.68155	13.0708	14.7523
BLOCK04/SES044/SA044S26	SES101	-1.50587	13.2465	14.7523
BLOCK04/SES044/SA044S26	SES147	-1.57373	13.1786	14.7523
BLOCK04/SES044/SA044S29	SES007	-2.44195	12.0592	14.5011
BLOCK04/SES044/SA044S29	SES101	-0.911224	13.5899	14.5011
BLOCK04/SES044/SA044S29	SES147	-2.30028	12.2009	14.5011
BLOCK04/SES044/SA044S29	SES177	-2.61109	11.89	14.5011
BLOCK04/SES046/SA046S13	SES101	-1.47799	12.9267	14.4047
BLOCK04/SES046/SA046S13	SES144	-1.54789	12.8568	14.4047
BLOCK04/SES046/SA046S13	SES147	-2.50287	11.9018	14.4047
BLOCK04/SES046/SA046S13	SES177	-2.28349	12.1212	14.4047
BLOCK04/SES046/SA046S15	SES048	-0.880858	14.9946	15.8755
BLOCK04/SES046/SA046S15	SES083	-1.08763	14.7878	15.8755
BLOCK04/SES046/SA046S15	SES120	-3.13804	12.7374	15.8755
BLOCK04/SES046/SA046S15	SES148	-2.24882	13.6267	15.8755
BLOCK04/SES046/SA046S22	SES101	-1.49031	13.2372	14.7275
BLOCK04/SES046/SA046S22	SES144	-1.71141	13.0161	14.7275
BLOCK04/SES046/SA046S22	SES147	-3.24667	11.4808	14.7275
BLOCK04/SES046/SA046S22	SES172	-1.7844	12.9431	14.7275
BLOCK04/SES046/SA046S25	SES083	-1.53584	12.4643	14.0001
BLOCK04/SES046/SA046S25	SES127	-1.89998	12.1002	14.0001
BLOCK04/SES046/SA046S25	SES144	-2.06622	11.9339	14.0001
BLOCK04/SES046/SA046S25	SES148	-1.95585	12.0443	14.0001
BLOCK04/SES046/SA046S28	SES007	-2.89175	11.5501	14.4418
BLOCK04/SES046/SA046S28	SES105	-3.40116	11.0406	14.4418
BLOCK04/SES046/SA046S28	SES147	-2.34756	12.0942	14.4418
BLOCK04/SES046/SA046S28	SES148	-1.77606	12.6657	14.4418
BLOCK04/SES049/SA049S16	SES104	-2.52022	11.2733	13.7936
BLOCK04/SES049/SA049S16	SES106	-1.4991	12.2945	13.7936
BLOCK04/SES049/SA049S16	SES120	-2.28009	11.5135	13.7936
BLOCK04/SES049/SA049S16	SES206	-1.72361	12.0699	13.7936
BLOCK04/SES049/SA049S18	SES099	-1.40216	12.0545	13.4566
BLOCK04/SES049/SA049S18	SES104	-2.15401	11.3026	13.4566
BLOCK04/SES049/SA049S18	SES125	-3.07041	10.3862	13.4566
BLOCK04/SES049/SA049S18	SES206	-1.94104	11.5156	13.4566
BLOCK04/SES049/SA049S25	SES087	-1.65695	13.1042	14.7611
BLOCK04/SES049/SA049S25	SES104	-0.914818	13.8463	14.7611
BLOCK04/SES049/SA049S25	SES125	-2.45274	12.3084	14.7611
BLOCK04/SES049/SA049S25	SES206	-1.11213	13.649	14.7611
BLOCK04/SES049/SA049S27	SES099	-1.37265	13.1749	14.5476
BLOCK04/SES049/SA049S27	SES104	-1.45891	13.0887	14.5476
BLOCK04/SES049/SA049S27	SES125	-2.38088	12.1667	14.5476
BLOCK04/SES049/SA049S27	SES206	-2.14572	12.4019	14.5476
BLOCK04/SES049/SA049S29	SES099	-1.26467	14.9025	16.1672
BLOCK04/SES049/SA049S29	SES104	-1.20752	14.9597	16.1672
BLOCK04/SES049/SA049S29	SES125	-2.11755	14.0497	16.1672
BLOCK04/SES049/SA049S29	SES206	-1.03612	15.1311	16.1672
BLOCK06/SES063/SA063S09	SES068	-2.01941	14.2917	16.3111
BLOCK06/SES063/SA063S09	SES083	-1.18677	15.1244	16.3111
BLOCK06/SES063/SA063S09	SES177	-1.43546	14.8757	16.3111
BLOCK06/SES063/SA063S09	SES187	-1.66622	14.6449	16.3111
BLOCK06/SES063/SA063S10	SES068	-2.28482	13.245	15.5298
BLOCK06/SES063/SA063S10	SES083	-1.41943	14.1104	15.5298
BLOCK06/SES063/SA063S10	SES172	-1.77833	13.7514	15.5298
BLOCK06/SES063/SA063S10	SES187	-1.86963	13.6601	15.5298
BLOCK06/SES063/SA063S20	SES068	-2.77033	12.5666	15.3369
BLOCK06/SES063/SA063S20	SES083	-1.72819	13.6087	15.3369
BLOCK06/SES063/SA063S20	SES172	-1.43867	13.8983	15.3369
BLOCK06/SES063/SA063S20	SES187	-1.51698	13.82	15.3369
BLOCK06/SES063/SA063S24	SES029	-3.2698	12.7948	16.0646
BLOCK06/SES063/SA063S24	SES083	-1.2438	14.8208	16.0646
BLOCK06/SES063/SA063S24	SES177	-1.77466	14.2899	16.0646
BLOCK06/SES063/SA063S24	SES189	-1.41145	14.6531	16.0646
BLOCK06/SES063/SA063S27	SES083	-0.863111	14.2488	15.1119
BLOCK06/SES063/SA063S27	SES172	-2.13446	12.9774	15.1119
BLOCK06/SES063/SA063S27	SES187	-1.8183	13.2936	15.1119
BLOCK06/SES063/SA063S27	SES292	-2.16897	12.9429	15.1119
BLOCK06/SES067/SA067S12	SES083	-2.27878	13.7494	16.0281
BLOCK06/SES067/SA067S12	SES172	-2.21757	13.8106	16.0281
BLOCK06/SES067/SA067S12	SES202	-1.23196	14.7962	16.0281
BLOCK06/SES067/SA067S12	SES292	-2.04956	13.9786	16.0281
BLOCK06/SES067/SA067S14	SES085	-1.29349	15.4291	16.7226
BLOCK06/SES067/SA067S14	SES177	-1.79082	14.9317	16.7226
BLOCK06/SES067/SA067S14	SES183	-0.693384	16.0292	16.7226
BLOCK06/SES067/SA067S14	SES202	-1.26427	15.4583	16.7226
BLOCK06/SES067/SA067S21	SES144	-1.30788	14.1729	15.4808
BLOCK06/SES067/SA067S21	SES177	-1.40412	14.0766	15.4808
BLOCK06/SES067/SA067S21	SES183	-0.771955	14.7088	15.4808
BLOCK06/SES067/SA067S21	SES189	-0.867552	14.6132	15.4808
BLOCK06/SES067/SA067S25	SES085	-1.06265	14.7469	15.8095
BLOCK06/SES067/SA067S25	SES177	-1.58993	14.2196	15.8095
BLOCK06/SES067/SA067S25	SES183	-1.46413	14.3454	15.8095
BLOCK06/SES067/SA067S25	SES202	-1.66059	14.1489	15.8095
BLOCK06/SES067/SA067S29	SES085	-1.64001	14.6364	16.2764
BLOCK06/SES067/SA067S29	SES177	-2.12297	14.1534	16.2764
BLOCK06/SES067/SA067S29	SES183	-0.755216	15.5212	16.2764
BLOCK06/SES067/SA067S29	SES202	-1.14702	15.1294	16.2764
BLOCK06/SES069/SA069S12	SES029	-2.91813	13.4697	16.3878
BLOCK06/SES069/SA069S12	SES082	-0.748137	15.6397	16.3878
BLOCK06/SES069/SA069S12	SES087	-1.32029	15.0675	16.3878
BLOCK06/SES069/SA069S12	SES206	-0.846519	15.5413	16.3878
BLOCK06/SES069/SA069S13	SES029	-3.0562	13.0715	16.1277
BLOCK06/SES069/SA069S13	SES087	-1.25272	14.875	16.1277
BLOCK06/SES069/SA069S13	SES206	-1.39036	14.7374	16.1277
BLOCK06/SES069/SA069S13	SES226	-0.651271	15.4764	16.1277
BLOCK06/SES069/SA069S23	SES029	-1.16849	16.5979	17.7664
BLOCK06/SES069/SA069S23	SES087	-0.901346	16.865	17.7664
BLOCK06/SES069/SA069S23	SES206	-1.47025	16.2961	17.7664
BLOCK06/SES069/SA069S23	SES226	-0.523605	17.2428	17.7664
BLOCK06/SES069/SA069S25	SES087	-1.36022	15.4148	16.775
BLOCK06/SES069/SA069S25	SES206	-2.49892	14.2761	16.775
BLOCK06/SES069/SA069S25	SES226	-0.855879	15.9191	16.775
BLOCK06/SES069/SA069S25	SES270	-1.8138	14.9612	16.775
BLOCK06/SES069/SA069S27	SES087	-1.86578	14.6995	16.5653
BLOCK06/SES069/SA069S27	SES206	-0.725456	15.8398	16.5653
BLOCK06/SES069/SA069S27	SES226	-0.306793	16.2585	16.5653
BLOCK06/SES069/SA069S27	SES270	-1.49437	15.0709	16.5653
BLOCK08/SES081/SA081S11	SES060	-2.63382	12.2805	14.9143
BLOCK08/SES081/SA081S11	SES062	-2.74622	12.1681	14.9143
BLOCK08/SES081/SA081S11	SES117	-3.34365	11.5706	14.9143
BLOCK08/SES081/SA081S11	SES162	-2.88069	12.0336	14.9143
BLOCK08/SES081/SA081S13	SES016	-2.04571	14.5877	16.6334
BLOCK08/SES081/SA081S13	SES060	-0.742664	15.8907	16.6334
BLOCK08/SES081/SA081S13	SES068	-1.40113	15.2322	16.6334
BLOCK08/SES081/SA081S13	SES129	-2.6793	13.9541	16.6334
BLOCK08/SES081/SA081S24	SES060	-1.17714	14.3652	15.5424
BLOCK08/SES081/SA081S24	SES068	-1.39577	14.1466	15.5424
BLOCK08/SES081/SA081S24	SES117	-2.82625	12.7161	15.5424
BLOCK08/SES081/SA081S24	SES275	-2.64932	12.893	15.5424
BLOCK08/SES081/SA081S27	SES007	-1.84726	12.7737	14.6209
BLOCK08/SES081/SA081S27	SES060	-2.49805	12.1229	14.6209
BLOCK08/SES081/SA081S27	SES117	-1.73541	12.8855	14.6209
BLOCK08/SES081/SA081S27	SES275	-2.40416	12.2167	14.6209
BLOCK08/SES081/SA081S29	SES007	-1.64932	14.4663	16.1156
BLOCK08/SES081/SA081S29	SES060	-1.72789	14.3877	16.1156
BLOCK08/SES081/SA081S29	SES117	-2.11411	14.0015	16.1156
BLOCK08/SES081/SA081S29	SES275	-2.49395	13.6216	16.1156
BLOCK08/SES086/SA086S11	SES029	-4.66344	9.05068	13.7141
BLOCK08/SES086/SA086S11	SES082	-1.93802	11.7761	13.7141
BLOCK08/SES086/SA086S11	SES087	-0.655762	13.0584	13.7141
BLOCK08/SES086/SA086S11	SES206	-2.18871	11.5254	13.7141
BLOCK08/SES086/SA086S12	SES029	-2.74784	12.2815	15.0293
BLOCK08/SES086/SA086S12	SES082	-2.16761	12.8617	15.0293
BLOCK08/SES086/SA086S12	SES087	0.0474205	15.0767	15.0293
BLOCK08/SES086/SA086S12	SES206	-1.59639	13.4329	15.0293
BLOCK08/SES086/SA086S20	SES029	-3.7916	12.4808	16.2724
BLOCK08/SES086/SA086S20	SES082	-2.9256	13.3468	16.2724
BLOCK08/SES086/SA086S20	SES087	-0.194559	16.0778	16.2724
BLOCK08/SES086/SA086S20	SES206	-1.3312	14.9412	16.2724
BLOCK08/SES086/SA086S24	SES087	-0.713326	14.3451	15.0584
BLOCK08/SES086/SA086S24	SES104	-2.13401	12.9244	15.0584
BLOCK08/SES086/SA086S24	SES120	-2.45257	12.6058	15.0584
BLOCK08/SES086/SA086S24	SES206	-0.458605	14.5998	15.0584
BLOCK08/SES086/SA086S28	SES029	-2.68072	12.6751	15.3558
BLOCK08/SES086/SA086S28	SES082	-1.88527	13.4705	15.3558
BLOCK08/SES086/SA086S28	SES087	-0.38869	14.9671	15.3558
BLOCK08/SES086/SA086S28	SES206	-1.07805	14.2777	15.3558
BLOCK08/SES089/SA089S13	SES087	-1.62946	12.9791	14.6086
BLOCK08/SES089/SA089S13	SES206	-1.83758	12.771	14.6086
BLOCK08/SES089/SA089S13	SES226	-1.42564	13.183	14.6086
BLOCK08/SES089/SA089S13	SES270	-2.97706	11.6315	14.6086
BLOCK08/SES089/SA089S14	SES062	-2.3395	12.8655	15.205
BLOCK08/SES089/SA089S14	SES087	-1.06385	14.1411	15.205
BLOCK08/SES089/SA089S14	SES206	-1.69089	13.5141	15.205
BLOCK08/SES089/SA089S14	SES226	-1.66611	13.5388	15.205
BLOCK08/SES089/SA089S23	SES087	-1.05986	12.0593	13.1192
BLOCK08/SES089/SA089S23	SES206	-1.57333	11.5458	13.1192
BLOCK08/SES089/SA089S23	SES226	-0.96168	12.1575	13.1192
BLOCK08/SES089/SA089S23	SES270	-2.41858	10.7006	13.1192
BLOCK08/SES089/SA089S25	SES062	-3.07014	12.1012	15.1713
BLOCK08/SES089/SA089S25	SES087	-1.17445	13.9969	15.1713
BLOCK08/SES089/SA089S25	SES206	-2.7624	12.4089	15.1713
BLOCK08/SES089/SA089S25	SES226	-1.17287	13.9985	15.1713
BLOCK08/SES089/SA089S28	SES062	-1.72144	13.4727	15.1942
BLOCK08/SES089/SA089S28	SES087	-0.643414	14.5507	15.1942
BLOCK08/SES089/SA089S28	SES206	-1.28311	13.911	15.1942
BLOCK08/SES089/SA089S28	SES226	-0.972399	14.2218	15.1942
BLOCK09/SES097/SA097S11	SES099	-0.0218506	14.4824	14.5043
BLOCK09/SES097/SA097S11	SES125	-2.09878	12.4055	14.5043
BLOCK09/SES097/SA097S11	SES206	-1.18229	13.322	14.5043
BLOCK09/SES097/SA097S11	SES226	-0.39959	14.1047	14.5043
BLOCK09/SES097/SA097S14	SES062	-2.52001	11.6445	14.1645
BLOCK09/SES097/SA097S14	SES099	-0.852936	13.3115	14.1645
BLOCK09/SES097/SA097S14	SES104	-1.53359	12.6309	14.1645
BLOCK09/SES097/SA097S14	SES206	-1.9541	12.2104	14.1645
BLOCK09/SES097/SA097S22	SES099	0.966623	15.523	14.5564
BLOCK09/SES097/SA097S22	SES206	-1.31944	13.2369	14.5564
BLOCK09/SES097/SA097S22	SES226	-1.65301	12.9034	14.5564
BLOCK09/SES097/SA097S22	SES270	-0.455338	14.101	14.5564
BLOCK09/SES097/SA097S26	SES099	-0.17731	14.8655	15.0428
BLOCK09/SES097/SA097S26	SES120	-2.04675	12.996	15.0428
BLOCK09/SES097/SA097S26	SES206	-1.34215	13.7006	15.0428
BLOCK09/SES097/SA097S26	SES226	-2.39876	12.644	15.0428
BLOCK09/SES097/SA097S28	SES099	-0.848618	13.8383	14.6869
BLOCK09/SES097/SA097S28	SES120	-1.98182	12.7051	14.6869
BLOCK09/SES097/SA097S28	SES206	-2.47523	12.2116	14.6869
BLOCK09/SES097/SA097S28	SES226	-3.04572	11.6412	14.6869
BLOCK09/SES098/SA098S11	SES127	-3.20367	11.2106	14.4143
BLOCK09/SES098/SA098S11	SES144	-2.66316	11.7512	14.4143
BLOCK09/SES098/SA098S11	SES147	-2.06091	12.3534	14.4143
BLOCK09/SES098/SA098S11	SES148	-3.90703	10.5073	14.4143
BLOCK09/SES098/SA098S12	SES127	-3.77273	9.58788	13.3606
BLOCK09/SES098/SA098S12	SES144	-3.28008	10.0805	13.3606
BLOCK09/SES098/SA098S12	SES147	-2.34701	11.0136	13.3606
BLOCK09/SES098/SA098S12	SES189	-2.28679	11.0738	13.3606
BLOCK09/SES098/SA098S20	SES127	-3.81961	10.4213	14.2409
BLOCK09/SES098/SA098S20	SES147	-1.83316	12.4077	14.2409
BLOCK09/SES098/SA098S20	SES148	-3.32216	10.9187	14.2409
BLOCK09/SES098/SA098S20	SES292	-1.60819	12.6327	14.2409
BLOCK09/SES098/SA098S23	SES127	-2.25804	12.8943	15.1524
BLOCK09/SES098/SA098S23	SES147	-2.09321	13.0592	15.1524
BLOCK09/SES098/SA098S23	SES187	-1.61467	13.5377	15.1524
BLOCK09/SES098/SA098S23	SES292	-1.78817	13.3642	15.1524
BLOCK09/SES098/SA098S27	SES127	-3.46867	10.2312	13.6998
BLOCK09/SES098/SA098S27	SES147	-3.03151	10.6683	13.6998
BLOCK09/SES098/SA098S27	SES148	-3.84249	9.85733	13.6998
BLOCK09/SES098/SA098S27	SES292	-2.09824	11.6016	13.6998
BLOCK10/SES102/SA102S13	SES101	-0.897063	12.4549	13.3519
BLOCK10/SES102/SA102S13	SES105	-1.08008	12.2719	13.3519
BLOCK10/SES102/SA102S13	SES120	-2.8464	10.5055	13.3519
BLOCK10/SES102/SA102S13	SES158	-3.37911	9.97283	13.3519
BLOCK10/SES102/SA102S14	SES007	-0.922587	15.1245	16.0471
BLOCK10/SES102/SA102S14	SES101	-1.08584	14.9612	16.0471
BLOCK10/SES102/SA102S14	SES105	-0.918426	15.1287	16.0471
BLOCK10/SES102/SA102S14	SES147	-3.84051	12.2066	16.0471
BLOCK10/SES102/SA102S22	SES007	-1.89524	13.4991	15.3944
BLOCK10/SES102/SA102S22	SES101	-0.802464	14.5919	15.3944
BLOCK10/SES102/SA102S22	SES105	-1.10199	14.2924	15.3944
BLOCK10/SES102/SA102S22	SES158	-3.11308	12.2813	15.3944
BLOCK10/SES102/SA102S25	SES007	-1.36372	14.7674	16.1312
BLOCK10/SES102/SA102S25	SES101	-1.02565	15.1055	16.1312
BLOCK10/SES102/SA102S25	SES105	-1.70086	14.4303	16.1312
BLOCK10/SES102/SA102S25	SES147	-4.13783	11.9933	16.1312
BLOCK10/SES102/SA102S27	SES007	-1.94324	13.393	15.3363
BLOCK10/SES102/SA102S27	SES101	-0.639282	14.697	15.3363
BLOCK10/SES102/SA102S27	SES105	-1.74882	13.5875	15.3363
BLOCK10/SES102/SA102S27	SES147	-3.43165	11.9046	15.3363
BLOCK10/SES103/SA103S14	SES105	-2.67437	10.2113	12.8857
BLOCK10/SES103/SA103S14	SES106	-1.3093	11.5764	12.8857
BLOCK10/SES103/SA103S14	SES120	-3.02153	9.86416	12.8857
BLOCK10/SES103/SA103S14	SES206	-2.66076	10.2249	12.8857
BLOCK10/SES103/SA103S15	SES099	-2.1015	9.80712	11.9086
BLOCK10/SES103/SA103S15	SES101	-3.62654	8.28207	11.9086
BLOCK10/SES103/SA103S15	SES104	-1.81537	10.0932	11.9086
BLOCK10/SES103/SA103S15	SES125	-1.8559	10.0527	11.9086
BLOCK10/SES103/SA103S24	SES104	-1.67693	12.9604	14.6373
BLOCK10/SES103/SA103S24	SES125	-2.03312	12.6042	14.6373
BLOCK10/SES103/SA103S24	SES148	-3.66495	10.9724	14.6373
BLOCK10/SES103/SA103S24	SES158	-1.62259	13.0147	14.6373
BLOCK10/SES103/SA103S26	SES104	-2.27504	10.1362	12.4112
BLOCK10/SES103/SA103S26	SES106	-1.29711	11.1141	12.4112
BLOCK10/SES103/SA103S26	SES125	-1.97803	10.4332	12.4112
BLOCK10/SES103/SA103S26	SES148	-4.63594	7.77527	12.4112
BLOCK10/SES103/SA103S28	SES104	-2.73	8.92538	11.6554
BLOCK10/SES103/SA103S28	SES106	-1.20664	10.4488	11.6554
BLOCK10/SES103/SA103S28	SES125	-2.39183	9.26356	11.6554
BLOCK10/SES103/SA103S28	SES206	-3.17001	8.48537	11.6554
BLOCK12/SES121/SA121S12	SES042	-3.04695	7.83082	10.8778
BLOCK12/SES121/SA121S12	SES087	-1.80201	9.07576	10.8778
BLOCK12/SES121/SA121S12	SES105	-1.71014	9.16763	10.8778
BLOCK12/SES121/SA121S12	SES206	-2.10927	8.7685	10.8778
BLOCK12/SES121/SA121S14	SES007	-2.74832	8.25873	11.007
BLOCK12/SES121/SA121S14	SES105	-2.20244	8.80461	11.007
BLOCK12/SES121/SA121S14	SES106	-1.5213	9.48575	11.007
BLOCK12/SES121/SA121S14	SES206	-2.2599	8.74715	11.007
BLOCK12/SES121/SA121S23	SES105	-1.85411	9.42038	11.2745
BLOCK12/SES121/SA121S23	SES106	-1.00381	10.2707	11.2745
BLOCK12/SES121/SA121S23	SES120	-1.85474	9.41976	11.2745
BLOCK12/SES121/SA121S23	SES206	-1.32145	9.95305	11.2745
BLOCK12/SES121/SA121S25	SES007	-2.04469	7.05709	9.10178
BLOCK12/SES121/SA121S25	SES105	-2.00918	7.0926	9.10178
BLOCK12/SES121/SA121S25	SES106	-1.3193	7.78248	9.10178
BLOCK12/SES121/SA121S25	SES206	-2.82522	6.27656	9.10178
BLOCK12/SES121/SA121S27	SES087	-1.30538	10.1617	11.4671
BLOCK12/SES121/SA121S27	SES105	-3.4198	8.04732	11.4671
BLOCK12/SES121/SA121S27	SES120	-0.819136	10.648	11.4671
BLOCK12/SES121/SA121S27	SES206	-1.90711	9.56001	11.4671
BLOCK12/SES124/SA124S16	SES042	-0.742732	13.183	13.9257
BLOCK12/SES124/SA124S16	SES082	-2.04012	11.8856	13.9257
BLOCK12/SES124/SA124S16	SES183	-3.07169	10.854	13.9257
BLOCK12/SES124/SA124S16	SES206	-2.46169	11.464	13.9257
BLOCK12/SES124/SA124S17	SES105	-2.58672	9.51361	12.1003
BLOCK12/SES124/SA124S17	SES149	-3.63983	8.4605	12.1003
BLOCK12/SES124/SA124S17	SES158	-3.01961	9.08072	12.1003
BLOCK12/SES124/SA124S17	SES275	-2.051	10.0493	12.1003
BLOCK12/SES124/SA124S23	SES105	-2.90262	12.8181	15.7207
BLOCK12/SES124/SA124S23	SES125	-0.49042	15.2303	15.7207
BLOCK12/SES124/SA124S23	SES129	-3.30879	12.4119	15.7207
BLOCK12/SES124/SA124S23	SES158	-1.09282	14.6279	15.7207
BLOCK12/SES124/SA124S26	SES105	-3.92807	11.1837	15.1118
BLOCK12/SES124/SA124S26	SES125	-1.98719	13.1246	15.1118
BLOCK12/SES124/SA124S26	SES129	-3.6921	11.4197	15.1118
BLOCK12/SES124/SA124S26	SES158	-2.34008	12.7717	15.1118
BLOCK12/SES124/SA124S28	SES104	-1.64136	13.094	14.7353
BLOCK12/SES124/SA124S28	SES106	-1.22194	13.5134	14.7353
BLOCK12/SES124/SA124S28	SES125	-0.9884	13.7469	14.7353
BLOCK12/SES124/SA124S28	SES275	-2.81458	11.9208	14.7353
BLOCK12/SES126/SA126S13	SES007	-2.14268	12.4902	14.6328
BLOCK12/SES126/SA126S13	SES162	-2.72828	11.9045	14.6328
BLOCK12/SES126/SA126S13	SES177	-1.94354	12.6893	14.6328
BLOCK12/SES126/SA126S13	SES180	-2.82317	11.8097	14.6328
BLOCK12/SES126/SA126S14	SES144	-1.72449	14.0684	15.7929
BLOCK12/SES126/SA126S14	SES148	-2.2343	13.5586	15.7929
BLOCK12/SES126/SA126S14	SES177	-1.39166	14.4013	15.7929
BLOCK12/SES126/SA126S14	SES180	-2.76629	13.0266	15.7929
BLOCK12/SES126/SA126S20	SES007	-1.51176	13.0894	14.6011
BLOCK12/SES126/SA126S20	SES162	-2.03179	12.5694	14.6011
BLOCK12/SES126/SA126S20	SES172	-2.28254	12.3186	14.6011
BLOCK12/SES126/SA126S20	SES180	-1.98881	12.6123	14.6011
BLOCK12/SES126/SA126S24	SES120	-1.10735	14.8444	15.9518
BLOCK12/SES126/SA126S24	SES162	-1.92322	14.0286	15.9518
BLOCK12/SES126/SA126S24	SES177	-1.33359	14.6182	15.9518
BLOCK12/SES126/SA126S24	SES180	-1.59977	14.352	15.9518
BLOCK12/SES126/SA126S26	SES120	-0.904222	14.4522	15.3564
BLOCK12/SES126/SA126S26	SES177	-1.69531	13.6611	15.3564
BLOCK12/SES126/SA126S26	SES180	-2.73558	12.6208	15.3564
BLOCK12/SES126/SA126S26	SES202	-2.42128	12.9351	15.3564
BLOCK12/SES128/SA128S10	SES087	-2.76068	12.4512	15.2119
BLOCK12/SES128/SA128S10	SES206	-1.49797	13.7139	15.2119
BLOCK12/SES128/SA128S10	SES226	-1.17997	14.0319	15.2119
BLOCK12/SES128/SA128S10	SES270	-1.18163	14.0303	15.2119
BLOCK12/SES128/SA128S12	SES120	-1.85769	12.7425	14.6002
BLOCK12/SES128/SA128S12	SES158	-2.50606	12.0942	14.6002
BLOCK12/SES128/SA128S12	SES206	-1.49668	13.1035	14.6002
BLOCK12/SES128/SA128S12	SES226	-2.15221	12.448	14.6002
BLOCK12/SES128/SA128S21	SES106	-2.92202	10.6962	13.6182
BLOCK12/SES128/SA128S21	SES120	-2.49395	11.1242	13.6182
BLOCK12/SES128/SA128S21	SES206	-1.96814	11.65	13.6182
BLOCK12/SES128/SA128S21	SES226	-1.47484	12.1433	13.6182
BLOCK12/SES128/SA128S24	SES087	-1.69391	12.4602	14.1541
BLOCK12/SES128/SA128S24	SES120	-1.02656	13.1275	14.1541
BLOCK12/SES128/SA128S24	SES206	-1.25004	12.904	14.1541
BLOCK12/SES128/SA128S24	SES226	-1.86471	12.2894	14.1541
BLOCK12/SES128/SA128S27	SES099	-1.23078	14.4499	15.6807
BLOCK12/SES128/SA128S27	SES120	-1.43578	14.2449	15.6807
BLOCK12/SES128/SA128S27	SES206	-1.54027	14.1404	15.6807
BLOCK12/SES128/SA128S27	SES226	-1.97227	13.7084	15.6807
BLOCK13/SES130/SA130S13	SES143	-2.10276	12.4629	14.5656
BLOCK13/SES130/SA130S13	SES144	-0.99753	13.5681	14.5656
BLOCK13/SES130/SA130S13	SES146	-1.89727	12.6683	14.5656
BLOCK13/SES130/SA130S13	SES275	-2.965	11.6006	14.5656
BLOCK13/SES130/SA130S15	SES143	-2.62945	13.6537	16.2831
BLOCK13/SES130/SA130S15	SES144	-1.22926	15.0539	16.2831
BLOCK13/SES130/SA130S15	SES146	-1.73462	14.5485	16.2831
BLOCK13/SES130/SA130S15	SES275	-2.27335	14.0098	16.2831
BLOCK13/SES130/SA130S23	SES127	-2.53724	11.8555	14.3928
BLOCK13/SES130/SA130S23	SES144	-2.06965	12.3231	14.3928
BLOCK13/SES130/SA130S23	SES146	-1.53779	12.855	14.3928
BLOCK13/SES130/SA130S23	SES162	-1.79909	12.5937	14.3928
BLOCK13/SES130/SA130S25	SES127	-1.45739	14.6734	16.1308
BLOCK13/SES130/SA130S25	SES144	-1.2654	14.8654	16.1308
BLOCK13/SES130/SA130S25	SES146	-1.03378	15.097	16.1308
BLOCK13/SES130/SA130S25	SES275	-1.24582	14.885	16.1308
BLOCK13/SES130/SA130S28	SES127	-1.73481	13.4867	15.2215
BLOCK13/SES130/SA130S28	SES144	-1.80045	13.421	15.2215
BLOCK13/SES130/SA130S28	SES146	-1.58854	13.6329	15.2215
BLOCK13/SES130/SA130S28	SES275	-1.30051	13.9209	15.2215
BLOCK13/SES131/SA131S13	SES002	-2.40801	9.53036	11.9384
BLOCK13/SES131/SA131S13	SES007	-3.0561	8.88227	11.9384
BLOCK13/SES131/SA131S13	SES099	-2.08246	9.8559	11.9384
BLOCK13/SES131/SA131S13	SES105	-2.46229	9.47608	11.9384
BLOCK13/SES131/SA131S14	SES104	-0.813273	12.5839	13.3972
BLOCK13/SES131/SA131S14	SES106	-1.5309	11.8663	13.3972
BLOCK13/SES131/SA131S14	SES125	-1.43412	11.9631	13.3972
BLOCK13/SES131/SA131S14	SES148	-1.68147	11.7157	13.3972
BLOCK13/SES131/SA131S20	SES104	-2.7127	8.93593	11.6486
BLOCK13/SES131/SA131S20	SES106	-2.15352	9.4951	11.6486
BLOCK13/SES131/SA131S20	SES125	-3.60057	8.04805	11.6486
BLOCK13/SES131/SA131S20	SES148	-2.23825	9.41038	11.6486
BLOCK13/SES131/SA131S22	SES099	-2.1558	11.2316	13.3874
BLOCK13/SES131/SA131S22	SES104	-2.30477	11.0826	13.3874
BLOCK13/SES131/SA131S22	SES125	-2.62534	10.762	13.3874
BLOCK13/SES131/SA131S22	SES206	-2.65568	10.7317	13.3874
BLOCK13/SES131/SA131S29	SES087	-2.05823	10.1006	12.1589
BLOCK13/SES131/SA131S29	SES104	-2.95694	9.20191	12.1589
BLOCK13/SES131/SA131S29	SES125	-3.18322	8.97563	12.1589
BLOCK13/SES131/SA131S29	SES206	-2.5963	9.56255	12.1589
BLOCK13/SES132/SA132S11	SES083	-2.5558	13.0879	15.6437
BLOCK13/SES132/SA132S11	SES120	-0.50472	15.139	15.6437
BLOCK13/SES132/SA132S11	SES127	-2.00984	13.6338	15.6437
BLOCK13/SES132/SA132S11	SES275	-1.78717	13.8565	15.6437
BLOCK13/SES132/SA132S12	SES083	-2.53881	13.092	15.6309
BLOCK13/SES132/SA132S12	SES143	-1.80649	13.8244	15.6309
BLOCK13/SES132/SA132S12	SES144	-1.80598	13.8249	15.6309
BLOCK13/SES132/SA132S12	SES148	-1.49959	14.1313	15.6309
BLOCK13/SES132/SA132S22	SES062	-1.29814	14.5027	15.8009
BLOCK13/SES132/SA132S22	SES083	-1.88189	13.919	15.8009
BLOCK13/SES132/SA132S22	SES127	-1.60687	14.194	15.8009
BLOCK13/SES132/SA132S22	SES275	-1.23284	14.568	15.8009
BLOCK13/SES132/SA132S24	SES007	-1.5017	15.149	16.6507
BLOCK13/SES132/SA132S24	SES083	-2.6235	14.0272	16.6507
BLOCK13/SES132/SA132S24	SES127	-2.50503	14.1457	16.6507
BLOCK13/SES132/SA132S24	SES275	-1.5608	15.0899	16.6507
BLOCK13/SES132/SA132S27	SES083	-2.35985	12.6185	14.9784
BLOCK13/SES132/SA132S27	SES120	-0.29256	14.6858	14.9784
BLOCK13/SES132/SA132S27	SES127	-2.26	12.7184	14.9784
BLOCK13/SES132/SA132S27	SES275	-2.0048	12.9736	14.9784
BLOCK14/SES141/SA141S09	SES143	-1.82829	13.7332	15.5615
BLOCK14/SES141/SA141S09	SES144	-1.36466	14.1968	15.5615
BLOCK14/SES141/SA141S09	SES162	-2.27338	13.2881	15.5615
BLOCK14/SES141/SA141S09	SES180	-1.9274	13.6341	15.5615
BLOCK14/SES141/SA141S15	SES127	-1.9786	12.915	14.8936
BLOCK14/SES141/SA141S15	SES144	-1.73616	13.1574	14.8936
BLOCK14/SES141/SA141S15	SES162	-2.32902	12.5645	14.8936
BLOCK14/SES141/SA141S15	SES180	-2.00785	12.8857	14.8936
BLOCK14/SES141/SA141S24	SES127	-1.65042	13.9292	15.5797
BLOCK14/SES141/SA141S24	SES144	-2.03663	13.543	15.5797
BLOCK14/SES141/SA141S24	SES162	-2.35338	13.2263	15.5797
BLOCK14/SES141/SA141S24	SES183	-2.56871	13.0109	15.5797
BLOCK14/SES141/SA141S26	SES142	-1.4563	14.0374	15.4937
BLOCK14/SES141/SA141S26	SES144	-2.03301	13.4607	15.4937
BLOCK14/SES141/SA141S26	SES172	-1.66409	13.8296	15.4937
BLOCK14/SES141/SA141S26	SES180	-2.08846	13.4052	15.4937
BLOCK14/SES141/SA141S29	SES127	-1.29997	14.4546	15.7546
BLOCK14/SES141/SA141S29	SES142	-1.39866	14.3559	15.7546
BLOCK14/SES141/SA141S29	SES144	-1.89306	13.8615	15.7546
BLOCK14/SES141/SA141S29	SES180	-1.93565	13.8189	15.7546
BLOCK15/SES157/SA157S08	SES083	-2.65601	12.7107	15.3667
BLOCK15/SES157/SA157S08	SES127	-1.92033	13.4464	15.3667
BLOCK15/SES157/SA157S08	SES148	-2.56511	12.8016	15.3667
BLOCK15/SES157/SA157S08	SES292	-3.11682	12.2499	15.3667
BLOCK15/SES157/SA157S11	SES083	-2.84392	12.8594	15.7034
BLOCK15/SES157/SA157S11	SES127	-2.27827	13.4251	15.7034
BLOCK15/SES157/SA157S11	SES148	-3.05931	12.644	15.7034
BLOCK15/SES157/SA157S11	SES292	-2.91175	12.7916	15.7034
BLOCK15/SES157/SA157S21	SES127	-1.31289	14.4951	15.808
BLOCK15/SES157/SA157S21	SES148	-0.918018	14.89	15.808
BLOCK15/SES157/SA157S21	SES158	-5.22904	10.579	15.808
BLOCK15/SES157/SA157S21	SES292	-1.71794	14.0901	15.808
BLOCK15/SES157/SA157S24	SES127	-1.72373	14.2583	15.982
BLOCK15/SES157/SA157S24	SES148	-2.26056	13.7215	15.982
BLOCK15/SES157/SA157S24	SES183	-2.80432	13.1777	15.982
BLOCK15/SES157/SA157S24	SES292	-2.86486	13.1172	15.982
BLOCK15/SES157/SA157S26	SES007	-1.57	14.2137	15.7837
BLOCK15/SES157/SA157S26	SES127	-1.69117	14.0926	15.7837
BLOCK15/SES157/SA157S26	SES147	-2.63699	13.1468	15.7837
BLOCK15/SES157/SA157S26	SES148	-1.8777	13.906	15.7837
BLOCK16/SES161/SA161S10	SES007	-2.53832	10.5863	13.1246
BLOCK16/SES161/SA161S10	SES105	-1.93292	11.1917	13.1246
BLOCK16/SES161/SA161S10	SES158	-2.25212	10.8725	13.1246
BLOCK16/SES161/SA161S10	SES275	-1.62312	11.5015	13.1246
BLOCK16/SES161/SA161S12	SES007	-1.91477	11.0406	12.9554
BLOCK16/SES161/SA161S12	SES105	-3.06987	9.88552	12.9554
BLOCK16/SES161/SA161S12	SES158	-1.64197	11.3134	12.9554
BLOCK16/SES161/SA161S12	SES275	-1.51721	11.4382	12.9554
BLOCK16/SES161/SA161S20	SES007	-1.91111	10.109	12.0201
BLOCK16/SES161/SA161S20	SES105	-2.69749	9.32263	12.0201
BLOCK16/SES161/SA161S20	SES158	-1.99027	10.0299	12.0201
BLOCK16/SES161/SA161S20	SES275	-2.16215	9.85798	12.0201
BLOCK16/SES161/SA161S23	SES007	-2.69897	10.7655	13.4645
BLOCK16/SES161/SA161S23	SES105	-1.91928	11.5452	13.4645
BLOCK16/SES161/SA161S23	SES148	-2.15589	11.3086	13.4645
BLOCK16/SES161/SA161S23	SES158	-2.21137	11.2531	13.4645
BLOCK16/SES161/SA161S28	SES007	-3.09792	10.8044	13.9023
BLOCK16/SES161/SA161S28	SES105	-2.71849	11.1838	13.9023
BLOCK16/SES161/SA161S28	SES158	-1.7277	12.1746	13.9023
BLOCK16/SES161/SA161S28	SES206	-1.78829	12.114	13.9023
BLOCK16/SES164/SA164S11	SES104	-1.85886	13.1451	15.004
BLOCK16/SES164/SA164S11	SES125	-0.992298	14.0117	15.004
BLOCK16/SES164/SA164S11	SES158	-1.12949	13.8745	15.004
BLOCK16/SES164/SA164S11	SES206	-1.90026	13.1037	15.004
BLOCK16/SES164/SA164S13	SES099	-1.64145	11.9028	13.5443
BLOCK16/SES164/SA164S13	SES104	-1.544	12.0003	13.5443
BLOCK16/SES164/SA164S13	SES125	-1.9506	11.5937	13.5443
BLOCK16/SES164/SA164S13	SES206	-1.34134	12.2029	13.5443
BLOCK16/SES164/SA164S24	SES002	-0.485754	14.1126	14.5983
BLOCK16/SES164/SA164S24	SES099	-1.58428	13.0141	14.5983
BLOCK16/SES164/SA164S24	SES125	-2.54821	12.0501	14.5983
BLOCK16/SES164/SA164S24	SES226	-1.04029	13.558	14.5983
BLOCK16/SES164/SA164S27	SES087	-1.21823	12.8127	14.0309
BLOCK16/SES164/SA164S27	SES125	-1.79033	12.2406	14.0309
BLOCK16/SES164/SA164S27	SES206	-1.55125	12.4797	14.0309
BLOCK16/SES164/SA164S27	SES226	-1.50642	12.5245	14.0309
BLOCK16/SES164/SA164S29	SES002	0.227007	13.9154	13.6884
BLOCK16/SES164/SA164S29	SES019	-2.04061	11.6478	13.6884
BLOCK16/SES164/SA164S29	SES125	-1.64243	12.046	13.6884
BLOCK16/SES164/SA164S29	SES226	-1.97496	11.7134	13.6884
BLOCK16/SES169/SA169S13	SES117	-1.8286	13.0111	14.8397
BLOCK16/SES169/SA169S13	SES144	-1.81891	13.0208	14.8397
BLOCK16/SES169/SA169S13	SES146	-1.68933	13.1504	14.8397
BLOCK16/SES169/SA169S13	SES162	-1.30163	13.5381	14.8397
BLOCK16/SES169/SA169S14	SES144	-2.06346	13.8081	15.8716
BLOCK16/SES169/SA169S14	SES148	-2.17976	13.6918	15.8716
BLOCK16/SES169/SA169S14	SES177	-1.48961	14.382	15.8716
BLOCK16/SES169/SA169S14	SES180	-2.57738	13.2942	15.8716
BLOCK16/SES169/SA169S24	SES117	-1.92838	12.2419	14.1703
BLOCK16/SES169/SA169S24	SES144	-1.33924	12.8311	14.1703
BLOCK16/SES169/SA169S24	SES146	-1.43656	12.7337	14.1703
BLOCK16/SES169/SA169S24	SES162	-1.33992	12.8304	14.1703
BLOCK16/SES169/SA169S27	SES127	-1.45878	13.055	14.5138
BLOCK16/SES169/SA169S27	SES129	-1.66578	12.848	14.5138
BLOCK16/SES169/SA169S27	SES144	-2.14251	12.3713	14.5138
BLOCK16/SES169/SA169S27	SES146	-0.839807	13.674	14.5138
BLOCK16/SES169/SA169S29	SES144	-1.46496	14.0924	15.5574
BLOCK16/SES169/SA169S29	SES162	-1.0379	14.5195	15.5574
BLOCK16/SES169/SA169S29	SES177	-2.42157	13.1358	15.5574
BLOCK16/SES169/SA169S29	SES180	-1.65689	13.9005	15.5574
BLOCK17/SES171/SA171S12	SES083	-1.51076	12.7284	14.2392
BLOCK17/SES171/SA171S12	SES148	-2.43539	11.8038	14.2392
BLOCK17/SES171/SA171S12	SES172	-2.06361	12.1755	14.2392
BLOCK17/SES171/SA171S12	SES292	-2.60378	11.6354	14.2392
BLOCK17/SES171/SA171S15	SES148	-2.48462	11.3259	13.8105
BLOCK17/SES171/SA171S15	SES177	-1.15205	12.6585	13.8105
BLOCK17/SES171/SA171S15	SES180	-3.12683	10.6837	13.8105
BLOCK17/SES171/SA171S15	SES292	-2.1289	11.6816	13.8105
BLOCK17/SES171/SA171S22	SES007	-1.94784	13.6641	15.612
BLOCK17/SES171/SA171S22	SES148	-2.16696	13.445	15.612
BLOCK17/SES171/SA171S22	SES177	-0.995513	14.6165	15.612
BLOCK17/SES171/SA171S22	SES180	-2.72434	12.8876	15.612
BLOCK17/SES171/SA171S25	SES101	-2.42726	11.8976	14.3249
BLOCK17/SES171/SA171S25	SES120	-3.20995	11.1149	14.3249
BLOCK17/SES171/SA171S25	SES177	-1.6336	12.6913	14.3249
BLOCK17/SES171/SA171S25	SES180	-3.14282	11.1821	14.3249
BLOCK17/SES171/SA171S27	SES177	-1.15955	13.3054	14.465
BLOCK17/SES171/SA171S27	SES180	-2.99183	11.4732	14.465
BLOCK17/SES171/SA171S27	SES189	-1.57146	12.8935	14.465
BLOCK17/SES171/SA171S27	SES292	-2.20894	12.256	14.465
BLOCK17/SES173/SA173S13	SES162	-3.62548	10.7562	14.3817
BLOCK17/SES173/SA173S13	SES177	-1.75748	12.6242	14.3817
BLOCK17/SES173/SA173S13	SES180	-3.51569	10.866	14.3817
BLOCK17/SES173/SA173S13	SES292	-0.832582	13.5491	14.3817
BLOCK17/SES173/SA173S14	SES007	-2.22695	11.237	13.464
BLOCK17/SES173/SA173S14	SES162	-3.38119	10.0828	13.464
BLOCK17/SES173/SA173S14	SES177	-1.60987	11.8541	13.464
BLOCK17/SES173/SA173S14	SES180	-3.4259	10.0381	13.464
BLOCK17/SES173/SA173S24	SES144	-2.47505	10.937	13.412
BLOCK17/SES173/SA173S24	SES162	-2.86963	10.5424	13.412
BLOCK17/SES173/SA173S24	SES177	-1.52997	11.882	13.412
BLOCK17/SES173/SA173S24	SES180	-3.53903	9.87298	13.412
BLOCK17/SES173/SA173S27	SES162	-4.04847	10.4037	14.4522
BLOCK17/SES173/SA173S27	SES177	-2.02132	12.4309	14.4522
BLOCK17/SES173/SA173S27	SES180	-2.35635	12.0959	14.4522
BLOCK17/SES173/SA173S27	SES292	-0.8016	13.6506	14.4522
BLOCK17/SES173/SA173S29	SES162	-2.79814	11.8732	14.6714
BLOCK17/SES173/SA173S29	SES175	-2.21085	12.4605	14.6714
BLOCK17/SES173/SA173S29	SES177	-1.36746	13.3039	14.6714
BLOCK17/SES173/SA173S29	SES292	-2.38543	12.2859	14.6714
BLOCK18/SES182/SA182S10	SES144	-1.74369	12.8189	14.5626
BLOCK18/SES182/SA182S10	SES177	-1.86882	12.6938	14.5626
BLOCK18/SES182/SA182S10	SES180	-3.3258	11.2368	14.5626
BLOCK18/SES182/SA182S10	SES275	-1.1193	13.4433	14.5626
BLOCK18/SES182/SA182S12	SES144	-1.08489	13.6816	14.7665
BLOCK18/SES182/SA182S12	SES177	-1.18307	13.5835	14.7665
BLOCK18/SES182/SA182S12	SES180	-1.76941	12.9971	14.7665
BLOCK18/SES182/SA182S12	SES275	-0.754363	14.0122	14.7665
BLOCK18/SES182/SA182S21	SES117	-1.92187	12.1343	14.0561
BLOCK18/SES182/SA182S21	SES144	-1.55834	12.4978	14.0561
BLOCK18/SES182/SA182S21	SES162	-1.22121	12.8349	14.0561
BLOCK18/SES182/SA182S21	SES180	-2.95611	11.1	14.0561
BLOCK18/SES182/SA182S23	SES117	-1.57747	13.0852	14.6626
BLOCK18/SES182/SA182S23	SES144	-1.77165	12.891	14.6626
BLOCK18/SES182/SA182S23	SES180	-2.6532	12.0094	14.6626
BLOCK18/SES182/SA182S23	SES275	-1.11024	13.5524	14.6626
BLOCK18/SES182/SA182S25	SES007	-0.0960093	14.3838	14.4798
BLOCK18/SES182/SA182S25	SES162	-0.900607	13.5792	14.4798
BLOCK18/SES182/SA182S25	SES177	-1.05028	13.4295	14.4798
BLOCK18/SES182/SA182S25	SES180	-2.3937	12.0861	14.4798
BLOCK18/SES184/SA184S12	SES177	-2.44133	13.1531	15.5944
BLOCK18/SES184/SA184S12	SES180	-2.68946	12.9049	15.5944
BLOCK18/SES184/SA184S12	SES189	-3.01746	12.5769	15.5944
BLOCK18/SES184/SA184S12	SES292	-2.73578	12.8586	15.5944
BLOCK18/SES184/SA184S13	SES101	-2.36284	12.7142	15.077
BLOCK18/SES184/SA184S13	SES177	-2.19086	12.8861	15.077
BLOCK18/SES184/SA184S13	SES180	-2.34611	12.7309	15.077
BLOCK18/SES184/SA184S13	SES292	-3.07921	11.9978	15.077
BLOCK18/SES184/SA184S22	SES177	-2.37888	14.6104	16.9893
BLOCK18/SES184/SA184S22	SES180	-2.70344	14.2859	16.9893
BLOCK18/SES184/SA184S22	SES189	-3.39718	13.5921	16.9893
BLOCK18/SES184/SA184S22	SES292	-2.96145	14.0278	16.9893
BLOCK18/SES184/SA184S25	SES101	-1.7959	15.2885	17.0844
BLOCK18/SES184/SA184S25	SES177	-3.03471	14.0496	17.0844
BLOCK18/SES184/SA184S25	SES180	-2.5377	14.5467	17.0844
BLOCK18/SES184/SA184S25	SES292	-2.3975	14.6869	17.0844
BLOCK18/SES184/SA184S27	SES083	-1.85642	12.9013	14.7577
BLOCK18/SES184/SA184S27	SES177	-1.55877	13.1989	14.7577
BLOCK18/SES184/SA184S27	SES202	-2.2233	12.5344	14.7577
BLOCK18/SES184/SA184S27	SES292	-2.05258	12.7051	14.7577
BLOCK20/SES204/SA204S12	SES062	-1.50777	14.8009	16.3087
BLOCK20/SES204/SA204S12	SES083	-3.25703	13.0516	16.3087
BLOCK20/SES204/SA204S12	SES206	-1.95172	14.357	16.3087
BLOCK20/SES204/SA204S12	SES226	-3.03064	13.278	16.3087
BLOCK20/SES204/SA204S14	SES068	-1.72296	15.7338	17.4568
BLOCK20/SES204/SA204S14	SES087	-0.65177	16.805	17.4568
BLOCK20/SES204/SA204S14	SES206	-2.15063	15.3061	17.4568
BLOCK20/SES204/SA204S14	SES226	-3.04519	14.4116	17.4568
BLOCK20/SES204/SA204S22	SES068	-1.73917	14.6268	16.3659
BLOCK20/SES204/SA204S22	SES082	-3.17361	13.1923	16.3659
BLOCK20/SES204/SA204S22	SES083	-4.05979	12.3061	16.3659
BLOCK20/SES204/SA204S22	SES206	-2.46358	13.9024	16.3659
BLOCK20/SES204/SA204S25	SES062	-2.27044	14.4047	16.6752
BLOCK20/SES204/SA204S25	SES083	-3.44976	13.2254	16.6752
BLOCK20/SES204/SA204S25	SES206	-1.74257	14.9326	16.6752
BLOCK20/SES204/SA204S25	SES226	-2.83961	13.8356	16.6752
BLOCK20/SES204/SA204S27	SES068	-1.96074	13.7911	15.7518
BLOCK20/SES204/SA204S27	SES082	-3.31695	12.4349	15.7518
BLOCK20/SES204/SA204S27	SES087	-1.4812	14.2706	15.7518
BLOCK20/SES204/SA204S27	SES206	-2.03551	13.7163	15.7518
BLOCK20/SES207/SA207S10	SES127	-1.98126	12.3443	14.3256
BLOCK20/SES207/SA207S10	SES183	-2.31279	12.0128	14.3256
BLOCK20/SES207/SA207S10	SES189	-2.07487	12.2507	14.3256
BLOCK20/SES207/SA207S10	SES292	-2.1119	12.2137	14.3256
BLOCK20/SES207/SA207S11	SES127	-2.6159	11.1203	13.7362
BLOCK20/SES207/SA207S11	SES183	-1.90305	11.8331	13.7362
BLOCK20/SES207/SA207S11	SES187	-2.18064	11.5555	13.7362
BLOCK20/SES207/SA207S11	SES292	-1.66317	12.073	13.7362
BLOCK20/SES207/SA207S25	SES068	-2.37001	12.1781	14.5481
BLOCK20/SES207/SA207S25	SES083	-2.47842	12.0697	14.5481
BLOCK20/SES207/SA207S25	SES127	-1.56884	12.9792	14.5481
BLOCK20/SES207/SA207S25	SES187	-1.6595	12.8886	14.5481
BLOCK20/SES207/SA207S27	SES127	-2.33752	10.9348	13.2723
BLOCK20/SES207/SA207S27	SES183	-1.8749	11.3974	13.2723
BLOCK20/SES207/SA207S27	SES187	-2.52498	10.7473	13.2723
BLOCK20/SES207/SA207S27	SES292	-2.74739	10.5249	13.2723
BLOCK20/SES207/SA207S29	SES083	-2.81856	12.4809	15.2995
BLOCK20/SES207/SA207S29	SES085	-1.76232	13.5371	15.2995
BLOCK20/SES207/SA207S29	SES172	-1.7527	13.5468	15.2995
BLOCK20/SES207/SA207S29	SES189	-2.78292	12.5165	15.2995
BLOCK22/SES221/SA221S12	SES068	-1.0267	14.949	15.9757
BLOCK22/SES221/SA221S12	SES143	-1.60997	14.3657	15.9757
BLOCK22/SES221/SA221S12	SES175	-1.0476	14.9281	15.9757
BLOCK22/SES221/SA221S12	SES202	-1.46816	14.5075	15.9757
BLOCK22/SES221/SA221S15	SES085	-1.17867	13.2813	14.4599
BLOCK22/SES221/SA221S15	SES143	-2.6389	11.821	14.4599
BLOCK22/SES221/SA221S15	SES175	-1.75746	12.7025	14.4599
BLOCK22/SES221/SA221S15	SES187	-2.32472	12.1352	14.4599
BLOCK22/SES221/SA221S23	SES068	-1.83122	13.6478	15.479
BLOCK22/SES221/SA221S23	SES143	-2.30145	13.1775	15.479
BLOCK22/SES221/SA221S23	SES175	-0.904445	14.5745	15.479
BLOCK22/SES221/SA221S23	SES189	-1.27265	14.2063	15.479
BLOCK22/SES221/SA221S27	SES085	-0.499763	15.2074	15.7072
BLOCK22/SES221/SA221S27	SES143	-1.52032	14.1869	15.7072
BLOCK22/SES221/SA221S27	SES175	-1.22233	14.4849	15.7072
BLOCK22/SES221/SA221S27	SES189	-0.743283	14.9639	15.7072
BLOCK22/SES221/SA221S29	SES085	-0.768026	13.871	14.6391
BLOCK22/SES221/SA221S29	SES143	-1.573	13.0661	14.6391
BLOCK22/SES221/SA221S29	SES175	-1.23886	13.4002	14.6391
BLOCK22/SES221/SA221S29	SES187	-1.90469	12.7344	14.6391
BLOCK22/SES223/SA223S11	SES143	-1.4676	11.6417	13.1093
BLOCK22/SES223/SA223S11	SES144	-3.633	9.47628	13.1093
BLOCK22/SES223/SA223S11	SES175	-1.37761	11.7317	13.1093
BLOCK22/SES223/SA223S11	SES187	-2.99607	10.1132	13.1093
BLOCK22/SES223/SA223S13	SES068	-1.52738	11.4107	12.938
BLOCK22/SES223/SA223S13	SES143	-2.47261	10.4654	12.938
BLOCK22/SES223/SA223S13	SES146	-2.88429	10.0538	12.938
BLOCK22/SES223/SA223S13	SES202	-2.83706	10.101	12.938
BLOCK22/SES223/SA223S22	SES143	-1.67105	12.4408	14.1118
BLOCK22/SES223/SA223S22	SES144	-3.44026	10.6715	14.1118
BLOCK22/SES223/SA223S22	SES175	-1.65082	12.461	14.1118
BLOCK22/SES223/SA223S22	SES187	-1.77987	12.3319	14.1118
BLOCK22/SES223/SA223S25	SES068	-1.52175	13.1654	14.6872
BLOCK22/SES223/SA223S25	SES143	-1.78954	12.8977	14.6872
BLOCK22/SES223/SA223S25	SES175	-1.53024	13.157	14.6872
BLOCK22/SES223/SA223S25	SES187	-2.1148	12.5724	14.6872
BLOCK22/SES223/SA223S27	SES143	-1.41645	11.8398	13.2563
BLOCK22/SES223/SA223S27	SES146	-1.87458	11.3817	13.2563
BLOCK22/SES223/SA223S27	SES187	-2.58275	10.6735	13.2563
BLOCK22/SES223/SA223S27	SES292	-0.954662	12.3016	13.2563
BLOCK27/SES273/SA273S12	SES099	-1.00307	16.5386	17.5417
BLOCK27/SES273/SA273S12	SES104	-1.35112	16.1905	17.5417
BLOCK27/SES273/SA273S12	SES125	-2.14328	15.3984	17.5417
BLOCK27/SES273/SA273S12	SES206	-1.12192	16.4197	17.5417
BLOCK27/SES273/SA273S13	SES099	-1.55399	16.1464	17.7004
BLOCK27/SES273/SA273S13	SES104	-1.80203	15.8984	17.7004
BLOCK27/SES273/SA273S13	SES206	-1.33402	16.3664	17.7004
BLOCK27/SES273/SA273S13	SES292	-2.26884	15.4316	17.7004
BLOCK27/SES273/SA273S21	SES099	-0.811476	16.2605	17.0719
BLOCK27/SES273/SA273S21	SES148	-3.12439	13.9476	17.0719
BLOCK27/SES273/SA273S21	SES149	-1.93765	15.1343	17.0719
BLOCK27/SES273/SA273S21	SES177	-1.97338	15.0986	17.0719
BLOCK27/SES273/SA273S25	SES104	-1.71758	15.0209	16.7385
BLOCK27/SES273/SA273S25	SES125	-2.18931	14.5492	16.7385
BLOCK27/SES273/SA273S25	SES158	-1.12501	15.6135	16.7385
BLOCK27/SES273/SA273S25	SES206	-0.724804	16.0137	16.7385
BLOCK27/SES273/SA273S27	SES099	-1.10496	15.4587	16.5636
BLOCK27/SES273/SA273S27	SES104	-1.62924	14.9344	16.5636
BLOCK27/SES273/SA273S27	SES149	-1.84045	14.7232	16.5636
BLOCK27/SES273/SA273S27	SES275	-1.94904	14.6146	16.5636
BLOCK27/SES274/SA274S10	SES105	-2.18627	13.5063	15.6926
BLOCK27/SES274/SA274S10	SES125	-3.17994	12.5127	15.6926
BLOCK27/SES274/SA274S10	SES129	-1.10986	14.5828	15.6926
BLOCK27/SES274/SA274S10	SES158	-4.02092	11.6717	15.6926
BLOCK27/SES274/SA274S11	SES105	-1.5619	14.5201	16.082
BLOCK27/SES274/SA274S11	SES149	-2.69029	13.3917	16.082
BLOCK27/SES274/SA274S11	SES158	-3.23578	12.8462	16.082
BLOCK27/SES274/SA274S11	SES275	-1.03827	15.0437	16.082
BLOCK27/SES274/SA274S21	SES105	-2.4399	13.3365	15.7764
BLOCK27/SES274/SA274S21	SES129	-1.01513	14.7612	15.7764
BLOCK27/SES274/SA274S21	SES149	-1.88886	13.8875	15.7764
BLOCK27/SES274/SA274S21	SES158	-4.93627	10.8401	15.7764
BLOCK27/SES274/SA274S24	SES105	-1.99676	14.7792	16.776
BLOCK27/SES274/SA274S24	SES129	-0.752541	16.0235	16.776
BLOCK27/SES274/SA274S24	SES149	-2.41762	14.3584	16.776
BLOCK27/SES274/SA274S24	SES158	-5.32589	11.4501	16.776
BLOCK27/SES274/SA274S29	SES105	-2.43764	13.1237	15.5614
BLOCK27/SES274/SA274S29	SES106	-3.87711	11.6843	15.5614
BLOCK27/SES274/SA274S29	SES120	-1.66594	13.8955	15.5614
BLOCK27/SES274/SA274S29	SES275	-1.64262	13.9188	15.5614
BLOCK27/SES276/SA276S16	SES148	-2.68712	12.4802	15.1674
BLOCK27/SES276/SA276S16	SES172	-1.89774	13.2696	15.1674
BLOCK27/SES276/SA276S16	SES180	-2.7695	12.3979	15.1674
BLOCK27/SES276/SA276S16	SES292	-2.00337	13.164	15.1674
BLOCK27/SES276/SA276S17	SES101	-1.41633	14.4566	15.873
BLOCK27/SES276/SA276S17	SES177	-2.3623	13.5107	15.873
BLOCK27/SES276/SA276S17	SES180	-2.19322	13.6797	15.873
BLOCK27/SES276/SA276S17	SES292	-2.35415	13.5188	15.873
BLOCK27/SES276/SA276S24	SES101	-1.45474	14.8747	16.3294
BLOCK27/SES276/SA276S24	SES177	-1.4556	14.8738	16.3294
BLOCK27/SES276/SA276S24	SES180	-2.07729	14.2521	16.3294
BLOCK27/SES276/SA276S24	SES292	-2.8487	13.4807	16.3294
BLOCK27/SES276/SA276S26	SES101	-2.45092	14.6804	17.1313
BLOCK27/SES276/SA276S26	SES177	-1.65066	15.4806	17.1313
BLOCK27/SES276/SA276S26	SES180	-1.04177	16.0895	17.1313
BLOCK27/SES276/SA276S26	SES292	-1.16626	15.965	17.1313
BLOCK27/SES276/SA276S28	SES101	-1.907	14.3087	16.2157
BLOCK27/SES276/SA276S28	SES177	-2.39552	13.8202	16.2157
BLOCK27/SES276/SA276S28	SES180	-1.25801	14.9577	16.2157
BLOCK27/SES276/SA276S28	SES292	-1.93417	14.2815	16.2157
BLOCK27/SES277/SA277S12	SES101	-1.13911	12.2711	13.4102
BLOCK27/SES277/SA277S12	SES177	-2.06172	11.3485	13.4102
BLOCK27/SES277/SA277S12	SES180	-2.79482	10.6154	13.4102
BLOCK27/SES277/SA277S12	SES292	-2.81059	10.5996	13.4102
BLOCK27/SES277/SA277S14	SES177	-1.49994	11.6751	13.1751
BLOCK27/SES277/SA277S14	SES180	-2.79162	10.3834	13.1751
BLOCK27/SES277/SA277S14	SES189	-0.806153	12.3689	13.1751
BLOCK27/SES277/SA277S14	SES292	-2.81676	10.3583	13.1751
BLOCK27/SES277/SA277S21	SES177	-1.13765	13.6414	14.7791
BLOCK27/SES277/SA277S21	SES180	-2.40436	12.3747	14.7791
BLOCK27/SES277/SA277S21	SES189	-0.943399	13.8357	14.7791
BLOCK27/SES277/SA277S21	SES292	-2.39962	12.3795	14.7791
BLOCK27/SES277/SA277S24	SES144	-1.94854	10.9889	12.9375
BLOCK27/SES277/SA277S24	SES177	-1.2756	11.6618	12.9375
BLOCK27/SES277/SA277S24	SES180	-3.11858	9.81887	12.9375
BLOCK27/SES277/SA277S24	SES189	-1.12462	11.8128	12.9375
BLOCK27/SES277/SA277S29	SES177	-1.59669	14.2361	15.8327
BLOCK27/SES277/SA277S29	SES180	-2.69439	13.1384	15.8327
BLOCK27/SES277/SA277S29	SES202	-1.93301	13.8997	15.8327
BLOCK27/SES277/SA277S29	SES292	-2.74567	13.0871	15.8327
BLOCK27/SES279/SA279S09	SES120	-2.3247	13.5564	15.8811
BLOCK27/SES279/SA279S09	SES146	-2.69647	13.1846	15.8811
BLOCK27/SES279/SA279S09	SES206	-2.29459	13.5865	15.8811
BLOCK27/SES279/SA279S09	SES226	-3.43516	12.4459	15.8811
BLOCK27/SES279/SA279S10	SES099	-1.13042	14.8973	16.0278
BLOCK27/SES279/SA279S10	SES206	-1.53805	14.4897	16.0278
BLOCK27/SES279/SA279S10	SES226	-2.73782	13.2899	16.0278
BLOCK27/SES279/SA279S10	SES292	-1.10639	14.9214	16.0278
BLOCK27/SES279/SA279S20	SES099	-2.32356	13.3718	15.6953
BLOCK27/SES279/SA279S20	SES206	-1.19038	14.5049	15.6953
BLOCK27/SES279/SA279S20	SES226	-2.79313	12.9022	15.6953
BLOCK27/SES279/SA279S20	SES292	-1.12863	14.5667	15.6953
BLOCK27/SES279/SA279S26	SES099	-1.45297	14.2931	15.7461
BLOCK27/SES279/SA279S26	SES206	-1.02247	14.7236	15.7461
BLOCK27/SES279/SA279S26	SES226	-2.93117	12.8149	15.7461
BLOCK27/SES279/SA279S26	SES292	-1.07422	14.6718	15.7461
BLOCK27/SES279/SA279S28	SES099	-1.854	15.8186	17.6726
BLOCK27/SES279/SA279S28	SES120	-1.90194	15.7707	17.6726
BLOCK27/SES279/SA279S28	SES177	-2.09828	15.5744	17.6726
BLOCK27/SES279/SA279S28	SES206	-1.88559	15.787	17.6726
BLOCK29/SES290/SA290S12	SES162	-1.35617	13.8613	15.2175
BLOCK29/SES290/SA290S12	SES177	-1.00555	14.2119	15.2175
BLOCK29/SES290/SA290S12	SES180	-2.33763	12.8799	15.2175
BLOCK29/SES290/SA290S12	SES292	-2.33655	12.8809	15.2175
BLOCK29/SES290/SA290S13	SES007	-1.97569	13.5744	15.5501
BLOCK29/SES290/SA290S13	SES162	-3.03897	12.5111	15.5501
BLOCK29/SES290/SA290S13	SES177	-1.22129	14.3288	15.5501
BLOCK29/SES290/SA290S13	SES180	-2.21781	13.3323	15.5501
BLOCK29/SES290/SA290S22	SES177	-1.1241	13.6193	14.7434
BLOCK29/SES290/SA290S22	SES180	-1.92858	12.8148	14.7434
BLOCK29/SES290/SA290S22	SES202	-1.99184	12.7516	14.7434
BLOCK29/SES290/SA290S22	SES292	-1.88814	12.8553	14.7434
BLOCK29/SES290/SA290S25	SES162	-1.68938	14.2055	15.8948
BLOCK29/SES290/SA290S25	SES177	-1.40802	14.4868	15.8948
BLOCK29/SES290/SA290S25	SES180	-1.73488	14.16	15.8948
BLOCK29/SES290/SA290S25	SES292	-1.47058	14.4243	15.8948
BLOCK29/SES290/SA290S29	SES177	-1.1233	14.0422	15.1655
BLOCK29/SES290/SA290S29	SES180	-1.68878	13.4767	15.1655
BLOCK29/SES290/SA290S29	SES275	-1.79974	13.3658	15.1655
BLOCK29/SES290/SA290S29	SES292	-1.67099	13.4945	15.1655
BLOCK29/SES291/SA291S11	SES105	-3.53247	10.6772	14.2097
BLOCK29/SES291/SA291S11	SES125	-1.94249	12.2672	14.2097
BLOCK29/SES291/SA291S11	SES158	-1.4637	12.746	14.2097
BLOCK29/SES291/SA291S11	SES275	-3.07535	11.1344	14.2097
BLOCK29/SES291/SA291S12	SES158	0.096468	14.4142	14.3178
BLOCK29/SES291/SA291S12	SES226	-2.72709	11.5907	14.3178
BLOCK29/SES291/SA291S12	SES270	0.273658	14.5914	14.3178
BLOCK29/SES291/SA291S12	SES275	-4.16014	10.1576	14.3178
BLOCK29/SES291/SA291S22	SES082	-1.4277	13.613	15.0407
BLOCK29/SES291/SA291S22	SES158	-1.42443	13.6162	15.0407
BLOCK29/SES291/SA291S22	SES259	-2.23813	12.8025	15.0407
BLOCK29/SES291/SA291S22	SES275	-3.35049	11.6902	15.0407
BLOCK29/SES291/SA291S24	SES104	-0.367674	16.0846	16.4523
BLOCK29/SES291/SA291S24	SES125	-1.39073	15.0615	16.4523
BLOCK29/SES291/SA291S24	SES158	-0.704534	15.7477	16.4523
BLOCK29/SES291/SA291S24	SES275	-3.41043	13.0418	16.4523
BLOCK29/SES291/SA291S27	SES158	-0.600836	15.3012	15.902
BLOCK29/SES291/SA291S27	SES172	-4.57511	11.3269	15.902
BLOCK29/SES291/SA291S27	SES275	-4.1126	11.7894	15.902
BLOCK29/SES291/SA291S27	SES292	-2.38082	13.5212	15.902
